2025-06-20 11:41:51,057{GMT}	INFO	[jepsen test runner] jepsen.core: Command line:
lein run test -w lin-kv --bin ./maelstrom-wrapper.sh --node-count 3 --concurrency 6 --time-limit 15 --rate 10 --key-count 5
2025-06-20 11:41:51,089{GMT}	INFO	[jepsen test runner] jepsen.core: Running test:
{:args []
 :remote
 #jepsen.control.retry.Remote{:remote #jepsen.control.scp.Remote{:cmd-remote #jepsen.control.sshj.SSHJRemote{:concurrency-limit 6,
                                                                                                             :conn-spec nil,
                                                                                                             :client nil,
                                                                                                             :semaphore nil},
                                                                 :conn-spec nil},
                              :conn nil}
 :log-net-send false
 :node-count 3
 :availability nil
 :max-txn-length 4
 :concurrency 6
 :key-count 5
 :db
 #object[maelstrom.db$db$reify__16612
         "0x72b8b04f"
         "maelstrom.db$db$reify__16612@72b8b04f"]
 :max-writes-per-key 16
 :leave-db-running? false
 :name "lin-kv"
 :logging-json? false
 :start-time
 #object[org.joda.time.DateTime "0x38dde7ec" "2025-06-20T11:41:51.029+09:00"]
 :nemesis-interval 10
 :net
 #object[maelstrom.net$jepsen_net$reify__15721
         "0x3bc57af4"
         "maelstrom.net$jepsen_net$reify__15721@3bc57af4"]
 :client
 #object[maelstrom.workload.lin_kv$client$reify__20973
         "0x3f19f197"
         "maelstrom.workload.lin_kv$client$reify__20973@3f19f197"]
 :barrier
 #object[java.util.concurrent.CyclicBarrier
         "0x30628ef9"
         "java.util.concurrent.CyclicBarrier@30628ef9"]
 :log-stderr false
 :pure-generators true
 :ssh {:dummy? true}
 :rate 10.0
 :checker
 #object[jepsen.checker$compose$reify__11089
         "0x6757ed9e"
         "jepsen.checker$compose$reify__11089@6757ed9e"]
 :argv
 ("test"
  "-w"
  "lin-kv"
  "--bin"
  "./maelstrom-wrapper.sh"
  "--node-count"
  "3"
  "--concurrency"
  "6"
  "--time-limit"
  "15"
  "--rate"
  "10"
  "--key-count"
  "5")
 :nemesis
 (jepsen.nemesis.ReflCompose
  {:fm {:start-partition 0,
        :stop-partition 0,
        :kill 1,
        :start 1,
        :pause 1,
        :resume 1},
   :nemeses [#unprintable "jepsen.nemesis.combined$partition_nemesis$reify__16905@77d5395a"
             #unprintable "jepsen.nemesis.combined$db_nemesis$reify__16886@7b0eb7e"]})
 :nodes ["n0" "n1" "n2"]
 :test-count 1
 :latency {:mean 0, :dist :constant}
 :bin "./maelstrom-wrapper.sh"
 :generator
 #object[jepsen.util.Forgettable
         "0x3b6f7ab3"
         (jepsen.generator.TimeLimit
          {:limit 15000000000,
           :cutoff nil,
           :gen (jepsen.generator.Any
                 {:gens [(jepsen.generator.OnThreads
                          {:f #{:nemesis},
                           :context-filter #object[jepsen.generator.context$make_thread_filter$lazy_filter__12077
                                                   "0x22bf2a0d"
                                                   "jepsen.generator.context$make_thread_filter$lazy_filter__12077@22bf2a0d"],
                           :gen nil})
                         (jepsen.generator.OnThreads
                          {:f #jepsen.generator.context.AllBut{:element :nemesis},
                           :context-filter #object[jepsen.generator.context$make_thread_filter$lazy_filter__12077
                                                   "0x61774805"
                                                   "jepsen.generator.context$make_thread_filter$lazy_filter__12077@61774805"],
                           :gen (jepsen.generator.Stagger
                                 {:dt 200000000,
                                  :next-time nil,
                                  :gen (jepsen.generator.OnThreads
                                        {:f #jepsen.generator.context.AllBut{:element :nemesis},
                                         :context-filter #object[jepsen.generator.context$make_thread_filter$lazy_filter__12077
                                                                 "0x57e351a"
                                                                 "jepsen.generator.context$make_thread_filter$lazy_filter__12077@57e351a"],
                                         :gen (jepsen.independent.ConcurrentGenerator
                                               {:n 6,
                                                :fgen #object[jepsen.tests.linearizable_register$test$fn__17385
                                                              "0x1b2c513e"
                                                              "jepsen.tests.linearizable_register$test$fn__17385@1b2c513e"],
                                                :group->threads nil,
                                                :thread->group nil,
                                                :group->context-filter nil,
                                                :keys (0 1 2 3 4 5 6 7 ...),
                                                :gens nil})})})})]})})]
 :log-net-recv false
 :os
 #object[maelstrom.net$jepsen_os$reify__15724
         "0x1b74a062"
         "maelstrom.net$jepsen_os$reify__15724@1b74a062"]
 :time-limit 15
 :workload :lin-kv
 :consistency-models [:strict-serializable]
 :topology :grid}

2025-06-20 11:41:52,162{GMT}	INFO	[jepsen node n0] maelstrom.net: Starting Maelstrom network
2025-06-20 11:41:52,163{GMT}	INFO	[jepsen test runner] jepsen.db: Tearing down DB
2025-06-20 11:41:52,164{GMT}	INFO	[jepsen test runner] jepsen.db: Setting up DB
2025-06-20 11:41:52,164{GMT}	INFO	[jepsen node n1] maelstrom.db: Setting up n1
2025-06-20 11:41:52,164{GMT}	INFO	[jepsen node n2] maelstrom.db: Setting up n2
2025-06-20 11:41:52,165{GMT}	INFO	[jepsen node n1] maelstrom.process: launching ./maelstrom-wrapper.sh []
2025-06-20 11:41:52,165{GMT}	INFO	[jepsen node n2] maelstrom.process: launching ./maelstrom-wrapper.sh []
2025-06-20 11:41:52,166{GMT}	INFO	[jepsen node n0] maelstrom.service: Starting services: (lin-kv lin-tso lww-kv seq-kv)
2025-06-20 11:41:52,167{GMT}	INFO	[jepsen node n0] maelstrom.db: Setting up n0
2025-06-20 11:41:52,168{GMT}	INFO	[jepsen node n0] maelstrom.process: launching ./maelstrom-wrapper.sh []
2025-06-20 11:41:52,760{GMT}	INFO	[jepsen test runner] jepsen.core: Relative time begins now
2025-06-20 11:41:52,777{GMT}	INFO	[jepsen worker 3] jepsen.util: 3	:invoke	:cas	[0 [0 1]]
2025-06-20 11:41:52,861{GMT}	INFO	[jepsen worker 4] jepsen.util: 4	:invoke	:cas	[0 [3 0]]
2025-06-20 11:41:52,928{GMT}	INFO	[jepsen worker 3] jepsen.util: 3	:fail	:cas	[0 [0 1]]	[:precondition-failed "expected value does not match"]
2025-06-20 11:41:53,006{GMT}	INFO	[jepsen worker 4] jepsen.util: 4	:fail	:cas	[0 [3 0]]	[:precondition-failed "expected value does not match"]
2025-06-20 11:41:53,049{GMT}	INFO	[jepsen worker 3] jepsen.util: 3	:invoke	:write	[0 2]
2025-06-20 11:41:53,055{GMT}	INFO	[jepsen worker 3] jepsen.util: 3	:ok	:write	[0 2]
2025-06-20 11:41:53,087{GMT}	INFO	[jepsen worker 3] jepsen.util: 3	:invoke	:cas	[0 [3 3]]
2025-06-20 11:41:53,090{GMT}	INFO	[jepsen worker 3] jepsen.util: 3	:fail	:cas	[0 [3 3]]	[:precondition-failed "expected value does not match"]
2025-06-20 11:41:53,261{GMT}	INFO	[jepsen worker 0] jepsen.util: 0	:invoke	:read	[0 nil]
2025-06-20 11:41:53,279{GMT}	INFO	[jepsen worker 5] jepsen.util: 5	:invoke	:cas	[0 [1 1]]
2025-06-20 11:41:53,294{GMT}	INFO	[jepsen worker 0] jepsen.util: 0	:ok	:read	[0 2]
2025-06-20 11:41:53,472{GMT}	INFO	[jepsen worker 3] jepsen.util: 3	:invoke	:cas	[0 [4 4]]
2025-06-20 11:41:53,480{GMT}	INFO	[jepsen worker 3] jepsen.util: 3	:fail	:cas	[0 [4 4]]	[:precondition-failed "expected value does not match"]
2025-06-20 11:41:53,505{GMT}	INFO	[jepsen worker 5] jepsen.util: 5	:fail	:cas	[0 [1 1]]	[:precondition-failed "expected value does not match"]
2025-06-20 11:41:53,645{GMT}	INFO	[jepsen worker 3] jepsen.util: 3	:invoke	:cas	[0 [3 1]]
2025-06-20 11:41:53,652{GMT}	INFO	[jepsen worker 3] jepsen.util: 3	:fail	:cas	[0 [3 1]]	[:precondition-failed "expected value does not match"]
2025-06-20 11:41:53,778{GMT}	INFO	[jepsen worker 3] jepsen.util: 3	:invoke	:write	[0 2]
2025-06-20 11:41:53,783{GMT}	INFO	[jepsen worker 3] jepsen.util: 3	:ok	:write	[0 2]
2025-06-20 11:41:53,833{GMT}	INFO	[jepsen worker 2] jepsen.util: 2	:invoke	:read	[0 nil]
2025-06-20 11:41:53,864{GMT}	INFO	[jepsen worker 2] jepsen.util: 2	:ok	:read	[0 2]
2025-06-20 11:41:53,892{GMT}	INFO	[jepsen worker 3] jepsen.util: 3	:invoke	:cas	[0 [3 2]]
2025-06-20 11:41:53,897{GMT}	INFO	[jepsen worker 3] jepsen.util: 3	:fail	:cas	[0 [3 2]]	[:precondition-failed "expected value does not match"]
2025-06-20 11:41:53,990{GMT}	INFO	[jepsen worker 0] jepsen.util: 0	:invoke	:read	[0 nil]
2025-06-20 11:41:53,994{GMT}	INFO	[jepsen worker 0] jepsen.util: 0	:ok	:read	[0 2]
2025-06-20 11:41:54,139{GMT}	INFO	[jepsen worker 5] jepsen.util: 5	:invoke	:cas	[0 [0 0]]
2025-06-20 11:41:54,154{GMT}	INFO	[jepsen worker 5] jepsen.util: 5	:fail	:cas	[0 [0 0]]	[:precondition-failed "expected value does not match"]
2025-06-20 11:41:54,294{GMT}	INFO	[jepsen worker 0] jepsen.util: 0	:invoke	:read	[0 nil]
2025-06-20 11:41:54,303{GMT}	INFO	[jepsen worker 0] jepsen.util: 0	:ok	:read	[0 2]
2025-06-20 11:41:54,478{GMT}	INFO	[jepsen worker 0] jepsen.util: 0	:invoke	:read	[0 nil]
2025-06-20 11:41:54,496{GMT}	INFO	[jepsen worker 0] jepsen.util: 0	:ok	:read	[0 2]
2025-06-20 11:41:54,651{GMT}	INFO	[jepsen worker 3] jepsen.util: 3	:invoke	:cas	[0 [4 4]]
2025-06-20 11:41:54,660{GMT}	INFO	[jepsen worker 3] jepsen.util: 3	:fail	:cas	[0 [4 4]]	[:precondition-failed "expected value does not match"]
2025-06-20 11:41:54,842{GMT}	INFO	[jepsen worker 3] jepsen.util: 3	:invoke	:write	[0 3]
2025-06-20 11:41:54,858{GMT}	INFO	[jepsen worker 0] jepsen.util: 0	:invoke	:read	[0 nil]
2025-06-20 11:41:54,868{GMT}	INFO	[jepsen worker 3] jepsen.util: 3	:ok	:write	[0 3]
2025-06-20 11:41:54,873{GMT}	INFO	[jepsen worker 0] jepsen.util: 0	:ok	:read	[0 3]
2025-06-20 11:41:54,990{GMT}	INFO	[jepsen worker 0] jepsen.util: 0	:invoke	:read	[0 nil]
2025-06-20 11:41:55,004{GMT}	INFO	[jepsen worker 0] jepsen.util: 0	:ok	:read	[0 3]
2025-06-20 11:41:55,181{GMT}	INFO	[jepsen worker 5] jepsen.util: 5	:invoke	:write	[0 1]
2025-06-20 11:41:55,210{GMT}	INFO	[jepsen worker 5] jepsen.util: 5	:ok	:write	[0 1]
2025-06-20 11:41:55,364{GMT}	INFO	[jepsen worker 0] jepsen.util: 0	:invoke	:read	[0 nil]
2025-06-20 11:41:55,384{GMT}	INFO	[jepsen worker 0] jepsen.util: 0	:ok	:read	[0 1]
2025-06-20 11:41:55,462{GMT}	INFO	[jepsen worker 3] jepsen.util: 3	:invoke	:write	[0 2]
2025-06-20 11:41:55,477{GMT}	INFO	[jepsen worker 3] jepsen.util: 3	:ok	:write	[0 2]
2025-06-20 11:41:55,597{GMT}	INFO	[jepsen worker 3] jepsen.util: 3	:invoke	:write	[0 2]
2025-06-20 11:41:55,610{GMT}	INFO	[jepsen worker 3] jepsen.util: 3	:ok	:write	[0 2]
2025-06-20 11:41:55,735{GMT}	INFO	[jepsen worker 2] jepsen.util: 2	:invoke	:read	[0 nil]
2025-06-20 11:41:55,741{GMT}	INFO	[jepsen worker 2] jepsen.util: 2	:ok	:read	[0 2]
2025-06-20 11:41:55,921{GMT}	INFO	[jepsen worker 3] jepsen.util: 3	:invoke	:cas	[0 [2 4]]
2025-06-20 11:41:55,938{GMT}	INFO	[jepsen worker 3] jepsen.util: 3	:ok	:cas	[0 [2 4]]
2025-06-20 11:41:56,029{GMT}	INFO	[jepsen worker 0] jepsen.util: 0	:invoke	:read	[0 nil]
2025-06-20 11:41:56,037{GMT}	INFO	[jepsen worker 0] jepsen.util: 0	:ok	:read	[0 4]
2025-06-20 11:41:56,086{GMT}	INFO	[jepsen worker 5] jepsen.util: 5	:invoke	:cas	[0 [3 2]]
2025-06-20 11:41:56,096{GMT}	INFO	[jepsen worker 5] jepsen.util: 5	:fail	:cas	[0 [3 2]]	[:precondition-failed "expected value does not match"]
2025-06-20 11:41:56,270{GMT}	INFO	[jepsen worker 0] jepsen.util: 0	:invoke	:read	[0 nil]
2025-06-20 11:41:56,286{GMT}	INFO	[jepsen worker 0] jepsen.util: 0	:ok	:read	[0 4]
2025-06-20 11:41:56,338{GMT}	INFO	[jepsen worker 3] jepsen.util: 3	:invoke	:cas	[0 [4 3]]
2025-06-20 11:41:56,348{GMT}	INFO	[jepsen worker 3] jepsen.util: 3	:ok	:cas	[0 [4 3]]
2025-06-20 11:41:56,383{GMT}	INFO	[jepsen worker 3] jepsen.util: 3	:invoke	:cas	[0 [1 1]]
2025-06-20 11:41:56,389{GMT}	INFO	[jepsen worker 3] jepsen.util: 3	:fail	:cas	[0 [1 1]]	[:precondition-failed "expected value does not match"]
2025-06-20 11:41:56,453{GMT}	INFO	[jepsen worker 2] jepsen.util: 2	:invoke	:read	[0 nil]
2025-06-20 11:41:56,459{GMT}	INFO	[jepsen worker 2] jepsen.util: 2	:ok	:read	[0 3]
2025-06-20 11:41:56,605{GMT}	INFO	[jepsen worker 3] jepsen.util: 3	:invoke	:cas	[0 [0 4]]
2025-06-20 11:41:56,620{GMT}	INFO	[jepsen worker 3] jepsen.util: 3	:fail	:cas	[0 [0 4]]	[:precondition-failed "expected value does not match"]
2025-06-20 11:41:56,693{GMT}	INFO	[jepsen worker 0] jepsen.util: 0	:invoke	:read	[0 nil]
2025-06-20 11:41:56,704{GMT}	INFO	[jepsen worker 0] jepsen.util: 0	:ok	:read	[0 3]
2025-06-20 11:41:56,813{GMT}	INFO	[jepsen worker 0] jepsen.util: 0	:invoke	:read	[0 nil]
2025-06-20 11:41:56,819{GMT}	INFO	[jepsen worker 0] jepsen.util: 0	:ok	:read	[0 3]
2025-06-20 11:41:56,971{GMT}	INFO	[jepsen worker 3] jepsen.util: 3	:invoke	:write	[0 0]
2025-06-20 11:41:56,982{GMT}	INFO	[jepsen worker 3] jepsen.util: 3	:ok	:write	[0 0]
2025-06-20 11:41:57,111{GMT}	INFO	[jepsen worker 0] jepsen.util: 0	:invoke	:read	[0 nil]
2025-06-20 11:41:57,125{GMT}	INFO	[jepsen worker 0] jepsen.util: 0	:ok	:read	[0 0]
2025-06-20 11:41:57,255{GMT}	INFO	[jepsen worker 1] jepsen.util: 1	:invoke	:read	[0 nil]
2025-06-20 11:41:57,272{GMT}	INFO	[jepsen worker 1] jepsen.util: 1	:ok	:read	[0 0]
2025-06-20 11:41:57,310{GMT}	INFO	[jepsen worker 2] jepsen.util: 2	:invoke	:read	[0 nil]
2025-06-20 11:41:57,322{GMT}	INFO	[jepsen worker 2] jepsen.util: 2	:ok	:read	[0 0]
2025-06-20 11:41:57,352{GMT}	INFO	[jepsen worker 3] jepsen.util: 3	:invoke	:cas	[0 [4 3]]
2025-06-20 11:41:57,361{GMT}	INFO	[jepsen worker 3] jepsen.util: 3	:fail	:cas	[0 [4 3]]	[:precondition-failed "expected value does not match"]
2025-06-20 11:41:57,489{GMT}	INFO	[jepsen worker 4] jepsen.util: 4	:invoke	:cas	[0 [1 2]]
2025-06-20 11:41:57,512{GMT}	INFO	[jepsen worker 4] jepsen.util: 4	:fail	:cas	[0 [1 2]]	[:precondition-failed "expected value does not match"]
2025-06-20 11:41:57,644{GMT}	INFO	[jepsen worker 5] jepsen.util: 5	:invoke	:cas	[0 [0 2]]
2025-06-20 11:41:57,655{GMT}	INFO	[jepsen worker 5] jepsen.util: 5	:ok	:cas	[0 [0 2]]
2025-06-20 11:41:57,668{GMT}	INFO	[jepsen worker 3] jepsen.util: 3	:invoke	:cas	[0 [4 0]]
2025-06-20 11:41:57,683{GMT}	INFO	[jepsen worker 3] jepsen.util: 3	:fail	:cas	[0 [4 0]]	[:precondition-failed "expected value does not match"]
2025-06-20 11:41:57,688{GMT}	INFO	[jepsen worker 0] jepsen.util: 0	:invoke	:read	[0 nil]
2025-06-20 11:41:57,694{GMT}	INFO	[jepsen worker 0] jepsen.util: 0	:ok	:read	[0 2]
2025-06-20 11:41:57,862{GMT}	INFO	[jepsen worker 3] jepsen.util: 3	:invoke	:cas	[0 [3 1]]
2025-06-20 11:41:57,874{GMT}	INFO	[jepsen worker 3] jepsen.util: 3	:fail	:cas	[0 [3 1]]	[:precondition-failed "expected value does not match"]
2025-06-20 11:41:58,051{GMT}	INFO	[jepsen worker 2] jepsen.util: 2	:invoke	:read	[0 nil]
2025-06-20 11:41:58,060{GMT}	INFO	[jepsen worker 2] jepsen.util: 2	:ok	:read	[0 2]
2025-06-20 11:41:58,175{GMT}	INFO	[jepsen worker 3] jepsen.util: 3	:invoke	:write	[0 4]
2025-06-20 11:41:58,203{GMT}	INFO	[jepsen worker 3] jepsen.util: 3	:ok	:write	[0 4]
2025-06-20 11:41:58,226{GMT}	INFO	[jepsen worker 0] jepsen.util: 0	:invoke	:read	[0 nil]
2025-06-20 11:41:58,230{GMT}	INFO	[jepsen worker 0] jepsen.util: 0	:ok	:read	[0 4]
2025-06-20 11:41:58,417{GMT}	INFO	[jepsen worker 5] jepsen.util: 5	:invoke	:cas	[0 [1 0]]
2025-06-20 11:41:58,430{GMT}	INFO	[jepsen worker 5] jepsen.util: 5	:fail	:cas	[0 [1 0]]	[:precondition-failed "expected value does not match"]
2025-06-20 11:41:58,562{GMT}	INFO	[jepsen worker 3] jepsen.util: 3	:invoke	:write	[0 1]
2025-06-20 11:41:58,574{GMT}	INFO	[jepsen worker 3] jepsen.util: 3	:ok	:write	[0 1]
2025-06-20 11:41:58,716{GMT}	INFO	[jepsen worker 0] jepsen.util: 0	:invoke	:read	[0 nil]
2025-06-20 11:41:58,732{GMT}	INFO	[jepsen worker 0] jepsen.util: 0	:ok	:read	[0 1]
2025-06-20 11:41:58,763{GMT}	INFO	[jepsen worker 3] jepsen.util: 3	:invoke	:cas	[0 [0 2]]
2025-06-20 11:41:58,770{GMT}	INFO	[jepsen worker 3] jepsen.util: 3	:fail	:cas	[0 [0 2]]	[:precondition-failed "expected value does not match"]
2025-06-20 11:41:58,898{GMT}	INFO	[jepsen worker 3] jepsen.util: 3	:invoke	:cas	[0 [0 2]]
2025-06-20 11:41:58,910{GMT}	INFO	[jepsen worker 3] jepsen.util: 3	:fail	:cas	[0 [0 2]]	[:precondition-failed "expected value does not match"]
2025-06-20 11:41:59,009{GMT}	INFO	[jepsen worker 3] jepsen.util: 3	:invoke	:cas	[0 [4 1]]
2025-06-20 11:41:59,026{GMT}	INFO	[jepsen worker 3] jepsen.util: 3	:fail	:cas	[0 [4 1]]	[:precondition-failed "expected value does not match"]
2025-06-20 11:41:59,102{GMT}	INFO	[jepsen worker 0] jepsen.util: 0	:invoke	:read	[0 nil]
2025-06-20 11:41:59,110{GMT}	INFO	[jepsen worker 0] jepsen.util: 0	:ok	:read	[0 1]
2025-06-20 11:41:59,111{GMT}	INFO	[jepsen worker 1] jepsen.util: 1	:invoke	:read	[0 nil]
2025-06-20 11:41:59,119{GMT}	INFO	[jepsen worker 1] jepsen.util: 1	:ok	:read	[0 1]
2025-06-20 11:41:59,188{GMT}	INFO	[jepsen worker 0] jepsen.util: 0	:invoke	:read	[0 nil]
2025-06-20 11:41:59,196{GMT}	INFO	[jepsen worker 0] jepsen.util: 0	:ok	:read	[0 1]
2025-06-20 11:41:59,325{GMT}	INFO	[jepsen worker 0] jepsen.util: 0	:invoke	:read	[0 nil]
2025-06-20 11:41:59,337{GMT}	INFO	[jepsen worker 0] jepsen.util: 0	:ok	:read	[0 1]
2025-06-20 11:41:59,492{GMT}	INFO	[jepsen worker 3] jepsen.util: 3	:invoke	:cas	[0 [4 4]]
2025-06-20 11:41:59,513{GMT}	INFO	[jepsen worker 3] jepsen.util: 3	:fail	:cas	[0 [4 4]]	[:precondition-failed "expected value does not match"]
2025-06-20 11:41:59,553{GMT}	INFO	[jepsen worker 2] jepsen.util: 2	:invoke	:read	[0 nil]
2025-06-20 11:41:59,559{GMT}	INFO	[jepsen worker 2] jepsen.util: 2	:ok	:read	[0 1]
2025-06-20 11:41:59,594{GMT}	INFO	[jepsen worker 0] jepsen.util: 0	:invoke	:read	[0 nil]
2025-06-20 11:41:59,618{GMT}	INFO	[jepsen worker 0] jepsen.util: 0	:ok	:read	[0 1]
2025-06-20 11:41:59,769{GMT}	INFO	[jepsen worker 0] jepsen.util: 0	:invoke	:read	[0 nil]
2025-06-20 11:41:59,781{GMT}	INFO	[jepsen worker 0] jepsen.util: 0	:ok	:read	[0 1]
2025-06-20 11:41:59,908{GMT}	INFO	[jepsen worker 5] jepsen.util: 5	:invoke	:cas	[0 [3 3]]
2025-06-20 11:41:59,928{GMT}	INFO	[jepsen worker 5] jepsen.util: 5	:fail	:cas	[0 [3 3]]	[:precondition-failed "expected value does not match"]
2025-06-20 11:42:00,051{GMT}	INFO	[jepsen worker 3] jepsen.util: 3	:invoke	:cas	[0 [1 3]]
2025-06-20 11:42:00,067{GMT}	INFO	[jepsen worker 3] jepsen.util: 3	:ok	:cas	[0 [1 3]]
2025-06-20 11:42:00,105{GMT}	INFO	[jepsen worker 3] jepsen.util: 3	:invoke	:cas	[0 [3 0]]
2025-06-20 11:42:00,115{GMT}	INFO	[jepsen worker 3] jepsen.util: 3	:ok	:cas	[0 [3 0]]
2025-06-20 11:42:00,244{GMT}	INFO	[jepsen worker 1] jepsen.util: 1	:invoke	:read	[0 nil]
2025-06-20 11:42:00,255{GMT}	INFO	[jepsen worker 1] jepsen.util: 1	:ok	:read	[0 0]
2025-06-20 11:42:00,333{GMT}	INFO	[jepsen worker 3] jepsen.util: 3	:invoke	:write	[0 2]
2025-06-20 11:42:00,340{GMT}	INFO	[jepsen worker 3] jepsen.util: 3	:ok	:write	[0 2]
2025-06-20 11:42:00,522{GMT}	INFO	[jepsen worker 3] jepsen.util: 3	:invoke	:cas	[0 [3 0]]
2025-06-20 11:42:00,535{GMT}	INFO	[jepsen worker 0] jepsen.util: 0	:invoke	:read	[0 nil]
2025-06-20 11:42:00,555{GMT}	INFO	[jepsen worker 3] jepsen.util: 3	:fail	:cas	[0 [3 0]]	[:precondition-failed "expected value does not match"]
2025-06-20 11:42:00,560{GMT}	INFO	[jepsen worker 0] jepsen.util: 0	:ok	:read	[0 2]
2025-06-20 11:42:00,611{GMT}	INFO	[jepsen worker 5] jepsen.util: 5	:invoke	:cas	[0 [4 4]]
2025-06-20 11:42:00,622{GMT}	INFO	[jepsen worker 5] jepsen.util: 5	:fail	:cas	[0 [4 4]]	[:precondition-failed "expected value does not match"]
2025-06-20 11:42:00,729{GMT}	INFO	[jepsen worker 0] jepsen.util: 0	:invoke	:read	[0 nil]
2025-06-20 11:42:00,739{GMT}	INFO	[jepsen worker 0] jepsen.util: 0	:ok	:read	[0 2]
2025-06-20 11:42:00,763{GMT}	INFO	[jepsen worker 0] jepsen.util: 0	:invoke	:read	[0 nil]
2025-06-20 11:42:00,774{GMT}	INFO	[jepsen worker 0] jepsen.util: 0	:ok	:read	[0 2]
2025-06-20 11:42:00,811{GMT}	INFO	[jepsen worker 1] jepsen.util: 1	:invoke	:read	[0 nil]
2025-06-20 11:42:00,820{GMT}	INFO	[jepsen worker 1] jepsen.util: 1	:ok	:read	[0 2]
2025-06-20 11:42:00,911{GMT}	INFO	[jepsen worker 3] jepsen.util: 3	:invoke	:write	[0 2]
2025-06-20 11:42:00,917{GMT}	INFO	[jepsen worker 3] jepsen.util: 3	:ok	:write	[0 2]
2025-06-20 11:42:00,920{GMT}	INFO	[jepsen worker 0] jepsen.util: 0	:invoke	:read	[0 nil]
2025-06-20 11:42:00,931{GMT}	INFO	[jepsen worker 0] jepsen.util: 0	:ok	:read	[0 2]
2025-06-20 11:42:01,108{GMT}	INFO	[jepsen worker 0] jepsen.util: 0	:invoke	:read	[0 nil]
2025-06-20 11:42:01,121{GMT}	INFO	[jepsen worker 0] jepsen.util: 0	:ok	:read	[0 2]
2025-06-20 11:42:01,190{GMT}	INFO	[jepsen worker 5] jepsen.util: 5	:invoke	:cas	[0 [4 2]]
2025-06-20 11:42:01,201{GMT}	INFO	[jepsen worker 5] jepsen.util: 5	:fail	:cas	[0 [4 2]]	[:precondition-failed "expected value does not match"]
2025-06-20 11:42:01,317{GMT}	INFO	[jepsen worker 0] jepsen.util: 0	:invoke	:read	[0 nil]
2025-06-20 11:42:01,322{GMT}	INFO	[jepsen worker 0] jepsen.util: 0	:ok	:read	[0 2]
2025-06-20 11:42:01,392{GMT}	INFO	[jepsen worker 3] jepsen.util: 3	:invoke	:cas	[0 [2 0]]
2025-06-20 11:42:01,399{GMT}	INFO	[jepsen worker 3] jepsen.util: 3	:ok	:cas	[0 [2 0]]
2025-06-20 11:42:01,553{GMT}	INFO	[jepsen worker 1] jepsen.util: 1	:invoke	:read	[0 nil]
2025-06-20 11:42:01,574{GMT}	INFO	[jepsen worker 1] jepsen.util: 1	:ok	:read	[0 0]
2025-06-20 11:42:01,603{GMT}	INFO	[jepsen worker 2] jepsen.util: 2	:invoke	:read	[0 nil]
2025-06-20 11:42:01,612{GMT}	INFO	[jepsen worker 2] jepsen.util: 2	:ok	:read	[0 0]
2025-06-20 11:42:01,787{GMT}	INFO	[jepsen worker 3] jepsen.util: 3	:invoke	:cas	[0 [0 0]]
2025-06-20 11:42:01,800{GMT}	INFO	[jepsen worker 0] jepsen.util: 0	:invoke	:read	[0 nil]
2025-06-20 11:42:01,828{GMT}	INFO	[jepsen worker 3] jepsen.util: 3	:ok	:cas	[0 [0 0]]
2025-06-20 11:42:01,829{GMT}	INFO	[jepsen worker 0] jepsen.util: 0	:ok	:read	[0 0]
2025-06-20 11:42:01,940{GMT}	INFO	[jepsen worker 5] jepsen.util: 5	:invoke	:write	[0 3]
2025-06-20 11:42:01,950{GMT}	INFO	[jepsen worker 5] jepsen.util: 5	:ok	:write	[0 3]
2025-06-20 11:42:02,109{GMT}	INFO	[jepsen worker 3] jepsen.util: 3	:invoke	:cas	[0 [1 4]]
2025-06-20 11:42:02,130{GMT}	INFO	[jepsen worker 3] jepsen.util: 3	:fail	:cas	[0 [1 4]]	[:precondition-failed "expected value does not match"]
2025-06-20 11:42:02,313{GMT}	INFO	[jepsen worker 0] jepsen.util: 0	:invoke	:read	[0 nil]
2025-06-20 11:42:02,329{GMT}	INFO	[jepsen worker 0] jepsen.util: 0	:ok	:read	[0 3]
2025-06-20 11:42:02,408{GMT}	INFO	[jepsen worker 1] jepsen.util: 1	:invoke	:read	[0 nil]
2025-06-20 11:42:02,423{GMT}	INFO	[jepsen worker 1] jepsen.util: 1	:ok	:read	[0 3]
2025-06-20 11:42:02,484{GMT}	INFO	[jepsen worker 3] jepsen.util: 3	:invoke	:cas	[0 [2 3]]
2025-06-20 11:42:02,494{GMT}	INFO	[jepsen worker 3] jepsen.util: 3	:fail	:cas	[0 [2 3]]	[:precondition-failed "expected value does not match"]
2025-06-20 11:42:02,524{GMT}	INFO	[jepsen worker 0] jepsen.util: 0	:invoke	:read	[0 nil]
2025-06-20 11:42:02,535{GMT}	INFO	[jepsen worker 0] jepsen.util: 0	:ok	:read	[0 3]
2025-06-20 11:42:02,666{GMT}	INFO	[jepsen worker 4] jepsen.util: 4	:invoke	:cas	[0 [0 1]]
2025-06-20 11:42:02,677{GMT}	INFO	[jepsen worker 4] jepsen.util: 4	:fail	:cas	[0 [0 1]]	[:precondition-failed "expected value does not match"]
2025-06-20 11:42:02,818{GMT}	INFO	[jepsen worker 5] jepsen.util: 5	:invoke	:write	[0 4]
2025-06-20 11:42:02,835{GMT}	INFO	[jepsen worker 5] jepsen.util: 5	:ok	:write	[0 4]
2025-06-20 11:42:02,846{GMT}	INFO	[jepsen worker 0] jepsen.util: 0	:invoke	:read	[0 nil]
2025-06-20 11:42:02,853{GMT}	INFO	[jepsen worker 0] jepsen.util: 0	:ok	:read	[0 4]
2025-06-20 11:42:02,943{GMT}	INFO	[jepsen worker 0] jepsen.util: 0	:invoke	:read	[0 nil]
2025-06-20 11:42:02,950{GMT}	INFO	[jepsen worker 0] jepsen.util: 0	:ok	:read	[0 4]
2025-06-20 11:42:03,018{GMT}	INFO	[jepsen worker 3] jepsen.util: 3	:invoke	:write	[0 1]
2025-06-20 11:42:03,025{GMT}	INFO	[jepsen worker 3] jepsen.util: 3	:ok	:write	[0 1]
2025-06-20 11:42:03,212{GMT}	INFO	[jepsen worker 3] jepsen.util: 3	:invoke	:cas	[0 [2 1]]
2025-06-20 11:42:03,228{GMT}	INFO	[jepsen worker 3] jepsen.util: 3	:fail	:cas	[0 [2 1]]	[:precondition-failed "expected value does not match"]
2025-06-20 11:42:03,406{GMT}	INFO	[jepsen worker 3] jepsen.util: 3	:invoke	:cas	[0 [2 0]]
2025-06-20 11:42:03,422{GMT}	INFO	[jepsen worker 3] jepsen.util: 3	:fail	:cas	[0 [2 0]]	[:precondition-failed "expected value does not match"]
2025-06-20 11:42:03,550{GMT}	INFO	[jepsen worker 4] jepsen.util: 4	:invoke	:cas	[0 [0 4]]
2025-06-20 11:42:03,562{GMT}	INFO	[jepsen worker 4] jepsen.util: 4	:fail	:cas	[0 [0 4]]	[:precondition-failed "expected value does not match"]
2025-06-20 11:42:03,684{GMT}	INFO	[jepsen worker 5] jepsen.util: 5	:invoke	:cas	[0 [4 4]]
2025-06-20 11:42:03,690{GMT}	INFO	[jepsen worker 5] jepsen.util: 5	:fail	:cas	[0 [4 4]]	[:precondition-failed "expected value does not match"]
2025-06-20 11:42:03,752{GMT}	INFO	[jepsen worker 0] jepsen.util: 0	:invoke	:read	[0 nil]
2025-06-20 11:42:03,759{GMT}	INFO	[jepsen worker 0] jepsen.util: 0	:ok	:read	[0 1]
2025-06-20 11:42:03,841{GMT}	INFO	[jepsen worker 3] jepsen.util: 3	:invoke	:cas	[0 [3 0]]
2025-06-20 11:42:03,851{GMT}	INFO	[jepsen worker 3] jepsen.util: 3	:fail	:cas	[0 [3 0]]	[:precondition-failed "expected value does not match"]
2025-06-20 11:42:03,895{GMT}	INFO	[jepsen worker 1] jepsen.util: 1	:invoke	:read	[0 nil]
2025-06-20 11:42:03,900{GMT}	INFO	[jepsen worker 1] jepsen.util: 1	:ok	:read	[0 1]
2025-06-20 11:42:04,077{GMT}	INFO	[jepsen worker 2] jepsen.util: 2	:invoke	:read	[0 nil]
2025-06-20 11:42:04,088{GMT}	INFO	[jepsen worker 2] jepsen.util: 2	:ok	:read	[0 1]
2025-06-20 11:42:04,122{GMT}	INFO	[jepsen worker 3] jepsen.util: 3	:invoke	:write	[0 2]
2025-06-20 11:42:04,131{GMT}	INFO	[jepsen worker 3] jepsen.util: 3	:ok	:write	[0 2]
2025-06-20 11:42:04,239{GMT}	INFO	[jepsen worker 0] jepsen.util: 0	:invoke	:read	[0 nil]
2025-06-20 11:42:04,248{GMT}	INFO	[jepsen worker 0] jepsen.util: 0	:ok	:read	[0 2]
2025-06-20 11:42:04,425{GMT}	INFO	[jepsen worker 5] jepsen.util: 5	:invoke	:cas	[0 [2 1]]
2025-06-20 11:42:04,440{GMT}	INFO	[jepsen worker 5] jepsen.util: 5	:ok	:cas	[0 [2 1]]
2025-06-20 11:42:04,504{GMT}	INFO	[jepsen worker 3] jepsen.util: 3	:invoke	:write	[0 0]
2025-06-20 11:42:04,511{GMT}	INFO	[jepsen worker 3] jepsen.util: 3	:ok	:write	[0 0]
2025-06-20 11:42:04,540{GMT}	INFO	[jepsen worker 3] jepsen.util: 3	:invoke	:cas	[0 [4 4]]
2025-06-20 11:42:04,551{GMT}	INFO	[jepsen worker 3] jepsen.util: 3	:fail	:cas	[0 [4 4]]	[:precondition-failed "expected value does not match"]
2025-06-20 11:42:04,608{GMT}	INFO	[jepsen worker 1] jepsen.util: 1	:invoke	:read	[0 nil]
2025-06-20 11:42:04,615{GMT}	INFO	[jepsen worker 1] jepsen.util: 1	:ok	:read	[0 0]
2025-06-20 11:42:04,755{GMT}	INFO	[jepsen worker 3] jepsen.util: 3	:invoke	:cas	[0 [2 4]]
2025-06-20 11:42:04,768{GMT}	INFO	[jepsen worker 3] jepsen.util: 3	:fail	:cas	[0 [2 4]]	[:precondition-failed "expected value does not match"]
2025-06-20 11:42:04,946{GMT}	INFO	[jepsen worker 0] jepsen.util: 0	:invoke	:read	[0 nil]
2025-06-20 11:42:04,959{GMT}	INFO	[jepsen worker 0] jepsen.util: 0	:ok	:read	[0 0]
2025-06-20 11:42:05,116{GMT}	INFO	[jepsen worker 0] jepsen.util: 0	:invoke	:read	[0 nil]
2025-06-20 11:42:05,123{GMT}	INFO	[jepsen worker 0] jepsen.util: 0	:ok	:read	[0 0]
2025-06-20 11:42:05,193{GMT}	INFO	[jepsen worker 0] jepsen.util: 0	:invoke	:read	[0 nil]
2025-06-20 11:42:05,205{GMT}	INFO	[jepsen worker 0] jepsen.util: 0	:ok	:read	[0 0]
2025-06-20 11:42:05,375{GMT}	INFO	[jepsen worker 0] jepsen.util: 0	:invoke	:read	[0 nil]
2025-06-20 11:42:05,398{GMT}	INFO	[jepsen worker 0] jepsen.util: 0	:ok	:read	[0 0]
2025-06-20 11:42:05,580{GMT}	INFO	[jepsen worker 3] jepsen.util: 3	:invoke	:write	[0 2]
2025-06-20 11:42:05,595{GMT}	INFO	[jepsen worker 3] jepsen.util: 3	:ok	:write	[0 2]
2025-06-20 11:42:05,612{GMT}	INFO	[jepsen worker 3] jepsen.util: 3	:invoke	:cas	[0 [1 2]]
2025-06-20 11:42:05,624{GMT}	INFO	[jepsen worker 3] jepsen.util: 3	:fail	:cas	[0 [1 2]]	[:precondition-failed "expected value does not match"]
2025-06-20 11:42:05,782{GMT}	INFO	[jepsen worker 3] jepsen.util: 3	:invoke	:cas	[0 [0 4]]
2025-06-20 11:42:05,794{GMT}	INFO	[jepsen worker 3] jepsen.util: 3	:fail	:cas	[0 [0 4]]	[:precondition-failed "expected value does not match"]
2025-06-20 11:42:05,860{GMT}	INFO	[jepsen worker 0] jepsen.util: 0	:invoke	:read	[0 nil]
2025-06-20 11:42:05,866{GMT}	INFO	[jepsen worker 0] jepsen.util: 0	:ok	:read	[0 2]
2025-06-20 11:42:05,994{GMT}	INFO	[jepsen worker 0] jepsen.util: 0	:invoke	:read	[0 nil]
2025-06-20 11:42:06,006{GMT}	INFO	[jepsen worker 0] jepsen.util: 0	:ok	:read	[0 2]
2025-06-20 11:42:06,081{GMT}	INFO	[jepsen worker 5] jepsen.util: 5	:invoke	:cas	[0 [1 3]]
2025-06-20 11:42:06,091{GMT}	INFO	[jepsen worker 5] jepsen.util: 5	:fail	:cas	[0 [1 3]]	[:precondition-failed "expected value does not match"]
2025-06-20 11:42:06,219{GMT}	INFO	[jepsen worker 3] jepsen.util: 3	:invoke	:cas	[0 [3 4]]
2025-06-20 11:42:06,225{GMT}	INFO	[jepsen worker 3] jepsen.util: 3	:fail	:cas	[0 [3 4]]	[:precondition-failed "expected value does not match"]
2025-06-20 11:42:06,410{GMT}	INFO	[jepsen worker 3] jepsen.util: 3	:invoke	:cas	[0 [1 4]]
2025-06-20 11:42:06,416{GMT}	INFO	[jepsen worker 3] jepsen.util: 3	:fail	:cas	[0 [1 4]]	[:precondition-failed "expected value does not match"]
2025-06-20 11:42:06,446{GMT}	INFO	[jepsen worker 3] jepsen.util: 3	:invoke	:write	[0 1]
2025-06-20 11:42:06,454{GMT}	INFO	[jepsen worker 3] jepsen.util: 3	:ok	:write	[0 1]
2025-06-20 11:42:06,644{GMT}	INFO	[jepsen worker 3] jepsen.util: 3	:invoke	:cas	[0 [0 4]]
2025-06-20 11:42:06,667{GMT}	INFO	[jepsen worker 3] jepsen.util: 3	:fail	:cas	[0 [0 4]]	[:precondition-failed "expected value does not match"]
2025-06-20 11:42:06,810{GMT}	INFO	[jepsen worker 3] jepsen.util: 3	:invoke	:cas	[0 [2 1]]
2025-06-20 11:42:06,824{GMT}	INFO	[jepsen worker 3] jepsen.util: 3	:fail	:cas	[0 [2 1]]	[:precondition-failed "expected value does not match"]
2025-06-20 11:42:06,837{GMT}	INFO	[jepsen worker 0] jepsen.util: 0	:invoke	:read	[0 nil]
2025-06-20 11:42:06,847{GMT}	INFO	[jepsen worker 0] jepsen.util: 0	:ok	:read	[0 1]
2025-06-20 11:42:06,872{GMT}	INFO	[jepsen worker 5] jepsen.util: 5	:invoke	:cas	[0 [4 4]]
2025-06-20 11:42:06,883{GMT}	INFO	[jepsen worker 5] jepsen.util: 5	:fail	:cas	[0 [4 4]]	[:precondition-failed "expected value does not match"]
2025-06-20 11:42:06,936{GMT}	INFO	[jepsen worker 0] jepsen.util: 0	:invoke	:read	[0 nil]
2025-06-20 11:42:06,944{GMT}	INFO	[jepsen worker 0] jepsen.util: 0	:ok	:read	[0 1]
2025-06-20 11:42:07,139{GMT}	INFO	[jepsen worker 3] jepsen.util: 3	:invoke	:cas	[0 [1 4]]
2025-06-20 11:42:07,156{GMT}	INFO	[jepsen worker 3] jepsen.util: 3	:ok	:cas	[0 [1 4]]
2025-06-20 11:42:07,197{GMT}	INFO	[jepsen worker 1] jepsen.util: 1	:invoke	:read	[0 nil]
2025-06-20 11:42:07,213{GMT}	INFO	[jepsen worker 3] jepsen.util: 3	:invoke	:write	[0 4]
2025-06-20 11:42:07,215{GMT}	INFO	[jepsen worker 1] jepsen.util: 1	:ok	:read	[0 4]
2025-06-20 11:42:07,221{GMT}	INFO	[jepsen worker 3] jepsen.util: 3	:ok	:write	[0 4]
2025-06-20 11:42:07,330{GMT}	INFO	[jepsen worker 3] jepsen.util: 3	:invoke	:write	[0 0]
2025-06-20 11:42:07,342{GMT}	INFO	[jepsen worker 3] jepsen.util: 3	:ok	:write	[0 0]
2025-06-20 11:42:07,403{GMT}	INFO	[jepsen worker 0] jepsen.util: 0	:invoke	:read	[0 nil]
2025-06-20 11:42:07,407{GMT}	INFO	[jepsen worker 0] jepsen.util: 0	:ok	:read	[0 0]
2025-06-20 11:42:07,576{GMT}	INFO	[jepsen worker 0] jepsen.util: 0	:invoke	:read	[0 nil]
2025-06-20 11:42:07,589{GMT}	INFO	[jepsen worker 0] jepsen.util: 0	:ok	:read	[0 0]
2025-06-20 11:42:07,725{GMT}	INFO	[jepsen worker 0] jepsen.util: 0	:invoke	:read	[0 nil]
2025-06-20 11:42:07,730{GMT}	INFO	[jepsen worker 0] jepsen.util: 0	:ok	:read	[0 0]
2025-06-20 11:42:07,769{GMT}	INFO	[jepsen worker 0] jepsen.util: 0	:invoke	:read	[0 nil]
2025-06-20 11:42:07,776{GMT}	INFO	[jepsen worker 0] jepsen.util: 0	:ok	:read	[0 0]
2025-06-20 11:42:07,799{GMT}	INFO	[jepsen test runner] jepsen.core: Run complete, writing
2025-06-20 11:42:07,833{GMT}	INFO	[jepsen node n2] maelstrom.db: Tearing down n2
2025-06-20 11:42:07,833{GMT}	INFO	[jepsen node n1] maelstrom.db: Tearing down n1
2025-06-20 11:42:07,833{GMT}	INFO	[jepsen node n0] maelstrom.db: Tearing down n0
2025-06-20 11:42:09,240{GMT}	INFO	[jepsen node n0] maelstrom.net: Shutting down Maelstrom network
2025-06-20 11:42:09,249{GMT}	INFO	[jepsen test runner] jepsen.core: Analyzing...
2025-06-20 11:42:09,342{GMT}	INFO	[clojure-agent-send-pool-0] jepsen.independent: Wrote /Users/hiroyuki/Dropbox/Docs/git/scalardb-maelstrom-kv/store/lin-kv/20250620T114151.029+0900/independent/0/results.edn
2025-06-20 11:42:09,347{GMT}	INFO	[clojure-agent-send-pool-0] jepsen.independent: Wrote /Users/hiroyuki/Dropbox/Docs/git/scalardb-maelstrom-kv/store/lin-kv/20250620T114151.029+0900/independent/0/history.edn
2025-06-20 11:42:09,359{GMT}	INFO	[jepsen test runner] jepsen.core: Analysis complete
2025-06-20 11:42:09,366{GMT}	INFO	[jepsen results] jepsen.store: Wrote /Users/hiroyuki/Dropbox/Docs/git/scalardb-maelstrom-kv/store/lin-kv/20250620T114151.029+0900/results.edn
2025-06-20 11:42:09,391{GMT}	INFO	[jepsen test runner] jepsen.core: {:perf {:latency-graph {:valid? true},
        :rate-graph {:valid? true},
        :valid? true},
 :timeline {:valid? true},
 :exceptions {:valid? true},
 :stats {:valid? true,
         :count 134,
         :ok-count 91,
         :fail-count 43,
         :info-count 0,
         :by-f {:cas {:valid? true,
                      :count 52,
                      :ok-count 9,
                      :fail-count 43,
                      :info-count 0},
                :read {:valid? true,
                       :count 62,
                       :ok-count 62,
                       :fail-count 0,
                       :info-count 0},
                :write {:valid? true,
                        :count 20,
                        :ok-count 20,
                        :fail-count 0,
                        :info-count 0}}},
 :availability {:valid? true, :ok-fraction 0.6791045},
 :net {:all {:send-count 274,
             :recv-count 274,
             :msg-count 274,
             :msgs-per-op 2.0447762},
       :clients {:send-count 274, :recv-count 274, :msg-count 274},
       :servers {:send-count 0,
                 :recv-count 0,
                 :msg-count 0,
                 :msgs-per-op 0.0},
       :valid? true},
 :workload {:valid? true,
            :results {0 {:linearizable {:valid? true,
                                        :configs ({:model #knossos.model.CASRegister{:value 0},
                                                   :last-op {:process 0,
                                                             :type :ok,
                                                             :f :read,
                                                             :value 0,
                                                             :index 267,
                                                             :time 15017874959},
                                                   :pending []}),
                                        :final-paths ()},
                         :timeline {:valid? true},
                         :valid? true}},
            :failures []},
 :valid? true}


Everything looks good! ヽ(‘ー`)ノ
