2025-06-20 01:24:52,294{GMT}	INFO	[jepsen test runner] jepsen.core: Command line:
lein run test -w lin-kv --bin ./maelstrom-wrapper.sh --node-count 1 --concurrency 2 --time-limit 10 --rate 10
2025-06-20 01:24:52,345{GMT}	INFO	[jepsen test runner] jepsen.core: Running test:
{:args []
 :remote
 #jepsen.control.retry.Remote{:remote #jepsen.control.scp.Remote{:cmd-remote #jepsen.control.sshj.SSHJRemote{:concurrency-limit 6,
                                                                                                             :conn-spec nil,
                                                                                                             :client nil,
                                                                                                             :semaphore nil},
                                                                 :conn-spec nil},
                              :conn nil}
 :log-net-send false
 :node-count 1
 :availability nil
 :max-txn-length 4
 :concurrency 2
 :db
 #object[maelstrom.db$db$reify__16612
         "0x7307e418"
         "maelstrom.db$db$reify__16612@7307e418"]
 :max-writes-per-key 16
 :leave-db-running? false
 :name "lin-kv"
 :logging-json? false
 :start-time
 #object[org.joda.time.DateTime "0x69c27acb" "2025-06-20T01:24:52.252+09:00"]
 :nemesis-interval 10
 :net
 #object[maelstrom.net$jepsen_net$reify__15721
         "0x72b8b04f"
         "maelstrom.net$jepsen_net$reify__15721@72b8b04f"]
 :client
 #object[maelstrom.workload.lin_kv$client$reify__20973
         "0x1b131102"
         "maelstrom.workload.lin_kv$client$reify__20973@1b131102"]
 :barrier
 #object[java.util.concurrent.CyclicBarrier
         "0x75be3cdf"
         "java.util.concurrent.CyclicBarrier@75be3cdf"]
 :log-stderr false
 :pure-generators true
 :ssh {:dummy? true}
 :rate 10.0
 :checker
 #object[jepsen.checker$compose$reify__11089
         "0xf500481"
         "jepsen.checker$compose$reify__11089@f500481"]
 :argv
 ("test"
  "-w"
  "lin-kv"
  "--bin"
  "./maelstrom-wrapper.sh"
  "--node-count"
  "1"
  "--concurrency"
  "2"
  "--time-limit"
  "10"
  "--rate"
  "10")
 :nemesis
 (jepsen.nemesis.ReflCompose
  {:fm {:start-partition 0,
        :stop-partition 0,
        :kill 1,
        :start 1,
        :pause 1,
        :resume 1},
   :nemeses [#unprintable "jepsen.nemesis.combined$partition_nemesis$reify__16905@38dde7ec"
             #unprintable "jepsen.nemesis.combined$db_nemesis$reify__16886@3bc57af4"]})
 :nodes ["n0"]
 :test-count 1
 :latency {:mean 0, :dist :constant}
 :bin "./maelstrom-wrapper.sh"
 :generator
 #object[jepsen.util.Forgettable
         "0x2523730b"
         (jepsen.generator.TimeLimit
          {:limit 10000000000,
           :cutoff nil,
           :gen (jepsen.generator.Any
                 {:gens [(jepsen.generator.OnThreads
                          {:f #{:nemesis},
                           :context-filter #object[jepsen.generator.context$make_thread_filter$lazy_filter__12077
                                                   "0x87f8146"
                                                   "jepsen.generator.context$make_thread_filter$lazy_filter__12077@87f8146"],
                           :gen nil})
                         (jepsen.generator.OnThreads
                          {:f #jepsen.generator.context.AllBut{:element :nemesis},
                           :context-filter #object[jepsen.generator.context$make_thread_filter$lazy_filter__12077
                                                   "0x10982760"
                                                   "jepsen.generator.context$make_thread_filter$lazy_filter__12077@10982760"],
                           :gen (jepsen.generator.Stagger
                                 {:dt 200000000,
                                  :next-time nil,
                                  :gen (jepsen.generator.OnThreads
                                        {:f #jepsen.generator.context.AllBut{:element :nemesis},
                                         :context-filter #object[jepsen.generator.context$make_thread_filter$lazy_filter__12077
                                                                 "0x50626d22"
                                                                 "jepsen.generator.context$make_thread_filter$lazy_filter__12077@50626d22"],
                                         :gen (jepsen.independent.ConcurrentGenerator
                                               {:n 2,
                                                :fgen #object[jepsen.tests.linearizable_register$test$fn__17385
                                                              "0x7cc742d"
                                                              "jepsen.tests.linearizable_register$test$fn__17385@7cc742d"],
                                                :group->threads nil,
                                                :thread->group nil,
                                                :group->context-filter nil,
                                                :keys (0 1 2 3 4 5 6 7 ...),
                                                :gens nil})})})})]})})]
 :log-net-recv false
 :os
 #object[maelstrom.net$jepsen_os$reify__15724
         "0x22bf2a0d"
         "maelstrom.net$jepsen_os$reify__15724@22bf2a0d"]
 :time-limit 10
 :workload :lin-kv
 :consistency-models [:strict-serializable]
 :topology :grid}

2025-06-20 01:24:53,538{GMT}	INFO	[jepsen node n0] maelstrom.net: Starting Maelstrom network
2025-06-20 01:24:53,539{GMT}	INFO	[jepsen test runner] jepsen.db: Tearing down DB
2025-06-20 01:24:53,540{GMT}	INFO	[jepsen test runner] jepsen.db: Setting up DB
2025-06-20 01:24:53,542{GMT}	INFO	[jepsen node n0] maelstrom.service: Starting services: (lin-kv lin-tso lww-kv seq-kv)
2025-06-20 01:24:53,543{GMT}	INFO	[jepsen node n0] maelstrom.db: Setting up n0
2025-06-20 01:24:53,543{GMT}	INFO	[jepsen node n0] maelstrom.process: launching ./maelstrom-wrapper.sh []
2025-06-20 01:24:54,068{GMT}	INFO	[jepsen test runner] jepsen.core: Relative time begins now
2025-06-20 01:24:54,083{GMT}	INFO	[jepsen worker 1] jepsen.util: 1	:invoke	:cas	[0 [3 0]]
2025-06-20 01:24:54,208{GMT}	INFO	[jepsen worker 0] jepsen.util: 0	:invoke	:read	[0 nil]
2025-06-20 01:24:54,296{GMT}	INFO	[jepsen worker 1] jepsen.util: 1	:fail	:cas	[0 [3 0]]	[:precondition-failed "expected value does not match"]
2025-06-20 01:24:54,301{GMT}	INFO	[jepsen worker 0] jepsen.util: 0	:fail	:read	[0 nil]	[:key-does-not-exist "key not found"]
2025-06-20 01:24:54,382{GMT}	INFO	[jepsen worker 1] jepsen.util: 1	:invoke	:cas	[0 [2 1]]
2025-06-20 01:24:54,386{GMT}	INFO	[jepsen worker 1] jepsen.util: 1	:fail	:cas	[0 [2 1]]	[:precondition-failed "expected value does not match"]
2025-06-20 01:24:54,386{GMT}	INFO	[jepsen worker 1] jepsen.util: 1	:invoke	:cas	[0 [0 2]]
2025-06-20 01:24:54,391{GMT}	INFO	[jepsen worker 1] jepsen.util: 1	:fail	:cas	[0 [0 2]]	[:precondition-failed "expected value does not match"]
2025-06-20 01:24:54,405{GMT}	INFO	[jepsen worker 0] jepsen.util: 0	:invoke	:read	[0 nil]
2025-06-20 01:24:54,410{GMT}	INFO	[jepsen worker 0] jepsen.util: 0	:fail	:read	[0 nil]	[:key-does-not-exist "key not found"]
2025-06-20 01:24:54,424{GMT}	INFO	[jepsen worker 0] jepsen.util: 0	:invoke	:read	[0 nil]
2025-06-20 01:24:54,428{GMT}	INFO	[jepsen worker 0] jepsen.util: 0	:fail	:read	[0 nil]	[:key-does-not-exist "key not found"]
2025-06-20 01:24:54,531{GMT}	INFO	[jepsen worker 0] jepsen.util: 0	:invoke	:read	[0 nil]
2025-06-20 01:24:54,536{GMT}	INFO	[jepsen worker 0] jepsen.util: 0	:fail	:read	[0 nil]	[:key-does-not-exist "key not found"]
2025-06-20 01:24:54,641{GMT}	INFO	[jepsen worker 1] jepsen.util: 1	:invoke	:write	[0 1]
2025-06-20 01:24:54,654{GMT}	INFO	[jepsen worker 1] jepsen.util: 1	:ok	:write	[0 1]
2025-06-20 01:24:54,706{GMT}	INFO	[jepsen worker 0] jepsen.util: 0	:invoke	:read	[0 nil]
2025-06-20 01:24:54,715{GMT}	INFO	[jepsen worker 0] jepsen.util: 0	:ok	:read	[0 1]
2025-06-20 01:24:54,879{GMT}	INFO	[jepsen worker 0] jepsen.util: 0	:invoke	:read	[0 nil]
2025-06-20 01:24:54,884{GMT}	INFO	[jepsen worker 0] jepsen.util: 0	:ok	:read	[0 1]
2025-06-20 01:24:54,951{GMT}	INFO	[jepsen worker 1] jepsen.util: 1	:invoke	:cas	[0 [3 0]]
2025-06-20 01:24:54,959{GMT}	INFO	[jepsen worker 1] jepsen.util: 1	:fail	:cas	[0 [3 0]]	[:precondition-failed "expected value does not match"]
2025-06-20 01:24:55,107{GMT}	INFO	[jepsen worker 1] jepsen.util: 1	:invoke	:write	[0 3]
2025-06-20 01:24:55,128{GMT}	INFO	[jepsen worker 1] jepsen.util: 1	:ok	:write	[0 3]
2025-06-20 01:24:55,312{GMT}	INFO	[jepsen worker 1] jepsen.util: 1	:invoke	:cas	[0 [2 0]]
2025-06-20 01:24:55,357{GMT}	INFO	[jepsen worker 1] jepsen.util: 1	:fail	:cas	[0 [2 0]]	[:precondition-failed "expected value does not match"]
2025-06-20 01:24:55,469{GMT}	INFO	[jepsen worker 1] jepsen.util: 1	:invoke	:cas	[0 [3 3]]
2025-06-20 01:24:55,483{GMT}	INFO	[jepsen worker 1] jepsen.util: 1	:ok	:cas	[0 [3 3]]
2025-06-20 01:24:55,485{GMT}	INFO	[jepsen worker 0] jepsen.util: 0	:invoke	:read	[0 nil]
2025-06-20 01:24:55,494{GMT}	INFO	[jepsen worker 0] jepsen.util: 0	:ok	:read	[0 3]
2025-06-20 01:24:55,619{GMT}	INFO	[jepsen worker 1] jepsen.util: 1	:invoke	:cas	[0 [1 2]]
2025-06-20 01:24:55,625{GMT}	INFO	[jepsen worker 1] jepsen.util: 1	:fail	:cas	[0 [1 2]]	[:precondition-failed "expected value does not match"]
2025-06-20 01:24:55,689{GMT}	INFO	[jepsen worker 1] jepsen.util: 1	:invoke	:write	[0 0]
2025-06-20 01:24:55,698{GMT}	INFO	[jepsen worker 1] jepsen.util: 1	:ok	:write	[0 0]
2025-06-20 01:24:55,875{GMT}	INFO	[jepsen worker 1] jepsen.util: 1	:invoke	:write	[0 3]
2025-06-20 01:24:55,881{GMT}	INFO	[jepsen worker 1] jepsen.util: 1	:ok	:write	[0 3]
2025-06-20 01:24:55,919{GMT}	INFO	[jepsen worker 0] jepsen.util: 0	:invoke	:read	[0 nil]
2025-06-20 01:24:55,924{GMT}	INFO	[jepsen worker 0] jepsen.util: 0	:ok	:read	[0 3]
2025-06-20 01:24:55,975{GMT}	INFO	[jepsen worker 0] jepsen.util: 0	:invoke	:read	[0 nil]
2025-06-20 01:24:55,983{GMT}	INFO	[jepsen worker 0] jepsen.util: 0	:ok	:read	[0 3]
2025-06-20 01:24:56,042{GMT}	INFO	[jepsen worker 1] jepsen.util: 1	:invoke	:cas	[0 [2 2]]
2025-06-20 01:24:56,049{GMT}	INFO	[jepsen worker 1] jepsen.util: 1	:fail	:cas	[0 [2 2]]	[:precondition-failed "expected value does not match"]
2025-06-20 01:24:56,100{GMT}	INFO	[jepsen worker 0] jepsen.util: 0	:invoke	:read	[0 nil]
2025-06-20 01:24:56,104{GMT}	INFO	[jepsen worker 0] jepsen.util: 0	:ok	:read	[0 3]
2025-06-20 01:24:56,157{GMT}	INFO	[jepsen worker 1] jepsen.util: 1	:invoke	:cas	[0 [0 1]]
2025-06-20 01:24:56,166{GMT}	INFO	[jepsen worker 1] jepsen.util: 1	:fail	:cas	[0 [0 1]]	[:precondition-failed "expected value does not match"]
2025-06-20 01:24:56,280{GMT}	INFO	[jepsen worker 1] jepsen.util: 1	:invoke	:cas	[0 [0 0]]
2025-06-20 01:24:56,286{GMT}	INFO	[jepsen worker 0] jepsen.util: 0	:invoke	:read	[0 nil]
2025-06-20 01:24:56,291{GMT}	INFO	[jepsen worker 1] jepsen.util: 1	:fail	:cas	[0 [0 0]]	[:precondition-failed "expected value does not match"]
2025-06-20 01:24:56,293{GMT}	INFO	[jepsen worker 0] jepsen.util: 0	:ok	:read	[0 3]
2025-06-20 01:24:56,389{GMT}	INFO	[jepsen worker 0] jepsen.util: 0	:invoke	:read	[0 nil]
2025-06-20 01:24:56,394{GMT}	INFO	[jepsen worker 0] jepsen.util: 0	:ok	:read	[0 3]
2025-06-20 01:24:56,402{GMT}	INFO	[jepsen worker 0] jepsen.util: 0	:invoke	:read	[0 nil]
2025-06-20 01:24:56,407{GMT}	INFO	[jepsen worker 0] jepsen.util: 0	:ok	:read	[0 3]
2025-06-20 01:24:56,522{GMT}	INFO	[jepsen worker 0] jepsen.util: 0	:invoke	:read	[0 nil]
2025-06-20 01:24:56,532{GMT}	INFO	[jepsen worker 0] jepsen.util: 0	:ok	:read	[0 3]
2025-06-20 01:24:56,702{GMT}	INFO	[jepsen worker 1] jepsen.util: 1	:invoke	:cas	[0 [0 2]]
2025-06-20 01:24:56,709{GMT}	INFO	[jepsen worker 1] jepsen.util: 1	:fail	:cas	[0 [0 2]]	[:precondition-failed "expected value does not match"]
2025-06-20 01:24:56,881{GMT}	INFO	[jepsen worker 0] jepsen.util: 0	:invoke	:read	[0 nil]
2025-06-20 01:24:56,885{GMT}	INFO	[jepsen worker 0] jepsen.util: 0	:ok	:read	[0 3]
2025-06-20 01:24:57,057{GMT}	INFO	[jepsen worker 0] jepsen.util: 0	:invoke	:read	[0 nil]
2025-06-20 01:24:57,064{GMT}	INFO	[jepsen worker 0] jepsen.util: 0	:ok	:read	[0 3]
2025-06-20 01:24:57,111{GMT}	INFO	[jepsen worker 0] jepsen.util: 0	:invoke	:read	[0 nil]
2025-06-20 01:24:57,123{GMT}	INFO	[jepsen worker 1] jepsen.util: 1	:invoke	:cas	[0 [0 1]]
2025-06-20 01:24:57,126{GMT}	INFO	[jepsen worker 0] jepsen.util: 0	:ok	:read	[0 3]
2025-06-20 01:24:57,127{GMT}	INFO	[jepsen worker 1] jepsen.util: 1	:fail	:cas	[0 [0 1]]	[:precondition-failed "expected value does not match"]
2025-06-20 01:24:57,158{GMT}	INFO	[jepsen worker 0] jepsen.util: 0	:invoke	:read	[0 nil]
2025-06-20 01:24:57,166{GMT}	INFO	[jepsen worker 0] jepsen.util: 0	:ok	:read	[0 3]
2025-06-20 01:24:57,208{GMT}	INFO	[jepsen worker 0] jepsen.util: 0	:invoke	:read	[0 nil]
2025-06-20 01:24:57,213{GMT}	INFO	[jepsen worker 1] jepsen.util: 1	:invoke	:write	[0 0]
2025-06-20 01:24:57,223{GMT}	INFO	[jepsen worker 0] jepsen.util: 0	:ok	:read	[0 3]
2025-06-20 01:24:57,234{GMT}	INFO	[jepsen worker 1] jepsen.util: 1	:ok	:write	[0 0]
2025-06-20 01:24:57,393{GMT}	INFO	[jepsen worker 0] jepsen.util: 0	:invoke	:read	[0 nil]
2025-06-20 01:24:57,399{GMT}	INFO	[jepsen worker 0] jepsen.util: 0	:ok	:read	[0 0]
2025-06-20 01:24:57,581{GMT}	INFO	[jepsen worker 1] jepsen.util: 1	:invoke	:write	[0 3]
2025-06-20 01:24:57,587{GMT}	INFO	[jepsen worker 1] jepsen.util: 1	:ok	:write	[0 3]
2025-06-20 01:24:57,751{GMT}	INFO	[jepsen worker 0] jepsen.util: 0	:invoke	:read	[0 nil]
2025-06-20 01:24:57,757{GMT}	INFO	[jepsen worker 0] jepsen.util: 0	:ok	:read	[0 3]
2025-06-20 01:24:57,854{GMT}	INFO	[jepsen worker 1] jepsen.util: 1	:invoke	:cas	[0 [0 0]]
2025-06-20 01:24:57,864{GMT}	INFO	[jepsen worker 1] jepsen.util: 1	:fail	:cas	[0 [0 0]]	[:precondition-failed "expected value does not match"]
2025-06-20 01:24:57,924{GMT}	INFO	[jepsen worker 0] jepsen.util: 0	:invoke	:read	[0 nil]
2025-06-20 01:24:57,929{GMT}	INFO	[jepsen worker 0] jepsen.util: 0	:ok	:read	[0 3]
2025-06-20 01:24:58,039{GMT}	INFO	[jepsen worker 1] jepsen.util: 1	:invoke	:cas	[0 [0 0]]
2025-06-20 01:24:58,045{GMT}	INFO	[jepsen worker 1] jepsen.util: 1	:fail	:cas	[0 [0 0]]	[:precondition-failed "expected value does not match"]
2025-06-20 01:24:58,047{GMT}	INFO	[jepsen worker 0] jepsen.util: 0	:invoke	:read	[0 nil]
2025-06-20 01:24:58,051{GMT}	INFO	[jepsen worker 0] jepsen.util: 0	:ok	:read	[0 3]
2025-06-20 01:24:58,127{GMT}	INFO	[jepsen worker 1] jepsen.util: 1	:invoke	:cas	[0 [4 3]]
2025-06-20 01:24:58,136{GMT}	INFO	[jepsen worker 1] jepsen.util: 1	:fail	:cas	[0 [4 3]]	[:precondition-failed "expected value does not match"]
2025-06-20 01:24:58,205{GMT}	INFO	[jepsen worker 1] jepsen.util: 1	:invoke	:write	[0 3]
2025-06-20 01:24:58,211{GMT}	INFO	[jepsen worker 1] jepsen.util: 1	:ok	:write	[0 3]
2025-06-20 01:24:58,246{GMT}	INFO	[jepsen worker 1] jepsen.util: 1	:invoke	:cas	[0 [4 1]]
2025-06-20 01:24:58,252{GMT}	INFO	[jepsen worker 1] jepsen.util: 1	:fail	:cas	[0 [4 1]]	[:precondition-failed "expected value does not match"]
2025-06-20 01:24:58,318{GMT}	INFO	[jepsen worker 1] jepsen.util: 1	:invoke	:cas	[0 [2 0]]
2025-06-20 01:24:58,326{GMT}	INFO	[jepsen worker 1] jepsen.util: 1	:fail	:cas	[0 [2 0]]	[:precondition-failed "expected value does not match"]
2025-06-20 01:24:58,364{GMT}	INFO	[jepsen worker 0] jepsen.util: 0	:invoke	:read	[0 nil]
2025-06-20 01:24:58,368{GMT}	INFO	[jepsen worker 0] jepsen.util: 0	:ok	:read	[0 3]
2025-06-20 01:24:58,435{GMT}	INFO	[jepsen worker 1] jepsen.util: 1	:invoke	:cas	[0 [4 4]]
2025-06-20 01:24:58,442{GMT}	INFO	[jepsen worker 1] jepsen.util: 1	:fail	:cas	[0 [4 4]]	[:precondition-failed "expected value does not match"]
2025-06-20 01:24:58,482{GMT}	INFO	[jepsen worker 1] jepsen.util: 1	:invoke	:cas	[0 [0 3]]
2025-06-20 01:24:58,492{GMT}	INFO	[jepsen worker 1] jepsen.util: 1	:fail	:cas	[0 [0 3]]	[:precondition-failed "expected value does not match"]
2025-06-20 01:24:58,552{GMT}	INFO	[jepsen worker 1] jepsen.util: 1	:invoke	:write	[0 4]
2025-06-20 01:24:58,556{GMT}	INFO	[jepsen worker 1] jepsen.util: 1	:ok	:write	[0 4]
2025-06-20 01:24:58,691{GMT}	INFO	[jepsen worker 1] jepsen.util: 1	:invoke	:cas	[0 [2 1]]
2025-06-20 01:24:58,699{GMT}	INFO	[jepsen worker 1] jepsen.util: 1	:fail	:cas	[0 [2 1]]	[:precondition-failed "expected value does not match"]
2025-06-20 01:24:58,840{GMT}	INFO	[jepsen worker 0] jepsen.util: 0	:invoke	:read	[0 nil]
2025-06-20 01:24:58,853{GMT}	INFO	[jepsen worker 0] jepsen.util: 0	:ok	:read	[0 4]
2025-06-20 01:24:58,855{GMT}	INFO	[jepsen worker 1] jepsen.util: 1	:invoke	:cas	[0 [1 3]]
2025-06-20 01:24:58,860{GMT}	INFO	[jepsen worker 1] jepsen.util: 1	:fail	:cas	[0 [1 3]]	[:precondition-failed "expected value does not match"]
2025-06-20 01:24:59,036{GMT}	INFO	[jepsen worker 0] jepsen.util: 0	:invoke	:read	[0 nil]
2025-06-20 01:24:59,044{GMT}	INFO	[jepsen worker 0] jepsen.util: 0	:ok	:read	[0 4]
2025-06-20 01:24:59,065{GMT}	INFO	[jepsen worker 1] jepsen.util: 1	:invoke	:write	[0 4]
2025-06-20 01:24:59,072{GMT}	INFO	[jepsen worker 1] jepsen.util: 1	:ok	:write	[0 4]
2025-06-20 01:24:59,268{GMT}	INFO	[jepsen worker 1] jepsen.util: 1	:invoke	:write	[0 2]
2025-06-20 01:24:59,272{GMT}	INFO	[jepsen worker 1] jepsen.util: 1	:ok	:write	[0 2]
2025-06-20 01:24:59,308{GMT}	INFO	[jepsen worker 0] jepsen.util: 0	:invoke	:read	[0 nil]
2025-06-20 01:24:59,323{GMT}	INFO	[jepsen worker 0] jepsen.util: 0	:ok	:read	[0 2]
2025-06-20 01:24:59,479{GMT}	INFO	[jepsen worker 0] jepsen.util: 0	:invoke	:read	[0 nil]
2025-06-20 01:24:59,536{GMT}	INFO	[jepsen worker 0] jepsen.util: 0	:ok	:read	[0 2]
2025-06-20 01:24:59,540{GMT}	INFO	[jepsen worker 0] jepsen.util: 0	:invoke	:read	[0 nil]
2025-06-20 01:24:59,545{GMT}	INFO	[jepsen worker 0] jepsen.util: 0	:ok	:read	[0 2]
2025-06-20 01:24:59,617{GMT}	INFO	[jepsen worker 0] jepsen.util: 0	:invoke	:read	[0 nil]
2025-06-20 01:24:59,636{GMT}	INFO	[jepsen worker 0] jepsen.util: 0	:ok	:read	[0 2]
2025-06-20 01:24:59,753{GMT}	INFO	[jepsen worker 1] jepsen.util: 1	:invoke	:cas	[0 [3 4]]
2025-06-20 01:24:59,811{GMT}	INFO	[jepsen worker 0] jepsen.util: 0	:invoke	:read	[0 nil]
2025-06-20 01:24:59,812{GMT}	INFO	[jepsen worker 1] jepsen.util: 1	:fail	:cas	[0 [3 4]]	[:precondition-failed "expected value does not match"]
2025-06-20 01:24:59,819{GMT}	INFO	[jepsen worker 1] jepsen.util: 1	:invoke	:cas	[0 [0 2]]
2025-06-20 01:24:59,838{GMT}	INFO	[jepsen worker 0] jepsen.util: 0	:ok	:read	[0 2]
2025-06-20 01:24:59,866{GMT}	INFO	[jepsen worker 1] jepsen.util: 1	:fail	:cas	[0 [0 2]]	[:precondition-failed "expected value does not match"]
2025-06-20 01:24:59,951{GMT}	INFO	[jepsen worker 1] jepsen.util: 1	:invoke	:cas	[0 [4 0]]
2025-06-20 01:24:59,958{GMT}	INFO	[jepsen worker 1] jepsen.util: 1	:fail	:cas	[0 [4 0]]	[:precondition-failed "expected value does not match"]
2025-06-20 01:24:59,968{GMT}	INFO	[jepsen worker 0] jepsen.util: 0	:invoke	:read	[0 nil]
2025-06-20 01:24:59,974{GMT}	INFO	[jepsen worker 0] jepsen.util: 0	:ok	:read	[0 2]
2025-06-20 01:25:00,103{GMT}	INFO	[jepsen worker 1] jepsen.util: 1	:invoke	:write	[0 2]
2025-06-20 01:25:00,114{GMT}	INFO	[jepsen worker 1] jepsen.util: 1	:ok	:write	[0 2]
2025-06-20 01:25:00,229{GMT}	INFO	[jepsen worker 1] jepsen.util: 1	:invoke	:cas	[0 [2 1]]
2025-06-20 01:25:00,236{GMT}	INFO	[jepsen worker 1] jepsen.util: 1	:ok	:cas	[0 [2 1]]
2025-06-20 01:25:00,316{GMT}	INFO	[jepsen worker 0] jepsen.util: 0	:invoke	:read	[0 nil]
2025-06-20 01:25:00,321{GMT}	INFO	[jepsen worker 0] jepsen.util: 0	:ok	:read	[0 1]
2025-06-20 01:25:00,381{GMT}	INFO	[jepsen worker 0] jepsen.util: 0	:invoke	:read	[0 nil]
2025-06-20 01:25:00,391{GMT}	INFO	[jepsen worker 0] jepsen.util: 0	:ok	:read	[0 1]
2025-06-20 01:25:00,445{GMT}	INFO	[jepsen worker 0] jepsen.util: 0	:invoke	:read	[0 nil]
2025-06-20 01:25:00,448{GMT}	INFO	[jepsen worker 0] jepsen.util: 0	:ok	:read	[0 1]
2025-06-20 01:25:00,606{GMT}	INFO	[jepsen worker 1] jepsen.util: 1	:invoke	:cas	[0 [4 1]]
2025-06-20 01:25:00,619{GMT}	INFO	[jepsen worker 1] jepsen.util: 1	:fail	:cas	[0 [4 1]]	[:precondition-failed "expected value does not match"]
2025-06-20 01:25:00,807{GMT}	INFO	[jepsen worker 0] jepsen.util: 0	:invoke	:read	[0 nil]
2025-06-20 01:25:00,821{GMT}	INFO	[jepsen worker 0] jepsen.util: 0	:ok	:read	[0 1]
2025-06-20 01:25:00,953{GMT}	INFO	[jepsen worker 0] jepsen.util: 0	:invoke	:read	[0 nil]
2025-06-20 01:25:00,960{GMT}	INFO	[jepsen worker 0] jepsen.util: 0	:ok	:read	[0 1]
2025-06-20 01:25:01,086{GMT}	INFO	[jepsen worker 1] jepsen.util: 1	:invoke	:write	[0 2]
2025-06-20 01:25:01,088{GMT}	INFO	[jepsen worker 1] jepsen.util: 1	:ok	:write	[0 2]
2025-06-20 01:25:01,153{GMT}	INFO	[jepsen worker 1] jepsen.util: 1	:invoke	:write	[0 2]
2025-06-20 01:25:01,159{GMT}	INFO	[jepsen worker 1] jepsen.util: 1	:ok	:write	[0 2]
2025-06-20 01:25:01,278{GMT}	INFO	[jepsen worker 1] jepsen.util: 1	:invoke	:write	[0 4]
2025-06-20 01:25:01,291{GMT}	INFO	[jepsen worker 0] jepsen.util: 0	:invoke	:read	[0 nil]
2025-06-20 01:25:01,305{GMT}	INFO	[jepsen worker 1] jepsen.util: 1	:ok	:write	[0 4]
2025-06-20 01:25:01,309{GMT}	INFO	[jepsen worker 0] jepsen.util: 0	:ok	:read	[0 4]
2025-06-20 01:25:01,340{GMT}	INFO	[jepsen worker 0] jepsen.util: 0	:invoke	:read	[0 nil]
2025-06-20 01:25:01,346{GMT}	INFO	[jepsen worker 0] jepsen.util: 0	:ok	:read	[0 4]
2025-06-20 01:25:01,368{GMT}	INFO	[jepsen worker 1] jepsen.util: 1	:invoke	:cas	[0 [4 1]]
2025-06-20 01:25:01,372{GMT}	INFO	[jepsen worker 1] jepsen.util: 1	:ok	:cas	[0 [4 1]]
2025-06-20 01:25:01,558{GMT}	INFO	[jepsen worker 1] jepsen.util: 1	:invoke	:write	[0 4]
2025-06-20 01:25:01,565{GMT}	INFO	[jepsen worker 1] jepsen.util: 1	:ok	:write	[0 4]
2025-06-20 01:25:01,581{GMT}	INFO	[jepsen worker 0] jepsen.util: 0	:invoke	:read	[0 nil]
2025-06-20 01:25:01,585{GMT}	INFO	[jepsen worker 0] jepsen.util: 0	:ok	:read	[0 4]
2025-06-20 01:25:01,639{GMT}	INFO	[jepsen worker 0] jepsen.util: 0	:invoke	:read	[0 nil]
2025-06-20 01:25:01,655{GMT}	INFO	[jepsen worker 0] jepsen.util: 0	:ok	:read	[0 4]
2025-06-20 01:25:01,745{GMT}	INFO	[jepsen worker 0] jepsen.util: 0	:invoke	:read	[0 nil]
2025-06-20 01:25:01,754{GMT}	INFO	[jepsen worker 0] jepsen.util: 0	:ok	:read	[0 4]
2025-06-20 01:25:01,943{GMT}	INFO	[jepsen worker 1] jepsen.util: 1	:invoke	:write	[0 0]
2025-06-20 01:25:01,947{GMT}	INFO	[jepsen worker 1] jepsen.util: 1	:ok	:write	[0 0]
2025-06-20 01:25:01,949{GMT}	INFO	[jepsen worker 1] jepsen.util: 1	:invoke	:write	[0 4]
2025-06-20 01:25:01,954{GMT}	INFO	[jepsen worker 1] jepsen.util: 1	:ok	:write	[0 4]
2025-06-20 01:25:02,019{GMT}	INFO	[jepsen worker 1] jepsen.util: 1	:invoke	:cas	[0 [0 0]]
2025-06-20 01:25:02,024{GMT}	INFO	[jepsen worker 1] jepsen.util: 1	:fail	:cas	[0 [0 0]]	[:precondition-failed "expected value does not match"]
2025-06-20 01:25:02,128{GMT}	INFO	[jepsen worker 0] jepsen.util: 0	:invoke	:read	[0 nil]
2025-06-20 01:25:02,132{GMT}	INFO	[jepsen worker 0] jepsen.util: 0	:ok	:read	[0 4]
2025-06-20 01:25:02,302{GMT}	INFO	[jepsen worker 0] jepsen.util: 0	:invoke	:read	[0 nil]
2025-06-20 01:25:02,320{GMT}	INFO	[jepsen worker 0] jepsen.util: 0	:ok	:read	[0 4]
2025-06-20 01:25:02,333{GMT}	INFO	[jepsen worker 0] jepsen.util: 0	:invoke	:read	[0 nil]
2025-06-20 01:25:02,351{GMT}	INFO	[jepsen worker 0] jepsen.util: 0	:ok	:read	[0 4]
2025-06-20 01:25:02,483{GMT}	INFO	[jepsen worker 1] jepsen.util: 1	:invoke	:cas	[0 [2 1]]
2025-06-20 01:25:02,499{GMT}	INFO	[jepsen worker 1] jepsen.util: 1	:fail	:cas	[0 [2 1]]	[:precondition-failed "expected value does not match"]
2025-06-20 01:25:02,623{GMT}	INFO	[jepsen worker 1] jepsen.util: 1	:invoke	:cas	[0 [2 4]]
2025-06-20 01:25:02,634{GMT}	INFO	[jepsen worker 1] jepsen.util: 1	:fail	:cas	[0 [2 4]]	[:precondition-failed "expected value does not match"]
2025-06-20 01:25:02,663{GMT}	INFO	[jepsen worker 0] jepsen.util: 0	:invoke	:read	[0 nil]
2025-06-20 01:25:02,667{GMT}	INFO	[jepsen worker 0] jepsen.util: 0	:ok	:read	[0 4]
2025-06-20 01:25:02,863{GMT}	INFO	[jepsen worker 1] jepsen.util: 1	:invoke	:cas	[0 [0 1]]
2025-06-20 01:25:02,886{GMT}	INFO	[jepsen worker 1] jepsen.util: 1	:fail	:cas	[0 [0 1]]	[:precondition-failed "expected value does not match"]
2025-06-20 01:25:02,989{GMT}	INFO	[jepsen worker 0] jepsen.util: 0	:invoke	:read	[0 nil]
2025-06-20 01:25:03,003{GMT}	INFO	[jepsen worker 0] jepsen.util: 0	:ok	:read	[0 4]
2025-06-20 01:25:03,120{GMT}	INFO	[jepsen worker 1] jepsen.util: 1	:invoke	:cas	[0 [3 0]]
2025-06-20 01:25:03,127{GMT}	INFO	[jepsen worker 1] jepsen.util: 1	:fail	:cas	[0 [3 0]]	[:precondition-failed "expected value does not match"]
2025-06-20 01:25:03,131{GMT}	INFO	[jepsen worker 1] jepsen.util: 1	:invoke	:cas	[0 [4 1]]
2025-06-20 01:25:03,140{GMT}	INFO	[jepsen worker 1] jepsen.util: 1	:ok	:cas	[0 [4 1]]
2025-06-20 01:25:03,288{GMT}	INFO	[jepsen worker 1] jepsen.util: 1	:invoke	:cas	[0 [2 2]]
2025-06-20 01:25:03,296{GMT}	INFO	[jepsen worker 1] jepsen.util: 1	:fail	:cas	[0 [2 2]]	[:precondition-failed "expected value does not match"]
2025-06-20 01:25:03,494{GMT}	INFO	[jepsen worker 0] jepsen.util: 0	:invoke	:read	[0 nil]
2025-06-20 01:25:03,508{GMT}	INFO	[jepsen worker 0] jepsen.util: 0	:ok	:read	[0 1]
2025-06-20 01:25:03,529{GMT}	INFO	[jepsen worker 1] jepsen.util: 1	:invoke	:write	[0 4]
2025-06-20 01:25:03,600{GMT}	INFO	[jepsen worker 1] jepsen.util: 1	:ok	:write	[0 4]
2025-06-20 01:25:03,724{GMT}	INFO	[jepsen worker 1] jepsen.util: 1	:invoke	:cas	[0 [0 1]]
2025-06-20 01:25:03,734{GMT}	INFO	[jepsen worker 1] jepsen.util: 1	:fail	:cas	[0 [0 1]]	[:precondition-failed "expected value does not match"]
2025-06-20 01:25:03,747{GMT}	INFO	[jepsen worker 0] jepsen.util: 0	:invoke	:read	[0 nil]
2025-06-20 01:25:03,749{GMT}	INFO	[jepsen worker 0] jepsen.util: 0	:ok	:read	[0 4]
2025-06-20 01:25:03,772{GMT}	INFO	[jepsen worker 1] jepsen.util: 1	:invoke	:cas	[0 [0 2]]
2025-06-20 01:25:03,780{GMT}	INFO	[jepsen worker 1] jepsen.util: 1	:fail	:cas	[0 [0 2]]	[:precondition-failed "expected value does not match"]
2025-06-20 01:25:03,781{GMT}	INFO	[jepsen worker 0] jepsen.util: 0	:invoke	:read	[0 nil]
2025-06-20 01:25:03,784{GMT}	INFO	[jepsen worker 0] jepsen.util: 0	:ok	:read	[0 4]
2025-06-20 01:25:03,951{GMT}	INFO	[jepsen worker 1] jepsen.util: 1	:invoke	:cas	[0 [3 2]]
2025-06-20 01:25:03,962{GMT}	INFO	[jepsen worker 0] jepsen.util: 0	:invoke	:read	[0 nil]
2025-06-20 01:25:03,965{GMT}	INFO	[jepsen worker 1] jepsen.util: 1	:fail	:cas	[0 [3 2]]	[:precondition-failed "expected value does not match"]
2025-06-20 01:25:03,966{GMT}	INFO	[jepsen worker 0] jepsen.util: 0	:ok	:read	[0 4]
2025-06-20 01:25:03,993{GMT}	INFO	[jepsen test runner] jepsen.core: Run complete, writing
2025-06-20 01:25:04,022{GMT}	INFO	[jepsen node n0] maelstrom.db: Tearing down n0
2025-06-20 01:25:05,594{GMT}	INFO	[jepsen node n0] maelstrom.net: Shutting down Maelstrom network
2025-06-20 01:25:05,596{GMT}	INFO	[jepsen test runner] jepsen.core: Analyzing...
2025-06-20 01:25:05,691{GMT}	INFO	[clojure-agent-send-pool-0] jepsen.independent: Wrote /Users/hiroyuki/Dropbox/Docs/git/scalardb-maelstrom-kv/store/lin-kv/20250620T012452.252+0900/independent/0/results.edn
2025-06-20 01:25:05,697{GMT}	INFO	[clojure-agent-send-pool-0] jepsen.independent: Wrote /Users/hiroyuki/Dropbox/Docs/git/scalardb-maelstrom-kv/store/lin-kv/20250620T012452.252+0900/independent/0/history.edn
2025-06-20 01:25:05,704{GMT}	INFO	[jepsen test runner] jepsen.core: Analysis complete
2025-06-20 01:25:05,722{GMT}	INFO	[jepsen results] jepsen.store: Wrote /Users/hiroyuki/Dropbox/Docs/git/scalardb-maelstrom-kv/store/lin-kv/20250620T012452.252+0900/results.edn
2025-06-20 01:25:05,757{GMT}	INFO	[jepsen test runner] jepsen.core: {:perf {:latency-graph {:valid? true},
        :rate-graph {:valid? true},
        :valid? true},
 :timeline {:valid? true},
 :exceptions {:valid? true},
 :stats {:valid? true,
         :count 106,
         :ok-count 69,
         :fail-count 37,
         :info-count 0,
         :by-f {:cas {:valid? true,
                      :count 37,
                      :ok-count 4,
                      :fail-count 33,
                      :info-count 0},
                :read {:valid? true,
                       :count 51,
                       :ok-count 47,
                       :fail-count 4,
                       :info-count 0},
                :write {:valid? true,
                        :count 18,
                        :ok-count 18,
                        :fail-count 0,
                        :info-count 0}}},
 :availability {:valid? true, :ok-fraction 0.6509434},
 :net {:all {:send-count 214,
             :recv-count 214,
             :msg-count 214,
             :msgs-per-op 2.018868},
       :clients {:send-count 214, :recv-count 214, :msg-count 214},
       :servers {:send-count 0,
                 :recv-count 0,
                 :msg-count 0,
                 :msgs-per-op 0.0},
       :valid? true},
 :workload {:valid? true,
            :results {0 {:linearizable {:valid? true,
                                        :configs ({:model #knossos.model.CASRegister{:value 4},
                                                   :last-op {:process 0,
                                                             :type :ok,
                                                             :f :read,
                                                             :value 4,
                                                             :index 211,
                                                             :time 9898603500},
                                                   :pending []}),
                                        :final-paths ()},
                         :timeline {:valid? true},
                         :valid? true}},
            :failures []},
 :valid? true}


Everything looks good! ヽ(‘ー`)ノ
