2025-06-20 01:23:40,871{GMT}	INFO	[jepsen test runner] jepsen.core: Command line:
lein run test -w lin-kv --bin ./maelstrom-wrapper.sh --node-count 1 --concurrency 2 --time-limit 5 --rate 10
2025-06-20 01:23:40,915{GMT}	INFO	[jepsen test runner] jepsen.core: Running test:
{:args []
 :remote
 #jepsen.control.retry.Remote{:remote #jepsen.control.scp.Remote{:cmd-remote #jepsen.control.sshj.SSHJRemote{:concurrency-limit 6,
                                                                                                             :conn-spec nil,
                                                                                                             :client nil,
                                                                                                             :semaphore nil},
                                                                 :conn-spec nil},
                              :conn nil}
 :log-net-send false
 :node-count 1
 :availability nil
 :max-txn-length 4
 :concurrency 2
 :db
 #object[maelstrom.db$db$reify__16612
         "0x7307e418"
         "maelstrom.db$db$reify__16612@7307e418"]
 :max-writes-per-key 16
 :leave-db-running? false
 :name "lin-kv"
 :logging-json? false
 :start-time
 #object[org.joda.time.DateTime "0x69c27acb" "2025-06-20T01:23:40.837+09:00"]
 :nemesis-interval 10
 :net
 #object[maelstrom.net$jepsen_net$reify__15721
         "0x72b8b04f"
         "maelstrom.net$jepsen_net$reify__15721@72b8b04f"]
 :client
 #object[maelstrom.workload.lin_kv$client$reify__20973
         "0x1b131102"
         "maelstrom.workload.lin_kv$client$reify__20973@1b131102"]
 :barrier
 #object[java.util.concurrent.CyclicBarrier
         "0x75be3cdf"
         "java.util.concurrent.CyclicBarrier@75be3cdf"]
 :log-stderr false
 :pure-generators true
 :ssh {:dummy? true}
 :rate 10.0
 :checker
 #object[jepsen.checker$compose$reify__11089
         "0xf500481"
         "jepsen.checker$compose$reify__11089@f500481"]
 :argv
 ("test"
  "-w"
  "lin-kv"
  "--bin"
  "./maelstrom-wrapper.sh"
  "--node-count"
  "1"
  "--concurrency"
  "2"
  "--time-limit"
  "5"
  "--rate"
  "10")
 :nemesis
 (jepsen.nemesis.ReflCompose
  {:fm {:start-partition 0,
        :stop-partition 0,
        :kill 1,
        :start 1,
        :pause 1,
        :resume 1},
   :nemeses [#unprintable "jepsen.nemesis.combined$partition_nemesis$reify__16905@38dde7ec"
             #unprintable "jepsen.nemesis.combined$db_nemesis$reify__16886@3bc57af4"]})
 :nodes ["n0"]
 :test-count 1
 :latency {:mean 0, :dist :constant}
 :bin "./maelstrom-wrapper.sh"
 :generator
 #object[jepsen.util.Forgettable
         "0x2523730b"
         (jepsen.generator.TimeLimit
          {:limit 5000000000,
           :cutoff nil,
           :gen (jepsen.generator.Any
                 {:gens [(jepsen.generator.OnThreads
                          {:f #{:nemesis},
                           :context-filter #object[jepsen.generator.context$make_thread_filter$lazy_filter__12077
                                                   "0x87f8146"
                                                   "jepsen.generator.context$make_thread_filter$lazy_filter__12077@87f8146"],
                           :gen nil})
                         (jepsen.generator.OnThreads
                          {:f #jepsen.generator.context.AllBut{:element :nemesis},
                           :context-filter #object[jepsen.generator.context$make_thread_filter$lazy_filter__12077
                                                   "0x10982760"
                                                   "jepsen.generator.context$make_thread_filter$lazy_filter__12077@10982760"],
                           :gen (jepsen.generator.Stagger
                                 {:dt 200000000,
                                  :next-time nil,
                                  :gen (jepsen.generator.OnThreads
                                        {:f #jepsen.generator.context.AllBut{:element :nemesis},
                                         :context-filter #object[jepsen.generator.context$make_thread_filter$lazy_filter__12077
                                                                 "0x50626d22"
                                                                 "jepsen.generator.context$make_thread_filter$lazy_filter__12077@50626d22"],
                                         :gen (jepsen.independent.ConcurrentGenerator
                                               {:n 2,
                                                :fgen #object[jepsen.tests.linearizable_register$test$fn__17385
                                                              "0x7cc742d"
                                                              "jepsen.tests.linearizable_register$test$fn__17385@7cc742d"],
                                                :group->threads nil,
                                                :thread->group nil,
                                                :group->context-filter nil,
                                                :keys (0 1 2 3 4 5 6 7 ...),
                                                :gens nil})})})})]})})]
 :log-net-recv false
 :os
 #object[maelstrom.net$jepsen_os$reify__15724
         "0x22bf2a0d"
         "maelstrom.net$jepsen_os$reify__15724@22bf2a0d"]
 :time-limit 5
 :workload :lin-kv
 :consistency-models [:strict-serializable]
 :topology :grid}

2025-06-20 01:23:42,099{GMT}	INFO	[jepsen node n0] maelstrom.net: Starting Maelstrom network
2025-06-20 01:23:42,099{GMT}	INFO	[jepsen test runner] jepsen.db: Tearing down DB
2025-06-20 01:23:42,100{GMT}	INFO	[jepsen test runner] jepsen.db: Setting up DB
2025-06-20 01:23:42,101{GMT}	INFO	[jepsen node n0] maelstrom.service: Starting services: (lin-kv lin-tso lww-kv seq-kv)
2025-06-20 01:23:42,102{GMT}	INFO	[jepsen node n0] maelstrom.db: Setting up n0
2025-06-20 01:23:42,102{GMT}	INFO	[jepsen node n0] maelstrom.process: launching ./maelstrom-wrapper.sh []
2025-06-20 01:23:42,614{GMT}	INFO	[jepsen test runner] jepsen.core: Relative time begins now
2025-06-20 01:23:42,628{GMT}	INFO	[jepsen worker 1] jepsen.util: 1	:invoke	:write	[0 0]
2025-06-20 01:23:42,759{GMT}	INFO	[jepsen worker 0] jepsen.util: 0	:invoke	:read	[0 nil]
2025-06-20 01:23:42,777{GMT}	INFO	[jepsen worker 1] jepsen.util: 1	:ok	:write	[0 0]
2025-06-20 01:23:42,778{GMT}	INFO	[jepsen worker 1] jepsen.util: 1	:invoke	:cas	[0 [4 4]]
2025-06-20 01:23:42,791{GMT}	INFO	[jepsen worker 0] jepsen.util: 0	:ok	:read	[0 0]
2025-06-20 01:23:42,801{GMT}	INFO	[jepsen worker 1] jepsen.util: 1	:fail	:cas	[0 [4 4]]	[:precondition-failed "expected value does not match"]
2025-06-20 01:23:42,945{GMT}	INFO	[jepsen worker 1] jepsen.util: 1	:invoke	:cas	[0 [4 2]]
2025-06-20 01:23:42,948{GMT}	INFO	[jepsen worker 1] jepsen.util: 1	:fail	:cas	[0 [4 2]]	[:precondition-failed "expected value does not match"]
2025-06-20 01:23:43,017{GMT}	INFO	[jepsen worker 0] jepsen.util: 0	:invoke	:read	[0 nil]
2025-06-20 01:23:43,020{GMT}	INFO	[jepsen worker 0] jepsen.util: 0	:ok	:read	[0 0]
2025-06-20 01:23:43,053{GMT}	INFO	[jepsen worker 0] jepsen.util: 0	:invoke	:read	[0 nil]
2025-06-20 01:23:43,063{GMT}	INFO	[jepsen worker 0] jepsen.util: 0	:ok	:read	[0 0]
2025-06-20 01:23:43,225{GMT}	INFO	[jepsen worker 1] jepsen.util: 1	:invoke	:cas	[0 [4 3]]
2025-06-20 01:23:43,232{GMT}	INFO	[jepsen worker 1] jepsen.util: 1	:fail	:cas	[0 [4 3]]	[:precondition-failed "expected value does not match"]
2025-06-20 01:23:43,304{GMT}	INFO	[jepsen worker 1] jepsen.util: 1	:invoke	:cas	[0 [2 1]]
2025-06-20 01:23:43,314{GMT}	INFO	[jepsen worker 1] jepsen.util: 1	:fail	:cas	[0 [2 1]]	[:precondition-failed "expected value does not match"]
2025-06-20 01:23:43,479{GMT}	INFO	[jepsen worker 1] jepsen.util: 1	:invoke	:write	[0 3]
2025-06-20 01:23:43,483{GMT}	INFO	[jepsen worker 1] jepsen.util: 1	:ok	:write	[0 3]
2025-06-20 01:23:43,586{GMT}	INFO	[jepsen worker 0] jepsen.util: 0	:invoke	:read	[0 nil]
2025-06-20 01:23:43,592{GMT}	INFO	[jepsen worker 0] jepsen.util: 0	:ok	:read	[0 3]
2025-06-20 01:23:43,698{GMT}	INFO	[jepsen worker 0] jepsen.util: 0	:invoke	:read	[0 nil]
2025-06-20 01:23:43,708{GMT}	INFO	[jepsen worker 1] jepsen.util: 1	:invoke	:cas	[0 [2 3]]
2025-06-20 01:23:43,710{GMT}	INFO	[jepsen worker 0] jepsen.util: 0	:ok	:read	[0 3]
2025-06-20 01:23:43,712{GMT}	INFO	[jepsen worker 0] jepsen.util: 0	:invoke	:read	[0 nil]
2025-06-20 01:23:43,717{GMT}	INFO	[jepsen worker 1] jepsen.util: 1	:fail	:cas	[0 [2 3]]	[:precondition-failed "expected value does not match"]
2025-06-20 01:23:43,719{GMT}	INFO	[jepsen worker 0] jepsen.util: 0	:ok	:read	[0 3]
2025-06-20 01:23:43,853{GMT}	INFO	[jepsen worker 0] jepsen.util: 0	:invoke	:read	[0 nil]
2025-06-20 01:23:43,862{GMT}	INFO	[jepsen worker 0] jepsen.util: 0	:ok	:read	[0 3]
2025-06-20 01:23:43,904{GMT}	INFO	[jepsen worker 0] jepsen.util: 0	:invoke	:read	[0 nil]
2025-06-20 01:23:43,912{GMT}	INFO	[jepsen worker 0] jepsen.util: 0	:ok	:read	[0 3]
2025-06-20 01:23:43,949{GMT}	INFO	[jepsen worker 0] jepsen.util: 0	:invoke	:read	[0 nil]
2025-06-20 01:23:43,959{GMT}	INFO	[jepsen worker 0] jepsen.util: 0	:ok	:read	[0 3]
2025-06-20 01:23:44,158{GMT}	INFO	[jepsen worker 1] jepsen.util: 1	:invoke	:cas	[0 [3 1]]
2025-06-20 01:23:44,166{GMT}	INFO	[jepsen worker 1] jepsen.util: 1	:ok	:cas	[0 [3 1]]
2025-06-20 01:23:44,279{GMT}	INFO	[jepsen worker 0] jepsen.util: 0	:invoke	:read	[0 nil]
2025-06-20 01:23:44,296{GMT}	INFO	[jepsen worker 0] jepsen.util: 0	:ok	:read	[0 1]
2025-06-20 01:23:44,483{GMT}	INFO	[jepsen worker 0] jepsen.util: 0	:invoke	:read	[0 nil]
2025-06-20 01:23:44,488{GMT}	INFO	[jepsen worker 0] jepsen.util: 0	:ok	:read	[0 1]
2025-06-20 01:23:44,659{GMT}	INFO	[jepsen worker 0] jepsen.util: 0	:invoke	:read	[0 nil]
2025-06-20 01:23:44,675{GMT}	INFO	[jepsen worker 0] jepsen.util: 0	:ok	:read	[0 1]
2025-06-20 01:23:44,824{GMT}	INFO	[jepsen worker 1] jepsen.util: 1	:invoke	:cas	[0 [0 3]]
2025-06-20 01:23:44,831{GMT}	INFO	[jepsen worker 1] jepsen.util: 1	:fail	:cas	[0 [0 3]]	[:precondition-failed "expected value does not match"]
2025-06-20 01:23:44,952{GMT}	INFO	[jepsen worker 1] jepsen.util: 1	:invoke	:cas	[0 [4 0]]
2025-06-20 01:23:44,957{GMT}	INFO	[jepsen worker 1] jepsen.util: 1	:fail	:cas	[0 [4 0]]	[:precondition-failed "expected value does not match"]
2025-06-20 01:23:44,979{GMT}	INFO	[jepsen worker 0] jepsen.util: 0	:invoke	:read	[0 nil]
2025-06-20 01:23:44,983{GMT}	INFO	[jepsen worker 0] jepsen.util: 0	:ok	:read	[0 1]
2025-06-20 01:23:45,155{GMT}	INFO	[jepsen worker 1] jepsen.util: 1	:invoke	:cas	[0 [3 1]]
2025-06-20 01:23:45,173{GMT}	INFO	[jepsen worker 1] jepsen.util: 1	:fail	:cas	[0 [3 1]]	[:precondition-failed "expected value does not match"]
2025-06-20 01:23:45,249{GMT}	INFO	[jepsen worker 0] jepsen.util: 0	:invoke	:read	[0 nil]
2025-06-20 01:23:45,257{GMT}	INFO	[jepsen worker 0] jepsen.util: 0	:ok	:read	[0 1]
2025-06-20 01:23:45,452{GMT}	INFO	[jepsen worker 1] jepsen.util: 1	:invoke	:cas	[0 [1 2]]
2025-06-20 01:23:45,459{GMT}	INFO	[jepsen worker 1] jepsen.util: 1	:ok	:cas	[0 [1 2]]
2025-06-20 01:23:45,617{GMT}	INFO	[jepsen worker 1] jepsen.util: 1	:invoke	:write	[0 1]
2025-06-20 01:23:45,634{GMT}	INFO	[jepsen worker 1] jepsen.util: 1	:ok	:write	[0 1]
2025-06-20 01:23:45,717{GMT}	INFO	[jepsen worker 1] jepsen.util: 1	:invoke	:cas	[0 [3 4]]
2025-06-20 01:23:45,727{GMT}	INFO	[jepsen worker 1] jepsen.util: 1	:fail	:cas	[0 [3 4]]	[:precondition-failed "expected value does not match"]
2025-06-20 01:23:45,739{GMT}	INFO	[jepsen worker 0] jepsen.util: 0	:invoke	:read	[0 nil]
2025-06-20 01:23:45,746{GMT}	INFO	[jepsen worker 0] jepsen.util: 0	:ok	:read	[0 1]
2025-06-20 01:23:45,831{GMT}	INFO	[jepsen worker 0] jepsen.util: 0	:invoke	:read	[0 nil]
2025-06-20 01:23:45,842{GMT}	INFO	[jepsen worker 0] jepsen.util: 0	:ok	:read	[0 1]
2025-06-20 01:23:45,977{GMT}	INFO	[jepsen worker 1] jepsen.util: 1	:invoke	:cas	[0 [4 4]]
2025-06-20 01:23:45,985{GMT}	INFO	[jepsen worker 1] jepsen.util: 1	:fail	:cas	[0 [4 4]]	[:precondition-failed "expected value does not match"]
2025-06-20 01:23:46,022{GMT}	INFO	[jepsen worker 0] jepsen.util: 0	:invoke	:read	[0 nil]
2025-06-20 01:23:46,029{GMT}	INFO	[jepsen worker 0] jepsen.util: 0	:ok	:read	[0 1]
2025-06-20 01:23:46,135{GMT}	INFO	[jepsen worker 0] jepsen.util: 0	:invoke	:read	[0 nil]
2025-06-20 01:23:46,141{GMT}	INFO	[jepsen worker 0] jepsen.util: 0	:ok	:read	[0 1]
2025-06-20 01:23:46,333{GMT}	INFO	[jepsen worker 0] jepsen.util: 0	:invoke	:read	[0 nil]
2025-06-20 01:23:46,338{GMT}	INFO	[jepsen worker 0] jepsen.util: 0	:ok	:read	[0 1]
2025-06-20 01:23:46,459{GMT}	INFO	[jepsen worker 1] jepsen.util: 1	:invoke	:cas	[0 [3 2]]
2025-06-20 01:23:46,465{GMT}	INFO	[jepsen worker 1] jepsen.util: 1	:fail	:cas	[0 [3 2]]	[:precondition-failed "expected value does not match"]
2025-06-20 01:23:46,592{GMT}	INFO	[jepsen worker 0] jepsen.util: 0	:invoke	:read	[0 nil]
2025-06-20 01:23:46,602{GMT}	INFO	[jepsen worker 0] jepsen.util: 0	:ok	:read	[0 1]
2025-06-20 01:23:46,652{GMT}	INFO	[jepsen worker 0] jepsen.util: 0	:invoke	:read	[0 nil]
2025-06-20 01:23:46,657{GMT}	INFO	[jepsen worker 0] jepsen.util: 0	:ok	:read	[0 1]
2025-06-20 01:23:46,733{GMT}	INFO	[jepsen worker 1] jepsen.util: 1	:invoke	:write	[0 0]
2025-06-20 01:23:46,742{GMT}	INFO	[jepsen worker 1] jepsen.util: 1	:ok	:write	[0 0]
2025-06-20 01:23:46,916{GMT}	INFO	[jepsen worker 1] jepsen.util: 1	:invoke	:write	[0 0]
2025-06-20 01:23:46,922{GMT}	INFO	[jepsen worker 1] jepsen.util: 1	:ok	:write	[0 0]
2025-06-20 01:23:46,989{GMT}	INFO	[jepsen worker 0] jepsen.util: 0	:invoke	:read	[0 nil]
2025-06-20 01:23:46,996{GMT}	INFO	[jepsen worker 0] jepsen.util: 0	:ok	:read	[0 0]
2025-06-20 01:23:47,086{GMT}	INFO	[jepsen worker 0] jepsen.util: 0	:invoke	:read	[0 nil]
2025-06-20 01:23:47,099{GMT}	INFO	[jepsen worker 0] jepsen.util: 0	:ok	:read	[0 0]
2025-06-20 01:23:47,168{GMT}	INFO	[jepsen worker 1] jepsen.util: 1	:invoke	:cas	[0 [2 2]]
2025-06-20 01:23:47,172{GMT}	INFO	[jepsen worker 1] jepsen.util: 1	:fail	:cas	[0 [2 2]]	[:precondition-failed "expected value does not match"]
2025-06-20 01:23:47,240{GMT}	INFO	[jepsen worker 1] jepsen.util: 1	:invoke	:write	[0 3]
2025-06-20 01:23:47,248{GMT}	INFO	[jepsen worker 1] jepsen.util: 1	:ok	:write	[0 3]
2025-06-20 01:23:47,253{GMT}	INFO	[jepsen worker 1] jepsen.util: 1	:invoke	:write	[0 3]
2025-06-20 01:23:47,258{GMT}	INFO	[jepsen worker 1] jepsen.util: 1	:ok	:write	[0 3]
2025-06-20 01:23:47,311{GMT}	INFO	[jepsen worker 0] jepsen.util: 0	:invoke	:read	[0 nil]
2025-06-20 01:23:47,317{GMT}	INFO	[jepsen worker 0] jepsen.util: 0	:ok	:read	[0 3]
2025-06-20 01:23:47,346{GMT}	INFO	[jepsen worker 0] jepsen.util: 0	:invoke	:read	[0 nil]
2025-06-20 01:23:47,351{GMT}	INFO	[jepsen worker 1] jepsen.util: 1	:invoke	:cas	[0 [2 3]]
2025-06-20 01:23:47,363{GMT}	INFO	[jepsen worker 0] jepsen.util: 0	:ok	:read	[0 3]
2025-06-20 01:23:47,366{GMT}	INFO	[jepsen worker 1] jepsen.util: 1	:fail	:cas	[0 [2 3]]	[:precondition-failed "expected value does not match"]
2025-06-20 01:23:47,377{GMT}	INFO	[jepsen worker 0] jepsen.util: 0	:invoke	:read	[0 nil]
2025-06-20 01:23:47,379{GMT}	INFO	[jepsen worker 0] jepsen.util: 0	:ok	:read	[0 3]
2025-06-20 01:23:47,556{GMT}	INFO	[jepsen worker 1] jepsen.util: 1	:invoke	:write	[0 3]
2025-06-20 01:23:47,565{GMT}	INFO	[jepsen worker 1] jepsen.util: 1	:ok	:write	[0 3]
2025-06-20 01:23:47,608{GMT}	INFO	[jepsen worker 0] jepsen.util: 0	:invoke	:read	[0 nil]
2025-06-20 01:23:47,612{GMT}	INFO	[jepsen worker 0] jepsen.util: 0	:ok	:read	[0 3]
2025-06-20 01:23:47,615{GMT}	INFO	[jepsen worker 0] jepsen.util: 0	:invoke	:read	[0 nil]
2025-06-20 01:23:47,619{GMT}	INFO	[jepsen worker 1] jepsen.util: 1	:invoke	:cas	[0 [4 2]]
2025-06-20 01:23:47,625{GMT}	INFO	[jepsen worker 0] jepsen.util: 0	:ok	:read	[0 3]
2025-06-20 01:23:47,631{GMT}	INFO	[jepsen worker 1] jepsen.util: 1	:fail	:cas	[0 [4 2]]	[:precondition-failed "expected value does not match"]
2025-06-20 01:23:47,644{GMT}	INFO	[jepsen test runner] jepsen.core: Run complete, writing
2025-06-20 01:23:47,667{GMT}	INFO	[jepsen node n0] maelstrom.db: Tearing down n0
2025-06-20 01:23:49,143{GMT}	INFO	[jepsen node n0] maelstrom.net: Shutting down Maelstrom network
2025-06-20 01:23:49,144{GMT}	INFO	[jepsen test runner] jepsen.core: Analyzing...
2025-06-20 01:23:49,250{GMT}	INFO	[clojure-agent-send-pool-0] jepsen.independent: Wrote /Users/hiroyuki/Dropbox/Docs/git/scalardb-maelstrom-kv/store/lin-kv/20250620T012340.837+0900/independent/0/results.edn
2025-06-20 01:23:49,253{GMT}	INFO	[clojure-agent-send-pool-0] jepsen.independent: Wrote /Users/hiroyuki/Dropbox/Docs/git/scalardb-maelstrom-kv/store/lin-kv/20250620T012340.837+0900/independent/0/history.edn
2025-06-20 01:23:49,256{GMT}	INFO	[jepsen test runner] jepsen.core: Analysis complete
2025-06-20 01:23:49,265{GMT}	INFO	[jepsen results] jepsen.store: Wrote /Users/hiroyuki/Dropbox/Docs/git/scalardb-maelstrom-kv/store/lin-kv/20250620T012340.837+0900/results.edn
2025-06-20 01:23:49,291{GMT}	INFO	[jepsen test runner] jepsen.core: {:perf {:latency-graph {:valid? true},
        :rate-graph {:valid? true},
        :valid? true},
 :timeline {:valid? true},
 :exceptions {:valid? true},
 :stats {:valid? true,
         :count 52,
         :ok-count 38,
         :fail-count 14,
         :info-count 0,
         :by-f {:cas {:valid? true,
                      :count 16,
                      :ok-count 2,
                      :fail-count 14,
                      :info-count 0},
                :read {:valid? true,
                       :count 28,
                       :ok-count 28,
                       :fail-count 0,
                       :info-count 0},
                :write {:valid? true,
                        :count 8,
                        :ok-count 8,
                        :fail-count 0,
                        :info-count 0}}},
 :availability {:valid? true, :ok-fraction 0.7307692},
 :net {:all {:send-count 106,
             :recv-count 106,
             :msg-count 106,
             :msgs-per-op 2.0384614},
       :clients {:send-count 106, :recv-count 106, :msg-count 106},
       :servers {:send-count 0,
                 :recv-count 0,
                 :msg-count 0,
                 :msgs-per-op 0.0},
       :valid? true},
 :workload {:valid? true,
            :results {0 {:linearizable {:valid? true,
                                        :configs ({:model #knossos.model.CASRegister{:value 3},
                                                   :last-op {:process 0,
                                                             :type :ok,
                                                             :f :read,
                                                             :value 3,
                                                             :index 102,
                                                             :time 5011701125},
                                                   :pending []}),
                                        :final-paths ()},
                         :timeline {:valid? true},
                         :valid? true}},
            :failures []},
 :valid? true}


Everything looks good! ヽ(‘ー`)ノ
