2025-06-20 10:55:44,492{GMT}	INFO	[jepsen test runner] jepsen.core: Command line:
lein run test -w lin-kv --bin ./maelstrom-wrapper.sh --node-count 3 --concurrency 6 --time-limit 10 --rate 10
2025-06-20 10:55:44,527{GMT}	INFO	[jepsen test runner] jepsen.core: Running test:
{:args []
 :remote
 #jepsen.control.retry.Remote{:remote #jepsen.control.scp.Remote{:cmd-remote #jepsen.control.sshj.SSHJRemote{:concurrency-limit 6,
                                                                                                             :conn-spec nil,
                                                                                                             :client nil,
                                                                                                             :semaphore nil},
                                                                 :conn-spec nil},
                              :conn nil}
 :log-net-send false
 :node-count 3
 :availability nil
 :max-txn-length 4
 :concurrency 6
 :db
 #object[maelstrom.db$db$reify__16612
         "0x30d5668a"
         "maelstrom.db$db$reify__16612@30d5668a"]
 :max-writes-per-key 16
 :leave-db-running? false
 :name "lin-kv"
 :logging-json? false
 :start-time
 #object[org.joda.time.DateTime "0x72b8b04f" "2025-06-20T10:55:44.463+09:00"]
 :nemesis-interval 10
 :net
 #object[maelstrom.net$jepsen_net$reify__15721
         "0x1b131102"
         "maelstrom.net$jepsen_net$reify__15721@1b131102"]
 :client
 #object[maelstrom.workload.lin_kv$client$reify__20973
         "0x75be3cdf"
         "maelstrom.workload.lin_kv$client$reify__20973@75be3cdf"]
 :barrier
 #object[java.util.concurrent.CyclicBarrier
         "0xf500481"
         "java.util.concurrent.CyclicBarrier@f500481"]
 :log-stderr false
 :pure-generators true
 :ssh {:dummy? true}
 :rate 10.0
 :checker
 #object[jepsen.checker$compose$reify__11089
         "0x38dde7ec"
         "jepsen.checker$compose$reify__11089@38dde7ec"]
 :argv
 ("test"
  "-w"
  "lin-kv"
  "--bin"
  "./maelstrom-wrapper.sh"
  "--node-count"
  "3"
  "--concurrency"
  "6"
  "--time-limit"
  "10"
  "--rate"
  "10")
 :nemesis
 (jepsen.nemesis.ReflCompose
  {:fm {:start-partition 0,
        :stop-partition 0,
        :kill 1,
        :start 1,
        :pause 1,
        :resume 1},
   :nemeses [#unprintable "jepsen.nemesis.combined$partition_nemesis$reify__16905@3bc57af4"
             #unprintable "jepsen.nemesis.combined$db_nemesis$reify__16886@3f19f197"]})
 :nodes ["n0" "n1" "n2"]
 :test-count 1
 :latency {:mean 0, :dist :constant}
 :bin "./maelstrom-wrapper.sh"
 :generator
 #object[jepsen.util.Forgettable
         "0x25c887ca"
         (jepsen.generator.TimeLimit
          {:limit 10000000000,
           :cutoff nil,
           :gen (jepsen.generator.Any
                 {:gens [(jepsen.generator.OnThreads
                          {:f #{:nemesis},
                           :context-filter #object[jepsen.generator.context$make_thread_filter$lazy_filter__12077
                                                   "0x10982760"
                                                   "jepsen.generator.context$make_thread_filter$lazy_filter__12077@10982760"],
                           :gen nil})
                         (jepsen.generator.OnThreads
                          {:f #jepsen.generator.context.AllBut{:element :nemesis},
                           :context-filter #object[jepsen.generator.context$make_thread_filter$lazy_filter__12077
                                                   "0x50626d22"
                                                   "jepsen.generator.context$make_thread_filter$lazy_filter__12077@50626d22"],
                           :gen (jepsen.generator.Stagger
                                 {:dt 200000000,
                                  :next-time nil,
                                  :gen (jepsen.generator.OnThreads
                                        {:f #jepsen.generator.context.AllBut{:element :nemesis},
                                         :context-filter #object[jepsen.generator.context$make_thread_filter$lazy_filter__12077
                                                                 "0x7cc742d"
                                                                 "jepsen.generator.context$make_thread_filter$lazy_filter__12077@7cc742d"],
                                         :gen (jepsen.independent.ConcurrentGenerator
                                               {:n 6,
                                                :fgen #object[jepsen.tests.linearizable_register$test$fn__17385
                                                              "0x734db023"
                                                              "jepsen.tests.linearizable_register$test$fn__17385@734db023"],
                                                :group->threads nil,
                                                :thread->group nil,
                                                :group->context-filter nil,
                                                :keys (0 1 2 3 4 5 6 7 ...),
                                                :gens nil})})})})]})})]
 :log-net-recv false
 :os
 #object[maelstrom.net$jepsen_os$reify__15724
         "0x61774805"
         "maelstrom.net$jepsen_os$reify__15724@61774805"]
 :time-limit 10
 :workload :lin-kv
 :consistency-models [:strict-serializable]
 :topology :grid}

2025-06-20 10:55:45,563{GMT}	INFO	[jepsen node n0] maelstrom.net: Starting Maelstrom network
2025-06-20 10:55:45,564{GMT}	INFO	[jepsen test runner] jepsen.db: Tearing down DB
2025-06-20 10:55:45,567{GMT}	INFO	[jepsen test runner] jepsen.db: Setting up DB
2025-06-20 10:55:45,567{GMT}	INFO	[jepsen node n1] maelstrom.db: Setting up n1
2025-06-20 10:55:45,567{GMT}	INFO	[jepsen node n1] maelstrom.process: launching ./maelstrom-wrapper.sh []
2025-06-20 10:55:45,571{GMT}	INFO	[jepsen node n2] maelstrom.db: Setting up n2
2025-06-20 10:55:45,571{GMT}	INFO	[jepsen node n2] maelstrom.process: launching ./maelstrom-wrapper.sh []
2025-06-20 10:55:45,572{GMT}	INFO	[jepsen node n0] maelstrom.service: Starting services: (lin-kv lin-tso lww-kv seq-kv)
2025-06-20 10:55:45,574{GMT}	INFO	[jepsen node n0] maelstrom.db: Setting up n0
2025-06-20 10:55:45,575{GMT}	INFO	[jepsen node n0] maelstrom.process: launching ./maelstrom-wrapper.sh []
2025-06-20 10:55:46,166{GMT}	INFO	[jepsen test runner] jepsen.core: Relative time begins now
2025-06-20 10:55:46,182{GMT}	INFO	[jepsen worker 3] jepsen.util: 3	:invoke	:write	[0 3]
2025-06-20 10:55:46,186{GMT}	INFO	[jepsen worker 4] jepsen.util: 4	:invoke	:cas	[0 [4 0]]
2025-06-20 10:55:46,355{GMT}	INFO	[jepsen worker 3] jepsen.util: 3	:ok	:write	[0 3]
2025-06-20 10:55:46,362{GMT}	INFO	[jepsen worker 4] jepsen.util: 4	:fail	:cas	[0 [4 0]]	[:precondition-failed "expected value does not match"]
2025-06-20 10:55:46,391{GMT}	INFO	[jepsen worker 3] jepsen.util: 3	:invoke	:cas	[0 [1 2]]
2025-06-20 10:55:46,402{GMT}	INFO	[jepsen worker 3] jepsen.util: 3	:fail	:cas	[0 [1 2]]	[:precondition-failed "expected value does not match"]
2025-06-20 10:55:46,504{GMT}	INFO	[jepsen worker 3] jepsen.util: 3	:invoke	:cas	[0 [0 4]]
2025-06-20 10:55:46,507{GMT}	INFO	[jepsen worker 3] jepsen.util: 3	:fail	:cas	[0 [0 4]]	[:precondition-failed "expected value does not match"]
2025-06-20 10:55:46,548{GMT}	INFO	[jepsen worker 4] jepsen.util: 4	:invoke	:cas	[0 [3 4]]
2025-06-20 10:55:46,552{GMT}	INFO	[jepsen worker 4] jepsen.util: 4	:ok	:cas	[0 [3 4]]
2025-06-20 10:55:46,670{GMT}	INFO	[jepsen worker 5] jepsen.util: 5	:invoke	:cas	[0 [1 1]]
2025-06-20 10:55:46,694{GMT}	INFO	[jepsen worker 0] jepsen.util: 0	:invoke	:read	[0 nil]
2025-06-20 10:55:46,713{GMT}	INFO	[jepsen worker 0] jepsen.util: 0	:ok	:read	[0 4]
2025-06-20 10:55:46,768{GMT}	INFO	[jepsen worker 0] jepsen.util: 0	:invoke	:read	[0 nil]
2025-06-20 10:55:46,771{GMT}	INFO	[jepsen worker 0] jepsen.util: 0	:ok	:read	[0 4]
2025-06-20 10:55:46,800{GMT}	INFO	[jepsen worker 3] jepsen.util: 3	:invoke	:cas	[0 [2 2]]
2025-06-20 10:55:46,802{GMT}	INFO	[jepsen worker 4] jepsen.util: 4	:invoke	:cas	[0 [3 0]]
2025-06-20 10:55:46,803{GMT}	INFO	[jepsen worker 3] jepsen.util: 3	:fail	:cas	[0 [2 2]]	[:precondition-failed "expected value does not match"]
2025-06-20 10:55:46,805{GMT}	INFO	[jepsen worker 4] jepsen.util: 4	:fail	:cas	[0 [3 0]]	[:precondition-failed "expected value does not match"]
2025-06-20 10:55:46,827{GMT}	INFO	[jepsen worker 5] jepsen.util: 5	:fail	:cas	[0 [1 1]]	[:precondition-failed "expected value does not match"]
2025-06-20 10:55:46,996{GMT}	INFO	[jepsen worker 0] jepsen.util: 0	:invoke	:read	[0 nil]
2025-06-20 10:55:46,999{GMT}	INFO	[jepsen worker 0] jepsen.util: 0	:ok	:read	[0 4]
2025-06-20 10:55:47,026{GMT}	INFO	[jepsen worker 4] jepsen.util: 4	:invoke	:write	[0 1]
2025-06-20 10:55:47,045{GMT}	INFO	[jepsen worker 4] jepsen.util: 4	:ok	:write	[0 1]
2025-06-20 10:55:47,208{GMT}	INFO	[jepsen worker 0] jepsen.util: 0	:invoke	:read	[0 nil]
2025-06-20 10:55:47,221{GMT}	INFO	[jepsen worker 0] jepsen.util: 0	:ok	:read	[0 1]
2025-06-20 10:55:47,343{GMT}	INFO	[jepsen worker 3] jepsen.util: 3	:invoke	:write	[0 3]
2025-06-20 10:55:47,355{GMT}	INFO	[jepsen worker 3] jepsen.util: 3	:ok	:write	[0 3]
2025-06-20 10:55:47,453{GMT}	INFO	[jepsen worker 0] jepsen.util: 0	:invoke	:read	[0 nil]
2025-06-20 10:55:47,465{GMT}	INFO	[jepsen worker 0] jepsen.util: 0	:ok	:read	[0 3]
2025-06-20 10:55:47,632{GMT}	INFO	[jepsen worker 1] jepsen.util: 1	:invoke	:read	[0 nil]
2025-06-20 10:55:47,666{GMT}	INFO	[jepsen worker 1] jepsen.util: 1	:ok	:read	[0 3]
2025-06-20 10:55:47,805{GMT}	INFO	[jepsen worker 3] jepsen.util: 3	:invoke	:write	[0 1]
2025-06-20 10:55:47,817{GMT}	INFO	[jepsen worker 3] jepsen.util: 3	:ok	:write	[0 1]
2025-06-20 10:55:47,970{GMT}	INFO	[jepsen worker 0] jepsen.util: 0	:invoke	:read	[0 nil]
2025-06-20 10:55:47,978{GMT}	INFO	[jepsen worker 0] jepsen.util: 0	:ok	:read	[0 1]
2025-06-20 10:55:48,026{GMT}	INFO	[jepsen worker 0] jepsen.util: 0	:invoke	:read	[0 nil]
2025-06-20 10:55:48,031{GMT}	INFO	[jepsen worker 0] jepsen.util: 0	:ok	:read	[0 1]
2025-06-20 10:55:48,061{GMT}	INFO	[jepsen worker 5] jepsen.util: 5	:invoke	:write	[0 0]
2025-06-20 10:55:48,070{GMT}	INFO	[jepsen worker 5] jepsen.util: 5	:ok	:write	[0 0]
2025-06-20 10:55:48,167{GMT}	INFO	[jepsen worker 3] jepsen.util: 3	:invoke	:write	[0 0]
2025-06-20 10:55:48,173{GMT}	INFO	[jepsen worker 3] jepsen.util: 3	:ok	:write	[0 0]
2025-06-20 10:55:48,173{GMT}	INFO	[jepsen worker 3] jepsen.util: 3	:invoke	:write	[0 3]
2025-06-20 10:55:48,185{GMT}	INFO	[jepsen worker 3] jepsen.util: 3	:ok	:write	[0 3]
2025-06-20 10:55:48,340{GMT}	INFO	[jepsen worker 3] jepsen.util: 3	:invoke	:cas	[0 [3 2]]
2025-06-20 10:55:48,348{GMT}	INFO	[jepsen worker 3] jepsen.util: 3	:ok	:cas	[0 [3 2]]
2025-06-20 10:55:48,415{GMT}	INFO	[jepsen worker 2] jepsen.util: 2	:invoke	:read	[0 nil]
2025-06-20 10:55:48,432{GMT}	INFO	[jepsen worker 3] jepsen.util: 3	:invoke	:cas	[0 [2 2]]
2025-06-20 10:55:48,440{GMT}	INFO	[jepsen worker 3] jepsen.util: 3	:ok	:cas	[0 [2 2]]
2025-06-20 10:55:48,445{GMT}	INFO	[jepsen worker 2] jepsen.util: 2	:ok	:read	[0 2]
2025-06-20 10:55:48,609{GMT}	INFO	[jepsen worker 0] jepsen.util: 0	:invoke	:read	[0 nil]
2025-06-20 10:55:48,618{GMT}	INFO	[jepsen worker 0] jepsen.util: 0	:ok	:read	[0 2]
2025-06-20 10:55:48,637{GMT}	INFO	[jepsen worker 5] jepsen.util: 5	:invoke	:cas	[0 [2 1]]
2025-06-20 10:55:48,647{GMT}	INFO	[jepsen worker 5] jepsen.util: 5	:ok	:cas	[0 [2 1]]
2025-06-20 10:55:48,725{GMT}	INFO	[jepsen worker 3] jepsen.util: 3	:invoke	:cas	[0 [3 2]]
2025-06-20 10:55:48,740{GMT}	INFO	[jepsen worker 3] jepsen.util: 3	:fail	:cas	[0 [3 2]]	[:precondition-failed "expected value does not match"]
2025-06-20 10:55:48,746{GMT}	INFO	[jepsen worker 0] jepsen.util: 0	:invoke	:read	[0 nil]
2025-06-20 10:55:48,787{GMT}	INFO	[jepsen worker 0] jepsen.util: 0	:ok	:read	[0 1]
2025-06-20 10:55:48,836{GMT}	INFO	[jepsen worker 3] jepsen.util: 3	:invoke	:write	[0 4]
2025-06-20 10:55:48,847{GMT}	INFO	[jepsen worker 3] jepsen.util: 3	:ok	:write	[0 4]
2025-06-20 10:55:48,859{GMT}	INFO	[jepsen worker 2] jepsen.util: 2	:invoke	:read	[0 nil]
2025-06-20 10:55:48,865{GMT}	INFO	[jepsen worker 2] jepsen.util: 2	:ok	:read	[0 4]
2025-06-20 10:55:49,027{GMT}	INFO	[jepsen worker 0] jepsen.util: 0	:invoke	:read	[0 nil]
2025-06-20 10:55:49,038{GMT}	INFO	[jepsen worker 0] jepsen.util: 0	:ok	:read	[0 4]
2025-06-20 10:55:49,160{GMT}	INFO	[jepsen worker 0] jepsen.util: 0	:invoke	:read	[0 nil]
2025-06-20 10:55:49,165{GMT}	INFO	[jepsen worker 0] jepsen.util: 0	:ok	:read	[0 4]
2025-06-20 10:55:49,167{GMT}	INFO	[jepsen worker 0] jepsen.util: 0	:invoke	:read	[0 nil]
2025-06-20 10:55:49,173{GMT}	INFO	[jepsen worker 0] jepsen.util: 0	:ok	:read	[0 4]
2025-06-20 10:55:49,296{GMT}	INFO	[jepsen worker 0] jepsen.util: 0	:invoke	:read	[0 nil]
2025-06-20 10:55:49,305{GMT}	INFO	[jepsen worker 0] jepsen.util: 0	:ok	:read	[0 4]
2025-06-20 10:55:49,410{GMT}	INFO	[jepsen worker 0] jepsen.util: 0	:invoke	:read	[0 nil]
2025-06-20 10:55:49,421{GMT}	INFO	[jepsen worker 0] jepsen.util: 0	:ok	:read	[0 4]
2025-06-20 10:55:49,506{GMT}	INFO	[jepsen worker 1] jepsen.util: 1	:invoke	:read	[0 nil]
2025-06-20 10:55:49,511{GMT}	INFO	[jepsen worker 1] jepsen.util: 1	:ok	:read	[0 4]
2025-06-20 10:55:49,696{GMT}	INFO	[jepsen worker 3] jepsen.util: 3	:invoke	:write	[0 4]
2025-06-20 10:55:49,705{GMT}	INFO	[jepsen worker 3] jepsen.util: 3	:ok	:write	[0 4]
2025-06-20 10:55:49,856{GMT}	INFO	[jepsen worker 3] jepsen.util: 3	:invoke	:cas	[0 [4 4]]
2025-06-20 10:55:49,864{GMT}	INFO	[jepsen worker 3] jepsen.util: 3	:ok	:cas	[0 [4 4]]
2025-06-20 10:55:49,977{GMT}	INFO	[jepsen worker 0] jepsen.util: 0	:invoke	:read	[0 nil]
2025-06-20 10:55:49,985{GMT}	INFO	[jepsen worker 0] jepsen.util: 0	:ok	:read	[0 4]
2025-06-20 10:55:50,056{GMT}	INFO	[jepsen worker 5] jepsen.util: 5	:invoke	:write	[0 3]
2025-06-20 10:55:50,067{GMT}	INFO	[jepsen worker 5] jepsen.util: 5	:ok	:write	[0 3]
2025-06-20 10:55:50,194{GMT}	INFO	[jepsen worker 0] jepsen.util: 0	:invoke	:read	[0 nil]
2025-06-20 10:55:50,206{GMT}	INFO	[jepsen worker 0] jepsen.util: 0	:ok	:read	[0 3]
2025-06-20 10:55:50,326{GMT}	INFO	[jepsen worker 0] jepsen.util: 0	:invoke	:read	[0 nil]
2025-06-20 10:55:50,340{GMT}	INFO	[jepsen worker 0] jepsen.util: 0	:ok	:read	[0 3]
2025-06-20 10:55:50,390{GMT}	INFO	[jepsen worker 1] jepsen.util: 1	:invoke	:read	[0 nil]
2025-06-20 10:55:50,407{GMT}	INFO	[jepsen worker 1] jepsen.util: 1	:ok	:read	[0 3]
2025-06-20 10:55:50,493{GMT}	INFO	[jepsen worker 3] jepsen.util: 3	:invoke	:write	[0 0]
2025-06-20 10:55:50,503{GMT}	INFO	[jepsen worker 3] jepsen.util: 3	:ok	:write	[0 0]
2025-06-20 10:55:50,654{GMT}	INFO	[jepsen worker 3] jepsen.util: 3	:invoke	:write	[0 4]
2025-06-20 10:55:50,666{GMT}	INFO	[jepsen worker 3] jepsen.util: 3	:ok	:write	[0 4]
2025-06-20 10:55:50,815{GMT}	INFO	[jepsen worker 0] jepsen.util: 0	:invoke	:read	[0 nil]
2025-06-20 10:55:50,824{GMT}	INFO	[jepsen worker 0] jepsen.util: 0	:ok	:read	[0 4]
2025-06-20 10:55:50,870{GMT}	INFO	[jepsen worker 0] jepsen.util: 0	:invoke	:read	[0 nil]
2025-06-20 10:55:50,877{GMT}	INFO	[jepsen worker 0] jepsen.util: 0	:ok	:read	[0 4]
2025-06-20 10:55:51,066{GMT}	INFO	[jepsen worker 0] jepsen.util: 0	:invoke	:read	[0 nil]
2025-06-20 10:55:51,070{GMT}	INFO	[jepsen worker 0] jepsen.util: 0	:ok	:read	[0 4]
2025-06-20 10:55:51,176{GMT}	INFO	[jepsen worker 0] jepsen.util: 0	:invoke	:read	[0 nil]
2025-06-20 10:55:51,184{GMT}	INFO	[jepsen worker 0] jepsen.util: 0	:ok	:read	[0 4]
2025-06-20 10:55:51,370{GMT}	INFO	[jepsen worker 1] jepsen.util: 1	:invoke	:read	[0 nil]
2025-06-20 10:55:51,375{GMT}	INFO	[jepsen worker 1] jepsen.util: 1	:ok	:read	[0 4]
2025-06-20 10:55:51,450{GMT}	INFO	[jepsen worker 2] jepsen.util: 2	:invoke	:read	[0 nil]
2025-06-20 10:55:51,461{GMT}	INFO	[jepsen worker 2] jepsen.util: 2	:ok	:read	[0 4]
2025-06-20 10:55:51,625{GMT}	INFO	[jepsen worker 3] jepsen.util: 3	:invoke	:cas	[0 [0 0]]
2025-06-20 10:55:51,633{GMT}	INFO	[jepsen worker 3] jepsen.util: 3	:fail	:cas	[0 [0 0]]	[:precondition-failed "expected value does not match"]
2025-06-20 10:55:51,665{GMT}	INFO	[jepsen worker 4] jepsen.util: 4	:invoke	:write	[0 4]
2025-06-20 10:55:51,672{GMT}	INFO	[jepsen worker 4] jepsen.util: 4	:ok	:write	[0 4]
2025-06-20 10:55:51,845{GMT}	INFO	[jepsen worker 0] jepsen.util: 0	:invoke	:read	[0 nil]
2025-06-20 10:55:51,867{GMT}	INFO	[jepsen worker 0] jepsen.util: 0	:ok	:read	[0 4]
2025-06-20 10:55:51,929{GMT}	INFO	[jepsen worker 3] jepsen.util: 3	:invoke	:cas	[0 [1 3]]
2025-06-20 10:55:51,938{GMT}	INFO	[jepsen worker 3] jepsen.util: 3	:fail	:cas	[0 [1 3]]	[:precondition-failed "expected value does not match"]
2025-06-20 10:55:51,942{GMT}	INFO	[jepsen worker 0] jepsen.util: 0	:invoke	:read	[0 nil]
2025-06-20 10:55:51,949{GMT}	INFO	[jepsen worker 0] jepsen.util: 0	:ok	:read	[0 4]
2025-06-20 10:55:52,113{GMT}	INFO	[jepsen worker 3] jepsen.util: 3	:invoke	:write	[0 3]
2025-06-20 10:55:52,123{GMT}	INFO	[jepsen worker 3] jepsen.util: 3	:ok	:write	[0 3]
2025-06-20 10:55:52,184{GMT}	INFO	[jepsen worker 2] jepsen.util: 2	:invoke	:read	[0 nil]
2025-06-20 10:55:52,191{GMT}	INFO	[jepsen worker 0] jepsen.util: 0	:invoke	:read	[0 nil]
2025-06-20 10:55:52,196{GMT}	INFO	[jepsen worker 2] jepsen.util: 2	:ok	:read	[0 3]
2025-06-20 10:55:52,201{GMT}	INFO	[jepsen worker 0] jepsen.util: 0	:ok	:read	[0 3]
2025-06-20 10:55:52,238{GMT}	INFO	[jepsen worker 0] jepsen.util: 0	:invoke	:read	[0 nil]
2025-06-20 10:55:52,263{GMT}	INFO	[jepsen worker 0] jepsen.util: 0	:ok	:read	[0 3]
2025-06-20 10:55:52,406{GMT}	INFO	[jepsen worker 0] jepsen.util: 0	:invoke	:read	[0 nil]
2025-06-20 10:55:52,429{GMT}	INFO	[jepsen worker 0] jepsen.util: 0	:ok	:read	[0 3]
2025-06-20 10:55:52,564{GMT}	INFO	[jepsen worker 3] jepsen.util: 3	:invoke	:cas	[0 [2 0]]
2025-06-20 10:55:52,579{GMT}	INFO	[jepsen worker 3] jepsen.util: 3	:fail	:cas	[0 [2 0]]	[:precondition-failed "expected value does not match"]
2025-06-20 10:55:52,636{GMT}	INFO	[jepsen worker 0] jepsen.util: 0	:invoke	:read	[0 nil]
2025-06-20 10:55:52,643{GMT}	INFO	[jepsen worker 0] jepsen.util: 0	:ok	:read	[0 3]
2025-06-20 10:55:52,738{GMT}	INFO	[jepsen worker 3] jepsen.util: 3	:invoke	:cas	[0 [3 4]]
2025-06-20 10:55:52,748{GMT}	INFO	[jepsen worker 3] jepsen.util: 3	:ok	:cas	[0 [3 4]]
2025-06-20 10:55:52,808{GMT}	INFO	[jepsen worker 3] jepsen.util: 3	:invoke	:cas	[0 [1 1]]
2025-06-20 10:55:52,813{GMT}	INFO	[jepsen worker 3] jepsen.util: 3	:fail	:cas	[0 [1 1]]	[:precondition-failed "expected value does not match"]
2025-06-20 10:55:52,916{GMT}	INFO	[jepsen worker 3] jepsen.util: 3	:invoke	:write	[0 0]
2025-06-20 10:55:52,929{GMT}	INFO	[jepsen worker 3] jepsen.util: 3	:ok	:write	[0 0]
2025-06-20 10:55:53,066{GMT}	INFO	[jepsen worker 4] jepsen.util: 4	:invoke	:write	[0 4]
2025-06-20 10:55:53,084{GMT}	INFO	[jepsen worker 4] jepsen.util: 4	:ok	:write	[0 4]
2025-06-20 10:55:53,150{GMT}	INFO	[jepsen worker 5] jepsen.util: 5	:invoke	:cas	[0 [4 3]]
2025-06-20 10:55:53,154{GMT}	INFO	[jepsen worker 5] jepsen.util: 5	:ok	:cas	[0 [4 3]]
2025-06-20 10:55:53,266{GMT}	INFO	[jepsen worker 3] jepsen.util: 3	:invoke	:cas	[0 [0 2]]
2025-06-20 10:55:53,269{GMT}	INFO	[jepsen worker 3] jepsen.util: 3	:fail	:cas	[0 [0 2]]	[:precondition-failed "expected value does not match"]
2025-06-20 10:55:53,447{GMT}	INFO	[jepsen worker 0] jepsen.util: 0	:invoke	:read	[0 nil]
2025-06-20 10:55:53,467{GMT}	INFO	[jepsen worker 0] jepsen.util: 0	:ok	:read	[0 3]
2025-06-20 10:55:53,589{GMT}	INFO	[jepsen worker 3] jepsen.util: 3	:invoke	:cas	[0 [4 2]]
2025-06-20 10:55:53,595{GMT}	INFO	[jepsen worker 3] jepsen.util: 3	:fail	:cas	[0 [4 2]]	[:precondition-failed "expected value does not match"]
2025-06-20 10:55:53,640{GMT}	INFO	[jepsen worker 2] jepsen.util: 2	:invoke	:read	[0 nil]
2025-06-20 10:55:53,646{GMT}	INFO	[jepsen worker 2] jepsen.util: 2	:ok	:read	[0 3]
2025-06-20 10:55:53,709{GMT}	INFO	[jepsen worker 0] jepsen.util: 0	:invoke	:read	[0 nil]
2025-06-20 10:55:53,714{GMT}	INFO	[jepsen worker 0] jepsen.util: 0	:ok	:read	[0 3]
2025-06-20 10:55:53,827{GMT}	INFO	[jepsen worker 4] jepsen.util: 4	:invoke	:cas	[0 [2 2]]
2025-06-20 10:55:53,845{GMT}	INFO	[jepsen worker 4] jepsen.util: 4	:fail	:cas	[0 [2 2]]	[:precondition-failed "expected value does not match"]
2025-06-20 10:55:53,871{GMT}	INFO	[jepsen worker 5] jepsen.util: 5	:invoke	:write	[0 4]
2025-06-20 10:55:53,879{GMT}	INFO	[jepsen worker 5] jepsen.util: 5	:ok	:write	[0 4]
2025-06-20 10:55:54,058{GMT}	INFO	[jepsen worker 3] jepsen.util: 3	:invoke	:write	[0 2]
2025-06-20 10:55:54,070{GMT}	INFO	[jepsen worker 3] jepsen.util: 3	:ok	:write	[0 2]
2025-06-20 10:55:54,251{GMT}	INFO	[jepsen worker 3] jepsen.util: 3	:invoke	:cas	[0 [2 1]]
2025-06-20 10:55:54,269{GMT}	INFO	[jepsen worker 3] jepsen.util: 3	:ok	:cas	[0 [2 1]]
2025-06-20 10:55:54,293{GMT}	INFO	[jepsen worker 3] jepsen.util: 3	:invoke	:write	[0 2]
2025-06-20 10:55:54,297{GMT}	INFO	[jepsen worker 3] jepsen.util: 3	:ok	:write	[0 2]
2025-06-20 10:55:54,347{GMT}	INFO	[jepsen worker 2] jepsen.util: 2	:invoke	:read	[0 nil]
2025-06-20 10:55:54,352{GMT}	INFO	[jepsen worker 2] jepsen.util: 2	:ok	:read	[0 2]
2025-06-20 10:55:54,431{GMT}	INFO	[jepsen worker 0] jepsen.util: 0	:invoke	:read	[0 nil]
2025-06-20 10:55:54,437{GMT}	INFO	[jepsen worker 0] jepsen.util: 0	:ok	:read	[0 2]
2025-06-20 10:55:54,551{GMT}	INFO	[jepsen worker 0] jepsen.util: 0	:invoke	:read	[0 nil]
2025-06-20 10:55:54,565{GMT}	INFO	[jepsen worker 0] jepsen.util: 0	:ok	:read	[0 2]
2025-06-20 10:55:54,741{GMT}	INFO	[jepsen worker 0] jepsen.util: 0	:invoke	:read	[0 nil]
2025-06-20 10:55:54,764{GMT}	INFO	[jepsen worker 0] jepsen.util: 0	:ok	:read	[0 2]
2025-06-20 10:55:54,806{GMT}	INFO	[jepsen worker 0] jepsen.util: 0	:invoke	:read	[0 nil]
2025-06-20 10:55:54,813{GMT}	INFO	[jepsen worker 0] jepsen.util: 0	:ok	:read	[0 2]
2025-06-20 10:55:54,923{GMT}	INFO	[jepsen worker 0] jepsen.util: 0	:invoke	:read	[0 nil]
2025-06-20 10:55:54,930{GMT}	INFO	[jepsen worker 0] jepsen.util: 0	:ok	:read	[0 2]
2025-06-20 10:55:55,048{GMT}	INFO	[jepsen worker 1] jepsen.util: 1	:invoke	:read	[0 nil]
2025-06-20 10:55:55,050{GMT}	INFO	[jepsen worker 3] jepsen.util: 3	:invoke	:cas	[0 [2 3]]
2025-06-20 10:55:55,063{GMT}	INFO	[jepsen worker 3] jepsen.util: 3	:ok	:cas	[0 [2 3]]
2025-06-20 10:55:55,063{GMT}	INFO	[jepsen worker 1] jepsen.util: 1	:ok	:read	[0 2]
2025-06-20 10:55:55,181{GMT}	INFO	[jepsen worker 3] jepsen.util: 3	:invoke	:cas	[0 [1 3]]
2025-06-20 10:55:55,186{GMT}	INFO	[jepsen worker 3] jepsen.util: 3	:fail	:cas	[0 [1 3]]	[:precondition-failed "expected value does not match"]
2025-06-20 10:55:55,319{GMT}	INFO	[jepsen worker 4] jepsen.util: 4	:invoke	:write	[0 2]
2025-06-20 10:55:55,330{GMT}	INFO	[jepsen worker 4] jepsen.util: 4	:ok	:write	[0 2]
2025-06-20 10:55:55,497{GMT}	INFO	[jepsen worker 5] jepsen.util: 5	:invoke	:write	[0 3]
2025-06-20 10:55:55,518{GMT}	INFO	[jepsen worker 5] jepsen.util: 5	:ok	:write	[0 3]
2025-06-20 10:55:55,628{GMT}	INFO	[jepsen worker 0] jepsen.util: 0	:invoke	:read	[0 nil]
2025-06-20 10:55:55,640{GMT}	INFO	[jepsen worker 0] jepsen.util: 0	:ok	:read	[0 3]
2025-06-20 10:55:55,823{GMT}	INFO	[jepsen worker 3] jepsen.util: 3	:invoke	:write	[0 0]
2025-06-20 10:55:55,842{GMT}	INFO	[jepsen worker 3] jepsen.util: 3	:ok	:write	[0 0]
2025-06-20 10:55:55,862{GMT}	INFO	[jepsen worker 1] jepsen.util: 1	:invoke	:read	[0 nil]
2025-06-20 10:55:55,872{GMT}	INFO	[jepsen worker 1] jepsen.util: 1	:ok	:read	[0 0]
2025-06-20 10:55:56,036{GMT}	INFO	[jepsen worker 3] jepsen.util: 3	:invoke	:cas	[0 [3 2]]
2025-06-20 10:55:56,045{GMT}	INFO	[jepsen worker 3] jepsen.util: 3	:fail	:cas	[0 [3 2]]	[:precondition-failed "expected value does not match"]
2025-06-20 10:55:56,065{GMT}	INFO	[jepsen worker 3] jepsen.util: 3	:invoke	:cas	[0 [2 4]]
2025-06-20 10:55:56,075{GMT}	INFO	[jepsen worker 3] jepsen.util: 3	:fail	:cas	[0 [2 4]]	[:precondition-failed "expected value does not match"]
2025-06-20 10:55:56,097{GMT}	INFO	[jepsen test runner] jepsen.core: Run complete, writing
2025-06-20 10:55:56,129{GMT}	INFO	[jepsen node n1] maelstrom.db: Tearing down n1
2025-06-20 10:55:56,129{GMT}	INFO	[jepsen node n2] maelstrom.db: Tearing down n2
2025-06-20 10:55:56,129{GMT}	INFO	[jepsen node n0] maelstrom.db: Tearing down n0
2025-06-20 10:55:57,629{GMT}	INFO	[jepsen node n0] maelstrom.net: Shutting down Maelstrom network
2025-06-20 10:55:57,634{GMT}	INFO	[jepsen test runner] jepsen.core: Analyzing...
2025-06-20 10:55:57,718{GMT}	INFO	[clojure-agent-send-pool-0] jepsen.independent: Wrote /Users/hiroyuki/Dropbox/Docs/git/scalardb-maelstrom-kv/store/lin-kv/20250620T105544.463+0900/independent/0/results.edn
2025-06-20 10:55:57,721{GMT}	INFO	[clojure-agent-send-pool-0] jepsen.independent: Wrote /Users/hiroyuki/Dropbox/Docs/git/scalardb-maelstrom-kv/store/lin-kv/20250620T105544.463+0900/independent/0/history.edn
2025-06-20 10:55:57,738{GMT}	INFO	[jepsen test runner] jepsen.core: Analysis complete
2025-06-20 10:55:57,746{GMT}	INFO	[jepsen results] jepsen.store: Wrote /Users/hiroyuki/Dropbox/Docs/git/scalardb-maelstrom-kv/store/lin-kv/20250620T105544.463+0900/results.edn
2025-06-20 10:55:57,772{GMT}	INFO	[jepsen test runner] jepsen.core: {:perf {:latency-graph {:valid? true},
        :rate-graph {:valid? true},
        :valid? true},
 :timeline {:valid? true},
 :exceptions {:valid? true},
 :stats {:valid? true,
         :count 95,
         :ok-count 78,
         :fail-count 17,
         :info-count 0,
         :by-f {:cas {:valid? true,
                      :count 26,
                      :ok-count 9,
                      :fail-count 17,
                      :info-count 0},
                :read {:valid? true,
                       :count 47,
                       :ok-count 47,
                       :fail-count 0,
                       :info-count 0},
                :write {:valid? true,
                        :count 22,
                        :ok-count 22,
                        :fail-count 0,
                        :info-count 0}}},
 :availability {:valid? true, :ok-fraction 0.8210526},
 :net {:all {:send-count 196,
             :recv-count 196,
             :msg-count 196,
             :msgs-per-op 2.0631578},
       :clients {:send-count 196, :recv-count 196, :msg-count 196},
       :servers {:send-count 0,
                 :recv-count 0,
                 :msg-count 0,
                 :msgs-per-op 0.0},
       :valid? true},
 :workload {:valid? true,
            :results {0 {:linearizable {:valid? true,
                                        :configs ({:model #knossos.model.CASRegister{:value 0},
                                                   :last-op {:process 1,
                                                             :type :ok,
                                                             :f :read,
                                                             :value 0,
                                                             :index 185,
                                                             :time 9706065667},
                                                   :pending []}),
                                        :final-paths ()},
                         :timeline {:valid? true},
                         :valid? true}},
            :failures []},
 :valid? true}


Everything looks good! ヽ(‘ー`)ノ
