2025-06-20 11:42:48,980{GMT}	INFO	[jepsen test runner] jepsen.core: Command line:
lein run test -w lin-kv --bin ./maelstrom-wrapper.sh --concurrency 10 --time-limit 15 --rate 10 --key-count 5
2025-06-20 11:42:49,011{GMT}	INFO	[jepsen test runner] jepsen.core: Running test:
{:args []
 :remote
 #jepsen.control.retry.Remote{:remote #jepsen.control.scp.Remote{:cmd-remote #jepsen.control.sshj.SSHJRemote{:concurrency-limit 6,
                                                                                                             :conn-spec nil,
                                                                                                             :client nil,
                                                                                                             :semaphore nil},
                                                                 :conn-spec nil},
                              :conn nil}
 :log-net-send false
 :node-count nil
 :availability nil
 :max-txn-length 4
 :concurrency 10
 :key-count 5
 :db
 #object[maelstrom.db$db$reify__16612
         "0x69c27acb"
         "maelstrom.db$db$reify__16612@69c27acb"]
 :max-writes-per-key 16
 :leave-db-running? false
 :name "lin-kv"
 :logging-json? false
 :start-time
 #object[org.joda.time.DateTime "0xf500481" "2025-06-20T11:42:48.948+09:00"]
 :nemesis-interval 10
 :net
 #object[maelstrom.net$jepsen_net$reify__15721
         "0x38dde7ec"
         "maelstrom.net$jepsen_net$reify__15721@38dde7ec"]
 :client
 #object[maelstrom.workload.lin_kv$client$reify__20973
         "0x3bc57af4"
         "maelstrom.workload.lin_kv$client$reify__20973@3bc57af4"]
 :barrier
 #object[java.util.concurrent.CyclicBarrier
         "0x3f19f197"
         "java.util.concurrent.CyclicBarrier@3f19f197"]
 :log-stderr false
 :pure-generators true
 :ssh {:dummy? true}
 :rate 10.0
 :checker
 #object[jepsen.checker$compose$reify__11089
         "0x30628ef9"
         "jepsen.checker$compose$reify__11089@30628ef9"]
 :argv
 ("test"
  "-w"
  "lin-kv"
  "--bin"
  "./maelstrom-wrapper.sh"
  "--concurrency"
  "10"
  "--time-limit"
  "15"
  "--rate"
  "10"
  "--key-count"
  "5")
 :nemesis
 (jepsen.nemesis.ReflCompose
  {:fm {:start-partition 0,
        :stop-partition 0,
        :kill 1,
        :start 1,
        :pause 1,
        :resume 1},
   :nemeses [#unprintable "jepsen.nemesis.combined$partition_nemesis$reify__16905@6757ed9e"
             #unprintable "jepsen.nemesis.combined$db_nemesis$reify__16886@77d5395a"]})
 :nodes ["n1" "n2" "n3" "n4" "n5"]
 :test-count 1
 :latency {:mean 0, :dist :constant}
 :bin "./maelstrom-wrapper.sh"
 :generator
 #object[jepsen.util.Forgettable
         "0x5af850f1"
         (jepsen.generator.TimeLimit
          {:limit 15000000000,
           :cutoff nil,
           :gen (jepsen.generator.Any
                 {:gens [(jepsen.generator.OnThreads
                          {:f #{:nemesis},
                           :context-filter #object[jepsen.generator.context$make_thread_filter$lazy_filter__12077
                                                   "0x734db023"
                                                   "jepsen.generator.context$make_thread_filter$lazy_filter__12077@734db023"],
                           :gen nil})
                         (jepsen.generator.OnThreads
                          {:f #jepsen.generator.context.AllBut{:element :nemesis},
                           :context-filter #object[jepsen.generator.context$make_thread_filter$lazy_filter__12077
                                                   "0x22bf2a0d"
                                                   "jepsen.generator.context$make_thread_filter$lazy_filter__12077@22bf2a0d"],
                           :gen (jepsen.generator.Stagger
                                 {:dt 200000000,
                                  :next-time nil,
                                  :gen (jepsen.generator.OnThreads
                                        {:f #jepsen.generator.context.AllBut{:element :nemesis},
                                         :context-filter #object[jepsen.generator.context$make_thread_filter$lazy_filter__12077
                                                                 "0x61774805"
                                                                 "jepsen.generator.context$make_thread_filter$lazy_filter__12077@61774805"],
                                         :gen (jepsen.independent.ConcurrentGenerator
                                               {:n 10,
                                                :fgen #object[jepsen.tests.linearizable_register$test$fn__17385
                                                              "0x57e351a"
                                                              "jepsen.tests.linearizable_register$test$fn__17385@57e351a"],
                                                :group->threads nil,
                                                :thread->group nil,
                                                :group->context-filter nil,
                                                :keys (0 1 2 3 4 5 6 7 ...),
                                                :gens nil})})})})]})})]
 :log-net-recv false
 :os
 #object[maelstrom.net$jepsen_os$reify__15724
         "0x4098ef14"
         "maelstrom.net$jepsen_os$reify__15724@4098ef14"]
 :time-limit 15
 :workload :lin-kv
 :consistency-models [:strict-serializable]
 :topology :grid}

2025-06-20 11:42:50,116{GMT}	INFO	[jepsen node n1] maelstrom.net: Starting Maelstrom network
2025-06-20 11:42:50,117{GMT}	INFO	[jepsen test runner] jepsen.db: Tearing down DB
2025-06-20 11:42:50,118{GMT}	INFO	[jepsen test runner] jepsen.db: Setting up DB
2025-06-20 11:42:50,118{GMT}	INFO	[jepsen node n3] maelstrom.db: Setting up n3
2025-06-20 11:42:50,118{GMT}	INFO	[jepsen node n2] maelstrom.db: Setting up n2
2025-06-20 11:42:50,119{GMT}	INFO	[jepsen node n4] maelstrom.db: Setting up n4
2025-06-20 11:42:50,119{GMT}	INFO	[jepsen node n3] maelstrom.process: launching ./maelstrom-wrapper.sh []
2025-06-20 11:42:50,119{GMT}	INFO	[jepsen node n2] maelstrom.process: launching ./maelstrom-wrapper.sh []
2025-06-20 11:42:50,119{GMT}	INFO	[jepsen node n4] maelstrom.process: launching ./maelstrom-wrapper.sh []
2025-06-20 11:42:50,119{GMT}	INFO	[jepsen node n5] maelstrom.db: Setting up n5
2025-06-20 11:42:50,121{GMT}	INFO	[jepsen node n1] maelstrom.service: Starting services: (lin-kv lin-tso lww-kv seq-kv)
2025-06-20 11:42:50,121{GMT}	INFO	[jepsen node n5] maelstrom.process: launching ./maelstrom-wrapper.sh []
2025-06-20 11:42:50,122{GMT}	INFO	[jepsen node n1] maelstrom.db: Setting up n1
2025-06-20 11:42:50,122{GMT}	INFO	[jepsen node n1] maelstrom.process: launching ./maelstrom-wrapper.sh []
2025-06-20 11:42:50,966{GMT}	INFO	[jepsen test runner] jepsen.core: Relative time begins now
2025-06-20 11:42:50,982{GMT}	INFO	[jepsen worker 5] jepsen.util: 5	:invoke	:cas	[0 [0 0]]
2025-06-20 11:42:51,001{GMT}	INFO	[jepsen worker 1] jepsen.util: 1	:invoke	:read	[0 nil]
2025-06-20 11:42:51,178{GMT}	INFO	[jepsen worker 2] jepsen.util: 2	:invoke	:read	[0 nil]
2025-06-20 11:42:51,192{GMT}	INFO	[jepsen worker 5] jepsen.util: 5	:fail	:cas	[0 [0 0]]	[:precondition-failed "expected value does not match"]
2025-06-20 11:42:51,220{GMT}	INFO	[jepsen worker 1] jepsen.util: 1	:fail	:read	[0 nil]	[:key-does-not-exist "key not found"]
2025-06-20 11:42:51,326{GMT}	INFO	[jepsen worker 2] jepsen.util: 2	:fail	:read	[0 nil]	[:key-does-not-exist "key not found"]
2025-06-20 11:42:51,326{GMT}	INFO	[jepsen worker 3] jepsen.util: 3	:invoke	:read	[0 nil]
2025-06-20 11:42:51,455{GMT}	INFO	[jepsen worker 5] jepsen.util: 5	:invoke	:write	[0 4]
2025-06-20 11:42:51,456{GMT}	INFO	[jepsen worker 3] jepsen.util: 3	:fail	:read	[0 nil]	[:key-does-not-exist "key not found"]
2025-06-20 11:42:51,465{GMT}	INFO	[jepsen worker 5] jepsen.util: 5	:ok	:write	[0 4]
2025-06-20 11:42:51,563{GMT}	INFO	[jepsen worker 0] jepsen.util: 0	:invoke	:read	[0 nil]
2025-06-20 11:42:51,577{GMT}	INFO	[jepsen worker 0] jepsen.util: 0	:ok	:read	[0 4]
2025-06-20 11:42:51,706{GMT}	INFO	[jepsen worker 6] jepsen.util: 6	:invoke	:cas	[0 [0 1]]
2025-06-20 11:42:51,731{GMT}	INFO	[jepsen worker 6] jepsen.util: 6	:fail	:cas	[0 [0 1]]	[:precondition-failed "expected value does not match"]
2025-06-20 11:42:51,839{GMT}	INFO	[jepsen worker 7] jepsen.util: 7	:invoke	:cas	[0 [1 4]]
2025-06-20 11:42:51,862{GMT}	INFO	[jepsen worker 7] jepsen.util: 7	:fail	:cas	[0 [1 4]]	[:precondition-failed "expected value does not match"]
2025-06-20 11:42:51,862{GMT}	INFO	[jepsen worker 8] jepsen.util: 8	:invoke	:cas	[0 [3 3]]
2025-06-20 11:42:51,873{GMT}	INFO	[jepsen worker 8] jepsen.util: 8	:fail	:cas	[0 [3 3]]	[:precondition-failed "expected value does not match"]
2025-06-20 11:42:51,991{GMT}	INFO	[jepsen worker 0] jepsen.util: 0	:invoke	:read	[0 nil]
2025-06-20 11:42:52,002{GMT}	INFO	[jepsen worker 0] jepsen.util: 0	:ok	:read	[0 4]
2025-06-20 11:42:52,062{GMT}	INFO	[jepsen worker 5] jepsen.util: 5	:invoke	:cas	[0 [4 0]]
2025-06-20 11:42:52,069{GMT}	INFO	[jepsen worker 5] jepsen.util: 5	:ok	:cas	[0 [4 0]]
2025-06-20 11:42:52,182{GMT}	INFO	[jepsen worker 0] jepsen.util: 0	:invoke	:read	[0 nil]
2025-06-20 11:42:52,192{GMT}	INFO	[jepsen worker 0] jepsen.util: 0	:ok	:read	[0 0]
2025-06-20 11:42:52,371{GMT}	INFO	[jepsen worker 1] jepsen.util: 1	:invoke	:read	[0 nil]
2025-06-20 11:42:52,383{GMT}	INFO	[jepsen worker 1] jepsen.util: 1	:ok	:read	[0 0]
2025-06-20 11:42:52,401{GMT}	INFO	[jepsen worker 5] jepsen.util: 5	:invoke	:cas	[0 [4 3]]
2025-06-20 11:42:52,413{GMT}	INFO	[jepsen worker 5] jepsen.util: 5	:fail	:cas	[0 [4 3]]	[:precondition-failed "expected value does not match"]
2025-06-20 11:42:52,526{GMT}	INFO	[jepsen worker 3] jepsen.util: 3	:invoke	:read	[0 nil]
2025-06-20 11:42:52,542{GMT}	INFO	[jepsen worker 3] jepsen.util: 3	:ok	:read	[0 0]
2025-06-20 11:42:52,731{GMT}	INFO	[jepsen worker 4] jepsen.util: 4	:invoke	:read	[0 nil]
2025-06-20 11:42:52,807{GMT}	INFO	[jepsen worker 5] jepsen.util: 5	:invoke	:cas	[0 [4 4]]
2025-06-20 11:42:52,811{GMT}	INFO	[jepsen worker 5] jepsen.util: 5	:fail	:cas	[0 [4 4]]	[:precondition-failed "expected value does not match"]
2025-06-20 11:42:52,880{GMT}	INFO	[jepsen worker 4] jepsen.util: 4	:ok	:read	[0 0]
2025-06-20 11:42:52,889{GMT}	INFO	[jepsen worker 0] jepsen.util: 0	:invoke	:read	[0 nil]
2025-06-20 11:42:52,891{GMT}	INFO	[jepsen worker 0] jepsen.util: 0	:ok	:read	[0 0]
2025-06-20 11:42:52,996{GMT}	INFO	[jepsen worker 0] jepsen.util: 0	:invoke	:read	[0 nil]
2025-06-20 11:42:52,999{GMT}	INFO	[jepsen worker 0] jepsen.util: 0	:ok	:read	[0 0]
2025-06-20 11:42:53,191{GMT}	INFO	[jepsen worker 0] jepsen.util: 0	:invoke	:read	[0 nil]
2025-06-20 11:42:53,197{GMT}	INFO	[jepsen worker 0] jepsen.util: 0	:ok	:read	[0 0]
2025-06-20 11:42:53,319{GMT}	INFO	[jepsen worker 0] jepsen.util: 0	:invoke	:read	[0 nil]
2025-06-20 11:42:53,329{GMT}	INFO	[jepsen worker 0] jepsen.util: 0	:ok	:read	[0 0]
2025-06-20 11:42:53,433{GMT}	INFO	[jepsen worker 5] jepsen.util: 5	:invoke	:cas	[0 [0 4]]
2025-06-20 11:42:53,454{GMT}	INFO	[jepsen worker 5] jepsen.util: 5	:ok	:cas	[0 [0 4]]
2025-06-20 11:42:53,609{GMT}	INFO	[jepsen worker 0] jepsen.util: 0	:invoke	:read	[0 nil]
2025-06-20 11:42:53,617{GMT}	INFO	[jepsen worker 0] jepsen.util: 0	:ok	:read	[0 4]
2025-06-20 11:42:53,777{GMT}	INFO	[jepsen worker 5] jepsen.util: 5	:invoke	:cas	[0 [2 3]]
2025-06-20 11:42:53,788{GMT}	INFO	[jepsen worker 5] jepsen.util: 5	:fail	:cas	[0 [2 3]]	[:precondition-failed "expected value does not match"]
2025-06-20 11:42:53,825{GMT}	INFO	[jepsen worker 2] jepsen.util: 2	:invoke	:read	[0 nil]
2025-06-20 11:42:53,841{GMT}	INFO	[jepsen worker 2] jepsen.util: 2	:ok	:read	[0 4]
2025-06-20 11:42:53,933{GMT}	INFO	[jepsen worker 5] jepsen.util: 5	:invoke	:write	[0 2]
2025-06-20 11:42:53,939{GMT}	INFO	[jepsen worker 5] jepsen.util: 5	:ok	:write	[0 2]
2025-06-20 11:42:53,968{GMT}	INFO	[jepsen worker 5] jepsen.util: 5	:invoke	:write	[0 3]
2025-06-20 11:42:53,974{GMT}	INFO	[jepsen worker 5] jepsen.util: 5	:ok	:write	[0 3]
2025-06-20 11:42:54,104{GMT}	INFO	[jepsen worker 0] jepsen.util: 0	:invoke	:read	[0 nil]
2025-06-20 11:42:54,108{GMT}	INFO	[jepsen worker 0] jepsen.util: 0	:ok	:read	[0 3]
2025-06-20 11:42:54,246{GMT}	INFO	[jepsen worker 0] jepsen.util: 0	:invoke	:read	[0 nil]
2025-06-20 11:42:54,251{GMT}	INFO	[jepsen worker 0] jepsen.util: 0	:ok	:read	[0 3]
2025-06-20 11:42:54,394{GMT}	INFO	[jepsen worker 0] jepsen.util: 0	:invoke	:read	[0 nil]
2025-06-20 11:42:54,415{GMT}	INFO	[jepsen worker 0] jepsen.util: 0	:ok	:read	[0 3]
2025-06-20 11:42:54,425{GMT}	INFO	[jepsen worker 8] jepsen.util: 8	:invoke	:write	[0 0]
2025-06-20 11:42:54,441{GMT}	INFO	[jepsen worker 8] jepsen.util: 8	:ok	:write	[0 0]
2025-06-20 11:42:54,495{GMT}	INFO	[jepsen worker 9] jepsen.util: 9	:invoke	:cas	[0 [0 3]]
2025-06-20 11:42:54,521{GMT}	INFO	[jepsen worker 9] jepsen.util: 9	:ok	:cas	[0 [0 3]]
2025-06-20 11:42:54,669{GMT}	INFO	[jepsen worker 5] jepsen.util: 5	:invoke	:cas	[0 [1 1]]
2025-06-20 11:42:54,680{GMT}	INFO	[jepsen worker 5] jepsen.util: 5	:fail	:cas	[0 [1 1]]	[:precondition-failed "expected value does not match"]
2025-06-20 11:42:54,748{GMT}	INFO	[jepsen worker 5] jepsen.util: 5	:invoke	:cas	[0 [3 2]]
2025-06-20 11:42:54,763{GMT}	INFO	[jepsen worker 5] jepsen.util: 5	:ok	:cas	[0 [3 2]]
2025-06-20 11:42:54,948{GMT}	INFO	[jepsen worker 1] jepsen.util: 1	:invoke	:read	[0 nil]
2025-06-20 11:42:54,975{GMT}	INFO	[jepsen worker 1] jepsen.util: 1	:ok	:read	[0 2]
2025-06-20 11:42:55,043{GMT}	INFO	[jepsen worker 2] jepsen.util: 2	:invoke	:read	[0 nil]
2025-06-20 11:42:55,079{GMT}	INFO	[jepsen worker 2] jepsen.util: 2	:ok	:read	[0 2]
2025-06-20 11:42:55,245{GMT}	INFO	[jepsen worker 5] jepsen.util: 5	:invoke	:cas	[0 [2 1]]
2025-06-20 11:42:55,255{GMT}	INFO	[jepsen worker 5] jepsen.util: 5	:ok	:cas	[0 [2 1]]
2025-06-20 11:42:55,344{GMT}	INFO	[jepsen worker 4] jepsen.util: 4	:invoke	:read	[0 nil]
2025-06-20 11:42:55,349{GMT}	INFO	[jepsen worker 0] jepsen.util: 0	:invoke	:read	[0 nil]
2025-06-20 11:42:55,358{GMT}	INFO	[jepsen worker 4] jepsen.util: 4	:ok	:read	[0 1]
2025-06-20 11:42:55,360{GMT}	INFO	[jepsen worker 0] jepsen.util: 0	:ok	:read	[0 1]
2025-06-20 11:42:55,413{GMT}	INFO	[jepsen worker 6] jepsen.util: 6	:invoke	:cas	[0 [4 3]]
2025-06-20 11:42:55,425{GMT}	INFO	[jepsen worker 6] jepsen.util: 6	:fail	:cas	[0 [4 3]]	[:precondition-failed "expected value does not match"]
2025-06-20 11:42:55,605{GMT}	INFO	[jepsen worker 0] jepsen.util: 0	:invoke	:read	[0 nil]
2025-06-20 11:42:55,614{GMT}	INFO	[jepsen worker 0] jepsen.util: 0	:ok	:read	[0 1]
2025-06-20 11:42:55,752{GMT}	INFO	[jepsen worker 8] jepsen.util: 8	:invoke	:write	[0 4]
2025-06-20 11:42:55,755{GMT}	INFO	[jepsen worker 8] jepsen.util: 8	:ok	:write	[0 4]
2025-06-20 11:42:55,928{GMT}	INFO	[jepsen worker 9] jepsen.util: 9	:invoke	:cas	[0 [3 0]]
2025-06-20 11:42:55,940{GMT}	INFO	[jepsen worker 9] jepsen.util: 9	:fail	:cas	[0 [3 0]]	[:precondition-failed "expected value does not match"]
2025-06-20 11:42:56,127{GMT}	INFO	[jepsen worker 5] jepsen.util: 5	:invoke	:write	[0 3]
2025-06-20 11:42:56,133{GMT}	INFO	[jepsen worker 5] jepsen.util: 5	:ok	:write	[0 3]
2025-06-20 11:42:56,151{GMT}	INFO	[jepsen worker 0] jepsen.util: 0	:invoke	:read	[0 nil]
2025-06-20 11:42:56,170{GMT}	INFO	[jepsen worker 1] jepsen.util: 1	:invoke	:read	[0 nil]
2025-06-20 11:42:56,184{GMT}	INFO	[jepsen worker 0] jepsen.util: 0	:ok	:read	[0 3]
2025-06-20 11:42:56,192{GMT}	INFO	[jepsen worker 1] jepsen.util: 1	:ok	:read	[0 3]
2025-06-20 11:42:56,261{GMT}	INFO	[jepsen worker 5] jepsen.util: 5	:invoke	:cas	[0 [0 2]]
2025-06-20 11:42:56,279{GMT}	INFO	[jepsen worker 5] jepsen.util: 5	:fail	:cas	[0 [0 2]]	[:precondition-failed "expected value does not match"]
2025-06-20 11:42:56,407{GMT}	INFO	[jepsen worker 5] jepsen.util: 5	:invoke	:cas	[0 [1 4]]
2025-06-20 11:42:56,407{GMT}	INFO	[jepsen worker 4] jepsen.util: 4	:invoke	:read	[0 nil]
2025-06-20 11:42:56,412{GMT}	INFO	[jepsen worker 5] jepsen.util: 5	:fail	:cas	[0 [1 4]]	[:precondition-failed "expected value does not match"]
2025-06-20 11:42:56,412{GMT}	INFO	[jepsen worker 4] jepsen.util: 4	:ok	:read	[0 3]
2025-06-20 11:42:56,510{GMT}	INFO	[jepsen worker 0] jepsen.util: 0	:invoke	:read	[0 nil]
2025-06-20 11:42:56,520{GMT}	INFO	[jepsen worker 0] jepsen.util: 0	:ok	:read	[0 3]
2025-06-20 11:42:56,625{GMT}	INFO	[jepsen worker 6] jepsen.util: 6	:invoke	:write	[0 1]
2025-06-20 11:42:56,655{GMT}	INFO	[jepsen worker 6] jepsen.util: 6	:ok	:write	[0 1]
2025-06-20 11:42:56,817{GMT}	INFO	[jepsen worker 7] jepsen.util: 7	:invoke	:cas	[0 [2 3]]
2025-06-20 11:42:56,827{GMT}	INFO	[jepsen worker 7] jepsen.util: 7	:fail	:cas	[0 [2 3]]	[:precondition-failed "expected value does not match"]
2025-06-20 11:42:56,868{GMT}	INFO	[jepsen worker 8] jepsen.util: 8	:invoke	:cas	[0 [3 1]]
2025-06-20 11:42:56,880{GMT}	INFO	[jepsen worker 8] jepsen.util: 8	:fail	:cas	[0 [3 1]]	[:precondition-failed "expected value does not match"]
2025-06-20 11:42:56,882{GMT}	INFO	[jepsen worker 0] jepsen.util: 0	:invoke	:read	[0 nil]
2025-06-20 11:42:56,890{GMT}	INFO	[jepsen worker 0] jepsen.util: 0	:ok	:read	[0 1]
2025-06-20 11:42:57,048{GMT}	INFO	[jepsen worker 0] jepsen.util: 0	:invoke	:read	[0 nil]
2025-06-20 11:42:57,064{GMT}	INFO	[jepsen worker 5] jepsen.util: 5	:invoke	:cas	[0 [3 4]]
2025-06-20 11:42:57,066{GMT}	INFO	[jepsen worker 0] jepsen.util: 0	:ok	:read	[0 1]
2025-06-20 11:42:57,071{GMT}	INFO	[jepsen worker 5] jepsen.util: 5	:fail	:cas	[0 [3 4]]	[:precondition-failed "expected value does not match"]
2025-06-20 11:42:57,189{GMT}	INFO	[jepsen worker 5] jepsen.util: 5	:invoke	:cas	[0 [3 2]]
2025-06-20 11:42:57,190{GMT}	INFO	[jepsen worker 6] jepsen.util: 6	:invoke	:cas	[0 [4 4]]
2025-06-20 11:42:57,194{GMT}	INFO	[jepsen worker 5] jepsen.util: 5	:fail	:cas	[0 [3 2]]	[:precondition-failed "expected value does not match"]
2025-06-20 11:42:57,196{GMT}	INFO	[jepsen worker 6] jepsen.util: 6	:fail	:cas	[0 [4 4]]	[:precondition-failed "expected value does not match"]
2025-06-20 11:42:57,244{GMT}	INFO	[jepsen worker 5] jepsen.util: 5	:invoke	:cas	[0 [1 0]]
2025-06-20 11:42:57,252{GMT}	INFO	[jepsen worker 5] jepsen.util: 5	:ok	:cas	[0 [1 0]]
2025-06-20 11:42:57,387{GMT}	INFO	[jepsen worker 4] jepsen.util: 4	:invoke	:read	[0 nil]
2025-06-20 11:42:57,396{GMT}	INFO	[jepsen worker 4] jepsen.util: 4	:ok	:read	[0 0]
2025-06-20 11:42:57,517{GMT}	INFO	[jepsen worker 0] jepsen.util: 0	:invoke	:read	[0 nil]
2025-06-20 11:42:57,528{GMT}	INFO	[jepsen worker 0] jepsen.util: 0	:ok	:read	[0 0]
2025-06-20 11:42:57,553{GMT}	INFO	[jepsen worker 0] jepsen.util: 0	:invoke	:read	[0 nil]
2025-06-20 11:42:57,563{GMT}	INFO	[jepsen worker 0] jepsen.util: 0	:ok	:read	[0 0]
2025-06-20 11:42:57,736{GMT}	INFO	[jepsen worker 7] jepsen.util: 7	:invoke	:cas	[0 [2 0]]
2025-06-20 11:42:57,743{GMT}	INFO	[jepsen worker 7] jepsen.util: 7	:fail	:cas	[0 [2 0]]	[:precondition-failed "expected value does not match"]
2025-06-20 11:42:57,860{GMT}	INFO	[jepsen worker 0] jepsen.util: 0	:invoke	:read	[0 nil]
2025-06-20 11:42:57,871{GMT}	INFO	[jepsen worker 0] jepsen.util: 0	:ok	:read	[0 0]
2025-06-20 11:42:58,061{GMT}	INFO	[jepsen worker 0] jepsen.util: 0	:invoke	:read	[0 nil]
2025-06-20 11:42:58,075{GMT}	INFO	[jepsen worker 0] jepsen.util: 0	:ok	:read	[0 0]
2025-06-20 11:42:58,076{GMT}	INFO	[jepsen worker 1] jepsen.util: 1	:invoke	:read	[0 nil]
2025-06-20 11:42:58,083{GMT}	INFO	[jepsen worker 1] jepsen.util: 1	:ok	:read	[0 0]
2025-06-20 11:42:58,178{GMT}	INFO	[jepsen worker 0] jepsen.util: 0	:invoke	:read	[0 nil]
2025-06-20 11:42:58,182{GMT}	INFO	[jepsen worker 0] jepsen.util: 0	:ok	:read	[0 0]
2025-06-20 11:42:58,287{GMT}	INFO	[jepsen worker 5] jepsen.util: 5	:invoke	:cas	[0 [3 2]]
2025-06-20 11:42:58,301{GMT}	INFO	[jepsen worker 5] jepsen.util: 5	:fail	:cas	[0 [3 2]]	[:precondition-failed "expected value does not match"]
2025-06-20 11:42:58,327{GMT}	INFO	[jepsen worker 2] jepsen.util: 2	:invoke	:read	[0 nil]
2025-06-20 11:42:58,329{GMT}	INFO	[jepsen worker 2] jepsen.util: 2	:ok	:read	[0 0]
2025-06-20 11:42:58,387{GMT}	INFO	[jepsen worker 5] jepsen.util: 5	:invoke	:cas	[0 [2 3]]
2025-06-20 11:42:58,393{GMT}	INFO	[jepsen worker 5] jepsen.util: 5	:fail	:cas	[0 [2 3]]	[:precondition-failed "expected value does not match"]
2025-06-20 11:42:58,495{GMT}	INFO	[jepsen worker 5] jepsen.util: 5	:invoke	:cas	[0 [2 4]]
2025-06-20 11:42:58,512{GMT}	INFO	[jepsen worker 0] jepsen.util: 0	:invoke	:read	[0 nil]
2025-06-20 11:42:58,521{GMT}	INFO	[jepsen worker 5] jepsen.util: 5	:fail	:cas	[0 [2 4]]	[:precondition-failed "expected value does not match"]
2025-06-20 11:42:58,523{GMT}	INFO	[jepsen worker 0] jepsen.util: 0	:ok	:read	[0 0]
2025-06-20 11:42:58,572{GMT}	INFO	[jepsen worker 0] jepsen.util: 0	:invoke	:read	[0 nil]
2025-06-20 11:42:58,581{GMT}	INFO	[jepsen worker 0] jepsen.util: 0	:ok	:read	[0 0]
2025-06-20 11:42:58,640{GMT}	INFO	[jepsen worker 7] jepsen.util: 7	:invoke	:cas	[0 [4 1]]
2025-06-20 11:42:58,661{GMT}	INFO	[jepsen worker 7] jepsen.util: 7	:fail	:cas	[0 [4 1]]	[:precondition-failed "expected value does not match"]
2025-06-20 11:42:58,835{GMT}	INFO	[jepsen worker 0] jepsen.util: 0	:invoke	:read	[0 nil]
2025-06-20 11:42:58,848{GMT}	INFO	[jepsen worker 0] jepsen.util: 0	:ok	:read	[0 0]
2025-06-20 11:42:58,852{GMT}	INFO	[jepsen worker 0] jepsen.util: 0	:invoke	:read	[0 nil]
2025-06-20 11:42:58,859{GMT}	INFO	[jepsen worker 0] jepsen.util: 0	:ok	:read	[0 0]
2025-06-20 11:42:58,992{GMT}	INFO	[jepsen worker 0] jepsen.util: 0	:invoke	:read	[0 nil]
2025-06-20 11:42:59,004{GMT}	INFO	[jepsen worker 0] jepsen.util: 0	:ok	:read	[0 0]
2025-06-20 11:42:59,166{GMT}	INFO	[jepsen worker 0] jepsen.util: 0	:invoke	:read	[0 nil]
2025-06-20 11:42:59,170{GMT}	INFO	[jepsen worker 0] jepsen.util: 0	:ok	:read	[0 0]
2025-06-20 11:42:59,341{GMT}	INFO	[jepsen worker 5] jepsen.util: 5	:invoke	:cas	[0 [2 3]]
2025-06-20 11:42:59,352{GMT}	INFO	[jepsen worker 5] jepsen.util: 5	:fail	:cas	[0 [2 3]]	[:precondition-failed "expected value does not match"]
2025-06-20 11:42:59,468{GMT}	INFO	[jepsen worker 5] jepsen.util: 5	:invoke	:write	[0 1]
2025-06-20 11:42:59,508{GMT}	INFO	[jepsen worker 5] jepsen.util: 5	:ok	:write	[0 1]
2025-06-20 11:42:59,529{GMT}	INFO	[jepsen worker 5] jepsen.util: 5	:invoke	:cas	[0 [2 1]]
2025-06-20 11:42:59,540{GMT}	INFO	[jepsen worker 5] jepsen.util: 5	:fail	:cas	[0 [2 1]]	[:precondition-failed "expected value does not match"]
2025-06-20 11:42:59,685{GMT}	INFO	[jepsen worker 4] jepsen.util: 4	:invoke	:read	[0 nil]
2025-06-20 11:42:59,700{GMT}	INFO	[jepsen worker 4] jepsen.util: 4	:ok	:read	[0 1]
2025-06-20 11:42:59,745{GMT}	INFO	[jepsen worker 0] jepsen.util: 0	:invoke	:read	[0 nil]
2025-06-20 11:42:59,752{GMT}	INFO	[jepsen worker 0] jepsen.util: 0	:ok	:read	[0 1]
2025-06-20 11:42:59,805{GMT}	INFO	[jepsen worker 6] jepsen.util: 6	:invoke	:cas	[0 [1 0]]
2025-06-20 11:42:59,828{GMT}	INFO	[jepsen worker 6] jepsen.util: 6	:ok	:cas	[0 [1 0]]
2025-06-20 11:43:00,019{GMT}	INFO	[jepsen worker 0] jepsen.util: 0	:invoke	:read	[0 nil]
2025-06-20 11:43:00,028{GMT}	INFO	[jepsen worker 0] jepsen.util: 0	:ok	:read	[0 0]
2025-06-20 11:43:00,060{GMT}	INFO	[jepsen worker 0] jepsen.util: 0	:invoke	:read	[0 nil]
2025-06-20 11:43:00,072{GMT}	INFO	[jepsen worker 0] jepsen.util: 0	:ok	:read	[0 0]
2025-06-20 11:43:00,178{GMT}	INFO	[jepsen worker 9] jepsen.util: 9	:invoke	:cas	[0 [3 1]]
2025-06-20 11:43:00,194{GMT}	INFO	[jepsen worker 9] jepsen.util: 9	:fail	:cas	[0 [3 1]]	[:precondition-failed "expected value does not match"]
2025-06-20 11:43:00,311{GMT}	INFO	[jepsen worker 0] jepsen.util: 0	:invoke	:read	[0 nil]
2025-06-20 11:43:00,324{GMT}	INFO	[jepsen worker 0] jepsen.util: 0	:ok	:read	[0 0]
2025-06-20 11:43:00,373{GMT}	INFO	[jepsen worker 5] jepsen.util: 5	:invoke	:write	[0 1]
2025-06-20 11:43:00,418{GMT}	INFO	[jepsen worker 5] jepsen.util: 5	:ok	:write	[0 1]
2025-06-20 11:43:00,505{GMT}	INFO	[jepsen worker 1] jepsen.util: 1	:invoke	:read	[0 nil]
2025-06-20 11:43:00,522{GMT}	INFO	[jepsen worker 1] jepsen.util: 1	:ok	:read	[0 1]
2025-06-20 11:43:00,619{GMT}	INFO	[jepsen worker 2] jepsen.util: 2	:invoke	:read	[0 nil]
2025-06-20 11:43:00,634{GMT}	INFO	[jepsen worker 2] jepsen.util: 2	:ok	:read	[0 1]
2025-06-20 11:43:00,761{GMT}	INFO	[jepsen worker 3] jepsen.util: 3	:invoke	:read	[0 nil]
2025-06-20 11:43:00,780{GMT}	INFO	[jepsen worker 3] jepsen.util: 3	:ok	:read	[0 1]
2025-06-20 11:43:00,936{GMT}	INFO	[jepsen worker 4] jepsen.util: 4	:invoke	:read	[0 nil]
2025-06-20 11:43:00,948{GMT}	INFO	[jepsen worker 4] jepsen.util: 4	:ok	:read	[0 1]
2025-06-20 11:43:01,030{GMT}	INFO	[jepsen worker 0] jepsen.util: 0	:invoke	:read	[0 nil]
2025-06-20 11:43:01,055{GMT}	INFO	[jepsen worker 0] jepsen.util: 0	:ok	:read	[0 1]
2025-06-20 11:43:01,184{GMT}	INFO	[jepsen worker 6] jepsen.util: 6	:invoke	:cas	[0 [4 0]]
2025-06-20 11:43:01,205{GMT}	INFO	[jepsen worker 6] jepsen.util: 6	:fail	:cas	[0 [4 0]]	[:precondition-failed "expected value does not match"]
2025-06-20 11:43:01,340{GMT}	INFO	[jepsen worker 7] jepsen.util: 7	:invoke	:cas	[0 [3 1]]
2025-06-20 11:43:01,350{GMT}	INFO	[jepsen worker 7] jepsen.util: 7	:fail	:cas	[0 [3 1]]	[:precondition-failed "expected value does not match"]
2025-06-20 11:43:01,476{GMT}	INFO	[jepsen worker 8] jepsen.util: 8	:invoke	:write	[0 2]
2025-06-20 11:43:01,503{GMT}	INFO	[jepsen worker 8] jepsen.util: 8	:ok	:write	[0 2]
2025-06-20 11:43:01,668{GMT}	INFO	[jepsen worker 9] jepsen.util: 9	:invoke	:cas	[0 [0 2]]
2025-06-20 11:43:01,681{GMT}	INFO	[jepsen worker 9] jepsen.util: 9	:fail	:cas	[0 [0 2]]	[:precondition-failed "expected value does not match"]
2025-06-20 11:43:01,853{GMT}	INFO	[jepsen worker 0] jepsen.util: 0	:invoke	:read	[0 nil]
2025-06-20 11:43:01,859{GMT}	INFO	[jepsen worker 0] jepsen.util: 0	:ok	:read	[0 2]
2025-06-20 11:43:01,862{GMT}	INFO	[jepsen worker 5] jepsen.util: 5	:invoke	:write	[0 1]
2025-06-20 11:43:01,868{GMT}	INFO	[jepsen worker 5] jepsen.util: 5	:ok	:write	[0 1]
2025-06-20 11:43:01,917{GMT}	INFO	[jepsen worker 5] jepsen.util: 5	:invoke	:cas	[0 [0 0]]
2025-06-20 11:43:01,930{GMT}	INFO	[jepsen worker 5] jepsen.util: 5	:fail	:cas	[0 [0 0]]	[:precondition-failed "expected value does not match"]
2025-06-20 11:43:02,101{GMT}	INFO	[jepsen worker 5] jepsen.util: 5	:invoke	:cas	[0 [1 0]]
2025-06-20 11:43:02,107{GMT}	INFO	[jepsen worker 5] jepsen.util: 5	:ok	:cas	[0 [1 0]]
2025-06-20 11:43:02,239{GMT}	INFO	[jepsen worker 5] jepsen.util: 5	:invoke	:cas	[0 [2 1]]
2025-06-20 11:43:02,255{GMT}	INFO	[jepsen worker 5] jepsen.util: 5	:fail	:cas	[0 [2 1]]	[:precondition-failed "expected value does not match"]
2025-06-20 11:43:02,430{GMT}	INFO	[jepsen worker 5] jepsen.util: 5	:invoke	:cas	[0 [0 3]]
2025-06-20 11:43:02,457{GMT}	INFO	[jepsen worker 5] jepsen.util: 5	:ok	:cas	[0 [0 3]]
2025-06-20 11:43:02,623{GMT}	INFO	[jepsen worker 0] jepsen.util: 0	:invoke	:read	[0 nil]
2025-06-20 11:43:02,637{GMT}	INFO	[jepsen worker 0] jepsen.util: 0	:ok	:read	[0 3]
2025-06-20 11:43:02,803{GMT}	INFO	[jepsen worker 6] jepsen.util: 6	:invoke	:cas	[0 [2 3]]
2025-06-20 11:43:02,813{GMT}	INFO	[jepsen worker 7] jepsen.util: 7	:invoke	:write	[0 2]
2025-06-20 11:43:02,821{GMT}	INFO	[jepsen worker 6] jepsen.util: 6	:fail	:cas	[0 [2 3]]	[:precondition-failed "expected value does not match"]
2025-06-20 11:43:02,836{GMT}	INFO	[jepsen worker 7] jepsen.util: 7	:ok	:write	[0 2]
2025-06-20 11:43:02,919{GMT}	INFO	[jepsen worker 0] jepsen.util: 0	:invoke	:read	[0 nil]
2025-06-20 11:43:02,930{GMT}	INFO	[jepsen worker 0] jepsen.util: 0	:ok	:read	[0 2]
2025-06-20 11:43:02,943{GMT}	INFO	[jepsen worker 9] jepsen.util: 9	:invoke	:cas	[0 [0 3]]
2025-06-20 11:43:02,951{GMT}	INFO	[jepsen worker 9] jepsen.util: 9	:fail	:cas	[0 [0 3]]	[:precondition-failed "expected value does not match"]
2025-06-20 11:43:03,068{GMT}	INFO	[jepsen worker 5] jepsen.util: 5	:invoke	:cas	[0 [2 0]]
2025-06-20 11:43:03,083{GMT}	INFO	[jepsen worker 5] jepsen.util: 5	:ok	:cas	[0 [2 0]]
2025-06-20 11:43:03,116{GMT}	INFO	[jepsen worker 0] jepsen.util: 0	:invoke	:read	[0 nil]
2025-06-20 11:43:03,133{GMT}	INFO	[jepsen worker 0] jepsen.util: 0	:ok	:read	[0 0]
2025-06-20 11:43:03,201{GMT}	INFO	[jepsen worker 1] jepsen.util: 1	:invoke	:read	[0 nil]
2025-06-20 11:43:03,219{GMT}	INFO	[jepsen worker 1] jepsen.util: 1	:ok	:read	[0 0]
2025-06-20 11:43:03,404{GMT}	INFO	[jepsen worker 2] jepsen.util: 2	:invoke	:read	[0 nil]
2025-06-20 11:43:03,421{GMT}	INFO	[jepsen worker 2] jepsen.util: 2	:ok	:read	[0 0]
2025-06-20 11:43:03,427{GMT}	INFO	[jepsen worker 5] jepsen.util: 5	:invoke	:cas	[0 [2 0]]
2025-06-20 11:43:03,435{GMT}	INFO	[jepsen worker 5] jepsen.util: 5	:fail	:cas	[0 [2 0]]	[:precondition-failed "expected value does not match"]
2025-06-20 11:43:03,459{GMT}	INFO	[jepsen worker 5] jepsen.util: 5	:invoke	:cas	[0 [1 0]]
2025-06-20 11:43:03,473{GMT}	INFO	[jepsen worker 5] jepsen.util: 5	:fail	:cas	[0 [1 0]]	[:precondition-failed "expected value does not match"]
2025-06-20 11:43:03,553{GMT}	INFO	[jepsen worker 0] jepsen.util: 0	:invoke	:read	[0 nil]
2025-06-20 11:43:03,570{GMT}	INFO	[jepsen worker 0] jepsen.util: 0	:ok	:read	[0 0]
2025-06-20 11:43:03,575{GMT}	INFO	[jepsen worker 6] jepsen.util: 6	:invoke	:write	[0 3]
2025-06-20 11:43:03,591{GMT}	INFO	[jepsen worker 6] jepsen.util: 6	:ok	:write	[0 3]
2025-06-20 11:43:03,694{GMT}	INFO	[jepsen worker 7] jepsen.util: 7	:invoke	:cas	[0 [1 0]]
2025-06-20 11:43:03,711{GMT}	INFO	[jepsen worker 7] jepsen.util: 7	:fail	:cas	[0 [1 0]]	[:precondition-failed "expected value does not match"]
2025-06-20 11:43:03,765{GMT}	INFO	[jepsen worker 8] jepsen.util: 8	:invoke	:cas	[0 [0 1]]
2025-06-20 11:43:03,779{GMT}	INFO	[jepsen worker 8] jepsen.util: 8	:fail	:cas	[0 [0 1]]	[:precondition-failed "expected value does not match"]
2025-06-20 11:43:03,848{GMT}	INFO	[jepsen worker 0] jepsen.util: 0	:invoke	:read	[0 nil]
2025-06-20 11:43:03,859{GMT}	INFO	[jepsen worker 0] jepsen.util: 0	:ok	:read	[0 3]
2025-06-20 11:43:03,888{GMT}	INFO	[jepsen worker 0] jepsen.util: 0	:invoke	:read	[0 nil]
2025-06-20 11:43:03,893{GMT}	INFO	[jepsen worker 0] jepsen.util: 0	:ok	:read	[0 3]
2025-06-20 11:43:04,020{GMT}	INFO	[jepsen worker 5] jepsen.util: 5	:invoke	:write	[0 4]
2025-06-20 11:43:04,028{GMT}	INFO	[jepsen worker 5] jepsen.util: 5	:ok	:write	[0 4]
2025-06-20 11:43:04,089{GMT}	INFO	[jepsen worker 5] jepsen.util: 5	:invoke	:cas	[0 [3 4]]
2025-06-20 11:43:04,097{GMT}	INFO	[jepsen worker 5] jepsen.util: 5	:fail	:cas	[0 [3 4]]	[:precondition-failed "expected value does not match"]
2025-06-20 11:43:04,253{GMT}	INFO	[jepsen worker 2] jepsen.util: 2	:invoke	:read	[0 nil]
2025-06-20 11:43:04,275{GMT}	INFO	[jepsen worker 2] jepsen.util: 2	:ok	:read	[0 4]
2025-06-20 11:43:04,377{GMT}	INFO	[jepsen worker 5] jepsen.util: 5	:invoke	:write	[0 3]
2025-06-20 11:43:04,412{GMT}	INFO	[jepsen worker 5] jepsen.util: 5	:ok	:write	[0 3]
2025-06-20 11:43:04,412{GMT}	INFO	[jepsen worker 4] jepsen.util: 4	:invoke	:read	[0 nil]
2025-06-20 11:43:04,421{GMT}	INFO	[jepsen worker 4] jepsen.util: 4	:ok	:read	[0 3]
2025-06-20 11:43:04,541{GMT}	INFO	[jepsen worker 0] jepsen.util: 0	:invoke	:read	[0 nil]
2025-06-20 11:43:04,550{GMT}	INFO	[jepsen worker 0] jepsen.util: 0	:ok	:read	[0 3]
2025-06-20 11:43:04,554{GMT}	INFO	[jepsen worker 0] jepsen.util: 0	:invoke	:read	[0 nil]
2025-06-20 11:43:04,565{GMT}	INFO	[jepsen worker 0] jepsen.util: 0	:ok	:read	[0 3]
2025-06-20 11:43:04,654{GMT}	INFO	[jepsen worker 0] jepsen.util: 0	:invoke	:read	[0 nil]
2025-06-20 11:43:04,667{GMT}	INFO	[jepsen worker 0] jepsen.util: 0	:ok	:read	[0 3]
2025-06-20 11:43:04,817{GMT}	INFO	[jepsen worker 0] jepsen.util: 0	:invoke	:read	[0 nil]
2025-06-20 11:43:04,830{GMT}	INFO	[jepsen worker 0] jepsen.util: 0	:ok	:read	[0 3]
2025-06-20 11:43:04,995{GMT}	INFO	[jepsen worker 0] jepsen.util: 0	:invoke	:read	[0 nil]
2025-06-20 11:43:05,003{GMT}	INFO	[jepsen worker 0] jepsen.util: 0	:ok	:read	[0 3]
2025-06-20 11:43:05,178{GMT}	INFO	[jepsen worker 0] jepsen.util: 0	:invoke	:read	[0 nil]
2025-06-20 11:43:05,183{GMT}	INFO	[jepsen worker 0] jepsen.util: 0	:ok	:read	[0 3]
2025-06-20 11:43:05,201{GMT}	INFO	[jepsen worker 5] jepsen.util: 5	:invoke	:cas	[0 [1 3]]
2025-06-20 11:43:05,209{GMT}	INFO	[jepsen worker 5] jepsen.util: 5	:fail	:cas	[0 [1 3]]	[:precondition-failed "expected value does not match"]
2025-06-20 11:43:05,219{GMT}	INFO	[jepsen worker 1] jepsen.util: 1	:invoke	:read	[0 nil]
2025-06-20 11:43:05,227{GMT}	INFO	[jepsen worker 1] jepsen.util: 1	:ok	:read	[0 3]
2025-06-20 11:43:05,242{GMT}	INFO	[jepsen worker 5] jepsen.util: 5	:invoke	:cas	[0 [4 2]]
2025-06-20 11:43:05,282{GMT}	INFO	[jepsen worker 5] jepsen.util: 5	:fail	:cas	[0 [4 2]]	[:precondition-failed "expected value does not match"]
2025-06-20 11:43:05,282{GMT}	INFO	[jepsen worker 5] jepsen.util: 5	:invoke	:write	[0 0]
2025-06-20 11:43:05,286{GMT}	INFO	[jepsen worker 5] jepsen.util: 5	:ok	:write	[0 0]
2025-06-20 11:43:05,301{GMT}	INFO	[jepsen worker 4] jepsen.util: 4	:invoke	:read	[0 nil]
2025-06-20 11:43:05,304{GMT}	INFO	[jepsen worker 4] jepsen.util: 4	:ok	:read	[0 0]
2025-06-20 11:43:05,304{GMT}	INFO	[jepsen worker 5] jepsen.util: 5	:invoke	:write	[0 4]
2025-06-20 11:43:05,306{GMT}	INFO	[jepsen worker 5] jepsen.util: 5	:ok	:write	[0 4]
2025-06-20 11:43:05,375{GMT}	INFO	[jepsen worker 6] jepsen.util: 6	:invoke	:write	[0 2]
2025-06-20 11:43:05,379{GMT}	INFO	[jepsen worker 6] jepsen.util: 6	:ok	:write	[0 2]
2025-06-20 11:43:05,492{GMT}	INFO	[jepsen worker 7] jepsen.util: 7	:invoke	:write	[0 2]
2025-06-20 11:43:05,497{GMT}	INFO	[jepsen worker 7] jepsen.util: 7	:ok	:write	[0 2]
2025-06-20 11:43:05,535{GMT}	INFO	[jepsen worker 0] jepsen.util: 0	:invoke	:read	[0 nil]
2025-06-20 11:43:05,544{GMT}	INFO	[jepsen worker 0] jepsen.util: 0	:ok	:read	[0 2]
2025-06-20 11:43:05,547{GMT}	INFO	[jepsen worker 9] jepsen.util: 9	:invoke	:write	[0 4]
2025-06-20 11:43:05,558{GMT}	INFO	[jepsen worker 9] jepsen.util: 9	:ok	:write	[0 4]
2025-06-20 11:43:05,661{GMT}	INFO	[jepsen worker 5] jepsen.util: 5	:invoke	:write	[0 4]
2025-06-20 11:43:05,670{GMT}	INFO	[jepsen worker 5] jepsen.util: 5	:ok	:write	[0 4]
2025-06-20 11:43:05,788{GMT}	INFO	[jepsen worker 5] jepsen.util: 5	:invoke	:cas	[0 [3 3]]
2025-06-20 11:43:05,792{GMT}	INFO	[jepsen worker 6] jepsen.util: 6	:invoke	:cas	[0 [0 0]]
2025-06-20 11:43:05,802{GMT}	INFO	[jepsen worker 6] jepsen.util: 6	:fail	:cas	[0 [0 0]]	[:precondition-failed "expected value does not match"]
2025-06-20 11:43:05,802{GMT}	INFO	[jepsen worker 5] jepsen.util: 5	:fail	:cas	[0 [3 3]]	[:precondition-failed "expected value does not match"]
2025-06-20 11:43:05,926{GMT}	INFO	[jepsen worker 2] jepsen.util: 2	:invoke	:read	[0 nil]
2025-06-20 11:43:05,943{GMT}	INFO	[jepsen worker 2] jepsen.util: 2	:ok	:read	[0 4]
2025-06-20 11:43:05,970{GMT}	INFO	[jepsen test runner] jepsen.core: Run complete, writing
2025-06-20 11:43:06,015{GMT}	INFO	[jepsen node n5] maelstrom.db: Tearing down n5
2025-06-20 11:43:06,015{GMT}	INFO	[jepsen node n2] maelstrom.db: Tearing down n2
2025-06-20 11:43:06,015{GMT}	INFO	[jepsen node n4] maelstrom.db: Tearing down n4
2025-06-20 11:43:06,015{GMT}	INFO	[jepsen node n3] maelstrom.db: Tearing down n3
2025-06-20 11:43:06,015{GMT}	INFO	[jepsen node n1] maelstrom.db: Tearing down n1
2025-06-20 11:43:07,197{GMT}	INFO	[jepsen node n1] maelstrom.net: Shutting down Maelstrom network
2025-06-20 11:43:07,203{GMT}	INFO	[jepsen test runner] jepsen.core: Analyzing...
2025-06-20 11:43:07,323{GMT}	INFO	[clojure-agent-send-pool-0] jepsen.independent: Wrote /Users/hiroyuki/Dropbox/Docs/git/scalardb-maelstrom-kv/store/lin-kv/20250620T114248.948+0900/independent/0/results.edn
2025-06-20 11:43:07,328{GMT}	INFO	[clojure-agent-send-pool-0] jepsen.independent: Wrote /Users/hiroyuki/Dropbox/Docs/git/scalardb-maelstrom-kv/store/lin-kv/20250620T114248.948+0900/independent/0/history.edn
2025-06-20 11:43:07,332{GMT}	INFO	[jepsen test runner] jepsen.core: Analysis complete
2025-06-20 11:43:07,345{GMT}	INFO	[jepsen results] jepsen.store: Wrote /Users/hiroyuki/Dropbox/Docs/git/scalardb-maelstrom-kv/store/lin-kv/20250620T114248.948+0900/results.edn
2025-06-20 11:43:07,369{GMT}	INFO	[jepsen test runner] jepsen.core: {:perf {:latency-graph {:valid? true},
        :rate-graph {:valid? true},
        :valid? true},
 :timeline {:valid? true},
 :exceptions {:valid? true},
 :stats {:valid? true,
         :count 146,
         :ok-count 102,
         :fail-count 44,
         :info-count 0,
         :by-f {:cas {:valid? true,
                      :count 51,
                      :ok-count 10,
                      :fail-count 41,
                      :info-count 0},
                :read {:valid? true,
                       :count 74,
                       :ok-count 71,
                       :fail-count 3,
                       :info-count 0},
                :write {:valid? true,
                        :count 21,
                        :ok-count 21,
                        :fail-count 0,
                        :info-count 0}}},
 :availability {:valid? true, :ok-fraction 0.69863015},
 :net {:all {:send-count 302,
             :recv-count 302,
             :msg-count 302,
             :msgs-per-op 2.0684931},
       :clients {:send-count 302, :recv-count 302, :msg-count 302},
       :servers {:send-count 0,
                 :recv-count 0,
                 :msg-count 0,
                 :msgs-per-op 0.0},
       :valid? true},
 :workload {:valid? true,
            :results {0 {:linearizable {:valid? true,
                                        :configs ({:model #knossos.model.CASRegister{:value 4},
                                                   :last-op {:process 2,
                                                             :type :ok,
                                                             :f :read,
                                                             :value 4,
                                                             :index 291,
                                                             :time 14978073625},
                                                   :pending []}),
                                        :final-paths ()},
                         :timeline {:valid? true},
                         :valid? true}},
            :failures []},
 :valid? true}


Everything looks good! ヽ(‘ー`)ノ
