2025-06-20 11:53:13,016{GMT}	INFO	[jepsen test runner] jepsen.core: Command line:
lein run test -w lin-kv --bin ./maelstrom-wrapper.sh --concurrency 30 --time-limit 10 --rate 10 --key-count 3
2025-06-20 11:53:13,055{GMT}	INFO	[jepsen test runner] jepsen.core: Running test:
{:args []
 :remote
 #jepsen.control.retry.Remote{:remote #jepsen.control.scp.Remote{:cmd-remote #jepsen.control.sshj.SSHJRemote{:concurrency-limit 6,
                                                                                                             :conn-spec nil,
                                                                                                             :client nil,
                                                                                                             :semaphore nil},
                                                                 :conn-spec nil},
                              :conn nil}
 :log-net-send false
 :node-count nil
 :availability nil
 :max-txn-length 4
 :concurrency 30
 :key-count 3
 :db
 #object[maelstrom.db$db$reify__16612
         "0x69c27acb"
         "maelstrom.db$db$reify__16612@69c27acb"]
 :max-writes-per-key 16
 :leave-db-running? false
 :name "lin-kv"
 :logging-json? false
 :start-time
 #object[org.joda.time.DateTime "0xf500481" "2025-06-20T11:53:12.989+09:00"]
 :nemesis-interval 10
 :net
 #object[maelstrom.net$jepsen_net$reify__15721
         "0x38dde7ec"
         "maelstrom.net$jepsen_net$reify__15721@38dde7ec"]
 :client
 #object[maelstrom.workload.lin_kv$client$reify__20973
         "0x3bc57af4"
         "maelstrom.workload.lin_kv$client$reify__20973@3bc57af4"]
 :barrier
 #object[java.util.concurrent.CyclicBarrier
         "0x3f19f197"
         "java.util.concurrent.CyclicBarrier@3f19f197"]
 :log-stderr false
 :pure-generators true
 :ssh {:dummy? true}
 :rate 10.0
 :checker
 #object[jepsen.checker$compose$reify__11089
         "0x30628ef9"
         "jepsen.checker$compose$reify__11089@30628ef9"]
 :argv
 ("test"
  "-w"
  "lin-kv"
  "--bin"
  "./maelstrom-wrapper.sh"
  "--concurrency"
  "30"
  "--time-limit"
  "10"
  "--rate"
  "10"
  "--key-count"
  "3")
 :nemesis
 (jepsen.nemesis.ReflCompose
  {:fm {:start-partition 0,
        :stop-partition 0,
        :kill 1,
        :start 1,
        :pause 1,
        :resume 1},
   :nemeses [#unprintable "jepsen.nemesis.combined$partition_nemesis$reify__16905@6757ed9e"
             #unprintable "jepsen.nemesis.combined$db_nemesis$reify__16886@77d5395a"]})
 :nodes ["n1" "n2" "n3" "n4" "n5"]
 :test-count 1
 :latency {:mean 0, :dist :constant}
 :bin "./maelstrom-wrapper.sh"
 :generator
 #object[jepsen.util.Forgettable
         "0x5af850f1"
         (jepsen.generator.TimeLimit
          {:limit 10000000000,
           :cutoff nil,
           :gen (jepsen.generator.Any
                 {:gens [(jepsen.generator.OnThreads
                          {:f #{:nemesis},
                           :context-filter #object[jepsen.generator.context$make_thread_filter$lazy_filter__12077
                                                   "0x734db023"
                                                   "jepsen.generator.context$make_thread_filter$lazy_filter__12077@734db023"],
                           :gen nil})
                         (jepsen.generator.OnThreads
                          {:f #jepsen.generator.context.AllBut{:element :nemesis},
                           :context-filter #object[jepsen.generator.context$make_thread_filter$lazy_filter__12077
                                                   "0x22bf2a0d"
                                                   "jepsen.generator.context$make_thread_filter$lazy_filter__12077@22bf2a0d"],
                           :gen (jepsen.generator.Stagger
                                 {:dt 200000000,
                                  :next-time nil,
                                  :gen (jepsen.generator.OnThreads
                                        {:f #jepsen.generator.context.AllBut{:element :nemesis},
                                         :context-filter #object[jepsen.generator.context$make_thread_filter$lazy_filter__12077
                                                                 "0x61774805"
                                                                 "jepsen.generator.context$make_thread_filter$lazy_filter__12077@61774805"],
                                         :gen (jepsen.independent.ConcurrentGenerator
                                               {:n 10,
                                                :fgen #object[jepsen.tests.linearizable_register$test$fn__17385
                                                              "0x57e351a"
                                                              "jepsen.tests.linearizable_register$test$fn__17385@57e351a"],
                                                :group->threads nil,
                                                :thread->group nil,
                                                :group->context-filter nil,
                                                :keys (0 1 2 3 4 5 6 7 ...),
                                                :gens nil})})})})]})})]
 :log-net-recv false
 :os
 #object[maelstrom.net$jepsen_os$reify__15724
         "0x4098ef14"
         "maelstrom.net$jepsen_os$reify__15724@4098ef14"]
 :time-limit 10
 :workload :lin-kv
 :consistency-models [:strict-serializable]
 :topology :grid}

2025-06-20 11:53:14,452{GMT}	INFO	[jepsen node n1] maelstrom.net: Starting Maelstrom network
2025-06-20 11:53:14,453{GMT}	INFO	[jepsen test runner] jepsen.db: Tearing down DB
2025-06-20 11:53:14,454{GMT}	INFO	[jepsen test runner] jepsen.db: Setting up DB
2025-06-20 11:53:14,455{GMT}	INFO	[jepsen node n3] maelstrom.db: Setting up n3
2025-06-20 11:53:14,455{GMT}	INFO	[jepsen node n4] maelstrom.db: Setting up n4
2025-06-20 11:53:14,455{GMT}	INFO	[jepsen node n2] maelstrom.db: Setting up n2
2025-06-20 11:53:14,455{GMT}	INFO	[jepsen node n5] maelstrom.db: Setting up n5
2025-06-20 11:53:14,456{GMT}	INFO	[jepsen node n4] maelstrom.process: launching ./maelstrom-wrapper.sh []
2025-06-20 11:53:14,456{GMT}	INFO	[jepsen node n3] maelstrom.process: launching ./maelstrom-wrapper.sh []
2025-06-20 11:53:14,456{GMT}	INFO	[jepsen node n2] maelstrom.process: launching ./maelstrom-wrapper.sh []
2025-06-20 11:53:14,456{GMT}	INFO	[jepsen node n5] maelstrom.process: launching ./maelstrom-wrapper.sh []
2025-06-20 11:53:14,457{GMT}	INFO	[jepsen node n1] maelstrom.service: Starting services: (lin-kv lin-tso lww-kv seq-kv)
2025-06-20 11:53:14,459{GMT}	INFO	[jepsen node n1] maelstrom.db: Setting up n1
2025-06-20 11:53:14,460{GMT}	INFO	[jepsen node n1] maelstrom.process: launching ./maelstrom-wrapper.sh []
2025-06-20 11:53:15,475{GMT}	INFO	[jepsen test runner] jepsen.core: Relative time begins now
2025-06-20 11:53:15,492{GMT}	INFO	[jepsen worker 20] jepsen.util: 20	:invoke	:cas	[2 [3 2]]
2025-06-20 11:53:15,676{GMT}	INFO	[jepsen worker 21] jepsen.util: 21	:invoke	:cas	[2 [0 2]]
2025-06-20 11:53:15,732{GMT}	INFO	[jepsen worker 5] jepsen.util: 5	:invoke	:cas	[0 [1 4]]
2025-06-20 11:53:15,743{GMT}	INFO	[jepsen worker 10] jepsen.util: 10	:invoke	:cas	[1 [0 1]]
2025-06-20 11:53:15,833{GMT}	INFO	[jepsen worker 22] jepsen.util: 22	:invoke	:cas	[2 [0 1]]
2025-06-20 11:53:15,833{GMT}	INFO	[jepsen worker 5] jepsen.util: 5	:fail	:cas	[0 [1 4]]	[:precondition-failed "expected value does not match"]
2025-06-20 11:53:15,833{GMT}	INFO	[jepsen worker 10] jepsen.util: 10	:fail	:cas	[1 [0 1]]	[:precondition-failed "expected value does not match"]
2025-06-20 11:53:15,834{GMT}	INFO	[jepsen worker 20] jepsen.util: 20	:fail	:cas	[2 [3 2]]	[:precondition-failed "expected value does not match"]
2025-06-20 11:53:15,863{GMT}	INFO	[jepsen worker 21] jepsen.util: 21	:fail	:cas	[2 [0 2]]	[:precondition-failed "expected value does not match"]
2025-06-20 11:53:15,910{GMT}	INFO	[jepsen worker 5] jepsen.util: 5	:invoke	:cas	[0 [0 3]]
2025-06-20 11:53:15,914{GMT}	INFO	[jepsen worker 5] jepsen.util: 5	:fail	:cas	[0 [0 3]]	[:precondition-failed "expected value does not match"]
2025-06-20 11:53:15,916{GMT}	INFO	[jepsen worker 10] jepsen.util: 10	:invoke	:cas	[1 [4 4]]
2025-06-20 11:53:15,918{GMT}	INFO	[jepsen worker 10] jepsen.util: 10	:fail	:cas	[1 [4 4]]	[:precondition-failed "expected value does not match"]
2025-06-20 11:53:15,968{GMT}	INFO	[jepsen worker 22] jepsen.util: 22	:fail	:cas	[2 [0 1]]	[:precondition-failed "expected value does not match"]
2025-06-20 11:53:16,026{GMT}	INFO	[jepsen worker 20] jepsen.util: 20	:invoke	:write	[2 2]
2025-06-20 11:53:16,037{GMT}	INFO	[jepsen worker 20] jepsen.util: 20	:ok	:write	[2 2]
2025-06-20 11:53:16,169{GMT}	INFO	[jepsen worker 20] jepsen.util: 20	:invoke	:write	[2 2]
2025-06-20 11:53:16,181{GMT}	INFO	[jepsen worker 20] jepsen.util: 20	:ok	:write	[2 2]
2025-06-20 11:53:16,216{GMT}	INFO	[jepsen worker 20] jepsen.util: 20	:invoke	:write	[2 1]
2025-06-20 11:53:16,227{GMT}	INFO	[jepsen worker 20] jepsen.util: 20	:ok	:write	[2 1]
2025-06-20 11:53:16,329{GMT}	INFO	[jepsen worker 20] jepsen.util: 20	:invoke	:write	[2 2]
2025-06-20 11:53:16,343{GMT}	INFO	[jepsen worker 20] jepsen.util: 20	:ok	:write	[2 2]
2025-06-20 11:53:16,424{GMT}	INFO	[jepsen worker 11] jepsen.util: 11	:invoke	:cas	[1 [4 4]]
2025-06-20 11:53:16,449{GMT}	INFO	[jepsen worker 11] jepsen.util: 11	:fail	:cas	[1 [4 4]]	[:precondition-failed "expected value does not match"]
2025-06-20 11:53:16,538{GMT}	INFO	[jepsen worker 20] jepsen.util: 20	:invoke	:cas	[2 [1 2]]
2025-06-20 11:53:16,559{GMT}	INFO	[jepsen worker 20] jepsen.util: 20	:fail	:cas	[2 [1 2]]	[:precondition-failed "expected value does not match"]
2025-06-20 11:53:16,693{GMT}	INFO	[jepsen worker 20] jepsen.util: 20	:invoke	:cas	[2 [3 0]]
2025-06-20 11:53:16,697{GMT}	INFO	[jepsen worker 20] jepsen.util: 20	:fail	:cas	[2 [3 0]]	[:precondition-failed "expected value does not match"]
2025-06-20 11:53:16,796{GMT}	INFO	[jepsen worker 20] jepsen.util: 20	:invoke	:cas	[2 [0 1]]
2025-06-20 11:53:16,809{GMT}	INFO	[jepsen worker 20] jepsen.util: 20	:fail	:cas	[2 [0 1]]	[:precondition-failed "expected value does not match"]
2025-06-20 11:53:16,885{GMT}	INFO	[jepsen worker 15] jepsen.util: 15	:invoke	:cas	[1 [0 1]]
2025-06-20 11:53:16,893{GMT}	INFO	[jepsen worker 15] jepsen.util: 15	:fail	:cas	[1 [0 1]]	[:precondition-failed "expected value does not match"]
2025-06-20 11:53:17,098{GMT}	INFO	[jepsen worker 0] jepsen.util: 0	:invoke	:read	[0 nil]
2025-06-20 11:53:17,121{GMT}	INFO	[jepsen worker 0] jepsen.util: 0	:ok	:read	[0 4]
2025-06-20 11:53:17,288{GMT}	INFO	[jepsen worker 5] jepsen.util: 5	:invoke	:write	[0 2]
2025-06-20 11:53:17,299{GMT}	INFO	[jepsen worker 5] jepsen.util: 5	:ok	:write	[0 2]
2025-06-20 11:53:17,314{GMT}	INFO	[jepsen worker 20] jepsen.util: 20	:invoke	:cas	[2 [2 4]]
2025-06-20 11:53:17,333{GMT}	INFO	[jepsen worker 20] jepsen.util: 20	:ok	:cas	[2 [2 4]]
2025-06-20 11:53:17,421{GMT}	INFO	[jepsen worker 20] jepsen.util: 20	:invoke	:cas	[2 [1 3]]
2025-06-20 11:53:17,443{GMT}	INFO	[jepsen worker 20] jepsen.util: 20	:fail	:cas	[2 [1 3]]	[:precondition-failed "expected value does not match"]
2025-06-20 11:53:17,624{GMT}	INFO	[jepsen worker 20] jepsen.util: 20	:invoke	:write	[2 4]
2025-06-20 11:53:17,632{GMT}	INFO	[jepsen worker 20] jepsen.util: 20	:ok	:write	[2 4]
2025-06-20 11:53:17,769{GMT}	INFO	[jepsen worker 21] jepsen.util: 21	:invoke	:write	[2 2]
2025-06-20 11:53:17,778{GMT}	INFO	[jepsen worker 21] jepsen.util: 21	:ok	:write	[2 2]
2025-06-20 11:53:17,780{GMT}	INFO	[jepsen worker 10] jepsen.util: 10	:invoke	:cas	[1 [4 4]]
2025-06-20 11:53:17,782{GMT}	INFO	[jepsen worker 10] jepsen.util: 10	:fail	:cas	[1 [4 4]]	[:precondition-failed "expected value does not match"]
2025-06-20 11:53:17,822{GMT}	INFO	[jepsen worker 5] jepsen.util: 5	:invoke	:cas	[0 [3 1]]
2025-06-20 11:53:17,829{GMT}	INFO	[jepsen worker 5] jepsen.util: 5	:fail	:cas	[0 [3 1]]	[:precondition-failed "expected value does not match"]
2025-06-20 11:53:17,965{GMT}	INFO	[jepsen worker 24] jepsen.util: 24	:invoke	:cas	[2 [4 4]]
2025-06-20 11:53:18,117{GMT}	INFO	[jepsen worker 24] jepsen.util: 24	:fail	:cas	[2 [4 4]]	[:precondition-failed "expected value does not match"]
2025-06-20 11:53:18,125{GMT}	INFO	[jepsen worker 5] jepsen.util: 5	:invoke	:cas	[0 [1 3]]
2025-06-20 11:53:18,130{GMT}	INFO	[jepsen worker 5] jepsen.util: 5	:fail	:cas	[0 [1 3]]	[:precondition-failed "expected value does not match"]
2025-06-20 11:53:18,215{GMT}	INFO	[jepsen worker 5] jepsen.util: 5	:invoke	:cas	[0 [0 2]]
2025-06-20 11:53:18,219{GMT}	INFO	[jepsen worker 5] jepsen.util: 5	:fail	:cas	[0 [0 2]]	[:precondition-failed "expected value does not match"]
2025-06-20 11:53:18,291{GMT}	INFO	[jepsen worker 5] jepsen.util: 5	:invoke	:cas	[0 [3 1]]
2025-06-20 11:53:18,293{GMT}	INFO	[jepsen worker 5] jepsen.util: 5	:fail	:cas	[0 [3 1]]	[:precondition-failed "expected value does not match"]
2025-06-20 11:53:18,422{GMT}	INFO	[jepsen worker 5] jepsen.util: 5	:invoke	:cas	[0 [1 1]]
2025-06-20 11:53:18,441{GMT}	INFO	[jepsen worker 5] jepsen.util: 5	:fail	:cas	[0 [1 1]]	[:precondition-failed "expected value does not match"]
2025-06-20 11:53:18,556{GMT}	INFO	[jepsen worker 10] jepsen.util: 10	:invoke	:write	[1 4]
2025-06-20 11:53:18,561{GMT}	INFO	[jepsen worker 10] jepsen.util: 10	:ok	:write	[1 4]
2025-06-20 11:53:18,574{GMT}	INFO	[jepsen worker 20] jepsen.util: 20	:invoke	:write	[2 4]
2025-06-20 11:53:18,587{GMT}	INFO	[jepsen worker 20] jepsen.util: 20	:ok	:write	[2 4]
2025-06-20 11:53:18,612{GMT}	INFO	[jepsen worker 10] jepsen.util: 10	:invoke	:write	[1 1]
2025-06-20 11:53:18,635{GMT}	INFO	[jepsen worker 10] jepsen.util: 10	:ok	:write	[1 1]
2025-06-20 11:53:18,759{GMT}	INFO	[jepsen worker 5] jepsen.util: 5	:invoke	:cas	[0 [1 3]]
2025-06-20 11:53:18,761{GMT}	INFO	[jepsen worker 10] jepsen.util: 10	:invoke	:cas	[1 [1 1]]
2025-06-20 11:53:18,776{GMT}	INFO	[jepsen worker 5] jepsen.util: 5	:fail	:cas	[0 [1 3]]	[:precondition-failed "expected value does not match"]
2025-06-20 11:53:18,776{GMT}	INFO	[jepsen worker 10] jepsen.util: 10	:ok	:cas	[1 [1 1]]
2025-06-20 11:53:18,795{GMT}	INFO	[jepsen worker 20] jepsen.util: 20	:invoke	:write	[2 0]
2025-06-20 11:53:18,804{GMT}	INFO	[jepsen worker 20] jepsen.util: 20	:ok	:write	[2 0]
2025-06-20 11:53:18,815{GMT}	INFO	[jepsen worker 20] jepsen.util: 20	:invoke	:write	[2 1]
2025-06-20 11:53:18,818{GMT}	INFO	[jepsen worker 21] jepsen.util: 21	:invoke	:write	[2 1]
2025-06-20 11:53:18,822{GMT}	INFO	[jepsen worker 20] jepsen.util: 20	:ok	:write	[2 1]
2025-06-20 11:53:18,823{GMT}	INFO	[jepsen worker 21] jepsen.util: 21	:ok	:write	[2 1]
2025-06-20 11:53:18,944{GMT}	INFO	[jepsen worker 20] jepsen.util: 20	:invoke	:cas	[2 [4 4]]
2025-06-20 11:53:18,958{GMT}	INFO	[jepsen worker 20] jepsen.util: 20	:fail	:cas	[2 [4 4]]	[:precondition-failed "expected value does not match"]
2025-06-20 11:53:19,078{GMT}	INFO	[jepsen worker 20] jepsen.util: 20	:invoke	:cas	[2 [4 3]]
2025-06-20 11:53:19,083{GMT}	INFO	[jepsen worker 20] jepsen.util: 20	:fail	:cas	[2 [4 3]]	[:precondition-failed "expected value does not match"]
2025-06-20 11:53:19,226{GMT}	INFO	[jepsen worker 0] jepsen.util: 0	:invoke	:read	[0 nil]
2025-06-20 11:53:19,236{GMT}	INFO	[jepsen worker 0] jepsen.util: 0	:ok	:read	[0 2]
2025-06-20 11:53:19,277{GMT}	INFO	[jepsen worker 0] jepsen.util: 0	:invoke	:read	[0 nil]
2025-06-20 11:53:19,284{GMT}	INFO	[jepsen worker 0] jepsen.util: 0	:ok	:read	[0 2]
2025-06-20 11:53:19,346{GMT}	INFO	[jepsen worker 10] jepsen.util: 10	:invoke	:cas	[1 [2 1]]
2025-06-20 11:53:19,362{GMT}	INFO	[jepsen worker 10] jepsen.util: 10	:fail	:cas	[1 [2 1]]	[:precondition-failed "expected value does not match"]
2025-06-20 11:53:19,402{GMT}	INFO	[jepsen worker 0] jepsen.util: 0	:invoke	:read	[0 nil]
2025-06-20 11:53:19,413{GMT}	INFO	[jepsen worker 0] jepsen.util: 0	:ok	:read	[0 2]
2025-06-20 11:53:19,603{GMT}	INFO	[jepsen worker 12] jepsen.util: 12	:invoke	:write	[1 0]
2025-06-20 11:53:19,610{GMT}	INFO	[jepsen worker 20] jepsen.util: 20	:invoke	:cas	[2 [2 4]]
2025-06-20 11:53:19,615{GMT}	INFO	[jepsen worker 20] jepsen.util: 20	:fail	:cas	[2 [2 4]]	[:precondition-failed "expected value does not match"]
2025-06-20 11:53:19,617{GMT}	INFO	[jepsen worker 12] jepsen.util: 12	:ok	:write	[1 0]
2025-06-20 11:53:19,714{GMT}	INFO	[jepsen worker 14] jepsen.util: 14	:invoke	:write	[1 3]
2025-06-20 11:53:19,732{GMT}	INFO	[jepsen worker 14] jepsen.util: 14	:ok	:write	[1 3]
2025-06-20 11:53:19,737{GMT}	INFO	[jepsen worker 15] jepsen.util: 15	:invoke	:cas	[1 [1 0]]
2025-06-20 11:53:19,745{GMT}	INFO	[jepsen worker 15] jepsen.util: 15	:fail	:cas	[1 [1 0]]	[:precondition-failed "expected value does not match"]
2025-06-20 11:53:19,916{GMT}	INFO	[jepsen worker 16] jepsen.util: 16	:invoke	:cas	[1 [0 2]]
2025-06-20 11:53:19,929{GMT}	INFO	[jepsen worker 16] jepsen.util: 16	:fail	:cas	[1 [0 2]]	[:precondition-failed "expected value does not match"]
2025-06-20 11:53:19,982{GMT}	INFO	[jepsen worker 5] jepsen.util: 5	:invoke	:write	[0 0]
2025-06-20 11:53:19,994{GMT}	INFO	[jepsen worker 5] jepsen.util: 5	:ok	:write	[0 0]
2025-06-20 11:53:20,090{GMT}	INFO	[jepsen worker 18] jepsen.util: 18	:invoke	:cas	[1 [4 0]]
2025-06-20 11:53:20,232{GMT}	INFO	[jepsen worker 20] jepsen.util: 20	:invoke	:write	[2 4]
2025-06-20 11:53:20,234{GMT}	INFO	[jepsen worker 20] jepsen.util: 20	:ok	:write	[2 4]
2025-06-20 11:53:20,241{GMT}	INFO	[jepsen worker 18] jepsen.util: 18	:fail	:cas	[1 [4 0]]	[:precondition-failed "expected value does not match"]
2025-06-20 11:53:20,293{GMT}	INFO	[jepsen worker 20] jepsen.util: 20	:invoke	:write	[2 0]
2025-06-20 11:53:20,297{GMT}	INFO	[jepsen worker 20] jepsen.util: 20	:ok	:write	[2 0]
2025-06-20 11:53:20,433{GMT}	INFO	[jepsen worker 5] jepsen.util: 5	:invoke	:cas	[0 [2 3]]
2025-06-20 11:53:20,442{GMT}	INFO	[jepsen worker 5] jepsen.util: 5	:fail	:cas	[0 [2 3]]	[:precondition-failed "expected value does not match"]
2025-06-20 11:53:20,574{GMT}	INFO	[jepsen worker 22] jepsen.util: 22	:invoke	:write	[2 1]
2025-06-20 11:53:20,582{GMT}	INFO	[jepsen worker 22] jepsen.util: 22	:ok	:write	[2 1]
2025-06-20 11:53:20,781{GMT}	INFO	[jepsen worker 10] jepsen.util: 10	:invoke	:cas	[1 [3 4]]
2025-06-20 11:53:20,785{GMT}	INFO	[jepsen worker 10] jepsen.util: 10	:ok	:cas	[1 [3 4]]
2025-06-20 11:53:20,811{GMT}	INFO	[jepsen worker 0] jepsen.util: 0	:invoke	:read	[0 nil]
2025-06-20 11:53:20,823{GMT}	INFO	[jepsen worker 0] jepsen.util: 0	:ok	:read	[0 0]
2025-06-20 11:53:21,011{GMT}	INFO	[jepsen worker 25] jepsen.util: 25	:invoke	:write	[2 1]
2025-06-20 11:53:21,020{GMT}	INFO	[jepsen worker 25] jepsen.util: 25	:ok	:write	[2 1]
2025-06-20 11:53:21,174{GMT}	INFO	[jepsen worker 5] jepsen.util: 5	:invoke	:cas	[0 [2 3]]
2025-06-20 11:53:21,191{GMT}	INFO	[jepsen worker 5] jepsen.util: 5	:fail	:cas	[0 [2 3]]	[:precondition-failed "expected value does not match"]
2025-06-20 11:53:21,277{GMT}	INFO	[jepsen worker 27] jepsen.util: 27	:invoke	:cas	[2 [3 0]]
2025-06-20 11:53:21,305{GMT}	INFO	[jepsen worker 28] jepsen.util: 28	:invoke	:cas	[2 [1 1]]
2025-06-20 11:53:21,306{GMT}	INFO	[jepsen worker 27] jepsen.util: 27	:fail	:cas	[2 [3 0]]	[:precondition-failed "expected value does not match"]
2025-06-20 11:53:21,311{GMT}	INFO	[jepsen worker 28] jepsen.util: 28	:ok	:cas	[2 [1 1]]
2025-06-20 11:53:21,497{GMT}	INFO	[jepsen worker 29] jepsen.util: 29	:invoke	:write	[2 4]
2025-06-20 11:53:21,505{GMT}	INFO	[jepsen worker 29] jepsen.util: 29	:ok	:write	[2 4]
2025-06-20 11:53:21,570{GMT}	INFO	[jepsen worker 5] jepsen.util: 5	:invoke	:write	[0 0]
2025-06-20 11:53:21,575{GMT}	INFO	[jepsen worker 5] jepsen.util: 5	:ok	:write	[0 0]
2025-06-20 11:53:21,589{GMT}	INFO	[jepsen worker 5] jepsen.util: 5	:invoke	:cas	[0 [2 2]]
2025-06-20 11:53:21,594{GMT}	INFO	[jepsen worker 5] jepsen.util: 5	:fail	:cas	[0 [2 2]]	[:precondition-failed "expected value does not match"]
2025-06-20 11:53:21,779{GMT}	INFO	[jepsen worker 5] jepsen.util: 5	:invoke	:cas	[0 [1 3]]
2025-06-20 11:53:21,785{GMT}	INFO	[jepsen worker 5] jepsen.util: 5	:fail	:cas	[0 [1 3]]	[:precondition-failed "expected value does not match"]
2025-06-20 11:53:21,975{GMT}	INFO	[jepsen worker 10] jepsen.util: 10	:invoke	:cas	[1 [4 0]]
2025-06-20 11:53:21,984{GMT}	INFO	[jepsen worker 10] jepsen.util: 10	:ok	:cas	[1 [4 0]]
2025-06-20 11:53:22,066{GMT}	INFO	[jepsen worker 10] jepsen.util: 10	:invoke	:cas	[1 [1 0]]
2025-06-20 11:53:22,075{GMT}	INFO	[jepsen worker 10] jepsen.util: 10	:fail	:cas	[1 [1 0]]	[:precondition-failed "expected value does not match"]
2025-06-20 11:53:22,185{GMT}	INFO	[jepsen worker 5] jepsen.util: 5	:invoke	:write	[0 1]
2025-06-20 11:53:22,197{GMT}	INFO	[jepsen worker 5] jepsen.util: 5	:ok	:write	[0 1]
2025-06-20 11:53:22,388{GMT}	INFO	[jepsen worker 20] jepsen.util: 20	:invoke	:write	[2 0]
2025-06-20 11:53:22,409{GMT}	INFO	[jepsen worker 0] jepsen.util: 0	:invoke	:read	[0 nil]
2025-06-20 11:53:22,421{GMT}	INFO	[jepsen worker 20] jepsen.util: 20	:ok	:write	[2 0]
2025-06-20 11:53:22,450{GMT}	INFO	[jepsen worker 0] jepsen.util: 0	:ok	:read	[0 1]
2025-06-20 11:53:22,607{GMT}	INFO	[jepsen worker 10] jepsen.util: 10	:invoke	:cas	[1 [1 3]]
2025-06-20 11:53:22,610{GMT}	INFO	[jepsen worker 10] jepsen.util: 10	:fail	:cas	[1 [1 3]]	[:precondition-failed "expected value does not match"]
2025-06-20 11:53:22,711{GMT}	INFO	[jepsen worker 0] jepsen.util: 0	:invoke	:read	[0 nil]
2025-06-20 11:53:22,719{GMT}	INFO	[jepsen worker 0] jepsen.util: 0	:ok	:read	[0 1]
2025-06-20 11:53:22,851{GMT}	INFO	[jepsen worker 20] jepsen.util: 20	:invoke	:cas	[2 [3 1]]
2025-06-20 11:53:22,896{GMT}	INFO	[jepsen worker 10] jepsen.util: 10	:invoke	:write	[1 0]
2025-06-20 11:53:22,949{GMT}	INFO	[jepsen worker 11] jepsen.util: 11	:invoke	:cas	[1 [4 2]]
2025-06-20 11:53:23,071{GMT}	INFO	[jepsen worker 5] jepsen.util: 5	:invoke	:cas	[0 [2 2]]
2025-06-20 11:53:23,109{GMT}	INFO	[jepsen worker 11] jepsen.util: 11	:fail	:cas	[1 [4 2]]	[:precondition-failed "expected value does not match"]
2025-06-20 11:53:23,166{GMT}	INFO	[jepsen worker 5] jepsen.util: 5	:fail	:cas	[0 [2 2]]	[:precondition-failed "expected value does not match"]
2025-06-20 11:53:23,166{GMT}	INFO	[jepsen worker 10] jepsen.util: 10	:ok	:write	[1 0]
2025-06-20 11:53:23,166{GMT}	INFO	[jepsen worker 6] jepsen.util: 6	:invoke	:cas	[0 [4 3]]
2025-06-20 11:53:23,169{GMT}	INFO	[jepsen worker 20] jepsen.util: 20	:fail	:cas	[2 [3 1]]	[:precondition-failed "expected value does not match"]
2025-06-20 11:53:23,243{GMT}	INFO	[jepsen worker 6] jepsen.util: 6	:fail	:cas	[0 [4 3]]	[:precondition-failed "expected value does not match"]
2025-06-20 11:53:23,254{GMT}	INFO	[jepsen worker 5] jepsen.util: 5	:invoke	:write	[0 0]
2025-06-20 11:53:23,260{GMT}	INFO	[jepsen worker 5] jepsen.util: 5	:ok	:write	[0 0]
2025-06-20 11:53:23,313{GMT}	INFO	[jepsen worker 5] jepsen.util: 5	:invoke	:cas	[0 [3 0]]
2025-06-20 11:53:23,323{GMT}	INFO	[jepsen worker 5] jepsen.util: 5	:fail	:cas	[0 [3 0]]	[:precondition-failed "expected value does not match"]
2025-06-20 11:53:23,383{GMT}	INFO	[jepsen worker 20] jepsen.util: 20	:invoke	:cas	[2 [2 0]]
2025-06-20 11:53:23,387{GMT}	INFO	[jepsen worker 20] jepsen.util: 20	:fail	:cas	[2 [2 0]]	[:precondition-failed "expected value does not match"]
2025-06-20 11:53:23,519{GMT}	INFO	[jepsen worker 0] jepsen.util: 0	:invoke	:read	[0 nil]
2025-06-20 11:53:23,538{GMT}	INFO	[jepsen worker 0] jepsen.util: 0	:ok	:read	[0 0]
2025-06-20 11:53:23,556{GMT}	INFO	[jepsen worker 18] jepsen.util: 18	:invoke	:write	[1 1]
2025-06-20 11:53:23,580{GMT}	INFO	[jepsen worker 18] jepsen.util: 18	:ok	:write	[1 1]
2025-06-20 11:53:23,750{GMT}	INFO	[jepsen worker 20] jepsen.util: 20	:invoke	:cas	[2 [1 4]]
2025-06-20 11:53:23,768{GMT}	INFO	[jepsen worker 20] jepsen.util: 20	:fail	:cas	[2 [1 4]]	[:precondition-failed "expected value does not match"]
2025-06-20 11:53:23,858{GMT}	INFO	[jepsen worker 10] jepsen.util: 10	:invoke	:cas	[1 [3 3]]
2025-06-20 11:53:23,866{GMT}	INFO	[jepsen worker 10] jepsen.util: 10	:fail	:cas	[1 [3 3]]	[:precondition-failed "expected value does not match"]
2025-06-20 11:53:23,990{GMT}	INFO	[jepsen worker 21] jepsen.util: 21	:invoke	:cas	[2 [4 2]]
2025-06-20 11:53:24,002{GMT}	INFO	[jepsen worker 21] jepsen.util: 21	:fail	:cas	[2 [4 2]]	[:precondition-failed "expected value does not match"]
2025-06-20 11:53:24,037{GMT}	INFO	[jepsen worker 22] jepsen.util: 22	:invoke	:cas	[2 [2 3]]
2025-06-20 11:53:24,053{GMT}	INFO	[jepsen worker 22] jepsen.util: 22	:fail	:cas	[2 [2 3]]	[:precondition-failed "expected value does not match"]
2025-06-20 11:53:24,070{GMT}	INFO	[jepsen worker 23] jepsen.util: 23	:invoke	:write	[2 3]
2025-06-20 11:53:24,084{GMT}	INFO	[jepsen worker 23] jepsen.util: 23	:ok	:write	[2 3]
2025-06-20 11:53:24,185{GMT}	INFO	[jepsen worker 10] jepsen.util: 10	:invoke	:cas	[1 [1 2]]
2025-06-20 11:53:24,190{GMT}	INFO	[jepsen worker 10] jepsen.util: 10	:ok	:cas	[1 [1 2]]
2025-06-20 11:53:24,384{GMT}	INFO	[jepsen worker 10] jepsen.util: 10	:invoke	:cas	[1 [0 4]]
2025-06-20 11:53:24,413{GMT}	INFO	[jepsen worker 10] jepsen.util: 10	:fail	:cas	[1 [0 4]]	[:precondition-failed "expected value does not match"]
2025-06-20 11:53:24,577{GMT}	INFO	[jepsen worker 5] jepsen.util: 5	:invoke	:cas	[0 [3 3]]
2025-06-20 11:53:24,588{GMT}	INFO	[jepsen worker 5] jepsen.util: 5	:fail	:cas	[0 [3 3]]	[:precondition-failed "expected value does not match"]
2025-06-20 11:53:24,715{GMT}	INFO	[jepsen worker 10] jepsen.util: 10	:invoke	:cas	[1 [2 3]]
2025-06-20 11:53:24,718{GMT}	INFO	[jepsen worker 10] jepsen.util: 10	:ok	:cas	[1 [2 3]]
2025-06-20 11:53:24,843{GMT}	INFO	[jepsen worker 10] jepsen.util: 10	:invoke	:cas	[1 [0 0]]
2025-06-20 11:53:24,850{GMT}	INFO	[jepsen worker 10] jepsen.util: 10	:fail	:cas	[1 [0 0]]	[:precondition-failed "expected value does not match"]
2025-06-20 11:53:25,033{GMT}	INFO	[jepsen worker 0] jepsen.util: 0	:invoke	:read	[0 nil]
2025-06-20 11:53:25,042{GMT}	INFO	[jepsen worker 0] jepsen.util: 0	:ok	:read	[0 0]
2025-06-20 11:53:25,089{GMT}	INFO	[jepsen worker 5] jepsen.util: 5	:invoke	:write	[0 3]
2025-06-20 11:53:25,113{GMT}	INFO	[jepsen worker 5] jepsen.util: 5	:ok	:write	[0 3]
2025-06-20 11:53:25,185{GMT}	INFO	[jepsen worker 20] jepsen.util: 20	:invoke	:cas	[2 [0 1]]
2025-06-20 11:53:25,192{GMT}	INFO	[jepsen worker 20] jepsen.util: 20	:fail	:cas	[2 [0 1]]	[:precondition-failed "expected value does not match"]
2025-06-20 11:53:25,375{GMT}	INFO	[jepsen worker 10] jepsen.util: 10	:invoke	:write	[1 0]
2025-06-20 11:53:25,375{GMT}	INFO	[jepsen worker 20] jepsen.util: 20	:invoke	:cas	[2 [0 0]]
2025-06-20 11:53:25,384{GMT}	INFO	[jepsen worker 10] jepsen.util: 10	:ok	:write	[1 0]
2025-06-20 11:53:25,389{GMT}	INFO	[jepsen worker 20] jepsen.util: 20	:fail	:cas	[2 [0 0]]	[:precondition-failed "expected value does not match"]
2025-06-20 11:53:25,429{GMT}	INFO	[jepsen test runner] jepsen.core: Run complete, writing
2025-06-20 11:53:25,474{GMT}	INFO	[jepsen node n2] maelstrom.db: Tearing down n2
2025-06-20 11:53:25,473{GMT}	INFO	[jepsen node n1] maelstrom.db: Tearing down n1
2025-06-20 11:53:25,474{GMT}	INFO	[jepsen node n3] maelstrom.db: Tearing down n3
2025-06-20 11:53:25,474{GMT}	INFO	[jepsen node n4] maelstrom.db: Tearing down n4
2025-06-20 11:53:25,475{GMT}	INFO	[jepsen node n5] maelstrom.db: Tearing down n5
2025-06-20 11:53:26,586{GMT}	INFO	[jepsen node n1] maelstrom.net: Shutting down Maelstrom network
2025-06-20 11:53:26,590{GMT}	INFO	[jepsen test runner] jepsen.core: Analyzing...
2025-06-20 11:53:26,692{GMT}	INFO	[clojure-agent-send-pool-1] jepsen.independent: Wrote /Users/hiroyuki/Dropbox/Docs/git/scalardb-maelstrom-kv/store/lin-kv/20250620T115312.989+0900/independent/1/results.edn
2025-06-20 11:53:26,694{GMT}	INFO	[clojure-agent-send-pool-2] jepsen.independent: Wrote /Users/hiroyuki/Dropbox/Docs/git/scalardb-maelstrom-kv/store/lin-kv/20250620T115312.989+0900/independent/2/results.edn
2025-06-20 11:53:26,694{GMT}	WARN	[clojure-agent-send-off-pool-11] jepsen.checker: Error rendering linearizability analysis
java.lang.AssertionError: Assert failed: Expected index but got nil for op #knossos.op.Op{:process nil, :type nil, :f nil, :value nil, :index nil}
i
	at knossos.linear.report$time_coords$fn__10900.invoke(report.clj:184)
	at clojure.core$map$fn__5954.invoke(core.clj:2770)
	at clojure.lang.LazySeq.force(LazySeq.java:50)
	at clojure.lang.LazySeq.realize(LazySeq.java:89)
	at clojure.lang.LazySeq.seq(LazySeq.java:106)
	at clojure.lang.RT.seq(RT.java:555)
	at clojure.core$seq__5486.invokeStatic(core.clj:139)
	at clojure.core.protocols$seq_reduce.invokeStatic(protocols.clj:24)
	at clojure.core.protocols$fn__8262.invokeStatic(protocols.clj:74)
	at clojure.core.protocols$fn__8262.invoke(protocols.clj:74)
	at clojure.core.protocols$fn__8203$G__8198__8216.invoke(protocols.clj:13)
	at clojure.core$reduce.invokeStatic(core.clj:6965)
	at clojure.core$into.invokeStatic(core.clj:7038)
	at clojure.core$into.invoke(core.clj:7029)
	at knossos.linear.report$time_coords.invokeStatic(report.clj:194)
	at knossos.linear.report$time_coords.invoke(report.clj:177)
	at knossos.linear.report$learnings.invokeStatic(report.clj:442)
	at knossos.linear.report$learnings.invoke(report.clj:422)
	at knossos.linear.report$render_analysis_BANG_.invokeStatic(report.clj:654)
	at knossos.linear.report$render_analysis_BANG_.invoke(report.clj:649)
	at jepsen.checker$linearizable$reify__11134$fn__11136.invoke(checker.clj:226)
	at jepsen.checker$linearizable$reify__11134.check(checker.clj:224)
	at jepsen.checker$check_safe.invokeStatic(checker.clj:88)
	at jepsen.checker$check_safe.invoke(checker.clj:80)
	at jepsen.checker$compose$reify__11089$fn__11091.invoke(checker.clj:104)
	at clojure.core$pmap$fn__8582$fn__8583.invoke(core.clj:7169)
	at clojure.core$binding_conveyor_fn$fn__5842.invoke(core.clj:2047)
	at clojure.lang.AFn.call(AFn.java:18)
	at java.base/java.util.concurrent.FutureTask.run(FutureTask.java:317)
	at java.base/java.util.concurrent.ThreadPoolExecutor.runWorker(ThreadPoolExecutor.java:1144)
	at java.base/java.util.concurrent.ThreadPoolExecutor$Worker.run(ThreadPoolExecutor.java:642)
	at java.base/java.lang.Thread.run(Thread.java:1583)
2025-06-20 11:53:26,704{GMT}	INFO	[clojure-agent-send-pool-1] jepsen.independent: Wrote /Users/hiroyuki/Dropbox/Docs/git/scalardb-maelstrom-kv/store/lin-kv/20250620T115312.989+0900/independent/1/history.edn
2025-06-20 11:53:26,710{GMT}	INFO	[clojure-agent-send-pool-2] jepsen.independent: Wrote /Users/hiroyuki/Dropbox/Docs/git/scalardb-maelstrom-kv/store/lin-kv/20250620T115312.989+0900/independent/2/history.edn
2025-06-20 11:53:26,724{GMT}	INFO	[clojure-agent-send-pool-0] jepsen.independent: Wrote /Users/hiroyuki/Dropbox/Docs/git/scalardb-maelstrom-kv/store/lin-kv/20250620T115312.989+0900/independent/0/results.edn
2025-06-20 11:53:26,726{GMT}	INFO	[clojure-agent-send-pool-0] jepsen.independent: Wrote /Users/hiroyuki/Dropbox/Docs/git/scalardb-maelstrom-kv/store/lin-kv/20250620T115312.989+0900/independent/0/history.edn
2025-06-20 11:53:26,729{GMT}	INFO	[jepsen test runner] jepsen.core: Analysis complete
2025-06-20 11:53:26,758{GMT}	INFO	[jepsen results] jepsen.store: Wrote /Users/hiroyuki/Dropbox/Docs/git/scalardb-maelstrom-kv/store/lin-kv/20250620T115312.989+0900/results.edn
2025-06-20 11:53:26,797{GMT}	INFO	[jepsen test runner] jepsen.core: {:perf {:latency-graph {:valid? true},
        :rate-graph {:valid? true},
        :valid? true},
 :timeline {:valid? true},
 :exceptions {:valid? true},
 :stats {:valid? true,
         :count 96,
         :ok-count 46,
         :fail-count 50,
         :info-count 0,
         :by-f {:cas {:valid? true,
                      :count 57,
                      :ok-count 7,
                      :fail-count 50,
                      :info-count 0},
                :read {:valid? true,
                       :count 9,
                       :ok-count 9,
                       :fail-count 0,
                       :info-count 0},
                :write {:valid? true,
                        :count 30,
                        :ok-count 30,
                        :fail-count 0,
                        :info-count 0}}},
 :availability {:valid? true, :ok-fraction 0.47916666},
 :net {:all {:send-count 202,
             :recv-count 202,
             :msg-count 202,
             :msgs-per-op 2.1041667},
       :clients {:send-count 202, :recv-count 202, :msg-count 202},
       :servers {:send-count 0,
                 :recv-count 0,
                 :msg-count 0,
                 :msgs-per-op 0.0},
       :valid? true},
 :workload {:valid? false,
            :results {0 {:linearizable {:valid? false,
                                        :configs ({:model #knossos.model.CASRegister{:value nil},
                                                   :last-op nil,
                                                   :pending [{:process 0,
                                                              :type :invoke,
                                                              :f :read,
                                                              :value 4,
                                                              :index 32,
                                                              :time 1607074125}]}),
                                        :final-paths ([{:op nil,
                                                        :model #knossos.model.CASRegister{:value nil}}
                                                       {:op {:process 0,
                                                             :type :ok,
                                                             :f :read,
                                                             :value 4,
                                                             :index 33,
                                                             :time 1646039042},
                                                        :model #knossos.model.Inconsistent{:msg "can't read 4 from register "}}]),
                                        :previous-ok nil,
                                        :last-op nil,
                                        :op {:process 0,
                                             :type :ok,
                                             :f :read,
                                             :value 4,
                                             :index 33,
                                             :time 1646039042}},
                         :timeline {:valid? true},
                         :valid? false},
                      1 {:linearizable {:valid? true,
                                        :configs ({:model #knossos.model.CASRegister{:value 0},
                                                   :last-op {:process 10,
                                                             :type :ok,
                                                             :f :write,
                                                             :value 0,
                                                             :index 190,
                                                             :time 9908969125},
                                                   :pending []}),
                                        :final-paths ()},
                         :timeline {:valid? true},
                         :valid? true},
                      2 {:linearizable {:valid? true,
                                        :configs ({:model #knossos.model.CASRegister{:value 3},
                                                   :last-op {:process 23,
                                                             :type :ok,
                                                             :f :write,
                                                             :value 3,
                                                             :index 171,
                                                             :time 8610563375},
                                                   :pending []}),
                                        :final-paths ()},
                         :timeline {:valid? true},
                         :valid? true}},
            :failures [0]},
 :valid? false}


Analysis invalid! (ﾉಥ益ಥ）ﾉ ┻━┻
