2025-06-20 11:25:15,423{GMT}	INFO	[jepsen test runner] jepsen.core: Command line:
lein run test -w txn-list-append --bin ./maelstrom-wrapper.sh --node-count 1 --time-limit 10 --rate 10 --key-count 3
2025-06-20 11:25:15,464{GMT}	INFO	[jepsen test runner] jepsen.core: Running test:
{:args []
 :remote
 #jepsen.control.retry.Remote{:remote #jepsen.control.scp.Remote{:cmd-remote #jepsen.control.sshj.SSHJRemote{:concurrency-limit 6,
                                                                                                             :conn-spec nil,
                                                                                                             :client nil,
                                                                                                             :semaphore nil},
                                                                 :conn-spec nil},
                              :conn nil}
 :log-net-send false
 :node-count 1
 :availability nil
 :max-txn-length 4
 :concurrency 1
 :key-count 3
 :db
 #object[maelstrom.db$db$reify__16612
         "0x25297d52"
         "maelstrom.db$db$reify__16612@25297d52"]
 :max-writes-per-key 16
 :leave-db-running? false
 :name "txn-list-append"
 :logging-json? false
 :start-time
 #object[org.joda.time.DateTime "0x75be3cdf" "2025-06-20T11:25:15.400+09:00"]
 :nemesis-interval 10
 :net
 #object[maelstrom.net$jepsen_net$reify__15721
         "0xf500481"
         "maelstrom.net$jepsen_net$reify__15721@f500481"]
 :client
 #object[maelstrom.workload.txn_list_append$client$reify__21019
         "0x38dde7ec"
         "maelstrom.workload.txn_list_append$client$reify__21019@38dde7ec"]
 :barrier
 #object[java.util.concurrent.CyclicBarrier
         "0x3bc57af4"
         "java.util.concurrent.CyclicBarrier@3bc57af4"]
 :log-stderr false
 :pure-generators true
 :ssh {:dummy? true}
 :rate 10.0
 :checker
 #object[jepsen.checker$compose$reify__11089
         "0x3f19f197"
         "jepsen.checker$compose$reify__11089@3f19f197"]
 :argv
 ("test"
  "-w"
  "txn-list-append"
  "--bin"
  "./maelstrom-wrapper.sh"
  "--node-count"
  "1"
  "--time-limit"
  "10"
  "--rate"
  "10"
  "--key-count"
  "3")
 :nemesis
 (jepsen.nemesis.ReflCompose
  {:fm {:start-partition 0,
        :stop-partition 0,
        :kill 1,
        :start 1,
        :pause 1,
        :resume 1},
   :nemeses [#unprintable "jepsen.nemesis.combined$partition_nemesis$reify__16905@30628ef9"
             #unprintable "jepsen.nemesis.combined$db_nemesis$reify__16886@6757ed9e"]})
 :nodes ["n0"]
 :test-count 1
 :latency {:mean 0, :dist :constant}
 :bin "./maelstrom-wrapper.sh"
 :generator
 #object[jepsen.util.Forgettable
         "0x647dcc5e"
         (jepsen.generator.TimeLimit
          {:limit 10000000000,
           :cutoff nil,
           :gen (jepsen.generator.Any
                 {:gens [(jepsen.generator.OnThreads
                          {:f #{:nemesis},
                           :context-filter #object[jepsen.generator.context$make_thread_filter$lazy_filter__12077
                                                   "0x7cc742d"
                                                   "jepsen.generator.context$make_thread_filter$lazy_filter__12077@7cc742d"],
                           :gen nil})
                         (jepsen.generator.OnThreads
                          {:f #jepsen.generator.context.AllBut{:element :nemesis},
                           :context-filter #object[jepsen.generator.context$make_thread_filter$lazy_filter__12077
                                                   "0x734db023"
                                                   "jepsen.generator.context$make_thread_filter$lazy_filter__12077@734db023"],
                           :gen (jepsen.generator.Stagger
                                 {:dt 200000000,
                                  :next-time nil,
                                  :gen ({:type :invoke,
                                         :f :txn,
                                         :value [[:append 2 1] [:r 1 nil]]}
                                        {:type :invoke,
                                         :f :txn,
                                         :value [[:append 1 1]
                                                 [:r 2 nil]
                                                 [:r 1 nil]
                                                 [:r 1 nil]]}
                                        {:type :invoke,
                                         :f :txn,
                                         :value [[:append 2 2]
                                                 [:append 0 1]
                                                 [:r 2 nil]
                                                 [:append 2 3]]}
                                        {:type :invoke,
                                         :f :txn,
                                         :value [[:append 1 2]
                                                 [:r 0 nil]
                                                 [:r 0 nil]
                                                 [:r 2 nil]]}
                                        {:type :invoke,
                                         :f :txn,
                                         :value [[:r 1 nil]
                                                 [:append 2 4]
                                                 [:r 0 nil]]}
                                        {:type :invoke,
                                         :f :txn,
                                         :value [[:append 2 5]]}
                                        {:type :invoke,
                                         :f :txn,
                                         :value [[:append 2 6]]}
                                        {:type :invoke,
                                         :f :txn,
                                         :value [[:r 2 nil] [:append 0 2]]}
                                        ...)})})]})})]
 :log-net-recv false
 :os
 #object[maelstrom.net$jepsen_os$reify__15724
         "0x43f81c74"
         "maelstrom.net$jepsen_os$reify__15724@43f81c74"]
 :time-limit 10
 :workload :txn-list-append
 :consistency-models [:strict-serializable]
 :topology :grid}

2025-06-20 11:25:16,513{GMT}	INFO	[jepsen node n0] maelstrom.net: Starting Maelstrom network
2025-06-20 11:25:16,513{GMT}	INFO	[jepsen test runner] jepsen.db: Tearing down DB
2025-06-20 11:25:16,514{GMT}	INFO	[jepsen test runner] jepsen.db: Setting up DB
2025-06-20 11:25:16,515{GMT}	INFO	[jepsen node n0] maelstrom.service: Starting services: (lin-kv lin-tso lww-kv seq-kv)
2025-06-20 11:25:16,516{GMT}	INFO	[jepsen node n0] maelstrom.db: Setting up n0
2025-06-20 11:25:16,517{GMT}	INFO	[jepsen node n0] maelstrom.process: launching ./maelstrom-wrapper.sh []
2025-06-20 11:25:17,022{GMT}	INFO	[jepsen test runner] jepsen.core: Relative time begins now
2025-06-20 11:25:17,033{GMT}	INFO	[jepsen worker 0] jepsen.util: 0	:invoke	:txn	[[:append 2 1] [:r 1 nil]]
2025-06-20 11:25:17,043{GMT}	INFO	[jepsen worker 0] jepsen.util: 0	:fail	:txn	[[:append 2 1] [:r 1 nil]]	[:not-supported "unsupported operation: txn"]
2025-06-20 11:25:17,174{GMT}	INFO	[jepsen worker 0] jepsen.util: 0	:invoke	:txn	[[:append 1 1] [:r 2 nil] [:r 1 nil] [:r 1 nil]]
2025-06-20 11:25:17,177{GMT}	INFO	[jepsen worker 0] jepsen.util: 0	:fail	:txn	[[:append 1 1] [:r 2 nil] [:r 1 nil] [:r 1 nil]]	[:not-supported "unsupported operation: txn"]
2025-06-20 11:25:17,214{GMT}	INFO	[jepsen worker 0] jepsen.util: 0	:invoke	:txn	[[:append 2 2] [:append 0 1] [:r 2 nil] [:append 2 3]]
2025-06-20 11:25:17,217{GMT}	INFO	[jepsen worker 0] jepsen.util: 0	:fail	:txn	[[:append 2 2] [:append 0 1] [:r 2 nil] [:append 2 3]]	[:not-supported "unsupported operation: txn"]
2025-06-20 11:25:17,360{GMT}	INFO	[jepsen worker 0] jepsen.util: 0	:invoke	:txn	[[:append 1 2] [:r 0 nil] [:r 0 nil] [:r 2 nil]]
2025-06-20 11:25:17,380{GMT}	INFO	[jepsen worker 0] jepsen.util: 0	:fail	:txn	[[:append 1 2] [:r 0 nil] [:r 0 nil] [:r 2 nil]]	[:not-supported "unsupported operation: txn"]
2025-06-20 11:25:17,462{GMT}	INFO	[jepsen worker 0] jepsen.util: 0	:invoke	:txn	[[:r 1 nil] [:append 2 4] [:r 0 nil]]
2025-06-20 11:25:17,481{GMT}	INFO	[jepsen worker 0] jepsen.util: 0	:fail	:txn	[[:r 1 nil] [:append 2 4] [:r 0 nil]]	[:not-supported "unsupported operation: txn"]
2025-06-20 11:25:17,624{GMT}	INFO	[jepsen worker 0] jepsen.util: 0	:invoke	:txn	[[:append 2 5]]
2025-06-20 11:25:17,628{GMT}	INFO	[jepsen worker 0] jepsen.util: 0	:fail	:txn	[[:append 2 5]]	[:not-supported "unsupported operation: txn"]
2025-06-20 11:25:17,727{GMT}	INFO	[jepsen worker 0] jepsen.util: 0	:invoke	:txn	[[:append 2 6]]
2025-06-20 11:25:17,731{GMT}	INFO	[jepsen worker 0] jepsen.util: 0	:fail	:txn	[[:append 2 6]]	[:not-supported "unsupported operation: txn"]
2025-06-20 11:25:17,925{GMT}	INFO	[jepsen worker 0] jepsen.util: 0	:invoke	:txn	[[:r 2 nil] [:append 0 2]]
2025-06-20 11:25:17,935{GMT}	INFO	[jepsen worker 0] jepsen.util: 0	:fail	:txn	[[:r 2 nil] [:append 0 2]]	[:not-supported "unsupported operation: txn"]
2025-06-20 11:25:17,971{GMT}	INFO	[jepsen worker 0] jepsen.util: 0	:invoke	:txn	[[:append 2 7]]
2025-06-20 11:25:17,979{GMT}	INFO	[jepsen worker 0] jepsen.util: 0	:fail	:txn	[[:append 2 7]]	[:not-supported "unsupported operation: txn"]
2025-06-20 11:25:18,077{GMT}	INFO	[jepsen worker 0] jepsen.util: 0	:invoke	:txn	[[:append 2 8] [:append 2 9] [:append 1 3] [:append 2 10]]
2025-06-20 11:25:18,081{GMT}	INFO	[jepsen worker 0] jepsen.util: 0	:fail	:txn	[[:append 2 8] [:append 2 9] [:append 1 3] [:append 2 10]]	[:not-supported "unsupported operation: txn"]
2025-06-20 11:25:18,177{GMT}	INFO	[jepsen worker 0] jepsen.util: 0	:invoke	:txn	[[:append 2 11]]
2025-06-20 11:25:18,182{GMT}	INFO	[jepsen worker 0] jepsen.util: 0	:fail	:txn	[[:append 2 11]]	[:not-supported "unsupported operation: txn"]
2025-06-20 11:25:18,314{GMT}	INFO	[jepsen worker 0] jepsen.util: 0	:invoke	:txn	[[:r 2 nil]]
2025-06-20 11:25:18,328{GMT}	INFO	[jepsen worker 0] jepsen.util: 0	:fail	:txn	[[:r 2 nil]]	[:not-supported "unsupported operation: txn"]
2025-06-20 11:25:18,441{GMT}	INFO	[jepsen worker 0] jepsen.util: 0	:invoke	:txn	[[:r 1 nil] [:append 1 4] [:r 2 nil]]
2025-06-20 11:25:18,449{GMT}	INFO	[jepsen worker 0] jepsen.util: 0	:fail	:txn	[[:r 1 nil] [:append 1 4] [:r 2 nil]]	[:not-supported "unsupported operation: txn"]
2025-06-20 11:25:18,610{GMT}	INFO	[jepsen worker 0] jepsen.util: 0	:invoke	:txn	[[:r 2 nil]]
2025-06-20 11:25:18,615{GMT}	INFO	[jepsen worker 0] jepsen.util: 0	:fail	:txn	[[:r 2 nil]]	[:not-supported "unsupported operation: txn"]
2025-06-20 11:25:18,719{GMT}	INFO	[jepsen worker 0] jepsen.util: 0	:invoke	:txn	[[:append 0 3] [:append 1 5] [:append 0 4] [:r 1 nil]]
2025-06-20 11:25:18,726{GMT}	INFO	[jepsen worker 0] jepsen.util: 0	:fail	:txn	[[:append 0 3] [:append 1 5] [:append 0 4] [:r 1 nil]]	[:not-supported "unsupported operation: txn"]
2025-06-20 11:25:18,848{GMT}	INFO	[jepsen worker 0] jepsen.util: 0	:invoke	:txn	[[:append 1 6]]
2025-06-20 11:25:18,855{GMT}	INFO	[jepsen worker 0] jepsen.util: 0	:fail	:txn	[[:append 1 6]]	[:not-supported "unsupported operation: txn"]
2025-06-20 11:25:18,977{GMT}	INFO	[jepsen worker 0] jepsen.util: 0	:invoke	:txn	[[:r 0 nil] [:r 2 nil] [:append 1 7]]
2025-06-20 11:25:18,984{GMT}	INFO	[jepsen worker 0] jepsen.util: 0	:fail	:txn	[[:r 0 nil] [:r 2 nil] [:append 1 7]]	[:not-supported "unsupported operation: txn"]
2025-06-20 11:25:19,177{GMT}	INFO	[jepsen worker 0] jepsen.util: 0	:invoke	:txn	[[:r 1 nil] [:r 2 nil] [:r 2 nil]]
2025-06-20 11:25:19,185{GMT}	INFO	[jepsen worker 0] jepsen.util: 0	:fail	:txn	[[:r 1 nil] [:r 2 nil] [:r 2 nil]]	[:not-supported "unsupported operation: txn"]
2025-06-20 11:25:19,271{GMT}	INFO	[jepsen worker 0] jepsen.util: 0	:invoke	:txn	[[:append 2 12]]
2025-06-20 11:25:19,275{GMT}	INFO	[jepsen worker 0] jepsen.util: 0	:fail	:txn	[[:append 2 12]]	[:not-supported "unsupported operation: txn"]
2025-06-20 11:25:19,470{GMT}	INFO	[jepsen worker 0] jepsen.util: 0	:invoke	:txn	[[:append 1 8] [:append 2 13] [:append 1 9] [:r 2 nil]]
2025-06-20 11:25:19,481{GMT}	INFO	[jepsen worker 0] jepsen.util: 0	:fail	:txn	[[:append 1 8] [:append 2 13] [:append 1 9] [:r 2 nil]]	[:not-supported "unsupported operation: txn"]
2025-06-20 11:25:19,522{GMT}	INFO	[jepsen worker 0] jepsen.util: 0	:invoke	:txn	[[:append 2 14]]
2025-06-20 11:25:19,533{GMT}	INFO	[jepsen worker 0] jepsen.util: 0	:fail	:txn	[[:append 2 14]]	[:not-supported "unsupported operation: txn"]
2025-06-20 11:25:19,549{GMT}	INFO	[jepsen worker 0] jepsen.util: 0	:invoke	:txn	[[:r 1 nil] [:r 2 nil] [:r 2 nil]]
2025-06-20 11:25:19,553{GMT}	INFO	[jepsen worker 0] jepsen.util: 0	:fail	:txn	[[:r 1 nil] [:r 2 nil] [:r 2 nil]]	[:not-supported "unsupported operation: txn"]
2025-06-20 11:25:19,562{GMT}	INFO	[jepsen worker 0] jepsen.util: 0	:invoke	:txn	[[:append 2 15] [:append 1 10]]
2025-06-20 11:25:19,564{GMT}	INFO	[jepsen worker 0] jepsen.util: 0	:fail	:txn	[[:append 2 15] [:append 1 10]]	[:not-supported "unsupported operation: txn"]
2025-06-20 11:25:19,709{GMT}	INFO	[jepsen worker 0] jepsen.util: 0	:invoke	:txn	[[:append 2 16] [:append 1 11] [:r 2 nil] [:append 3 1]]
2025-06-20 11:25:19,715{GMT}	INFO	[jepsen worker 0] jepsen.util: 0	:fail	:txn	[[:append 2 16] [:append 1 11] [:r 2 nil] [:append 3 1]]	[:not-supported "unsupported operation: txn"]
2025-06-20 11:25:19,867{GMT}	INFO	[jepsen worker 0] jepsen.util: 0	:invoke	:txn	[[:append 0 5] [:r 1 nil] [:r 1 nil]]
2025-06-20 11:25:19,871{GMT}	INFO	[jepsen worker 0] jepsen.util: 0	:fail	:txn	[[:append 0 5] [:r 1 nil] [:r 1 nil]]	[:not-supported "unsupported operation: txn"]
2025-06-20 11:25:19,906{GMT}	INFO	[jepsen worker 0] jepsen.util: 0	:invoke	:txn	[[:append 1 12] [:r 0 nil] [:append 3 2]]
2025-06-20 11:25:19,911{GMT}	INFO	[jepsen worker 0] jepsen.util: 0	:fail	:txn	[[:append 1 12] [:r 0 nil] [:append 3 2]]	[:not-supported "unsupported operation: txn"]
2025-06-20 11:25:19,979{GMT}	INFO	[jepsen worker 0] jepsen.util: 0	:invoke	:txn	[[:append 3 3] [:r 3 nil]]
2025-06-20 11:25:19,988{GMT}	INFO	[jepsen worker 0] jepsen.util: 0	:fail	:txn	[[:append 3 3] [:r 3 nil]]	[:not-supported "unsupported operation: txn"]
2025-06-20 11:25:20,110{GMT}	INFO	[jepsen worker 0] jepsen.util: 0	:invoke	:txn	[[:append 3 4] [:append 3 5] [:append 3 6] [:r 1 nil]]
2025-06-20 11:25:20,127{GMT}	INFO	[jepsen worker 0] jepsen.util: 0	:fail	:txn	[[:append 3 4] [:append 3 5] [:append 3 6] [:r 1 nil]]	[:not-supported "unsupported operation: txn"]
2025-06-20 11:25:20,147{GMT}	INFO	[jepsen worker 0] jepsen.util: 0	:invoke	:txn	[[:r 1 nil] [:r 3 nil]]
2025-06-20 11:25:20,154{GMT}	INFO	[jepsen worker 0] jepsen.util: 0	:fail	:txn	[[:r 1 nil] [:r 3 nil]]	[:not-supported "unsupported operation: txn"]
2025-06-20 11:25:20,197{GMT}	INFO	[jepsen worker 0] jepsen.util: 0	:invoke	:txn	[[:append 1 13] [:append 3 7] [:r 3 nil]]
2025-06-20 11:25:20,212{GMT}	INFO	[jepsen worker 0] jepsen.util: 0	:fail	:txn	[[:append 1 13] [:append 3 7] [:r 3 nil]]	[:not-supported "unsupported operation: txn"]
2025-06-20 11:25:20,259{GMT}	INFO	[jepsen worker 0] jepsen.util: 0	:invoke	:txn	[[:r 3 nil] [:append 3 8]]
2025-06-20 11:25:20,270{GMT}	INFO	[jepsen worker 0] jepsen.util: 0	:fail	:txn	[[:r 3 nil] [:append 3 8]]	[:not-supported "unsupported operation: txn"]
2025-06-20 11:25:20,342{GMT}	INFO	[jepsen worker 0] jepsen.util: 0	:invoke	:txn	[[:r 3 nil]]
2025-06-20 11:25:20,345{GMT}	INFO	[jepsen worker 0] jepsen.util: 0	:fail	:txn	[[:r 3 nil]]	[:not-supported "unsupported operation: txn"]
2025-06-20 11:25:20,374{GMT}	INFO	[jepsen worker 0] jepsen.util: 0	:invoke	:txn	[[:append 3 9] [:r 3 nil] [:append 0 6]]
2025-06-20 11:25:20,376{GMT}	INFO	[jepsen worker 0] jepsen.util: 0	:fail	:txn	[[:append 3 9] [:r 3 nil] [:append 0 6]]	[:not-supported "unsupported operation: txn"]
2025-06-20 11:25:20,404{GMT}	INFO	[jepsen worker 0] jepsen.util: 0	:invoke	:txn	[[:r 3 nil] [:r 3 nil]]
2025-06-20 11:25:20,409{GMT}	INFO	[jepsen worker 0] jepsen.util: 0	:fail	:txn	[[:r 3 nil] [:r 3 nil]]	[:not-supported "unsupported operation: txn"]
2025-06-20 11:25:20,490{GMT}	INFO	[jepsen worker 0] jepsen.util: 0	:invoke	:txn	[[:r 3 nil] [:r 1 nil]]
2025-06-20 11:25:20,506{GMT}	INFO	[jepsen worker 0] jepsen.util: 0	:fail	:txn	[[:r 3 nil] [:r 1 nil]]	[:not-supported "unsupported operation: txn"]
2025-06-20 11:25:20,623{GMT}	INFO	[jepsen worker 0] jepsen.util: 0	:invoke	:txn	[[:r 0 nil] [:append 3 10]]
2025-06-20 11:25:20,630{GMT}	INFO	[jepsen worker 0] jepsen.util: 0	:fail	:txn	[[:r 0 nil] [:append 3 10]]	[:not-supported "unsupported operation: txn"]
2025-06-20 11:25:20,814{GMT}	INFO	[jepsen worker 0] jepsen.util: 0	:invoke	:txn	[[:append 1 14] [:r 0 nil]]
2025-06-20 11:25:20,834{GMT}	INFO	[jepsen worker 0] jepsen.util: 0	:fail	:txn	[[:append 1 14] [:r 0 nil]]	[:not-supported "unsupported operation: txn"]
2025-06-20 11:25:20,926{GMT}	INFO	[jepsen worker 0] jepsen.util: 0	:invoke	:txn	[[:append 3 11]]
2025-06-20 11:25:20,929{GMT}	INFO	[jepsen worker 0] jepsen.util: 0	:fail	:txn	[[:append 3 11]]	[:not-supported "unsupported operation: txn"]
2025-06-20 11:25:20,974{GMT}	INFO	[jepsen worker 0] jepsen.util: 0	:invoke	:txn	[[:append 3 12] [:append 3 13]]
2025-06-20 11:25:20,978{GMT}	INFO	[jepsen worker 0] jepsen.util: 0	:fail	:txn	[[:append 3 12] [:append 3 13]]	[:not-supported "unsupported operation: txn"]
2025-06-20 11:25:20,989{GMT}	INFO	[jepsen worker 0] jepsen.util: 0	:invoke	:txn	[[:r 1 nil] [:r 1 nil] [:r 1 nil]]
2025-06-20 11:25:20,994{GMT}	INFO	[jepsen worker 0] jepsen.util: 0	:fail	:txn	[[:r 1 nil] [:r 1 nil] [:r 1 nil]]	[:not-supported "unsupported operation: txn"]
2025-06-20 11:25:21,045{GMT}	INFO	[jepsen worker 0] jepsen.util: 0	:invoke	:txn	[[:r 0 nil]]
2025-06-20 11:25:21,056{GMT}	INFO	[jepsen worker 0] jepsen.util: 0	:fail	:txn	[[:r 0 nil]]	[:not-supported "unsupported operation: txn"]
2025-06-20 11:25:21,107{GMT}	INFO	[jepsen worker 0] jepsen.util: 0	:invoke	:txn	[[:append 3 14] [:r 3 nil] [:append 3 15] [:append 0 7]]
2025-06-20 11:25:21,108{GMT}	INFO	[jepsen worker 0] jepsen.util: 0	:fail	:txn	[[:append 3 14] [:r 3 nil] [:append 3 15] [:append 0 7]]	[:not-supported "unsupported operation: txn"]
2025-06-20 11:25:21,218{GMT}	INFO	[jepsen worker 0] jepsen.util: 0	:invoke	:txn	[[:r 3 nil] [:r 3 nil] [:r 3 nil]]
2025-06-20 11:25:21,221{GMT}	INFO	[jepsen worker 0] jepsen.util: 0	:fail	:txn	[[:r 3 nil] [:r 3 nil] [:r 3 nil]]	[:not-supported "unsupported operation: txn"]
2025-06-20 11:25:21,395{GMT}	INFO	[jepsen worker 0] jepsen.util: 0	:invoke	:txn	[[:r 3 nil] [:r 3 nil] [:append 1 15]]
2025-06-20 11:25:21,400{GMT}	INFO	[jepsen worker 0] jepsen.util: 0	:fail	:txn	[[:r 3 nil] [:r 3 nil] [:append 1 15]]	[:not-supported "unsupported operation: txn"]
2025-06-20 11:25:21,539{GMT}	INFO	[jepsen worker 0] jepsen.util: 0	:invoke	:txn	[[:r 3 nil] [:r 1 nil]]
2025-06-20 11:25:21,543{GMT}	INFO	[jepsen worker 0] jepsen.util: 0	:fail	:txn	[[:r 3 nil] [:r 1 nil]]	[:not-supported "unsupported operation: txn"]
2025-06-20 11:25:21,642{GMT}	INFO	[jepsen worker 0] jepsen.util: 0	:invoke	:txn	[[:append 1 16] [:r 1 nil]]
2025-06-20 11:25:21,655{GMT}	INFO	[jepsen worker 0] jepsen.util: 0	:fail	:txn	[[:append 1 16] [:r 1 nil]]	[:not-supported "unsupported operation: txn"]
2025-06-20 11:25:21,731{GMT}	INFO	[jepsen worker 0] jepsen.util: 0	:invoke	:txn	[[:r 3 nil] [:append 4 1] [:r 3 nil]]
2025-06-20 11:25:21,737{GMT}	INFO	[jepsen worker 0] jepsen.util: 0	:fail	:txn	[[:r 3 nil] [:append 4 1] [:r 3 nil]]	[:not-supported "unsupported operation: txn"]
2025-06-20 11:25:21,740{GMT}	INFO	[jepsen worker 0] jepsen.util: 0	:invoke	:txn	[[:append 4 2] [:r 3 nil] [:append 3 16]]
2025-06-20 11:25:21,741{GMT}	INFO	[jepsen worker 0] jepsen.util: 0	:fail	:txn	[[:append 4 2] [:r 3 nil] [:append 3 16]]	[:not-supported "unsupported operation: txn"]
2025-06-20 11:25:21,786{GMT}	INFO	[jepsen worker 0] jepsen.util: 0	:invoke	:txn	[[:r 0 nil] [:r 4 nil]]
2025-06-20 11:25:21,806{GMT}	INFO	[jepsen worker 0] jepsen.util: 0	:fail	:txn	[[:r 0 nil] [:r 4 nil]]	[:not-supported "unsupported operation: txn"]
2025-06-20 11:25:21,944{GMT}	INFO	[jepsen worker 0] jepsen.util: 0	:invoke	:txn	[[:r 3 nil] [:r 3 nil] [:r 0 nil] [:append 4 3]]
2025-06-20 11:25:21,949{GMT}	INFO	[jepsen worker 0] jepsen.util: 0	:fail	:txn	[[:r 3 nil] [:r 3 nil] [:r 0 nil] [:append 4 3]]	[:not-supported "unsupported operation: txn"]
2025-06-20 11:25:21,969{GMT}	INFO	[jepsen worker 0] jepsen.util: 0	:invoke	:txn	[[:append 4 4] [:r 5 nil] [:append 4 5] [:append 5 1]]
2025-06-20 11:25:21,972{GMT}	INFO	[jepsen worker 0] jepsen.util: 0	:fail	:txn	[[:append 4 4] [:r 5 nil] [:append 4 5] [:append 5 1]]	[:not-supported "unsupported operation: txn"]
2025-06-20 11:25:22,131{GMT}	INFO	[jepsen worker 0] jepsen.util: 0	:invoke	:txn	[[:r 4 nil] [:append 0 8]]
2025-06-20 11:25:22,134{GMT}	INFO	[jepsen worker 0] jepsen.util: 0	:fail	:txn	[[:r 4 nil] [:append 0 8]]	[:not-supported "unsupported operation: txn"]
2025-06-20 11:25:22,283{GMT}	INFO	[jepsen worker 0] jepsen.util: 0	:invoke	:txn	[[:r 5 nil] [:append 5 2] [:append 4 6]]
2025-06-20 11:25:22,289{GMT}	INFO	[jepsen worker 0] jepsen.util: 0	:fail	:txn	[[:r 5 nil] [:append 5 2] [:append 4 6]]	[:not-supported "unsupported operation: txn"]
2025-06-20 11:25:22,422{GMT}	INFO	[jepsen worker 0] jepsen.util: 0	:invoke	:txn	[[:r 5 nil] [:append 5 3] [:append 5 4]]
2025-06-20 11:25:22,424{GMT}	INFO	[jepsen worker 0] jepsen.util: 0	:fail	:txn	[[:r 5 nil] [:append 5 3] [:append 5 4]]	[:not-supported "unsupported operation: txn"]
2025-06-20 11:25:22,472{GMT}	INFO	[jepsen worker 0] jepsen.util: 0	:invoke	:txn	[[:r 5 nil] [:append 0 9] [:append 5 5] [:r 4 nil]]
2025-06-20 11:25:22,476{GMT}	INFO	[jepsen worker 0] jepsen.util: 0	:fail	:txn	[[:r 5 nil] [:append 0 9] [:append 5 5] [:r 4 nil]]	[:not-supported "unsupported operation: txn"]
2025-06-20 11:25:22,546{GMT}	INFO	[jepsen worker 0] jepsen.util: 0	:invoke	:txn	[[:r 5 nil] [:append 5 6] [:append 4 7] [:append 5 7]]
2025-06-20 11:25:22,550{GMT}	INFO	[jepsen worker 0] jepsen.util: 0	:fail	:txn	[[:r 5 nil] [:append 5 6] [:append 4 7] [:append 5 7]]	[:not-supported "unsupported operation: txn"]
2025-06-20 11:25:22,594{GMT}	INFO	[jepsen worker 0] jepsen.util: 0	:invoke	:txn	[[:r 5 nil]]
2025-06-20 11:25:22,601{GMT}	INFO	[jepsen worker 0] jepsen.util: 0	:fail	:txn	[[:r 5 nil]]	[:not-supported "unsupported operation: txn"]
2025-06-20 11:25:22,691{GMT}	INFO	[jepsen worker 0] jepsen.util: 0	:invoke	:txn	[[:append 4 8] [:append 5 8]]
2025-06-20 11:25:22,700{GMT}	INFO	[jepsen worker 0] jepsen.util: 0	:fail	:txn	[[:append 4 8] [:append 5 8]]	[:not-supported "unsupported operation: txn"]
2025-06-20 11:25:22,724{GMT}	INFO	[jepsen worker 0] jepsen.util: 0	:invoke	:txn	[[:append 5 9]]
2025-06-20 11:25:22,726{GMT}	INFO	[jepsen worker 0] jepsen.util: 0	:fail	:txn	[[:append 5 9]]	[:not-supported "unsupported operation: txn"]
2025-06-20 11:25:22,789{GMT}	INFO	[jepsen worker 0] jepsen.util: 0	:invoke	:txn	[[:append 0 10] [:r 5 nil] [:append 4 9] [:append 5 10]]
2025-06-20 11:25:22,797{GMT}	INFO	[jepsen worker 0] jepsen.util: 0	:fail	:txn	[[:append 0 10] [:r 5 nil] [:append 4 9] [:append 5 10]]	[:not-supported "unsupported operation: txn"]
2025-06-20 11:25:22,864{GMT}	INFO	[jepsen worker 0] jepsen.util: 0	:invoke	:txn	[[:r 5 nil] [:append 4 10] [:append 5 11]]
2025-06-20 11:25:22,867{GMT}	INFO	[jepsen worker 0] jepsen.util: 0	:fail	:txn	[[:r 5 nil] [:append 4 10] [:append 5 11]]	[:not-supported "unsupported operation: txn"]
2025-06-20 11:25:23,052{GMT}	INFO	[jepsen worker 0] jepsen.util: 0	:invoke	:txn	[[:r 0 nil] [:append 4 11] [:append 5 12] [:r 5 nil]]
2025-06-20 11:25:23,058{GMT}	INFO	[jepsen worker 0] jepsen.util: 0	:fail	:txn	[[:r 0 nil] [:append 4 11] [:append 5 12] [:r 5 nil]]	[:not-supported "unsupported operation: txn"]
2025-06-20 11:25:23,200{GMT}	INFO	[jepsen worker 0] jepsen.util: 0	:invoke	:txn	[[:r 4 nil] [:r 4 nil] [:append 5 13]]
2025-06-20 11:25:23,203{GMT}	INFO	[jepsen worker 0] jepsen.util: 0	:fail	:txn	[[:r 4 nil] [:r 4 nil] [:append 5 13]]	[:not-supported "unsupported operation: txn"]
2025-06-20 11:25:23,314{GMT}	INFO	[jepsen worker 0] jepsen.util: 0	:invoke	:txn	[[:append 5 14] [:append 4 12] [:append 5 15] [:r 5 nil]]
2025-06-20 11:25:23,326{GMT}	INFO	[jepsen worker 0] jepsen.util: 0	:fail	:txn	[[:append 5 14] [:append 4 12] [:append 5 15] [:r 5 nil]]	[:not-supported "unsupported operation: txn"]
2025-06-20 11:25:23,498{GMT}	INFO	[jepsen worker 0] jepsen.util: 0	:invoke	:txn	[[:append 0 11]]
2025-06-20 11:25:23,501{GMT}	INFO	[jepsen worker 0] jepsen.util: 0	:fail	:txn	[[:append 0 11]]	[:not-supported "unsupported operation: txn"]
2025-06-20 11:25:23,579{GMT}	INFO	[jepsen worker 0] jepsen.util: 0	:invoke	:txn	[[:append 0 12] [:append 4 13]]
2025-06-20 11:25:23,584{GMT}	INFO	[jepsen worker 0] jepsen.util: 0	:fail	:txn	[[:append 0 12] [:append 4 13]]	[:not-supported "unsupported operation: txn"]
2025-06-20 11:25:23,600{GMT}	INFO	[jepsen worker 0] jepsen.util: 0	:invoke	:txn	[[:r 0 nil] [:r 0 nil]]
2025-06-20 11:25:23,605{GMT}	INFO	[jepsen worker 0] jepsen.util: 0	:fail	:txn	[[:r 0 nil] [:r 0 nil]]	[:not-supported "unsupported operation: txn"]
2025-06-20 11:25:23,755{GMT}	INFO	[jepsen worker 0] jepsen.util: 0	:invoke	:txn	[[:append 5 16] [:append 0 13]]
2025-06-20 11:25:23,767{GMT}	INFO	[jepsen worker 0] jepsen.util: 0	:fail	:txn	[[:append 5 16] [:append 0 13]]	[:not-supported "unsupported operation: txn"]
2025-06-20 11:25:23,845{GMT}	INFO	[jepsen worker 0] jepsen.util: 0	:invoke	:txn	[[:append 6 1] [:append 6 2]]
2025-06-20 11:25:23,854{GMT}	INFO	[jepsen worker 0] jepsen.util: 0	:fail	:txn	[[:append 6 1] [:append 6 2]]	[:not-supported "unsupported operation: txn"]
2025-06-20 11:25:23,860{GMT}	INFO	[jepsen worker 0] jepsen.util: 0	:invoke	:txn	[[:r 6 nil] [:append 6 3] [:append 4 14]]
2025-06-20 11:25:23,864{GMT}	INFO	[jepsen worker 0] jepsen.util: 0	:fail	:txn	[[:r 6 nil] [:append 6 3] [:append 4 14]]	[:not-supported "unsupported operation: txn"]
2025-06-20 11:25:24,059{GMT}	INFO	[jepsen worker 0] jepsen.util: 0	:invoke	:txn	[[:append 0 14]]
2025-06-20 11:25:24,063{GMT}	INFO	[jepsen worker 0] jepsen.util: 0	:fail	:txn	[[:append 0 14]]	[:not-supported "unsupported operation: txn"]
2025-06-20 11:25:24,181{GMT}	INFO	[jepsen worker 0] jepsen.util: 0	:invoke	:txn	[[:r 0 nil] [:r 6 nil] [:r 4 nil]]
2025-06-20 11:25:24,183{GMT}	INFO	[jepsen worker 0] jepsen.util: 0	:fail	:txn	[[:r 0 nil] [:r 6 nil] [:r 4 nil]]	[:not-supported "unsupported operation: txn"]
2025-06-20 11:25:24,203{GMT}	INFO	[jepsen worker 0] jepsen.util: 0	:invoke	:txn	[[:r 0 nil]]
2025-06-20 11:25:24,211{GMT}	INFO	[jepsen worker 0] jepsen.util: 0	:fail	:txn	[[:r 0 nil]]	[:not-supported "unsupported operation: txn"]
2025-06-20 11:25:24,377{GMT}	INFO	[jepsen worker 0] jepsen.util: 0	:invoke	:txn	[[:append 4 15] [:append 4 16] [:r 6 nil]]
2025-06-20 11:25:24,379{GMT}	INFO	[jepsen worker 0] jepsen.util: 0	:fail	:txn	[[:append 4 15] [:append 4 16] [:r 6 nil]]	[:not-supported "unsupported operation: txn"]
2025-06-20 11:25:24,512{GMT}	INFO	[jepsen worker 0] jepsen.util: 0	:invoke	:txn	[[:append 6 4]]
2025-06-20 11:25:24,522{GMT}	INFO	[jepsen worker 0] jepsen.util: 0	:fail	:txn	[[:append 6 4]]	[:not-supported "unsupported operation: txn"]
2025-06-20 11:25:24,559{GMT}	INFO	[jepsen worker 0] jepsen.util: 0	:invoke	:txn	[[:r 6 nil] [:r 4 nil] [:r 6 nil]]
2025-06-20 11:25:24,560{GMT}	INFO	[jepsen worker 0] jepsen.util: 0	:fail	:txn	[[:r 6 nil] [:r 4 nil] [:r 6 nil]]	[:not-supported "unsupported operation: txn"]
2025-06-20 11:25:24,735{GMT}	INFO	[jepsen worker 0] jepsen.util: 0	:invoke	:txn	[[:r 4 nil] [:append 0 15]]
2025-06-20 11:25:24,738{GMT}	INFO	[jepsen worker 0] jepsen.util: 0	:fail	:txn	[[:r 4 nil] [:append 0 15]]	[:not-supported "unsupported operation: txn"]
2025-06-20 11:25:24,871{GMT}	INFO	[jepsen worker 0] jepsen.util: 0	:invoke	:txn	[[:append 6 5]]
2025-06-20 11:25:24,875{GMT}	INFO	[jepsen worker 0] jepsen.util: 0	:fail	:txn	[[:append 6 5]]	[:not-supported "unsupported operation: txn"]
2025-06-20 11:25:24,892{GMT}	INFO	[jepsen worker 0] jepsen.util: 0	:invoke	:txn	[[:r 6 nil] [:r 4 nil] [:append 6 6] [:append 6 7]]
2025-06-20 11:25:24,895{GMT}	INFO	[jepsen worker 0] jepsen.util: 0	:fail	:txn	[[:r 6 nil] [:r 4 nil] [:append 6 6] [:append 6 7]]	[:not-supported "unsupported operation: txn"]
2025-06-20 11:25:24,932{GMT}	INFO	[jepsen worker 0] jepsen.util: 0	:invoke	:txn	[[:append 0 16] [:r 6 nil]]
2025-06-20 11:25:24,935{GMT}	INFO	[jepsen worker 0] jepsen.util: 0	:fail	:txn	[[:append 0 16] [:r 6 nil]]	[:not-supported "unsupported operation: txn"]
2025-06-20 11:25:25,015{GMT}	INFO	[jepsen worker 0] jepsen.util: 0	:invoke	:txn	[[:append 6 8] [:r 6 nil] [:r 7 nil]]
2025-06-20 11:25:25,017{GMT}	INFO	[jepsen worker 0] jepsen.util: 0	:fail	:txn	[[:append 6 8] [:r 6 nil] [:r 7 nil]]	[:not-supported "unsupported operation: txn"]
2025-06-20 11:25:25,058{GMT}	INFO	[jepsen worker 0] jepsen.util: 0	:invoke	:txn	[[:append 6 9] [:r 6 nil] [:r 6 nil]]
2025-06-20 11:25:25,060{GMT}	INFO	[jepsen worker 0] jepsen.util: 0	:fail	:txn	[[:append 6 9] [:r 6 nil] [:r 6 nil]]	[:not-supported "unsupported operation: txn"]
2025-06-20 11:25:25,103{GMT}	INFO	[jepsen worker 0] jepsen.util: 0	:invoke	:txn	[[:r 6 nil] [:append 7 1] [:append 6 10]]
2025-06-20 11:25:25,107{GMT}	INFO	[jepsen worker 0] jepsen.util: 0	:fail	:txn	[[:r 6 nil] [:append 7 1] [:append 6 10]]	[:not-supported "unsupported operation: txn"]
2025-06-20 11:25:25,147{GMT}	INFO	[jepsen worker 0] jepsen.util: 0	:invoke	:txn	[[:append 6 11]]
2025-06-20 11:25:25,156{GMT}	INFO	[jepsen worker 0] jepsen.util: 0	:fail	:txn	[[:append 6 11]]	[:not-supported "unsupported operation: txn"]
2025-06-20 11:25:25,280{GMT}	INFO	[jepsen worker 0] jepsen.util: 0	:invoke	:txn	[[:r 6 nil]]
2025-06-20 11:25:25,287{GMT}	INFO	[jepsen worker 0] jepsen.util: 0	:fail	:txn	[[:r 6 nil]]	[:not-supported "unsupported operation: txn"]
2025-06-20 11:25:25,467{GMT}	INFO	[jepsen worker 0] jepsen.util: 0	:invoke	:txn	[[:r 6 nil]]
2025-06-20 11:25:25,473{GMT}	INFO	[jepsen worker 0] jepsen.util: 0	:fail	:txn	[[:r 6 nil]]	[:not-supported "unsupported operation: txn"]
2025-06-20 11:25:25,547{GMT}	INFO	[jepsen worker 0] jepsen.util: 0	:invoke	:txn	[[:r 7 nil]]
2025-06-20 11:25:25,554{GMT}	INFO	[jepsen worker 0] jepsen.util: 0	:fail	:txn	[[:r 7 nil]]	[:not-supported "unsupported operation: txn"]
2025-06-20 11:25:25,588{GMT}	INFO	[jepsen worker 0] jepsen.util: 0	:invoke	:txn	[[:append 6 12] [:append 6 13] [:append 6 14]]
2025-06-20 11:25:25,591{GMT}	INFO	[jepsen worker 0] jepsen.util: 0	:fail	:txn	[[:append 6 12] [:append 6 13] [:append 6 14]]	[:not-supported "unsupported operation: txn"]
2025-06-20 11:25:25,692{GMT}	INFO	[jepsen worker 0] jepsen.util: 0	:invoke	:txn	[[:r 6 nil] [:append 6 15] [:append 7 2] [:append 8 1]]
2025-06-20 11:25:25,705{GMT}	INFO	[jepsen worker 0] jepsen.util: 0	:fail	:txn	[[:r 6 nil] [:append 6 15] [:append 7 2] [:append 8 1]]	[:not-supported "unsupported operation: txn"]
2025-06-20 11:25:25,832{GMT}	INFO	[jepsen worker 0] jepsen.util: 0	:invoke	:txn	[[:r 7 nil] [:append 8 2] [:r 8 nil] [:r 6 nil]]
2025-06-20 11:25:25,839{GMT}	INFO	[jepsen worker 0] jepsen.util: 0	:fail	:txn	[[:r 7 nil] [:append 8 2] [:r 8 nil] [:r 6 nil]]	[:not-supported "unsupported operation: txn"]
2025-06-20 11:25:25,926{GMT}	INFO	[jepsen worker 0] jepsen.util: 0	:invoke	:txn	[[:r 8 nil] [:append 6 16] [:r 7 nil]]
2025-06-20 11:25:25,929{GMT}	INFO	[jepsen worker 0] jepsen.util: 0	:fail	:txn	[[:r 8 nil] [:append 6 16] [:r 7 nil]]	[:not-supported "unsupported operation: txn"]
2025-06-20 11:25:26,069{GMT}	INFO	[jepsen worker 0] jepsen.util: 0	:invoke	:txn	[[:r 8 nil] [:append 9 1] [:r 9 nil] [:append 7 3]]
2025-06-20 11:25:26,076{GMT}	INFO	[jepsen worker 0] jepsen.util: 0	:fail	:txn	[[:r 8 nil] [:append 9 1] [:r 9 nil] [:append 7 3]]	[:not-supported "unsupported operation: txn"]
2025-06-20 11:25:26,099{GMT}	INFO	[jepsen worker 0] jepsen.util: 0	:invoke	:txn	[[:append 9 2] [:r 9 nil] [:r 9 nil]]
2025-06-20 11:25:26,108{GMT}	INFO	[jepsen worker 0] jepsen.util: 0	:fail	:txn	[[:append 9 2] [:r 9 nil] [:r 9 nil]]	[:not-supported "unsupported operation: txn"]
2025-06-20 11:25:26,196{GMT}	INFO	[jepsen worker 0] jepsen.util: 0	:invoke	:txn	[[:append 9 3] [:append 9 4]]
2025-06-20 11:25:26,209{GMT}	INFO	[jepsen worker 0] jepsen.util: 0	:fail	:txn	[[:append 9 3] [:append 9 4]]	[:not-supported "unsupported operation: txn"]
2025-06-20 11:25:26,345{GMT}	INFO	[jepsen worker 0] jepsen.util: 0	:invoke	:txn	[[:append 9 5] [:append 9 6] [:r 9 nil] [:r 9 nil]]
2025-06-20 11:25:26,352{GMT}	INFO	[jepsen worker 0] jepsen.util: 0	:fail	:txn	[[:append 9 5] [:append 9 6] [:r 9 nil] [:r 9 nil]]	[:not-supported "unsupported operation: txn"]
2025-06-20 11:25:26,540{GMT}	INFO	[jepsen worker 0] jepsen.util: 0	:invoke	:txn	[[:append 7 4] [:r 9 nil] [:append 7 5]]
2025-06-20 11:25:26,547{GMT}	INFO	[jepsen worker 0] jepsen.util: 0	:fail	:txn	[[:append 7 4] [:r 9 nil] [:append 7 5]]	[:not-supported "unsupported operation: txn"]
2025-06-20 11:25:26,573{GMT}	INFO	[jepsen worker 0] jepsen.util: 0	:invoke	:txn	[[:append 9 7] [:r 9 nil]]
2025-06-20 11:25:26,586{GMT}	INFO	[jepsen worker 0] jepsen.util: 0	:fail	:txn	[[:append 9 7] [:r 9 nil]]	[:not-supported "unsupported operation: txn"]
2025-06-20 11:25:26,699{GMT}	INFO	[jepsen worker 0] jepsen.util: 0	:invoke	:txn	[[:append 8 3] [:r 9 nil]]
2025-06-20 11:25:26,703{GMT}	INFO	[jepsen worker 0] jepsen.util: 0	:fail	:txn	[[:append 8 3] [:r 9 nil]]	[:not-supported "unsupported operation: txn"]
2025-06-20 11:25:26,724{GMT}	INFO	[jepsen worker 0] jepsen.util: 0	:invoke	:txn	[[:append 7 6] [:r 7 nil] [:r 9 nil]]
2025-06-20 11:25:26,727{GMT}	INFO	[jepsen worker 0] jepsen.util: 0	:fail	:txn	[[:append 7 6] [:r 7 nil] [:r 9 nil]]	[:not-supported "unsupported operation: txn"]
2025-06-20 11:25:26,840{GMT}	INFO	[jepsen worker 0] jepsen.util: 0	:invoke	:txn	[[:r 9 nil]]
2025-06-20 11:25:26,844{GMT}	INFO	[jepsen worker 0] jepsen.util: 0	:fail	:txn	[[:r 9 nil]]	[:not-supported "unsupported operation: txn"]
2025-06-20 11:25:26,888{GMT}	INFO	[jepsen worker 0] jepsen.util: 0	:invoke	:txn	[[:append 7 7] [:append 8 4]]
2025-06-20 11:25:26,891{GMT}	INFO	[jepsen worker 0] jepsen.util: 0	:fail	:txn	[[:append 7 7] [:append 8 4]]	[:not-supported "unsupported operation: txn"]
2025-06-20 11:25:26,916{GMT}	INFO	[jepsen test runner] jepsen.core: Run complete, writing
2025-06-20 11:25:26,958{GMT}	INFO	[jepsen node n0] maelstrom.db: Tearing down n0
2025-06-20 11:25:28,576{GMT}	INFO	[jepsen node n0] maelstrom.net: Shutting down Maelstrom network
2025-06-20 11:25:28,577{GMT}	INFO	[jepsen test runner] jepsen.core: Analyzing...
2025-06-20 11:25:28,747{GMT}	INFO	[jepsen test runner] jepsen.core: Analysis complete
2025-06-20 11:25:28,760{GMT}	INFO	[jepsen results] jepsen.store: Wrote /Users/hiroyuki/Dropbox/Docs/git/scalardb-maelstrom-kv/store/txn-list-append/20250620T112515.400+0900/results.edn
2025-06-20 11:25:28,797{GMT}	INFO	[jepsen test runner] jepsen.core: {:perf {:latency-graph {:valid? true},
        :rate-graph {:valid? true},
        :valid? true},
 :timeline {:valid? true},
 :exceptions {:valid? true},
 :stats {:valid? false,
         :count 101,
         :ok-count 0,
         :fail-count 101,
         :info-count 0,
         :by-f {:txn {:valid? false,
                      :count 101,
                      :ok-count 0,
                      :fail-count 101,
                      :info-count 0}}},
 :availability {:valid? true, :ok-fraction 0.0},
 :net {:all {:send-count 204,
             :recv-count 204,
             :msg-count 204,
             :msgs-per-op 2.019802},
       :clients {:send-count 204, :recv-count 204, :msg-count 204},
       :servers {:send-count 0,
                 :recv-count 0,
                 :msg-count 0,
                 :msgs-per-op 0.0},
       :valid? true},
 :workload {:valid? :unknown,
            :anomaly-types (:empty-transaction-graph),
            :anomalies {:empty-transaction-graph true},
            :not #{},
            :also-not #{}},
 :valid? false}


Analysis invalid! (ﾉಥ益ಥ）ﾉ ┻━┻
