2025-06-19 23:48:34,680{GMT}	INFO	[jepsen test runner] jepsen.core: Command line:
lein run test -w lin-kv --bin ./maelstrom-wrapper.sh --node-count 1 --concurrency 2 --time-limit 10
2025-06-19 23:48:34,708{GMT}	INFO	[jepsen test runner] jepsen.core: Running test:
{:args []
 :remote
 #jepsen.control.retry.Remote{:remote #jepsen.control.scp.Remote{:cmd-remote #jepsen.control.sshj.SSHJRemote{:concurrency-limit 6,
                                                                                                             :conn-spec nil,
                                                                                                             :client nil,
                                                                                                             :semaphore nil},
                                                                 :conn-spec nil},
                              :conn nil}
 :log-net-send false
 :node-count 1
 :availability nil
 :max-txn-length 4
 :concurrency 2
 :db
 #object[maelstrom.db$db$reify__16612
         "0x30d5668a"
         "maelstrom.db$db$reify__16612@30d5668a"]
 :max-writes-per-key 16
 :leave-db-running? false
 :name "lin-kv"
 :logging-json? false
 :start-time
 #object[org.joda.time.DateTime "0x72b8b04f" "2025-06-19T23:48:34.655+09:00"]
 :nemesis-interval 10
 :net
 #object[maelstrom.net$jepsen_net$reify__15721
         "0x1b131102"
         "maelstrom.net$jepsen_net$reify__15721@1b131102"]
 :client
 #object[maelstrom.workload.lin_kv$client$reify__20973
         "0x75be3cdf"
         "maelstrom.workload.lin_kv$client$reify__20973@75be3cdf"]
 :barrier
 #object[java.util.concurrent.CyclicBarrier
         "0xf500481"
         "java.util.concurrent.CyclicBarrier@f500481"]
 :log-stderr false
 :pure-generators true
 :ssh {:dummy? true}
 :rate 5
 :checker
 #object[jepsen.checker$compose$reify__11089
         "0x38dde7ec"
         "jepsen.checker$compose$reify__11089@38dde7ec"]
 :argv
 ("test"
  "-w"
  "lin-kv"
  "--bin"
  "./maelstrom-wrapper.sh"
  "--node-count"
  "1"
  "--concurrency"
  "2"
  "--time-limit"
  "10")
 :nemesis
 (jepsen.nemesis.ReflCompose
  {:fm {:start-partition 0,
        :stop-partition 0,
        :kill 1,
        :start 1,
        :pause 1,
        :resume 1},
   :nemeses [#unprintable "jepsen.nemesis.combined$partition_nemesis$reify__16905@3bc57af4"
             #unprintable "jepsen.nemesis.combined$db_nemesis$reify__16886@3f19f197"]})
 :nodes ["n0"]
 :test-count 1
 :latency {:mean 0, :dist :constant}
 :bin "./maelstrom-wrapper.sh"
 :generator
 #object[jepsen.util.Forgettable
         "0x25c887ca"
         (jepsen.generator.TimeLimit
          {:limit 10000000000,
           :cutoff nil,
           :gen (jepsen.generator.Any
                 {:gens [(jepsen.generator.OnThreads
                          {:f #{:nemesis},
                           :context-filter #object[jepsen.generator.context$make_thread_filter$lazy_filter__12077
                                                   "0x10982760"
                                                   "jepsen.generator.context$make_thread_filter$lazy_filter__12077@10982760"],
                           :gen nil})
                         (jepsen.generator.OnThreads
                          {:f #jepsen.generator.context.AllBut{:element :nemesis},
                           :context-filter #object[jepsen.generator.context$make_thread_filter$lazy_filter__12077
                                                   "0x50626d22"
                                                   "jepsen.generator.context$make_thread_filter$lazy_filter__12077@50626d22"],
                           :gen (jepsen.generator.Stagger
                                 {:dt 400000000,
                                  :next-time nil,
                                  :gen (jepsen.generator.OnThreads
                                        {:f #jepsen.generator.context.AllBut{:element :nemesis},
                                         :context-filter #object[jepsen.generator.context$make_thread_filter$lazy_filter__12077
                                                                 "0x7cc742d"
                                                                 "jepsen.generator.context$make_thread_filter$lazy_filter__12077@7cc742d"],
                                         :gen (jepsen.independent.ConcurrentGenerator
                                               {:n 2,
                                                :fgen #object[jepsen.tests.linearizable_register$test$fn__17385
                                                              "0x734db023"
                                                              "jepsen.tests.linearizable_register$test$fn__17385@734db023"],
                                                :group->threads nil,
                                                :thread->group nil,
                                                :group->context-filter nil,
                                                :keys (0 1 2 3 4 5 6 7 ...),
                                                :gens nil})})})})]})})]
 :log-net-recv false
 :os
 #object[maelstrom.net$jepsen_os$reify__15724
         "0x61774805"
         "maelstrom.net$jepsen_os$reify__15724@61774805"]
 :time-limit 10
 :workload :lin-kv
 :consistency-models [:strict-serializable]
 :topology :grid}

2025-06-19 23:48:35,629{GMT}	INFO	[jepsen node n0] maelstrom.net: Starting Maelstrom network
2025-06-19 23:48:35,630{GMT}	INFO	[jepsen test runner] jepsen.db: Tearing down DB
2025-06-19 23:48:35,631{GMT}	INFO	[jepsen test runner] jepsen.db: Setting up DB
2025-06-19 23:48:35,632{GMT}	INFO	[jepsen node n0] maelstrom.service: Starting services: (lin-kv lin-tso lww-kv seq-kv)
2025-06-19 23:48:35,633{GMT}	INFO	[jepsen node n0] maelstrom.db: Setting up n0
2025-06-19 23:48:35,633{GMT}	INFO	[jepsen node n0] maelstrom.process: launching ./maelstrom-wrapper.sh []
2025-06-19 23:48:35,860{GMT}	INFO	[jepsen test runner] jepsen.core: Relative time begins now
2025-06-19 23:48:35,871{GMT}	INFO	[jepsen worker 0] jepsen.util: 0	:invoke	:read	[0 nil]
2025-06-19 23:48:36,111{GMT}	INFO	[jepsen worker 1] jepsen.util: 1	:invoke	:write	[0 4]
2025-06-19 23:48:36,875{GMT}	INFO	[jepsen worker 0] jepsen.util: 0	:fail	:read	[0 nil]	:net-timeout
2025-06-19 23:48:36,880{GMT}	INFO	[jepsen worker 0] jepsen.util: 0	:invoke	:read	[0 nil]
2025-06-19 23:48:37,118{GMT}	INFO	[jepsen worker 1] jepsen.util: 1	:info	:write	[0 4]	:net-timeout
2025-06-19 23:48:37,123{GMT}	INFO	[jepsen worker 1] jepsen.util: 3	:invoke	:cas	[0 [3 4]]
2025-06-19 23:48:37,882{GMT}	INFO	[jepsen worker 0] jepsen.util: 0	:fail	:read	[0 nil]	:net-timeout
2025-06-19 23:48:37,884{GMT}	INFO	[jepsen worker 0] jepsen.util: 0	:invoke	:read	[0 nil]
2025-06-19 23:48:38,128{GMT}	INFO	[jepsen worker 1] jepsen.util: 3	:info	:cas	[0 [3 4]]	:net-timeout
2025-06-19 23:48:38,129{GMT}	INFO	[jepsen worker 1] jepsen.util: 5	:invoke	:cas	[0 [0 2]]
2025-06-19 23:48:38,887{GMT}	INFO	[jepsen worker 0] jepsen.util: 0	:fail	:read	[0 nil]	:net-timeout
2025-06-19 23:48:38,887{GMT}	INFO	[jepsen worker 0] jepsen.util: 0	:invoke	:read	[0 nil]
2025-06-19 23:48:39,133{GMT}	INFO	[jepsen worker 1] jepsen.util: 5	:info	:cas	[0 [0 2]]	:net-timeout
2025-06-19 23:48:39,137{GMT}	INFO	[jepsen worker 1] jepsen.util: 7	:invoke	:write	[0 1]
2025-06-19 23:48:39,891{GMT}	INFO	[jepsen worker 0] jepsen.util: 0	:fail	:read	[0 nil]	:net-timeout
2025-06-19 23:48:39,896{GMT}	INFO	[jepsen worker 0] jepsen.util: 0	:invoke	:read	[0 nil]
2025-06-19 23:48:40,139{GMT}	INFO	[jepsen worker 1] jepsen.util: 7	:info	:write	[0 1]	:net-timeout
2025-06-19 23:48:40,226{GMT}	INFO	[jepsen worker 1] jepsen.util: 9	:invoke	:write	[0 0]
2025-06-19 23:48:40,905{GMT}	INFO	[jepsen worker 0] jepsen.util: 0	:fail	:read	[0 nil]	:net-timeout
2025-06-19 23:48:40,916{GMT}	INFO	[jepsen worker 0] jepsen.util: 0	:invoke	:read	[0 nil]
2025-06-19 23:48:41,232{GMT}	INFO	[jepsen worker 1] jepsen.util: 9	:info	:write	[0 0]	:net-timeout
2025-06-19 23:48:41,270{GMT}	INFO	[jepsen worker 1] jepsen.util: 11	:invoke	:write	[0 4]
2025-06-19 23:48:41,921{GMT}	INFO	[jepsen worker 0] jepsen.util: 0	:fail	:read	[0 nil]	:net-timeout
2025-06-19 23:48:41,922{GMT}	INFO	[jepsen worker 0] jepsen.util: 0	:invoke	:read	[0 nil]
2025-06-19 23:48:42,275{GMT}	INFO	[jepsen worker 1] jepsen.util: 11	:info	:write	[0 4]	:net-timeout
2025-06-19 23:48:42,276{GMT}	INFO	[jepsen worker 1] jepsen.util: 13	:invoke	:cas	[0 [4 2]]
2025-06-19 23:48:42,925{GMT}	INFO	[jepsen worker 0] jepsen.util: 0	:fail	:read	[0 nil]	:net-timeout
2025-06-19 23:48:42,925{GMT}	INFO	[jepsen worker 0] jepsen.util: 0	:invoke	:read	[0 nil]
2025-06-19 23:48:43,278{GMT}	INFO	[jepsen worker 1] jepsen.util: 13	:info	:cas	[0 [4 2]]	:net-timeout
2025-06-19 23:48:43,278{GMT}	INFO	[jepsen worker 1] jepsen.util: 15	:invoke	:cas	[0 [4 1]]
2025-06-19 23:48:43,927{GMT}	INFO	[jepsen worker 0] jepsen.util: 0	:fail	:read	[0 nil]	:net-timeout
2025-06-19 23:48:43,928{GMT}	INFO	[jepsen worker 0] jepsen.util: 0	:invoke	:read	[0 nil]
2025-06-19 23:48:44,278{GMT}	INFO	[jepsen worker 1] jepsen.util: 15	:info	:cas	[0 [4 1]]	:net-timeout
2025-06-19 23:48:44,279{GMT}	INFO	[jepsen worker 1] jepsen.util: 17	:invoke	:write	[0 4]
2025-06-19 23:48:44,933{GMT}	INFO	[jepsen worker 0] jepsen.util: 0	:fail	:read	[0 nil]	:net-timeout
2025-06-19 23:48:44,935{GMT}	INFO	[jepsen worker 0] jepsen.util: 0	:invoke	:read	[0 nil]
2025-06-19 23:48:45,284{GMT}	INFO	[jepsen worker 1] jepsen.util: 17	:info	:write	[0 4]	:net-timeout
2025-06-19 23:48:45,284{GMT}	INFO	[jepsen worker 1] jepsen.util: 19	:invoke	:cas	[0 [0 3]]
2025-06-19 23:48:45,937{GMT}	INFO	[jepsen worker 0] jepsen.util: 0	:fail	:read	[0 nil]	:net-timeout
2025-06-19 23:48:46,288{GMT}	INFO	[jepsen worker 1] jepsen.util: 19	:info	:cas	[0 [0 3]]	:net-timeout
2025-06-19 23:48:46,314{GMT}	INFO	[jepsen test runner] jepsen.core: Run complete, writing
2025-06-19 23:48:46,333{GMT}	INFO	[jepsen node n0] maelstrom.db: Tearing down n0
2025-06-19 23:48:47,688{GMT}	INFO	[jepsen node n0] maelstrom.net: Shutting down Maelstrom network
2025-06-19 23:48:47,689{GMT}	INFO	[jepsen test runner] jepsen.core: Analyzing...
2025-06-19 23:48:47,760{GMT}	INFO	[clojure-agent-send-pool-0] jepsen.independent: Wrote /Users/hiroyuki/Dropbox/Docs/git/scalardb-maelstrom-kv/store/lin-kv/20250619T234834.655+0900/independent/0/results.edn
2025-06-19 23:48:47,762{GMT}	INFO	[clojure-agent-send-pool-0] jepsen.independent: Wrote /Users/hiroyuki/Dropbox/Docs/git/scalardb-maelstrom-kv/store/lin-kv/20250619T234834.655+0900/independent/0/history.edn
2025-06-19 23:48:50,639{GMT}	INFO	[jepsen test runner] jepsen.core: Analysis complete
2025-06-19 23:48:50,652{GMT}	INFO	[jepsen results] jepsen.store: Wrote /Users/hiroyuki/Dropbox/Docs/git/scalardb-maelstrom-kv/store/lin-kv/20250619T234834.655+0900/results.edn
2025-06-19 23:48:50,688{GMT}	INFO	[jepsen test runner] jepsen.core: {:perf {:latency-graph {:valid? true},
        :rate-graph {:valid? true},
        :valid? true},
 :timeline {:valid? true},
 :exceptions {:valid? true},
 :stats {:valid? false,
         :count 20,
         :ok-count 0,
         :fail-count 10,
         :info-count 10,
         :by-f {:cas {:valid? false,
                      :count 5,
                      :ok-count 0,
                      :fail-count 0,
                      :info-count 5},
                :read {:valid? false,
                       :count 10,
                       :ok-count 0,
                       :fail-count 10,
                       :info-count 0},
                :write {:valid? false,
                        :count 5,
                        :ok-count 0,
                        :fail-count 0,
                        :info-count 5}}},
 :availability {:valid? true, :ok-fraction 0.0},
 :net {:all {:send-count 22,
             :recv-count 22,
             :msg-count 22,
             :msgs-per-op 1.1},
       :clients {:send-count 22, :recv-count 22, :msg-count 22},
       :servers {:send-count 0,
                 :recv-count 0,
                 :msg-count 0,
                 :msgs-per-op 0.0},
       :valid? true},
 :workload {:valid? true,
            :results {0 {:linearizable {:valid? true,
                                        :configs ({:model #knossos.model.CASRegister{:value nil},
                                                   :last-op nil,
                                                   :pending [{:process 1,
                                                              :type :invoke,
                                                              :f :write,
                                                              :value 4,
                                                              :index 1,
                                                              :time 251112959}
                                                             {:process 3,
                                                              :type :invoke,
                                                              :f :cas,
                                                              :value [3
                                                                      4],
                                                              :index 5,
                                                              :time 1259995417}
                                                             {:process 5,
                                                              :type :invoke,
                                                              :f :cas,
                                                              :value [0
                                                                      2],
                                                              :index 9,
                                                              :time 2268872250}
                                                             {:process 7,
                                                              :type :invoke,
                                                              :f :write,
                                                              :value 1,
                                                              :index 13,
                                                              :time 3275135334}
                                                             {:process 9,
                                                              :type :invoke,
                                                              :f :write,
                                                              :value 0,
                                                              :index 17,
                                                              :time 4365455667}
                                                             {:process 11,
                                                              :type :invoke,
                                                              :f :write,
                                                              :value 4,
                                                              :index 21,
                                                              :time 5410088750}
                                                             {:process 13,
                                                              :type :invoke,
                                                              :f :cas,
                                                              :value [4
                                                                      2],
                                                              :index 25,
                                                              :time 6415687250}
                                                             {:process 15,
                                                              :type :invoke,
                                                              :f :cas,
                                                              :value [4
                                                                      1],
                                                              :index 29,
                                                              :time 7418632209}
                                                             {:process 17,
                                                              :type :invoke,
                                                              :f :write,
                                                              :value 4,
                                                              :index 33,
                                                              :time 8419188709}
                                                             {:process 19,
                                                              :type :invoke,
                                                              :f :cas,
                                                              :value [0
                                                                      3],
                                                              :index 37,
                                                              :time 9424572417}]}),
                                        :final-paths ()},
                         :timeline {:valid? true},
                         :valid? true}},
            :failures []},
 :valid? false}


Analysis invalid! (ﾉಥ益ಥ）ﾉ ┻━┻
