2025-06-20 11:05:13,601{GMT}	INFO	[jepsen test runner] jepsen.core: Command line:
lein run test -w lin-kv --bin ./maelstrom-wrapper.sh --node-count 3 --concurrency 6 --time-limit 10 --rate 10 --key-count 10 --max-writes-per-key 5
2025-06-20 11:05:13,638{GMT}	INFO	[jepsen test runner] jepsen.core: Running test:
{:args []
 :remote
 #jepsen.control.retry.Remote{:remote #jepsen.control.scp.Remote{:cmd-remote #jepsen.control.sshj.SSHJRemote{:concurrency-limit 6,
                                                                                                             :conn-spec nil,
                                                                                                             :client nil,
                                                                                                             :semaphore nil},
                                                                 :conn-spec nil},
                              :conn nil}
 :log-net-send false
 :node-count 3
 :availability nil
 :max-txn-length 4
 :concurrency 6
 :key-count 10
 :db
 #object[maelstrom.db$db$reify__16612
         "0x69c27acb"
         "maelstrom.db$db$reify__16612@69c27acb"]
 :max-writes-per-key 5
 :leave-db-running? false
 :name "lin-kv"
 :logging-json? false
 :start-time
 #object[org.joda.time.DateTime "0xf500481" "2025-06-20T11:05:13.575+09:00"]
 :nemesis-interval 10
 :net
 #object[maelstrom.net$jepsen_net$reify__15721
         "0x38dde7ec"
         "maelstrom.net$jepsen_net$reify__15721@38dde7ec"]
 :client
 #object[maelstrom.workload.lin_kv$client$reify__20973
         "0x3bc57af4"
         "maelstrom.workload.lin_kv$client$reify__20973@3bc57af4"]
 :barrier
 #object[java.util.concurrent.CyclicBarrier
         "0x3f19f197"
         "java.util.concurrent.CyclicBarrier@3f19f197"]
 :log-stderr false
 :pure-generators true
 :ssh {:dummy? true}
 :rate 10.0
 :checker
 #object[jepsen.checker$compose$reify__11089
         "0x30628ef9"
         "jepsen.checker$compose$reify__11089@30628ef9"]
 :argv
 ("test"
  "-w"
  "lin-kv"
  "--bin"
  "./maelstrom-wrapper.sh"
  "--node-count"
  "3"
  "--concurrency"
  "6"
  "--time-limit"
  "10"
  "--rate"
  "10"
  "--key-count"
  "10"
  "--max-writes-per-key"
  "5")
 :nemesis
 (jepsen.nemesis.ReflCompose
  {:fm {:start-partition 0,
        :stop-partition 0,
        :kill 1,
        :start 1,
        :pause 1,
        :resume 1},
   :nemeses [#unprintable "jepsen.nemesis.combined$partition_nemesis$reify__16905@6757ed9e"
             #unprintable "jepsen.nemesis.combined$db_nemesis$reify__16886@77d5395a"]})
 :nodes ["n0" "n1" "n2"]
 :test-count 1
 :latency {:mean 0, :dist :constant}
 :bin "./maelstrom-wrapper.sh"
 :generator
 #object[jepsen.util.Forgettable
         "0x5af850f1"
         (jepsen.generator.TimeLimit
          {:limit 10000000000,
           :cutoff nil,
           :gen (jepsen.generator.Any
                 {:gens [(jepsen.generator.OnThreads
                          {:f #{:nemesis},
                           :context-filter #object[jepsen.generator.context$make_thread_filter$lazy_filter__12077
                                                   "0x734db023"
                                                   "jepsen.generator.context$make_thread_filter$lazy_filter__12077@734db023"],
                           :gen nil})
                         (jepsen.generator.OnThreads
                          {:f #jepsen.generator.context.AllBut{:element :nemesis},
                           :context-filter #object[jepsen.generator.context$make_thread_filter$lazy_filter__12077
                                                   "0x22bf2a0d"
                                                   "jepsen.generator.context$make_thread_filter$lazy_filter__12077@22bf2a0d"],
                           :gen (jepsen.generator.Stagger
                                 {:dt 200000000,
                                  :next-time nil,
                                  :gen (jepsen.generator.OnThreads
                                        {:f #jepsen.generator.context.AllBut{:element :nemesis},
                                         :context-filter #object[jepsen.generator.context$make_thread_filter$lazy_filter__12077
                                                                 "0x61774805"
                                                                 "jepsen.generator.context$make_thread_filter$lazy_filter__12077@61774805"],
                                         :gen (jepsen.independent.ConcurrentGenerator
                                               {:n 6,
                                                :fgen #object[jepsen.tests.linearizable_register$test$fn__17385
                                                              "0x57e351a"
                                                              "jepsen.tests.linearizable_register$test$fn__17385@57e351a"],
                                                :group->threads nil,
                                                :thread->group nil,
                                                :group->context-filter nil,
                                                :keys (0 1 2 3 4 5 6 7 ...),
                                                :gens nil})})})})]})})]
 :log-net-recv false
 :os
 #object[maelstrom.net$jepsen_os$reify__15724
         "0x4098ef14"
         "maelstrom.net$jepsen_os$reify__15724@4098ef14"]
 :time-limit 10
 :workload :lin-kv
 :consistency-models [:strict-serializable]
 :topology :grid}

2025-06-20 11:05:14,791{GMT}	INFO	[jepsen node n0] maelstrom.net: Starting Maelstrom network
2025-06-20 11:05:14,792{GMT}	INFO	[jepsen test runner] jepsen.db: Tearing down DB
2025-06-20 11:05:14,794{GMT}	INFO	[jepsen test runner] jepsen.db: Setting up DB
2025-06-20 11:05:14,795{GMT}	INFO	[jepsen node n1] maelstrom.db: Setting up n1
2025-06-20 11:05:14,796{GMT}	INFO	[jepsen node n1] maelstrom.process: launching ./maelstrom-wrapper.sh []
2025-06-20 11:05:14,797{GMT}	INFO	[jepsen node n2] maelstrom.db: Setting up n2
2025-06-20 11:05:14,797{GMT}	INFO	[jepsen node n2] maelstrom.process: launching ./maelstrom-wrapper.sh []
2025-06-20 11:05:14,799{GMT}	INFO	[jepsen node n0] maelstrom.service: Starting services: (lin-kv lin-tso lww-kv seq-kv)
2025-06-20 11:05:14,801{GMT}	INFO	[jepsen node n0] maelstrom.db: Setting up n0
2025-06-20 11:05:14,802{GMT}	INFO	[jepsen node n0] maelstrom.process: launching ./maelstrom-wrapper.sh []
2025-06-20 11:05:15,430{GMT}	INFO	[jepsen test runner] jepsen.core: Relative time begins now
2025-06-20 11:05:15,445{GMT}	INFO	[jepsen worker 3] jepsen.util: 3	:invoke	:cas	[0 [0 2]]
2025-06-20 11:05:15,479{GMT}	INFO	[jepsen worker 4] jepsen.util: 4	:invoke	:cas	[0 [1 3]]
2025-06-20 11:05:15,617{GMT}	INFO	[jepsen worker 2] jepsen.util: 2	:invoke	:read	[0 nil]
2025-06-20 11:05:15,642{GMT}	INFO	[jepsen worker 3] jepsen.util: 3	:fail	:cas	[0 [0 2]]	[:precondition-failed "expected value does not match"]
2025-06-20 11:05:15,662{GMT}	INFO	[jepsen worker 4] jepsen.util: 4	:fail	:cas	[0 [1 3]]	[:precondition-failed "expected value does not match"]
2025-06-20 11:05:15,784{GMT}	INFO	[jepsen worker 2] jepsen.util: 2	:fail	:read	[0 nil]	[:key-does-not-exist "key not found"]
2025-06-20 11:05:15,819{GMT}	INFO	[jepsen worker 0] jepsen.util: 0	:invoke	:read	[0 nil]
2025-06-20 11:05:15,831{GMT}	INFO	[jepsen worker 0] jepsen.util: 0	:fail	:read	[0 nil]	[:key-does-not-exist "key not found"]
2025-06-20 11:05:15,942{GMT}	INFO	[jepsen worker 4] jepsen.util: 4	:invoke	:cas	[0 [1 4]]
2025-06-20 11:05:15,946{GMT}	INFO	[jepsen worker 4] jepsen.util: 4	:fail	:cas	[0 [1 4]]	[:precondition-failed "expected value does not match"]
2025-06-20 11:05:16,114{GMT}	INFO	[jepsen worker 0] jepsen.util: 0	:invoke	:read	[0 nil]
2025-06-20 11:05:16,128{GMT}	INFO	[jepsen worker 0] jepsen.util: 0	:fail	:read	[0 nil]	[:key-does-not-exist "key not found"]
2025-06-20 11:05:16,259{GMT}	INFO	[jepsen worker 0] jepsen.util: 0	:invoke	:read	[0 nil]
2025-06-20 11:05:16,285{GMT}	INFO	[jepsen worker 0] jepsen.util: 0	:fail	:read	[0 nil]	[:key-does-not-exist "key not found"]
2025-06-20 11:05:16,432{GMT}	INFO	[jepsen worker 0] jepsen.util: 0	:invoke	:read	[0 nil]
2025-06-20 11:05:16,450{GMT}	INFO	[jepsen worker 0] jepsen.util: 0	:fail	:read	[0 nil]	[:key-does-not-exist "key not found"]
2025-06-20 11:05:16,510{GMT}	INFO	[jepsen worker 1] jepsen.util: 1	:invoke	:read	[0 nil]
2025-06-20 11:05:16,524{GMT}	INFO	[jepsen worker 2] jepsen.util: 2	:invoke	:read	[0 nil]
2025-06-20 11:05:16,527{GMT}	INFO	[jepsen worker 2] jepsen.util: 2	:fail	:read	[0 nil]	[:key-does-not-exist "key not found"]
2025-06-20 11:05:16,528{GMT}	INFO	[jepsen worker 1] jepsen.util: 1	:fail	:read	[0 nil]	[:key-does-not-exist "key not found"]
2025-06-20 11:05:16,591{GMT}	INFO	[jepsen worker 3] jepsen.util: 3	:invoke	:cas	[0 [1 4]]
2025-06-20 11:05:16,617{GMT}	INFO	[jepsen worker 3] jepsen.util: 3	:fail	:cas	[0 [1 4]]	[:precondition-failed "expected value does not match"]
2025-06-20 11:05:16,745{GMT}	INFO	[jepsen worker 0] jepsen.util: 0	:invoke	:read	[0 nil]
2025-06-20 11:05:16,767{GMT}	INFO	[jepsen worker 0] jepsen.util: 0	:fail	:read	[0 nil]	[:key-does-not-exist "key not found"]
2025-06-20 11:05:16,867{GMT}	INFO	[jepsen worker 5] jepsen.util: 5	:invoke	:write	[0 4]
2025-06-20 11:05:16,889{GMT}	INFO	[jepsen worker 5] jepsen.util: 5	:ok	:write	[0 4]
2025-06-20 11:05:16,948{GMT}	INFO	[jepsen worker 0] jepsen.util: 0	:invoke	:read	[0 nil]
2025-06-20 11:05:16,964{GMT}	INFO	[jepsen worker 0] jepsen.util: 0	:ok	:read	[0 4]
2025-06-20 11:05:17,064{GMT}	INFO	[jepsen worker 3] jepsen.util: 3	:invoke	:cas	[0 [0 4]]
2025-06-20 11:05:17,073{GMT}	INFO	[jepsen worker 3] jepsen.util: 3	:fail	:cas	[0 [0 4]]	[:precondition-failed "expected value does not match"]
2025-06-20 11:05:17,204{GMT}	INFO	[jepsen worker 3] jepsen.util: 3	:invoke	:cas	[0 [3 3]]
2025-06-20 11:05:17,216{GMT}	INFO	[jepsen worker 3] jepsen.util: 3	:fail	:cas	[0 [3 3]]	[:precondition-failed "expected value does not match"]
2025-06-20 11:05:17,346{GMT}	INFO	[jepsen worker 3] jepsen.util: 3	:invoke	:cas	[0 [0 0]]
2025-06-20 11:05:17,355{GMT}	INFO	[jepsen worker 3] jepsen.util: 3	:fail	:cas	[0 [0 0]]	[:precondition-failed "expected value does not match"]
2025-06-20 11:05:17,470{GMT}	INFO	[jepsen worker 3] jepsen.util: 3	:invoke	:write	[0 4]
2025-06-20 11:05:17,486{GMT}	INFO	[jepsen worker 3] jepsen.util: 3	:ok	:write	[0 4]
2025-06-20 11:05:17,554{GMT}	INFO	[jepsen worker 0] jepsen.util: 0	:invoke	:read	[0 nil]
2025-06-20 11:05:17,560{GMT}	INFO	[jepsen worker 0] jepsen.util: 0	:ok	:read	[0 4]
2025-06-20 11:05:17,704{GMT}	INFO	[jepsen worker 5] jepsen.util: 5	:invoke	:cas	[0 [2 3]]
2025-06-20 11:05:17,729{GMT}	INFO	[jepsen worker 5] jepsen.util: 5	:fail	:cas	[0 [2 3]]	[:precondition-failed "expected value does not match"]
2025-06-20 11:05:17,879{GMT}	INFO	[jepsen worker 3] jepsen.util: 3	:invoke	:cas	[0 [2 4]]
2025-06-20 11:05:17,888{GMT}	INFO	[jepsen worker 3] jepsen.util: 3	:fail	:cas	[0 [2 4]]	[:precondition-failed "expected value does not match"]
2025-06-20 11:05:18,061{GMT}	INFO	[jepsen worker 3] jepsen.util: 3	:invoke	:cas	[0 [1 3]]
2025-06-20 11:05:18,070{GMT}	INFO	[jepsen worker 3] jepsen.util: 3	:fail	:cas	[0 [1 3]]	[:precondition-failed "expected value does not match"]
2025-06-20 11:05:18,119{GMT}	INFO	[jepsen worker 1] jepsen.util: 1	:invoke	:read	[0 nil]
2025-06-20 11:05:18,138{GMT}	INFO	[jepsen worker 1] jepsen.util: 1	:ok	:read	[0 4]
2025-06-20 11:05:18,216{GMT}	INFO	[jepsen worker 3] jepsen.util: 3	:invoke	:cas	[0 [2 2]]
2025-06-20 11:05:18,226{GMT}	INFO	[jepsen worker 3] jepsen.util: 3	:fail	:cas	[0 [2 2]]	[:precondition-failed "expected value does not match"]
2025-06-20 11:05:18,396{GMT}	INFO	[jepsen worker 0] jepsen.util: 0	:invoke	:read	[0 nil]
2025-06-20 11:05:18,409{GMT}	INFO	[jepsen worker 0] jepsen.util: 0	:ok	:read	[0 4]
2025-06-20 11:05:18,422{GMT}	INFO	[jepsen worker 0] jepsen.util: 0	:invoke	:read	[0 nil]
2025-06-20 11:05:18,432{GMT}	INFO	[jepsen worker 0] jepsen.util: 0	:ok	:read	[0 4]
2025-06-20 11:05:18,574{GMT}	INFO	[jepsen worker 0] jepsen.util: 0	:invoke	:read	[0 nil]
2025-06-20 11:05:18,588{GMT}	INFO	[jepsen worker 0] jepsen.util: 0	:ok	:read	[0 4]
2025-06-20 11:05:18,646{GMT}	INFO	[jepsen worker 3] jepsen.util: 3	:invoke	:write	[0 4]
2025-06-20 11:05:18,656{GMT}	INFO	[jepsen worker 3] jepsen.util: 3	:ok	:write	[0 4]
2025-06-20 11:05:18,766{GMT}	INFO	[jepsen worker 3] jepsen.util: 3	:invoke	:cas	[0 [2 1]]
2025-06-20 11:05:18,774{GMT}	INFO	[jepsen worker 3] jepsen.util: 3	:fail	:cas	[0 [2 1]]	[:precondition-failed "expected value does not match"]
2025-06-20 11:05:18,829{GMT}	INFO	[jepsen worker 3] jepsen.util: 3	:invoke	:cas	[0 [1 4]]
2025-06-20 11:05:18,838{GMT}	INFO	[jepsen worker 3] jepsen.util: 3	:fail	:cas	[0 [1 4]]	[:precondition-failed "expected value does not match"]
2025-06-20 11:05:18,905{GMT}	INFO	[jepsen worker 2] jepsen.util: 2	:invoke	:read	[0 nil]
2025-06-20 11:05:18,921{GMT}	INFO	[jepsen worker 2] jepsen.util: 2	:ok	:read	[0 4]
2025-06-20 11:05:18,956{GMT}	INFO	[jepsen worker 0] jepsen.util: 0	:invoke	:read	[0 nil]
2025-06-20 11:05:18,969{GMT}	INFO	[jepsen worker 0] jepsen.util: 0	:ok	:read	[0 4]
2025-06-20 11:05:18,990{GMT}	INFO	[jepsen worker 0] jepsen.util: 0	:invoke	:read	[0 nil]
2025-06-20 11:05:18,993{GMT}	INFO	[jepsen worker 0] jepsen.util: 0	:ok	:read	[0 4]
2025-06-20 11:05:19,048{GMT}	INFO	[jepsen worker 5] jepsen.util: 5	:invoke	:cas	[0 [2 1]]
2025-06-20 11:05:19,074{GMT}	INFO	[jepsen worker 5] jepsen.util: 5	:fail	:cas	[0 [2 1]]	[:precondition-failed "expected value does not match"]
2025-06-20 11:05:19,106{GMT}	INFO	[jepsen worker 0] jepsen.util: 0	:invoke	:read	[0 nil]
2025-06-20 11:05:19,110{GMT}	INFO	[jepsen worker 0] jepsen.util: 0	:ok	:read	[0 4]
2025-06-20 11:05:19,292{GMT}	INFO	[jepsen worker 3] jepsen.util: 3	:invoke	:cas	[0 [2 2]]
2025-06-20 11:05:19,296{GMT}	INFO	[jepsen worker 3] jepsen.util: 3	:fail	:cas	[0 [2 2]]	[:precondition-failed "expected value does not match"]
2025-06-20 11:05:19,297{GMT}	INFO	[jepsen worker 1] jepsen.util: 1	:invoke	:read	[0 nil]
2025-06-20 11:05:19,304{GMT}	INFO	[jepsen worker 1] jepsen.util: 1	:ok	:read	[0 4]
2025-06-20 11:05:19,387{GMT}	INFO	[jepsen worker 3] jepsen.util: 3	:invoke	:cas	[0 [4 1]]
2025-06-20 11:05:19,394{GMT}	INFO	[jepsen worker 3] jepsen.util: 3	:ok	:cas	[0 [4 1]]
2025-06-20 11:05:19,483{GMT}	INFO	[jepsen worker 0] jepsen.util: 0	:invoke	:read	[0 nil]
2025-06-20 11:05:19,487{GMT}	INFO	[jepsen worker 0] jepsen.util: 0	:ok	:read	[0 1]
2025-06-20 11:05:19,520{GMT}	INFO	[jepsen worker 0] jepsen.util: 0	:invoke	:read	[0 nil]
2025-06-20 11:05:19,524{GMT}	INFO	[jepsen worker 1] jepsen.util: 1	:invoke	:read	[0 nil]
2025-06-20 11:05:19,541{GMT}	INFO	[jepsen worker 0] jepsen.util: 0	:ok	:read	[0 1]
2025-06-20 11:05:19,544{GMT}	INFO	[jepsen worker 1] jepsen.util: 1	:ok	:read	[0 1]
2025-06-20 11:05:19,640{GMT}	INFO	[jepsen worker 0] jepsen.util: 0	:invoke	:read	[0 nil]
2025-06-20 11:05:19,646{GMT}	INFO	[jepsen worker 0] jepsen.util: 0	:ok	:read	[0 1]
2025-06-20 11:05:19,782{GMT}	INFO	[jepsen worker 0] jepsen.util: 0	:invoke	:read	[0 nil]
2025-06-20 11:05:19,793{GMT}	INFO	[jepsen worker 0] jepsen.util: 0	:ok	:read	[0 1]
2025-06-20 11:05:19,957{GMT}	INFO	[jepsen worker 1] jepsen.util: 1	:invoke	:read	[0 nil]
2025-06-20 11:05:19,962{GMT}	INFO	[jepsen worker 1] jepsen.util: 1	:ok	:read	[0 1]
2025-06-20 11:05:20,113{GMT}	INFO	[jepsen worker 2] jepsen.util: 2	:invoke	:read	[0 nil]
2025-06-20 11:05:20,117{GMT}	INFO	[jepsen worker 2] jepsen.util: 2	:ok	:read	[0 1]
2025-06-20 11:05:20,295{GMT}	INFO	[jepsen worker 3] jepsen.util: 3	:invoke	:cas	[0 [2 2]]
2025-06-20 11:05:20,301{GMT}	INFO	[jepsen worker 3] jepsen.util: 3	:fail	:cas	[0 [2 2]]	[:precondition-failed "expected value does not match"]
2025-06-20 11:05:20,421{GMT}	INFO	[jepsen worker 0] jepsen.util: 0	:invoke	:read	[0 nil]
2025-06-20 11:05:20,432{GMT}	INFO	[jepsen worker 0] jepsen.util: 0	:ok	:read	[0 1]
2025-06-20 11:05:20,580{GMT}	INFO	[jepsen worker 5] jepsen.util: 5	:invoke	:write	[0 4]
2025-06-20 11:05:20,596{GMT}	INFO	[jepsen worker 5] jepsen.util: 5	:ok	:write	[0 4]
2025-06-20 11:05:20,695{GMT}	INFO	[jepsen worker 3] jepsen.util: 3	:invoke	:write	[0 0]
2025-06-20 11:05:20,701{GMT}	INFO	[jepsen worker 3] jepsen.util: 3	:ok	:write	[0 0]
2025-06-20 11:05:20,701{GMT}	INFO	[jepsen worker 3] jepsen.util: 3	:invoke	:cas	[0 [4 4]]
2025-06-20 11:05:20,707{GMT}	INFO	[jepsen worker 3] jepsen.util: 3	:fail	:cas	[0 [4 4]]	[:precondition-failed "expected value does not match"]
2025-06-20 11:05:20,767{GMT}	INFO	[jepsen worker 1] jepsen.util: 1	:invoke	:read	[0 nil]
2025-06-20 11:05:20,774{GMT}	INFO	[jepsen worker 1] jepsen.util: 1	:ok	:read	[0 0]
2025-06-20 11:05:20,867{GMT}	INFO	[jepsen worker 2] jepsen.util: 2	:invoke	:read	[0 nil]
2025-06-20 11:05:20,873{GMT}	INFO	[jepsen worker 3] jepsen.util: 3	:invoke	:cas	[0 [4 3]]
2025-06-20 11:05:20,881{GMT}	INFO	[jepsen worker 2] jepsen.util: 2	:ok	:read	[0 0]
2025-06-20 11:05:20,892{GMT}	INFO	[jepsen worker 0] jepsen.util: 0	:invoke	:read	[0 nil]
2025-06-20 11:05:20,894{GMT}	INFO	[jepsen worker 3] jepsen.util: 3	:fail	:cas	[0 [4 3]]	[:precondition-failed "expected value does not match"]
2025-06-20 11:05:20,894{GMT}	INFO	[jepsen worker 0] jepsen.util: 0	:ok	:read	[0 0]
2025-06-20 11:05:21,077{GMT}	INFO	[jepsen worker 5] jepsen.util: 5	:invoke	:cas	[0 [0 1]]
2025-06-20 11:05:21,082{GMT}	INFO	[jepsen worker 5] jepsen.util: 5	:ok	:cas	[0 [0 1]]
2025-06-20 11:05:21,170{GMT}	INFO	[jepsen worker 3] jepsen.util: 3	:invoke	:cas	[0 [2 1]]
2025-06-20 11:05:21,175{GMT}	INFO	[jepsen worker 3] jepsen.util: 3	:fail	:cas	[0 [2 1]]	[:precondition-failed "expected value does not match"]
2025-06-20 11:05:21,216{GMT}	INFO	[jepsen worker 0] jepsen.util: 0	:invoke	:read	[0 nil]
2025-06-20 11:05:21,226{GMT}	INFO	[jepsen worker 0] jepsen.util: 0	:ok	:read	[0 1]
2025-06-20 11:05:21,355{GMT}	INFO	[jepsen worker 1] jepsen.util: 1	:invoke	:read	[0 nil]
2025-06-20 11:05:21,362{GMT}	INFO	[jepsen worker 1] jepsen.util: 1	:ok	:read	[0 1]
2025-06-20 11:05:21,476{GMT}	INFO	[jepsen worker 2] jepsen.util: 2	:invoke	:read	[0 nil]
2025-06-20 11:05:21,484{GMT}	INFO	[jepsen worker 2] jepsen.util: 2	:ok	:read	[0 1]
2025-06-20 11:05:21,542{GMT}	INFO	[jepsen worker 3] jepsen.util: 3	:invoke	:write	[0 0]
2025-06-20 11:05:21,549{GMT}	INFO	[jepsen worker 3] jepsen.util: 3	:ok	:write	[0 0]
2025-06-20 11:05:21,739{GMT}	INFO	[jepsen worker 0] jepsen.util: 0	:invoke	:read	[0 nil]
2025-06-20 11:05:21,749{GMT}	INFO	[jepsen worker 0] jepsen.util: 0	:ok	:read	[0 0]
2025-06-20 11:05:21,908{GMT}	INFO	[jepsen worker 0] jepsen.util: 0	:invoke	:read	[0 nil]
2025-06-20 11:05:21,919{GMT}	INFO	[jepsen worker 0] jepsen.util: 0	:ok	:read	[0 0]
2025-06-20 11:05:21,920{GMT}	INFO	[jepsen worker 0] jepsen.util: 0	:invoke	:read	[0 nil]
2025-06-20 11:05:21,923{GMT}	INFO	[jepsen worker 0] jepsen.util: 0	:ok	:read	[0 0]
2025-06-20 11:05:22,014{GMT}	INFO	[jepsen worker 3] jepsen.util: 3	:invoke	:write	[0 1]
2025-06-20 11:05:22,043{GMT}	INFO	[jepsen worker 3] jepsen.util: 3	:ok	:write	[0 1]
2025-06-20 11:05:22,102{GMT}	INFO	[jepsen worker 3] jepsen.util: 3	:invoke	:cas	[0 [2 3]]
2025-06-20 11:05:22,107{GMT}	INFO	[jepsen worker 3] jepsen.util: 3	:fail	:cas	[0 [2 3]]	[:precondition-failed "expected value does not match"]
2025-06-20 11:05:22,230{GMT}	INFO	[jepsen worker 2] jepsen.util: 2	:invoke	:read	[0 nil]
2025-06-20 11:05:22,241{GMT}	INFO	[jepsen worker 2] jepsen.util: 2	:ok	:read	[0 1]
2025-06-20 11:05:22,337{GMT}	INFO	[jepsen worker 3] jepsen.util: 3	:invoke	:cas	[0 [1 2]]
2025-06-20 11:05:22,342{GMT}	INFO	[jepsen worker 3] jepsen.util: 3	:ok	:cas	[0 [1 2]]
2025-06-20 11:05:22,474{GMT}	INFO	[jepsen worker 0] jepsen.util: 0	:invoke	:read	[0 nil]
2025-06-20 11:05:22,478{GMT}	INFO	[jepsen worker 0] jepsen.util: 0	:ok	:read	[0 2]
2025-06-20 11:05:22,576{GMT}	INFO	[jepsen worker 5] jepsen.util: 5	:invoke	:write	[0 4]
2025-06-20 11:05:22,583{GMT}	INFO	[jepsen worker 5] jepsen.util: 5	:ok	:write	[0 4]
2025-06-20 11:05:22,764{GMT}	INFO	[jepsen worker 3] jepsen.util: 3	:invoke	:cas	[0 [0 4]]
2025-06-20 11:05:22,774{GMT}	INFO	[jepsen worker 3] jepsen.util: 3	:fail	:cas	[0 [0 4]]	[:precondition-failed "expected value does not match"]
2025-06-20 11:05:22,891{GMT}	INFO	[jepsen worker 0] jepsen.util: 0	:invoke	:read	[0 nil]
2025-06-20 11:05:22,895{GMT}	INFO	[jepsen worker 0] jepsen.util: 0	:ok	:read	[0 4]
2025-06-20 11:05:23,078{GMT}	INFO	[jepsen worker 1] jepsen.util: 1	:invoke	:read	[0 nil]
2025-06-20 11:05:23,094{GMT}	INFO	[jepsen worker 1] jepsen.util: 1	:ok	:read	[0 4]
2025-06-20 11:05:23,135{GMT}	INFO	[jepsen worker 2] jepsen.util: 2	:invoke	:read	[0 nil]
2025-06-20 11:05:23,138{GMT}	INFO	[jepsen worker 2] jepsen.util: 2	:ok	:read	[0 4]
2025-06-20 11:05:23,262{GMT}	INFO	[jepsen worker 0] jepsen.util: 0	:invoke	:read	[0 nil]
2025-06-20 11:05:23,285{GMT}	INFO	[jepsen worker 0] jepsen.util: 0	:ok	:read	[0 4]
2025-06-20 11:05:23,448{GMT}	INFO	[jepsen worker 4] jepsen.util: 4	:invoke	:cas	[0 [4 4]]
2025-06-20 11:05:23,463{GMT}	INFO	[jepsen worker 4] jepsen.util: 4	:ok	:cas	[0 [4 4]]
2025-06-20 11:05:23,464{GMT}	INFO	[jepsen worker 0] jepsen.util: 0	:invoke	:read	[0 nil]
2025-06-20 11:05:23,468{GMT}	INFO	[jepsen worker 3] jepsen.util: 3	:invoke	:write	[0 2]
2025-06-20 11:05:23,471{GMT}	INFO	[jepsen worker 0] jepsen.util: 0	:ok	:read	[0 4]
2025-06-20 11:05:23,473{GMT}	INFO	[jepsen worker 3] jepsen.util: 3	:ok	:write	[0 2]
2025-06-20 11:05:23,664{GMT}	INFO	[jepsen worker 3] jepsen.util: 3	:invoke	:cas	[0 [1 4]]
2025-06-20 11:05:23,678{GMT}	INFO	[jepsen worker 3] jepsen.util: 3	:fail	:cas	[0 [1 4]]	[:precondition-failed "expected value does not match"]
2025-06-20 11:05:23,745{GMT}	INFO	[jepsen worker 3] jepsen.util: 3	:invoke	:cas	[0 [0 3]]
2025-06-20 11:05:23,757{GMT}	INFO	[jepsen worker 3] jepsen.util: 3	:fail	:cas	[0 [0 3]]	[:precondition-failed "expected value does not match"]
2025-06-20 11:05:23,790{GMT}	INFO	[jepsen worker 3] jepsen.util: 3	:invoke	:write	[0 0]
2025-06-20 11:05:23,798{GMT}	INFO	[jepsen worker 3] jepsen.util: 3	:ok	:write	[0 0]
2025-06-20 11:05:23,904{GMT}	INFO	[jepsen worker 3] jepsen.util: 3	:invoke	:cas	[0 [2 1]]
2025-06-20 11:05:23,912{GMT}	INFO	[jepsen worker 3] jepsen.util: 3	:fail	:cas	[0 [2 1]]	[:precondition-failed "expected value does not match"]
2025-06-20 11:05:23,923{GMT}	INFO	[jepsen worker 0] jepsen.util: 0	:invoke	:read	[0 nil]
2025-06-20 11:05:23,928{GMT}	INFO	[jepsen worker 0] jepsen.util: 0	:ok	:read	[0 0]
2025-06-20 11:05:23,969{GMT}	INFO	[jepsen worker 5] jepsen.util: 5	:invoke	:cas	[0 [4 3]]
2025-06-20 11:05:23,976{GMT}	INFO	[jepsen worker 5] jepsen.util: 5	:fail	:cas	[0 [4 3]]	[:precondition-failed "expected value does not match"]
2025-06-20 11:05:24,147{GMT}	INFO	[jepsen worker 0] jepsen.util: 0	:invoke	:read	[0 nil]
2025-06-20 11:05:24,152{GMT}	INFO	[jepsen worker 0] jepsen.util: 0	:ok	:read	[0 0]
2025-06-20 11:05:24,329{GMT}	INFO	[jepsen worker 0] jepsen.util: 0	:invoke	:read	[0 nil]
2025-06-20 11:05:24,339{GMT}	INFO	[jepsen worker 0] jepsen.util: 0	:ok	:read	[0 0]
2025-06-20 11:05:24,452{GMT}	INFO	[jepsen worker 3] jepsen.util: 3	:invoke	:cas	[0 [1 4]]
2025-06-20 11:05:24,466{GMT}	INFO	[jepsen worker 3] jepsen.util: 3	:fail	:cas	[0 [1 4]]	[:precondition-failed "expected value does not match"]
2025-06-20 11:05:24,651{GMT}	INFO	[jepsen worker 2] jepsen.util: 2	:invoke	:read	[0 nil]
2025-06-20 11:05:24,675{GMT}	INFO	[jepsen worker 2] jepsen.util: 2	:ok	:read	[0 0]
2025-06-20 11:05:24,835{GMT}	INFO	[jepsen worker 0] jepsen.util: 0	:invoke	:read	[0 nil]
2025-06-20 11:05:24,854{GMT}	INFO	[jepsen worker 0] jepsen.util: 0	:ok	:read	[0 0]
2025-06-20 11:05:25,020{GMT}	INFO	[jepsen worker 4] jepsen.util: 4	:invoke	:cas	[0 [0 0]]
2025-06-20 11:05:25,030{GMT}	INFO	[jepsen worker 4] jepsen.util: 4	:ok	:cas	[0 [0 0]]
2025-06-20 11:05:25,189{GMT}	INFO	[jepsen worker 0] jepsen.util: 0	:invoke	:read	[0 nil]
2025-06-20 11:05:25,198{GMT}	INFO	[jepsen worker 0] jepsen.util: 0	:ok	:read	[0 0]
2025-06-20 11:05:25,317{GMT}	INFO	[jepsen worker 0] jepsen.util: 0	:invoke	:read	[0 nil]
2025-06-20 11:05:25,329{GMT}	INFO	[jepsen worker 0] jepsen.util: 0	:ok	:read	[0 0]
2025-06-20 11:05:25,356{GMT}	INFO	[jepsen worker 0] jepsen.util: 0	:invoke	:read	[0 nil]
2025-06-20 11:05:25,367{GMT}	INFO	[jepsen worker 0] jepsen.util: 0	:ok	:read	[0 0]
2025-06-20 11:05:25,389{GMT}	INFO	[jepsen test runner] jepsen.core: Run complete, writing
2025-06-20 11:05:25,419{GMT}	INFO	[jepsen node n1] maelstrom.db: Tearing down n1
2025-06-20 11:05:25,419{GMT}	INFO	[jepsen node n2] maelstrom.db: Tearing down n2
2025-06-20 11:05:25,419{GMT}	INFO	[jepsen node n0] maelstrom.db: Tearing down n0
2025-06-20 11:05:26,856{GMT}	INFO	[jepsen node n0] maelstrom.net: Shutting down Maelstrom network
2025-06-20 11:05:26,870{GMT}	INFO	[jepsen test runner] jepsen.core: Analyzing...
2025-06-20 11:05:26,957{GMT}	INFO	[clojure-agent-send-pool-0] jepsen.independent: Wrote /Users/hiroyuki/Dropbox/Docs/git/scalardb-maelstrom-kv/store/lin-kv/20250620T110513.575+0900/independent/0/results.edn
2025-06-20 11:05:26,964{GMT}	INFO	[clojure-agent-send-pool-0] jepsen.independent: Wrote /Users/hiroyuki/Dropbox/Docs/git/scalardb-maelstrom-kv/store/lin-kv/20250620T110513.575+0900/independent/0/history.edn
2025-06-20 11:05:26,967{GMT}	INFO	[jepsen test runner] jepsen.core: Analysis complete
2025-06-20 11:05:26,977{GMT}	INFO	[jepsen results] jepsen.store: Wrote /Users/hiroyuki/Dropbox/Docs/git/scalardb-maelstrom-kv/store/lin-kv/20250620T110513.575+0900/results.edn
2025-06-20 11:05:26,997{GMT}	INFO	[jepsen test runner] jepsen.core: {:perf {:latency-graph {:valid? true},
        :rate-graph {:valid? true},
        :valid? true},
 :timeline {:valid? true},
 :exceptions {:valid? true},
 :stats {:valid? true,
         :count 92,
         :ok-count 58,
         :fail-count 34,
         :info-count 0,
         :by-f {:cas {:valid? true,
                      :count 31,
                      :ok-count 5,
                      :fail-count 26,
                      :info-count 0},
                :read {:valid? true,
                       :count 51,
                       :ok-count 43,
                       :fail-count 8,
                       :info-count 0},
                :write {:valid? true,
                        :count 10,
                        :ok-count 10,
                        :fail-count 0,
                        :info-count 0}}},
 :availability {:valid? true, :ok-fraction 0.6304348},
 :net {:all {:send-count 190,
             :recv-count 190,
             :msg-count 190,
             :msgs-per-op 2.0652175},
       :clients {:send-count 190, :recv-count 190, :msg-count 190},
       :servers {:send-count 0,
                 :recv-count 0,
                 :msg-count 0,
                 :msgs-per-op 0.0},
       :valid? true},
 :workload {:valid? true,
            :results {0 {:linearizable {:valid? true,
                                        :configs ({:model #knossos.model.CASRegister{:value 0},
                                                   :last-op {:process 0,
                                                             :type :ok,
                                                             :f :read,
                                                             :value 0,
                                                             :index 183,
                                                             :time 9937743208},
                                                   :pending []}),
                                        :final-paths ()},
                         :timeline {:valid? true},
                         :valid? true}},
            :failures []},
 :valid? true}


Everything looks good! ヽ(‘ー`)ノ
