2025-06-20 01:20:48,992{GMT}	INFO	[jepsen test runner] jepsen.core: Command line:
lein run test -w lin-kv --bin ./maelstrom-wrapper.sh --node-count 1 --concurrency 2 --time-limit 10 --rate 10
2025-06-20 01:20:49,028{GMT}	INFO	[jepsen test runner] jepsen.core: Running test:
{:args []
 :remote
 #jepsen.control.retry.Remote{:remote #jepsen.control.scp.Remote{:cmd-remote #jepsen.control.sshj.SSHJRemote{:concurrency-limit 6,
                                                                                                             :conn-spec nil,
                                                                                                             :client nil,
                                                                                                             :semaphore nil},
                                                                 :conn-spec nil},
                              :conn nil}
 :log-net-send false
 :node-count 1
 :availability nil
 :max-txn-length 4
 :concurrency 2
 :db
 #object[maelstrom.db$db$reify__16612
         "0x7307e418"
         "maelstrom.db$db$reify__16612@7307e418"]
 :max-writes-per-key 16
 :leave-db-running? false
 :name "lin-kv"
 :logging-json? false
 :start-time
 #object[org.joda.time.DateTime "0x69c27acb" "2025-06-20T01:20:48.953+09:00"]
 :nemesis-interval 10
 :net
 #object[maelstrom.net$jepsen_net$reify__15721
         "0x72b8b04f"
         "maelstrom.net$jepsen_net$reify__15721@72b8b04f"]
 :client
 #object[maelstrom.workload.lin_kv$client$reify__20973
         "0x1b131102"
         "maelstrom.workload.lin_kv$client$reify__20973@1b131102"]
 :barrier
 #object[java.util.concurrent.CyclicBarrier
         "0x75be3cdf"
         "java.util.concurrent.CyclicBarrier@75be3cdf"]
 :log-stderr false
 :pure-generators true
 :ssh {:dummy? true}
 :rate 10.0
 :checker
 #object[jepsen.checker$compose$reify__11089
         "0xf500481"
         "jepsen.checker$compose$reify__11089@f500481"]
 :argv
 ("test"
  "-w"
  "lin-kv"
  "--bin"
  "./maelstrom-wrapper.sh"
  "--node-count"
  "1"
  "--concurrency"
  "2"
  "--time-limit"
  "10"
  "--rate"
  "10")
 :nemesis
 (jepsen.nemesis.ReflCompose
  {:fm {:start-partition 0,
        :stop-partition 0,
        :kill 1,
        :start 1,
        :pause 1,
        :resume 1},
   :nemeses [#unprintable "jepsen.nemesis.combined$partition_nemesis$reify__16905@38dde7ec"
             #unprintable "jepsen.nemesis.combined$db_nemesis$reify__16886@3bc57af4"]})
 :nodes ["n0"]
 :test-count 1
 :latency {:mean 0, :dist :constant}
 :bin "./maelstrom-wrapper.sh"
 :generator
 #object[jepsen.util.Forgettable
         "0x2523730b"
         (jepsen.generator.TimeLimit
          {:limit 10000000000,
           :cutoff nil,
           :gen (jepsen.generator.Any
                 {:gens [(jepsen.generator.OnThreads
                          {:f #{:nemesis},
                           :context-filter #object[jepsen.generator.context$make_thread_filter$lazy_filter__12077
                                                   "0x87f8146"
                                                   "jepsen.generator.context$make_thread_filter$lazy_filter__12077@87f8146"],
                           :gen nil})
                         (jepsen.generator.OnThreads
                          {:f #jepsen.generator.context.AllBut{:element :nemesis},
                           :context-filter #object[jepsen.generator.context$make_thread_filter$lazy_filter__12077
                                                   "0x10982760"
                                                   "jepsen.generator.context$make_thread_filter$lazy_filter__12077@10982760"],
                           :gen (jepsen.generator.Stagger
                                 {:dt 200000000,
                                  :next-time nil,
                                  :gen (jepsen.generator.OnThreads
                                        {:f #jepsen.generator.context.AllBut{:element :nemesis},
                                         :context-filter #object[jepsen.generator.context$make_thread_filter$lazy_filter__12077
                                                                 "0x50626d22"
                                                                 "jepsen.generator.context$make_thread_filter$lazy_filter__12077@50626d22"],
                                         :gen (jepsen.independent.ConcurrentGenerator
                                               {:n 2,
                                                :fgen #object[jepsen.tests.linearizable_register$test$fn__17385
                                                              "0x7cc742d"
                                                              "jepsen.tests.linearizable_register$test$fn__17385@7cc742d"],
                                                :group->threads nil,
                                                :thread->group nil,
                                                :group->context-filter nil,
                                                :keys (0 1 2 3 4 5 6 7 ...),
                                                :gens nil})})})})]})})]
 :log-net-recv false
 :os
 #object[maelstrom.net$jepsen_os$reify__15724
         "0x22bf2a0d"
         "maelstrom.net$jepsen_os$reify__15724@22bf2a0d"]
 :time-limit 10
 :workload :lin-kv
 :consistency-models [:strict-serializable]
 :topology :grid}

2025-06-20 01:20:50,144{GMT}	INFO	[jepsen node n0] maelstrom.net: Starting Maelstrom network
2025-06-20 01:20:50,145{GMT}	INFO	[jepsen test runner] jepsen.db: Tearing down DB
2025-06-20 01:20:50,145{GMT}	INFO	[jepsen test runner] jepsen.db: Setting up DB
2025-06-20 01:20:50,147{GMT}	INFO	[jepsen node n0] maelstrom.service: Starting services: (lin-kv lin-tso lww-kv seq-kv)
2025-06-20 01:20:50,147{GMT}	INFO	[jepsen node n0] maelstrom.db: Setting up n0
2025-06-20 01:20:50,148{GMT}	INFO	[jepsen node n0] maelstrom.process: launching ./maelstrom-wrapper.sh []
2025-06-20 01:20:50,688{GMT}	INFO	[jepsen test runner] jepsen.core: Relative time begins now
2025-06-20 01:20:50,702{GMT}	INFO	[jepsen worker 1] jepsen.util: 1	:invoke	:cas	[0 [1 1]]
2025-06-20 01:20:50,710{GMT}	INFO	[jepsen worker 0] jepsen.util: 0	:invoke	:read	[0 nil]
2025-06-20 01:20:50,860{GMT}	INFO	[jepsen worker 1] jepsen.util: 1	:fail	:cas	[0 [1 1]]	[:precondition-failed "expected value does not match"]
2025-06-20 01:20:50,869{GMT}	INFO	[jepsen worker 0] jepsen.util: 0	:fail	:read	[0 nil]	[:key-does-not-exist "key not found"]
2025-06-20 01:20:50,907{GMT}	INFO	[jepsen worker 1] jepsen.util: 1	:invoke	:write	[0 0]
2025-06-20 01:20:50,915{GMT}	INFO	[jepsen worker 1] jepsen.util: 1	:ok	:write	[0 0]
2025-06-20 01:20:50,999{GMT}	INFO	[jepsen worker 0] jepsen.util: 0	:invoke	:read	[0 nil]
2025-06-20 01:20:51,007{GMT}	INFO	[jepsen worker 0] jepsen.util: 0	:ok	:read	[0 0]
2025-06-20 01:20:51,057{GMT}	INFO	[jepsen worker 0] jepsen.util: 0	:invoke	:read	[0 nil]
2025-06-20 01:20:51,060{GMT}	INFO	[jepsen worker 0] jepsen.util: 0	:ok	:read	[0 0]
2025-06-20 01:20:51,077{GMT}	INFO	[jepsen worker 1] jepsen.util: 1	:invoke	:cas	[0 [4 1]]
2025-06-20 01:20:51,080{GMT}	INFO	[jepsen worker 1] jepsen.util: 1	:fail	:cas	[0 [4 1]]	[:precondition-failed "expected value does not match"]
2025-06-20 01:20:51,259{GMT}	INFO	[jepsen worker 1] jepsen.util: 1	:invoke	:cas	[0 [4 4]]
2025-06-20 01:20:51,276{GMT}	INFO	[jepsen worker 1] jepsen.util: 1	:fail	:cas	[0 [4 4]]	[:precondition-failed "expected value does not match"]
2025-06-20 01:20:51,360{GMT}	INFO	[jepsen worker 1] jepsen.util: 1	:invoke	:cas	[0 [1 1]]
2025-06-20 01:20:51,367{GMT}	INFO	[jepsen worker 1] jepsen.util: 1	:fail	:cas	[0 [1 1]]	[:precondition-failed "expected value does not match"]
2025-06-20 01:20:51,550{GMT}	INFO	[jepsen worker 0] jepsen.util: 0	:invoke	:read	[0 nil]
2025-06-20 01:20:51,553{GMT}	INFO	[jepsen worker 0] jepsen.util: 0	:ok	:read	[0 0]
2025-06-20 01:20:51,608{GMT}	INFO	[jepsen worker 0] jepsen.util: 0	:invoke	:read	[0 nil]
2025-06-20 01:20:51,617{GMT}	INFO	[jepsen worker 0] jepsen.util: 0	:ok	:read	[0 0]
2025-06-20 01:20:51,690{GMT}	INFO	[jepsen worker 1] jepsen.util: 1	:invoke	:cas	[0 [2 0]]
2025-06-20 01:20:51,699{GMT}	INFO	[jepsen worker 1] jepsen.util: 1	:fail	:cas	[0 [2 0]]	[:precondition-failed "expected value does not match"]
2025-06-20 01:20:51,790{GMT}	INFO	[jepsen worker 1] jepsen.util: 1	:invoke	:cas	[0 [4 0]]
2025-06-20 01:20:51,799{GMT}	INFO	[jepsen worker 1] jepsen.util: 1	:fail	:cas	[0 [4 0]]	[:precondition-failed "expected value does not match"]
2025-06-20 01:20:51,942{GMT}	INFO	[jepsen worker 0] jepsen.util: 0	:invoke	:read	[0 nil]
2025-06-20 01:20:51,948{GMT}	INFO	[jepsen worker 0] jepsen.util: 0	:ok	:read	[0 0]
2025-06-20 01:20:52,117{GMT}	INFO	[jepsen worker 1] jepsen.util: 1	:invoke	:write	[0 3]
2025-06-20 01:20:52,123{GMT}	INFO	[jepsen worker 1] jepsen.util: 1	:ok	:write	[0 3]
2025-06-20 01:20:52,221{GMT}	INFO	[jepsen worker 0] jepsen.util: 0	:invoke	:read	[0 nil]
2025-06-20 01:20:52,230{GMT}	INFO	[jepsen worker 0] jepsen.util: 0	:ok	:read	[0 3]
2025-06-20 01:20:52,390{GMT}	INFO	[jepsen worker 0] jepsen.util: 0	:invoke	:read	[0 nil]
2025-06-20 01:20:52,397{GMT}	INFO	[jepsen worker 0] jepsen.util: 0	:ok	:read	[0 3]
2025-06-20 01:20:52,444{GMT}	INFO	[jepsen worker 1] jepsen.util: 1	:invoke	:cas	[0 [3 1]]
2025-06-20 01:20:52,450{GMT}	INFO	[jepsen worker 1] jepsen.util: 1	:ok	:cas	[0 [3 1]]
2025-06-20 01:20:52,550{GMT}	INFO	[jepsen worker 0] jepsen.util: 0	:invoke	:read	[0 nil]
2025-06-20 01:20:52,557{GMT}	INFO	[jepsen worker 0] jepsen.util: 0	:ok	:read	[0 1]
2025-06-20 01:20:52,670{GMT}	INFO	[jepsen worker 0] jepsen.util: 0	:invoke	:read	[0 nil]
2025-06-20 01:20:52,686{GMT}	INFO	[jepsen worker 0] jepsen.util: 0	:ok	:read	[0 1]
2025-06-20 01:20:52,773{GMT}	INFO	[jepsen worker 0] jepsen.util: 0	:invoke	:read	[0 nil]
2025-06-20 01:20:52,782{GMT}	INFO	[jepsen worker 0] jepsen.util: 0	:ok	:read	[0 1]
2025-06-20 01:20:52,790{GMT}	INFO	[jepsen worker 0] jepsen.util: 0	:invoke	:read	[0 nil]
2025-06-20 01:20:52,794{GMT}	INFO	[jepsen worker 0] jepsen.util: 0	:ok	:read	[0 1]
2025-06-20 01:20:52,966{GMT}	INFO	[jepsen worker 0] jepsen.util: 0	:invoke	:read	[0 nil]
2025-06-20 01:20:52,977{GMT}	INFO	[jepsen worker 0] jepsen.util: 0	:ok	:read	[0 1]
2025-06-20 01:20:53,105{GMT}	INFO	[jepsen worker 1] jepsen.util: 1	:invoke	:write	[0 4]
2025-06-20 01:20:53,112{GMT}	INFO	[jepsen worker 1] jepsen.util: 1	:ok	:write	[0 4]
2025-06-20 01:20:53,130{GMT}	INFO	[jepsen worker 0] jepsen.util: 0	:invoke	:read	[0 nil]
2025-06-20 01:20:53,136{GMT}	INFO	[jepsen worker 0] jepsen.util: 0	:ok	:read	[0 4]
2025-06-20 01:20:53,278{GMT}	INFO	[jepsen worker 1] jepsen.util: 1	:invoke	:cas	[0 [3 4]]
2025-06-20 01:20:53,289{GMT}	INFO	[jepsen worker 1] jepsen.util: 1	:fail	:cas	[0 [3 4]]	[:precondition-failed "expected value does not match"]
2025-06-20 01:20:53,426{GMT}	INFO	[jepsen worker 0] jepsen.util: 0	:invoke	:read	[0 nil]
2025-06-20 01:20:53,434{GMT}	INFO	[jepsen worker 0] jepsen.util: 0	:ok	:read	[0 4]
2025-06-20 01:20:53,465{GMT}	INFO	[jepsen worker 0] jepsen.util: 0	:invoke	:read	[0 nil]
2025-06-20 01:20:53,476{GMT}	INFO	[jepsen worker 0] jepsen.util: 0	:ok	:read	[0 4]
2025-06-20 01:20:53,660{GMT}	INFO	[jepsen worker 0] jepsen.util: 0	:invoke	:read	[0 nil]
2025-06-20 01:20:53,665{GMT}	INFO	[jepsen worker 0] jepsen.util: 0	:ok	:read	[0 4]
2025-06-20 01:20:53,826{GMT}	INFO	[jepsen worker 1] jepsen.util: 1	:invoke	:write	[0 0]
2025-06-20 01:20:53,837{GMT}	INFO	[jepsen worker 1] jepsen.util: 1	:ok	:write	[0 0]
2025-06-20 01:20:53,891{GMT}	INFO	[jepsen worker 1] jepsen.util: 1	:invoke	:write	[0 2]
2025-06-20 01:20:53,900{GMT}	INFO	[jepsen worker 1] jepsen.util: 1	:ok	:write	[0 2]
2025-06-20 01:20:53,905{GMT}	INFO	[jepsen worker 0] jepsen.util: 0	:invoke	:read	[0 nil]
2025-06-20 01:20:53,909{GMT}	INFO	[jepsen worker 0] jepsen.util: 0	:ok	:read	[0 2]
2025-06-20 01:20:54,021{GMT}	INFO	[jepsen worker 0] jepsen.util: 0	:invoke	:read	[0 nil]
2025-06-20 01:20:54,028{GMT}	INFO	[jepsen worker 0] jepsen.util: 0	:ok	:read	[0 2]
2025-06-20 01:20:54,093{GMT}	INFO	[jepsen worker 0] jepsen.util: 0	:invoke	:read	[0 nil]
2025-06-20 01:20:54,099{GMT}	INFO	[jepsen worker 0] jepsen.util: 0	:ok	:read	[0 2]
2025-06-20 01:20:54,283{GMT}	INFO	[jepsen worker 1] jepsen.util: 1	:invoke	:cas	[0 [2 2]]
2025-06-20 01:20:54,289{GMT}	INFO	[jepsen worker 1] jepsen.util: 1	:ok	:cas	[0 [2 2]]
2025-06-20 01:20:54,420{GMT}	INFO	[jepsen worker 1] jepsen.util: 1	:invoke	:cas	[0 [4 1]]
2025-06-20 01:20:54,429{GMT}	INFO	[jepsen worker 1] jepsen.util: 1	:fail	:cas	[0 [4 1]]	[:precondition-failed "expected value does not match"]
2025-06-20 01:20:54,598{GMT}	INFO	[jepsen worker 1] jepsen.util: 1	:invoke	:cas	[0 [0 4]]
2025-06-20 01:20:54,608{GMT}	INFO	[jepsen worker 1] jepsen.util: 1	:fail	:cas	[0 [0 4]]	[:precondition-failed "expected value does not match"]
2025-06-20 01:20:54,633{GMT}	INFO	[jepsen worker 1] jepsen.util: 1	:invoke	:cas	[0 [1 3]]
2025-06-20 01:20:54,645{GMT}	INFO	[jepsen worker 1] jepsen.util: 1	:fail	:cas	[0 [1 3]]	[:precondition-failed "expected value does not match"]
2025-06-20 01:20:54,829{GMT}	INFO	[jepsen worker 0] jepsen.util: 0	:invoke	:read	[0 nil]
2025-06-20 01:20:54,836{GMT}	INFO	[jepsen worker 0] jepsen.util: 0	:ok	:read	[0 2]
2025-06-20 01:20:54,995{GMT}	INFO	[jepsen worker 1] jepsen.util: 1	:invoke	:cas	[0 [0 4]]
2025-06-20 01:20:55,004{GMT}	INFO	[jepsen worker 1] jepsen.util: 1	:fail	:cas	[0 [0 4]]	[:precondition-failed "expected value does not match"]
2025-06-20 01:20:55,045{GMT}	INFO	[jepsen worker 0] jepsen.util: 0	:invoke	:read	[0 nil]
2025-06-20 01:20:55,052{GMT}	INFO	[jepsen worker 0] jepsen.util: 0	:ok	:read	[0 2]
2025-06-20 01:20:55,192{GMT}	INFO	[jepsen worker 0] jepsen.util: 0	:invoke	:read	[0 nil]
2025-06-20 01:20:55,199{GMT}	INFO	[jepsen worker 0] jepsen.util: 0	:ok	:read	[0 2]
2025-06-20 01:20:55,364{GMT}	INFO	[jepsen worker 0] jepsen.util: 0	:invoke	:read	[0 nil]
2025-06-20 01:20:55,368{GMT}	INFO	[jepsen worker 0] jepsen.util: 0	:ok	:read	[0 2]
2025-06-20 01:20:55,509{GMT}	INFO	[jepsen worker 1] jepsen.util: 1	:invoke	:write	[0 1]
2025-06-20 01:20:55,513{GMT}	INFO	[jepsen worker 1] jepsen.util: 1	:ok	:write	[0 1]
2025-06-20 01:20:55,711{GMT}	INFO	[jepsen worker 0] jepsen.util: 0	:invoke	:read	[0 nil]
2025-06-20 01:20:55,718{GMT}	INFO	[jepsen worker 0] jepsen.util: 0	:ok	:read	[0 1]
2025-06-20 01:20:55,781{GMT}	INFO	[jepsen worker 0] jepsen.util: 0	:invoke	:read	[0 nil]
2025-06-20 01:20:55,785{GMT}	INFO	[jepsen worker 0] jepsen.util: 0	:ok	:read	[0 1]
2025-06-20 01:20:55,863{GMT}	INFO	[jepsen worker 1] jepsen.util: 1	:invoke	:cas	[0 [3 3]]
2025-06-20 01:20:55,872{GMT}	INFO	[jepsen worker 1] jepsen.util: 1	:fail	:cas	[0 [3 3]]	[:precondition-failed "expected value does not match"]
2025-06-20 01:20:55,929{GMT}	INFO	[jepsen worker 0] jepsen.util: 0	:invoke	:read	[0 nil]
2025-06-20 01:20:55,935{GMT}	INFO	[jepsen worker 0] jepsen.util: 0	:ok	:read	[0 1]
2025-06-20 01:20:56,096{GMT}	INFO	[jepsen worker 1] jepsen.util: 1	:invoke	:write	[0 2]
2025-06-20 01:20:56,109{GMT}	INFO	[jepsen worker 1] jepsen.util: 1	:ok	:write	[0 2]
2025-06-20 01:20:56,268{GMT}	INFO	[jepsen worker 0] jepsen.util: 0	:invoke	:read	[0 nil]
2025-06-20 01:20:56,271{GMT}	INFO	[jepsen worker 0] jepsen.util: 0	:ok	:read	[0 2]
2025-06-20 01:20:56,345{GMT}	INFO	[jepsen worker 0] jepsen.util: 0	:invoke	:read	[0 nil]
2025-06-20 01:20:56,350{GMT}	INFO	[jepsen worker 0] jepsen.util: 0	:ok	:read	[0 2]
2025-06-20 01:20:56,355{GMT}	INFO	[jepsen worker 0] jepsen.util: 0	:invoke	:read	[0 nil]
2025-06-20 01:20:56,364{GMT}	INFO	[jepsen worker 0] jepsen.util: 0	:ok	:read	[0 2]
2025-06-20 01:20:56,530{GMT}	INFO	[jepsen worker 1] jepsen.util: 1	:invoke	:write	[0 4]
2025-06-20 01:20:56,536{GMT}	INFO	[jepsen worker 1] jepsen.util: 1	:ok	:write	[0 4]
2025-06-20 01:20:56,659{GMT}	INFO	[jepsen worker 0] jepsen.util: 0	:invoke	:read	[0 nil]
2025-06-20 01:20:56,664{GMT}	INFO	[jepsen worker 0] jepsen.util: 0	:ok	:read	[0 4]
2025-06-20 01:20:56,796{GMT}	INFO	[jepsen worker 1] jepsen.util: 1	:invoke	:cas	[0 [3 1]]
2025-06-20 01:20:56,801{GMT}	INFO	[jepsen worker 1] jepsen.util: 1	:fail	:cas	[0 [3 1]]	[:precondition-failed "expected value does not match"]
2025-06-20 01:20:56,988{GMT}	INFO	[jepsen worker 1] jepsen.util: 1	:invoke	:write	[0 3]
2025-06-20 01:20:57,003{GMT}	INFO	[jepsen worker 1] jepsen.util: 1	:ok	:write	[0 3]
2025-06-20 01:20:57,093{GMT}	INFO	[jepsen worker 1] jepsen.util: 1	:invoke	:cas	[0 [2 4]]
2025-06-20 01:20:57,098{GMT}	INFO	[jepsen worker 1] jepsen.util: 1	:fail	:cas	[0 [2 4]]	[:precondition-failed "expected value does not match"]
2025-06-20 01:20:57,110{GMT}	INFO	[jepsen worker 0] jepsen.util: 0	:invoke	:read	[0 nil]
2025-06-20 01:20:57,114{GMT}	INFO	[jepsen worker 0] jepsen.util: 0	:ok	:read	[0 3]
2025-06-20 01:20:57,159{GMT}	INFO	[jepsen worker 0] jepsen.util: 0	:invoke	:read	[0 nil]
2025-06-20 01:20:57,171{GMT}	INFO	[jepsen worker 0] jepsen.util: 0	:ok	:read	[0 3]
2025-06-20 01:20:57,265{GMT}	INFO	[jepsen worker 0] jepsen.util: 0	:invoke	:read	[0 nil]
2025-06-20 01:20:57,270{GMT}	INFO	[jepsen worker 0] jepsen.util: 0	:ok	:read	[0 3]
2025-06-20 01:20:57,407{GMT}	INFO	[jepsen worker 0] jepsen.util: 0	:invoke	:read	[0 nil]
2025-06-20 01:20:57,412{GMT}	INFO	[jepsen worker 0] jepsen.util: 0	:ok	:read	[0 3]
2025-06-20 01:20:57,519{GMT}	INFO	[jepsen worker 1] jepsen.util: 1	:invoke	:write	[0 4]
2025-06-20 01:20:57,526{GMT}	INFO	[jepsen worker 0] jepsen.util: 0	:invoke	:read	[0 nil]
2025-06-20 01:20:57,531{GMT}	INFO	[jepsen worker 1] jepsen.util: 1	:ok	:write	[0 4]
2025-06-20 01:20:57,534{GMT}	INFO	[jepsen worker 0] jepsen.util: 0	:ok	:read	[0 4]
2025-06-20 01:20:57,661{GMT}	INFO	[jepsen worker 0] jepsen.util: 0	:invoke	:read	[0 nil]
2025-06-20 01:20:57,668{GMT}	INFO	[jepsen worker 0] jepsen.util: 0	:ok	:read	[0 4]
2025-06-20 01:20:57,732{GMT}	INFO	[jepsen worker 0] jepsen.util: 0	:invoke	:read	[0 nil]
2025-06-20 01:20:57,736{GMT}	INFO	[jepsen worker 0] jepsen.util: 0	:ok	:read	[0 4]
2025-06-20 01:20:57,915{GMT}	INFO	[jepsen worker 1] jepsen.util: 1	:invoke	:cas	[0 [0 0]]
2025-06-20 01:20:57,919{GMT}	INFO	[jepsen worker 1] jepsen.util: 1	:fail	:cas	[0 [0 0]]	[:precondition-failed "expected value does not match"]
2025-06-20 01:20:57,942{GMT}	INFO	[jepsen worker 1] jepsen.util: 1	:invoke	:write	[0 3]
2025-06-20 01:20:57,948{GMT}	INFO	[jepsen worker 1] jepsen.util: 1	:ok	:write	[0 3]
2025-06-20 01:20:58,128{GMT}	INFO	[jepsen worker 1] jepsen.util: 1	:invoke	:cas	[0 [1 3]]
2025-06-20 01:20:58,134{GMT}	INFO	[jepsen worker 1] jepsen.util: 1	:fail	:cas	[0 [1 3]]	[:precondition-failed "expected value does not match"]
2025-06-20 01:20:58,183{GMT}	INFO	[jepsen worker 0] jepsen.util: 0	:invoke	:read	[0 nil]
2025-06-20 01:20:58,187{GMT}	INFO	[jepsen worker 0] jepsen.util: 0	:ok	:read	[0 3]
2025-06-20 01:20:58,369{GMT}	INFO	[jepsen worker 1] jepsen.util: 1	:invoke	:write	[0 1]
2025-06-20 01:20:58,375{GMT}	INFO	[jepsen worker 1] jepsen.util: 1	:ok	:write	[0 1]
2025-06-20 01:20:58,551{GMT}	INFO	[jepsen worker 1] jepsen.util: 1	:invoke	:cas	[0 [2 4]]
2025-06-20 01:20:58,560{GMT}	INFO	[jepsen worker 1] jepsen.util: 1	:fail	:cas	[0 [2 4]]	[:precondition-failed "expected value does not match"]
2025-06-20 01:20:58,628{GMT}	INFO	[jepsen worker 0] jepsen.util: 0	:invoke	:read	[0 nil]
2025-06-20 01:20:58,645{GMT}	INFO	[jepsen worker 0] jepsen.util: 0	:ok	:read	[0 1]
2025-06-20 01:20:58,798{GMT}	INFO	[jepsen worker 0] jepsen.util: 0	:invoke	:read	[0 nil]
2025-06-20 01:20:58,801{GMT}	INFO	[jepsen worker 0] jepsen.util: 0	:ok	:read	[0 1]
2025-06-20 01:20:58,854{GMT}	INFO	[jepsen worker 1] jepsen.util: 1	:invoke	:cas	[0 [1 3]]
2025-06-20 01:20:58,870{GMT}	INFO	[jepsen worker 1] jepsen.util: 1	:ok	:cas	[0 [1 3]]
2025-06-20 01:20:58,922{GMT}	INFO	[jepsen worker 0] jepsen.util: 0	:invoke	:read	[0 nil]
2025-06-20 01:20:58,925{GMT}	INFO	[jepsen worker 0] jepsen.util: 0	:ok	:read	[0 3]
2025-06-20 01:20:59,085{GMT}	INFO	[jepsen worker 0] jepsen.util: 0	:invoke	:read	[0 nil]
2025-06-20 01:20:59,092{GMT}	INFO	[jepsen worker 0] jepsen.util: 0	:ok	:read	[0 3]
2025-06-20 01:20:59,122{GMT}	INFO	[jepsen worker 0] jepsen.util: 0	:invoke	:read	[0 nil]
2025-06-20 01:20:59,123{GMT}	INFO	[jepsen worker 0] jepsen.util: 0	:ok	:read	[0 3]
2025-06-20 01:20:59,273{GMT}	INFO	[jepsen worker 1] jepsen.util: 1	:invoke	:write	[0 0]
2025-06-20 01:20:59,279{GMT}	INFO	[jepsen worker 1] jepsen.util: 1	:ok	:write	[0 0]
2025-06-20 01:20:59,418{GMT}	INFO	[jepsen worker 0] jepsen.util: 0	:invoke	:read	[0 nil]
2025-06-20 01:20:59,422{GMT}	INFO	[jepsen worker 0] jepsen.util: 0	:ok	:read	[0 0]
2025-06-20 01:20:59,595{GMT}	INFO	[jepsen worker 1] jepsen.util: 1	:invoke	:write	[0 2]
2025-06-20 01:20:59,605{GMT}	INFO	[jepsen worker 1] jepsen.util: 1	:ok	:write	[0 2]
2025-06-20 01:20:59,774{GMT}	INFO	[jepsen worker 0] jepsen.util: 0	:invoke	:read	[0 nil]
2025-06-20 01:20:59,781{GMT}	INFO	[jepsen worker 1] jepsen.util: 1	:invoke	:cas	[0 [1 2]]
2025-06-20 01:20:59,783{GMT}	INFO	[jepsen worker 0] jepsen.util: 0	:ok	:read	[0 2]
2025-06-20 01:20:59,785{GMT}	INFO	[jepsen worker 1] jepsen.util: 1	:fail	:cas	[0 [1 2]]	[:precondition-failed "expected value does not match"]
2025-06-20 01:20:59,867{GMT}	INFO	[jepsen worker 0] jepsen.util: 0	:invoke	:read	[0 nil]
2025-06-20 01:20:59,874{GMT}	INFO	[jepsen worker 0] jepsen.util: 0	:ok	:read	[0 2]
2025-06-20 01:21:00,072{GMT}	INFO	[jepsen worker 1] jepsen.util: 1	:invoke	:cas	[0 [2 1]]
2025-06-20 01:21:00,080{GMT}	INFO	[jepsen worker 1] jepsen.util: 1	:ok	:cas	[0 [2 1]]
2025-06-20 01:21:00,204{GMT}	INFO	[jepsen worker 1] jepsen.util: 1	:invoke	:cas	[0 [1 3]]
2025-06-20 01:21:00,208{GMT}	INFO	[jepsen worker 1] jepsen.util: 1	:ok	:cas	[0 [1 3]]
2025-06-20 01:21:00,293{GMT}	INFO	[jepsen worker 1] jepsen.util: 1	:invoke	:cas	[0 [2 2]]
2025-06-20 01:21:00,299{GMT}	INFO	[jepsen worker 1] jepsen.util: 1	:fail	:cas	[0 [2 2]]	[:precondition-failed "expected value does not match"]
2025-06-20 01:21:00,370{GMT}	INFO	[jepsen worker 1] jepsen.util: 1	:invoke	:write	[0 2]
2025-06-20 01:21:00,374{GMT}	INFO	[jepsen worker 1] jepsen.util: 1	:ok	:write	[0 2]
2025-06-20 01:21:00,464{GMT}	INFO	[jepsen worker 1] jepsen.util: 1	:invoke	:cas	[0 [1 3]]
2025-06-20 01:21:00,475{GMT}	INFO	[jepsen worker 1] jepsen.util: 1	:fail	:cas	[0 [1 3]]	[:precondition-failed "expected value does not match"]
2025-06-20 01:21:00,526{GMT}	INFO	[jepsen worker 1] jepsen.util: 1	:invoke	:cas	[0 [1 3]]
2025-06-20 01:21:00,531{GMT}	INFO	[jepsen worker 1] jepsen.util: 1	:fail	:cas	[0 [1 3]]	[:precondition-failed "expected value does not match"]
2025-06-20 01:21:00,552{GMT}	INFO	[jepsen test runner] jepsen.core: Run complete, writing
2025-06-20 01:21:00,584{GMT}	INFO	[jepsen node n0] maelstrom.db: Tearing down n0
2025-06-20 01:21:02,188{GMT}	INFO	[jepsen node n0] maelstrom.net: Shutting down Maelstrom network
2025-06-20 01:21:02,189{GMT}	INFO	[jepsen test runner] jepsen.core: Analyzing...
2025-06-20 01:21:02,283{GMT}	INFO	[clojure-agent-send-pool-0] jepsen.independent: Wrote /Users/hiroyuki/Dropbox/Docs/git/scalardb-maelstrom-kv/store/lin-kv/20250620T012048.953+0900/independent/0/results.edn
2025-06-20 01:21:02,291{GMT}	INFO	[clojure-agent-send-pool-0] jepsen.independent: Wrote /Users/hiroyuki/Dropbox/Docs/git/scalardb-maelstrom-kv/store/lin-kv/20250620T012048.953+0900/independent/0/history.edn
2025-06-20 01:21:02,304{GMT}	INFO	[jepsen test runner] jepsen.core: Analysis complete
2025-06-20 01:21:02,313{GMT}	INFO	[jepsen results] jepsen.store: Wrote /Users/hiroyuki/Dropbox/Docs/git/scalardb-maelstrom-kv/store/lin-kv/20250620T012048.953+0900/results.edn
2025-06-20 01:21:02,341{GMT}	INFO	[jepsen test runner] jepsen.core: {:perf {:latency-graph {:valid? true},
        :rate-graph {:valid? true},
        :valid? true},
 :timeline {:valid? true},
 :exceptions {:valid? true},
 :stats {:valid? true,
         :count 88,
         :ok-count 66,
         :fail-count 22,
         :info-count 0,
         :by-f {:cas {:valid? true,
                      :count 26,
                      :ok-count 5,
                      :fail-count 21,
                      :info-count 0},
                :read {:valid? true,
                       :count 47,
                       :ok-count 46,
                       :fail-count 1,
                       :info-count 0},
                :write {:valid? true,
                        :count 15,
                        :ok-count 15,
                        :fail-count 0,
                        :info-count 0}}},
 :availability {:valid? true, :ok-fraction 0.75},
 :net {:all {:send-count 178,
             :recv-count 178,
             :msg-count 178,
             :msgs-per-op 2.0227273},
       :clients {:send-count 178, :recv-count 178, :msg-count 178},
       :servers {:send-count 0,
                 :recv-count 0,
                 :msg-count 0,
                 :msgs-per-op 0.0},
       :valid? true},
 :workload {:valid? true,
            :results {0 {:linearizable {:valid? true,
                                        :configs ({:model #knossos.model.CASRegister{:value 2},
                                                   :last-op {:process 1,
                                                             :type :ok,
                                                             :f :write,
                                                             :value 2,
                                                             :index 171,
                                                             :time 9687145917},
                                                   :pending []}),
                                        :final-paths ()},
                         :timeline {:valid? true},
                         :valid? true}},
            :failures []},
 :valid? true}


Everything looks good! ヽ(‘ー`)ノ
