2025-06-20 11:41:24,052{GMT}	INFO	[jepsen test runner] jepsen.core: Command line:
lein run test -w lin-kv --bin ./maelstrom-wrapper.sh --node-count 3 --concurrency 4 --time-limit 10 --rate 5 --key-count 3
2025-06-20 11:41:24,088{GMT}	INFO	[jepsen test runner] jepsen.core: Running test:
{:args []
 :remote
 #jepsen.control.retry.Remote{:remote #jepsen.control.scp.Remote{:cmd-remote #jepsen.control.sshj.SSHJRemote{:concurrency-limit 6,
                                                                                                             :conn-spec nil,
                                                                                                             :client nil,
                                                                                                             :semaphore nil},
                                                                 :conn-spec nil},
                              :conn nil}
 :log-net-send false
 :node-count 3
 :availability nil
 :max-txn-length 4
 :concurrency 4
 :key-count 3
 :db
 #object[maelstrom.db$db$reify__16612
         "0x69c27acb"
         "maelstrom.db$db$reify__16612@69c27acb"]
 :max-writes-per-key 16
 :leave-db-running? false
 :name "lin-kv"
 :logging-json? false
 :start-time
 #object[org.joda.time.DateTime "0xf500481" "2025-06-20T11:41:24.015+09:00"]
 :nemesis-interval 10
 :net
 #object[maelstrom.net$jepsen_net$reify__15721
         "0x38dde7ec"
         "maelstrom.net$jepsen_net$reify__15721@38dde7ec"]
 :client
 #object[maelstrom.workload.lin_kv$client$reify__20973
         "0x3bc57af4"
         "maelstrom.workload.lin_kv$client$reify__20973@3bc57af4"]
 :barrier
 #object[java.util.concurrent.CyclicBarrier
         "0x3f19f197"
         "java.util.concurrent.CyclicBarrier@3f19f197"]
 :log-stderr false
 :pure-generators true
 :ssh {:dummy? true}
 :rate 5.0
 :checker
 #object[jepsen.checker$compose$reify__11089
         "0x30628ef9"
         "jepsen.checker$compose$reify__11089@30628ef9"]
 :argv
 ("test"
  "-w"
  "lin-kv"
  "--bin"
  "./maelstrom-wrapper.sh"
  "--node-count"
  "3"
  "--concurrency"
  "4"
  "--time-limit"
  "10"
  "--rate"
  "5"
  "--key-count"
  "3")
 :nemesis
 (jepsen.nemesis.ReflCompose
  {:fm {:start-partition 0,
        :stop-partition 0,
        :kill 1,
        :start 1,
        :pause 1,
        :resume 1},
   :nemeses [#unprintable "jepsen.nemesis.combined$partition_nemesis$reify__16905@6757ed9e"
             #unprintable "jepsen.nemesis.combined$db_nemesis$reify__16886@77d5395a"]})
 :nodes ["n0" "n1" "n2"]
 :test-count 1
 :latency {:mean 0, :dist :constant}
 :bin "./maelstrom-wrapper.sh"
 :generator
 #object[jepsen.util.Forgettable
         "0x5af850f1"
         (jepsen.generator.TimeLimit
          {:limit 10000000000,
           :cutoff nil,
           :gen (jepsen.generator.Any
                 {:gens [(jepsen.generator.OnThreads
                          {:f #{:nemesis},
                           :context-filter #object[jepsen.generator.context$make_thread_filter$lazy_filter__12077
                                                   "0x734db023"
                                                   "jepsen.generator.context$make_thread_filter$lazy_filter__12077@734db023"],
                           :gen nil})
                         (jepsen.generator.OnThreads
                          {:f #jepsen.generator.context.AllBut{:element :nemesis},
                           :context-filter #object[jepsen.generator.context$make_thread_filter$lazy_filter__12077
                                                   "0x22bf2a0d"
                                                   "jepsen.generator.context$make_thread_filter$lazy_filter__12077@22bf2a0d"],
                           :gen (jepsen.generator.Stagger
                                 {:dt 400000000,
                                  :next-time nil,
                                  :gen (jepsen.generator.OnThreads
                                        {:f #jepsen.generator.context.AllBut{:element :nemesis},
                                         :context-filter #object[jepsen.generator.context$make_thread_filter$lazy_filter__12077
                                                                 "0x61774805"
                                                                 "jepsen.generator.context$make_thread_filter$lazy_filter__12077@61774805"],
                                         :gen (jepsen.independent.ConcurrentGenerator
                                               {:n 6,
                                                :fgen #object[jepsen.tests.linearizable_register$test$fn__17385
                                                              "0x57e351a"
                                                              "jepsen.tests.linearizable_register$test$fn__17385@57e351a"],
                                                :group->threads nil,
                                                :thread->group nil,
                                                :group->context-filter nil,
                                                :keys (0 1 2 3 4 5 6 7 ...),
                                                :gens nil})})})})]})})]
 :log-net-recv false
 :os
 #object[maelstrom.net$jepsen_os$reify__15724
         "0x4098ef14"
         "maelstrom.net$jepsen_os$reify__15724@4098ef14"]
 :time-limit 10
 :workload :lin-kv
 :consistency-models [:strict-serializable]
 :topology :grid}

2025-06-20 11:41:25,215{GMT}	INFO	[jepsen node n0] maelstrom.net: Starting Maelstrom network
2025-06-20 11:41:25,216{GMT}	INFO	[jepsen test runner] jepsen.db: Tearing down DB
2025-06-20 11:41:25,217{GMT}	INFO	[jepsen test runner] jepsen.db: Setting up DB
2025-06-20 11:41:25,218{GMT}	INFO	[jepsen node n2] maelstrom.db: Setting up n2
2025-06-20 11:41:25,218{GMT}	INFO	[jepsen node n1] maelstrom.db: Setting up n1
2025-06-20 11:41:25,218{GMT}	INFO	[jepsen node n2] maelstrom.process: launching ./maelstrom-wrapper.sh []
2025-06-20 11:41:25,218{GMT}	INFO	[jepsen node n1] maelstrom.process: launching ./maelstrom-wrapper.sh []
2025-06-20 11:41:25,219{GMT}	INFO	[jepsen node n0] maelstrom.service: Starting services: (lin-kv lin-tso lww-kv seq-kv)
2025-06-20 11:41:25,220{GMT}	INFO	[jepsen node n0] maelstrom.db: Setting up n0
2025-06-20 11:41:25,220{GMT}	INFO	[jepsen node n0] maelstrom.process: launching ./maelstrom-wrapper.sh []
2025-06-20 11:41:25,821{GMT}	INFO	[jepsen test runner] jepsen.core: Relative time begins now
2025-06-20 11:41:25,862{GMT}	INFO	[jepsen node n1] maelstrom.db: Tearing down n1
2025-06-20 11:41:25,862{GMT}	INFO	[jepsen node n2] maelstrom.db: Tearing down n2
2025-06-20 11:41:25,862{GMT}	INFO	[jepsen node n0] maelstrom.db: Tearing down n0
2025-06-20 11:41:27,233{GMT}	INFO	[jepsen node n0] maelstrom.net: Shutting down Maelstrom network
2025-06-20 11:41:27,246{GMT}	WARN	[jepsen test runner] jepsen.core: Test crashed!
clojure.lang.ExceptionInfo: Generator threw java.lang.AssertionError - Assert failed: With 4 worker threads, this jepsen.concurrent/concurrent-generator cannot run a key with 6 threads concurrently. Consider raising your test's :concurrency to at least 6.
(<= group-size thread-count) when asked for an operation. Generator:
jepsen.generator.TimeLimit{
  :limit 10000000000,
  :cutoff nil,
  :gen jepsen.generator.Any{
    :gens [jepsen.generator.OnThreads{
             :f #{:nemesis},
             :context-filter #object[jepsen.generator.context$make_thread_filter$lazy_filter__12077 0x734db023 "jepsen.generator.context$make_thread_filter$lazy_filter__12077@734db023"],
             :gen nil}
           jepsen.generator.OnThreads{
             :f {:element :nemesis},
             :context-filter #object[jepsen.generator.context$make_thread_filter$lazy_filter__12077 0x22bf2a0d "jepsen.generator.context$make_thread_filter$lazy_filter__12077@22bf2a0d"],
             :gen jepsen.generator.Stagger{
               :dt 400000000,
               :next-time nil,
               :gen jepsen.generator.OnThreads{
                 :f {:element :nemesis},
                 :context-filter #object[jepsen.generator.context$make_thread_filter$lazy_filter__12077 0x61774805 "jepsen.generator.context$make_thread_filter$lazy_filter__12077@61774805"],
                 :gen jepsen.independent.ConcurrentGenerator{
                   :n 6,
                   :fgen #object[jepsen.tests.linearizable_register$test$fn__17385 0x57e351a "jepsen.tests.linearizable_register$test$fn__17385@57e351a"],
                   :group->threads nil,
                   :thread->group nil,
                   :group->context-filter nil,
                   :keys (0 1 2 3 4 5 6 7 8 9 ...),
                   :gens nil}}}}]}}

Context:

{:time 8203416,
 :next-thread-index 0,
 :translation-table
 {:int-thread-count 4,
  :named-threads [:nemesis],
  :named-thread->index {:nemesis 0}},
 :all-threads #{0 1 2 3 4},
 :free-threads #{0 1 2 3 4},
 :thread-index->process [0 1 2 3 :nemesis],
 :process->thread {0 0, 1 1, 2 2, 3 3, :nemesis :nemesis},
 :ext-map {}}

	at slingshot.support$stack_trace.invoke(support.clj:201)
	at jepsen.generator.FriendlyExceptions.op(generator.clj:716)
	at jepsen.generator.Validate.op(generator.clj:655)
	at jepsen.generator.interpreter$run_BANG_.invokeStatic(interpreter.clj:262)
	at jepsen.generator.interpreter$run_BANG_.invoke(interpreter.clj:184)
	at jepsen.core$run_case_BANG_.invokeStatic(core.clj:213)
	at jepsen.core$run_case_BANG_.invoke(core.clj:208)
	at jepsen.core$run_BANG_$fn__13912$fn__13915$fn__13920.invoke(core.clj:402)
	at jepsen.core$run_BANG_$fn__13912$fn__13915.invoke(core.clj:400)
	at jepsen.core$run_BANG_$fn__13912.invoke(core.clj:398)
	at jepsen.core$run_BANG_.invokeStatic(core.clj:396)
	at jepsen.core$run_BANG_.invoke(core.clj:322)
	at jepsen.cli$single_test_cmd$fn__15082.invoke(cli.clj:396)
	at jepsen.cli$run_BANG_.invokeStatic(cli.clj:329)
	at jepsen.cli$run_BANG_.invoke(cli.clj:258)
	at maelstrom.core$_main.invokeStatic(core.clj:269)
	at maelstrom.core$_main.doInvoke(core.clj:267)
	at clojure.lang.RestFn.applyTo(RestFn.java:140)
	at maelstrom.core.main(Unknown Source)
Caused by: java.lang.AssertionError: Assert failed: With 4 worker threads, this jepsen.concurrent/concurrent-generator cannot run a key with 6 threads concurrently. Consider raising your test's :concurrency to at least 6.
(<= group-size thread-count)
	at jepsen.independent$group_threads.invokeStatic(independent.clj:63)
	at jepsen.independent$group_threads.invoke(independent.clj:55)
	at jepsen.independent$make_group__GT_threads.invokeStatic(independent.clj:88)
	at jepsen.independent$make_group__GT_threads.invoke(independent.clj:84)
	at jepsen.independent.ConcurrentGenerator.op(independent.clj:132)
	at jepsen.generator.OnThreads.op(generator.clj:885)
	at jepsen.generator.Stagger.op(generator.clj:1406)
	at jepsen.generator.OnThreads.op(generator.clj:885)
	at jepsen.generator.Any$fn__12505.invoke(generator.clj:956)
	at clojure.core$map_indexed$mapi__8680$fn__8681.invoke(core.clj:7500)
	at clojure.lang.LazySeq.force(LazySeq.java:50)
	at clojure.lang.LazySeq.realize(LazySeq.java:89)
	at clojure.lang.LazySeq.seq(LazySeq.java:106)
	at clojure.lang.RT.seq(RT.java:555)
	at clojure.core$seq__5486.invokeStatic(core.clj:139)
	at clojure.core.protocols$seq_reduce.invokeStatic(protocols.clj:24)
	at clojure.core.protocols$fn__8262.invokeStatic(protocols.clj:74)
	at clojure.core.protocols$fn__8262.invoke(protocols.clj:74)
	at clojure.core.protocols$fn__8203$G__8198__8216.invoke(protocols.clj:13)
	at clojure.core$reduce.invokeStatic(core.clj:6965)
	at clojure.core$reduce.invoke(core.clj:6947)
	at jepsen.generator.Any.op(generator.clj:960)
	at jepsen.generator.TimeLimit.op(generator.clj:1380)
	at jepsen.generator.FriendlyExceptions.op(generator.clj:713)
	... 17 common frames omitted
