2025-06-20 14:56:16,522{GMT}	INFO	[jepsen test runner] jepsen.core: Command line:
lein run test -w lin-kv --bin ./maelstrom-wrapper.sh --concurrency 30 --time-limit 10 --rate 10 --key-count 3
2025-06-20 14:56:16,555{GMT}	INFO	[jepsen test runner] jepsen.core: Running test:
{:args []
 :remote
 #jepsen.control.retry.Remote{:remote #jepsen.control.scp.Remote{:cmd-remote #jepsen.control.sshj.SSHJRemote{:concurrency-limit 6,
                                                                                                             :conn-spec nil,
                                                                                                             :client nil,
                                                                                                             :semaphore nil},
                                                                 :conn-spec nil},
                              :conn nil}
 :log-net-send false
 :node-count nil
 :availability nil
 :max-txn-length 4
 :concurrency 30
 :key-count 3
 :db
 #object[maelstrom.db$db$reify__16612
         "0x69c27acb"
         "maelstrom.db$db$reify__16612@69c27acb"]
 :max-writes-per-key 16
 :leave-db-running? false
 :name "lin-kv"
 :logging-json? false
 :start-time
 #object[org.joda.time.DateTime "0xf500481" "2025-06-20T14:56:16.487+09:00"]
 :nemesis-interval 10
 :net
 #object[maelstrom.net$jepsen_net$reify__15721
         "0x38dde7ec"
         "maelstrom.net$jepsen_net$reify__15721@38dde7ec"]
 :client
 #object[maelstrom.workload.lin_kv$client$reify__20973
         "0x3bc57af4"
         "maelstrom.workload.lin_kv$client$reify__20973@3bc57af4"]
 :barrier
 #object[java.util.concurrent.CyclicBarrier
         "0x3f19f197"
         "java.util.concurrent.CyclicBarrier@3f19f197"]
 :log-stderr false
 :pure-generators true
 :ssh {:dummy? true}
 :rate 10.0
 :checker
 #object[jepsen.checker$compose$reify__11089
         "0x30628ef9"
         "jepsen.checker$compose$reify__11089@30628ef9"]
 :argv
 ("test"
  "-w"
  "lin-kv"
  "--bin"
  "./maelstrom-wrapper.sh"
  "--concurrency"
  "30"
  "--time-limit"
  "10"
  "--rate"
  "10"
  "--key-count"
  "3")
 :nemesis
 (jepsen.nemesis.ReflCompose
  {:fm {:start-partition 0,
        :stop-partition 0,
        :kill 1,
        :start 1,
        :pause 1,
        :resume 1},
   :nemeses [#unprintable "jepsen.nemesis.combined$partition_nemesis$reify__16905@6757ed9e"
             #unprintable "jepsen.nemesis.combined$db_nemesis$reify__16886@77d5395a"]})
 :nodes ["n1" "n2" "n3" "n4" "n5"]
 :test-count 1
 :latency {:mean 0, :dist :constant}
 :bin "./maelstrom-wrapper.sh"
 :generator
 #object[jepsen.util.Forgettable
         "0x5af850f1"
         (jepsen.generator.TimeLimit
          {:limit 10000000000,
           :cutoff nil,
           :gen (jepsen.generator.Any
                 {:gens [(jepsen.generator.OnThreads
                          {:f #{:nemesis},
                           :context-filter #object[jepsen.generator.context$make_thread_filter$lazy_filter__12077
                                                   "0x734db023"
                                                   "jepsen.generator.context$make_thread_filter$lazy_filter__12077@734db023"],
                           :gen nil})
                         (jepsen.generator.OnThreads
                          {:f #jepsen.generator.context.AllBut{:element :nemesis},
                           :context-filter #object[jepsen.generator.context$make_thread_filter$lazy_filter__12077
                                                   "0x22bf2a0d"
                                                   "jepsen.generator.context$make_thread_filter$lazy_filter__12077@22bf2a0d"],
                           :gen (jepsen.generator.Stagger
                                 {:dt 200000000,
                                  :next-time nil,
                                  :gen (jepsen.generator.OnThreads
                                        {:f #jepsen.generator.context.AllBut{:element :nemesis},
                                         :context-filter #object[jepsen.generator.context$make_thread_filter$lazy_filter__12077
                                                                 "0x61774805"
                                                                 "jepsen.generator.context$make_thread_filter$lazy_filter__12077@61774805"],
                                         :gen (jepsen.independent.ConcurrentGenerator
                                               {:n 10,
                                                :fgen #object[jepsen.tests.linearizable_register$test$fn__17385
                                                              "0x57e351a"
                                                              "jepsen.tests.linearizable_register$test$fn__17385@57e351a"],
                                                :group->threads nil,
                                                :thread->group nil,
                                                :group->context-filter nil,
                                                :keys (0 1 2 3 4 5 6 7 ...),
                                                :gens nil})})})})]})})]
 :log-net-recv false
 :os
 #object[maelstrom.net$jepsen_os$reify__15724
         "0x4098ef14"
         "maelstrom.net$jepsen_os$reify__15724@4098ef14"]
 :time-limit 10
 :workload :lin-kv
 :consistency-models [:strict-serializable]
 :topology :grid}

2025-06-20 14:56:17,733{GMT}	INFO	[jepsen node n1] maelstrom.net: Starting Maelstrom network
2025-06-20 14:56:17,734{GMT}	INFO	[jepsen test runner] jepsen.db: Tearing down DB
2025-06-20 14:56:17,736{GMT}	INFO	[jepsen test runner] jepsen.db: Setting up DB
2025-06-20 14:56:17,737{GMT}	INFO	[jepsen node n3] maelstrom.db: Setting up n3
2025-06-20 14:56:17,737{GMT}	INFO	[jepsen node n4] maelstrom.db: Setting up n4
2025-06-20 14:56:17,737{GMT}	INFO	[jepsen node n2] maelstrom.db: Setting up n2
2025-06-20 14:56:17,737{GMT}	INFO	[jepsen node n5] maelstrom.db: Setting up n5
2025-06-20 14:56:17,737{GMT}	INFO	[jepsen node n4] maelstrom.process: launching ./maelstrom-wrapper.sh []
2025-06-20 14:56:17,737{GMT}	INFO	[jepsen node n2] maelstrom.process: launching ./maelstrom-wrapper.sh []
2025-06-20 14:56:17,737{GMT}	INFO	[jepsen node n5] maelstrom.process: launching ./maelstrom-wrapper.sh []
2025-06-20 14:56:17,737{GMT}	INFO	[jepsen node n3] maelstrom.process: launching ./maelstrom-wrapper.sh []
2025-06-20 14:56:17,738{GMT}	INFO	[jepsen node n1] maelstrom.service: Starting services: (lin-kv lin-tso lww-kv seq-kv)
2025-06-20 14:56:17,739{GMT}	INFO	[jepsen node n1] maelstrom.db: Setting up n1
2025-06-20 14:56:17,739{GMT}	INFO	[jepsen node n1] maelstrom.process: launching ./maelstrom-wrapper.sh []
2025-06-20 14:56:18,818{GMT}	INFO	[jepsen test runner] jepsen.core: Relative time begins now
2025-06-20 14:56:18,835{GMT}	INFO	[jepsen worker 20] jepsen.util: 20	:invoke	:cas	[2 [0 2]]
2025-06-20 14:56:18,901{GMT}	INFO	[jepsen worker 5] jepsen.util: 5	:invoke	:cas	[0 [3 2]]
2025-06-20 14:56:18,931{GMT}	INFO	[jepsen worker 2] jepsen.util: 2	:invoke	:read	[0 nil]
2025-06-20 14:56:19,025{GMT}	INFO	[jepsen worker 10] jepsen.util: 10	:invoke	:cas	[1 [3 3]]
2025-06-20 14:56:19,123{GMT}	INFO	[jepsen worker 20] jepsen.util: 20	:fail	:cas	[2 [0 2]]	[:precondition-failed "expected value does not match"]
2025-06-20 14:56:19,123{GMT}	INFO	[jepsen worker 10] jepsen.util: 10	:fail	:cas	[1 [3 3]]	[:precondition-failed "expected value does not match"]
2025-06-20 14:56:19,124{GMT}	INFO	[jepsen worker 5] jepsen.util: 5	:fail	:cas	[0 [3 2]]	[:precondition-failed "expected value does not match"]
2025-06-20 14:56:19,141{GMT}	INFO	[jepsen worker 2] jepsen.util: 2	:fail	:read	[0 nil]	[:key-does-not-exist "key not found"]
2025-06-20 14:56:19,188{GMT}	INFO	[jepsen worker 4] jepsen.util: 4	:invoke	:read	[0 nil]
2025-06-20 14:56:19,201{GMT}	INFO	[jepsen worker 5] jepsen.util: 5	:invoke	:write	[0 3]
2025-06-20 14:56:19,212{GMT}	INFO	[jepsen worker 5] jepsen.util: 5	:ok	:write	[0 3]
2025-06-20 14:56:19,382{GMT}	INFO	[jepsen worker 20] jepsen.util: 20	:invoke	:cas	[2 [3 0]]
2025-06-20 14:56:19,394{GMT}	INFO	[jepsen worker 20] jepsen.util: 20	:fail	:cas	[2 [3 0]]	[:precondition-failed "expected value does not match"]
2025-06-20 14:56:19,397{GMT}	INFO	[jepsen worker 4] jepsen.util: 4	:ok	:read	[0 3]
2025-06-20 14:56:19,522{GMT}	INFO	[jepsen worker 20] jepsen.util: 20	:invoke	:write	[2 3]
2025-06-20 14:56:19,547{GMT}	INFO	[jepsen worker 20] jepsen.util: 20	:ok	:write	[2 3]
2025-06-20 14:56:19,607{GMT}	INFO	[jepsen worker 20] jepsen.util: 20	:invoke	:cas	[2 [0 3]]
2025-06-20 14:56:19,614{GMT}	INFO	[jepsen worker 20] jepsen.util: 20	:fail	:cas	[2 [0 3]]	[:precondition-failed "expected value does not match"]
2025-06-20 14:56:19,793{GMT}	INFO	[jepsen worker 10] jepsen.util: 10	:invoke	:cas	[1 [3 1]]
2025-06-20 14:56:19,813{GMT}	INFO	[jepsen worker 10] jepsen.util: 10	:fail	:cas	[1 [3 1]]	[:precondition-failed "expected value does not match"]
2025-06-20 14:56:19,934{GMT}	INFO	[jepsen worker 20] jepsen.util: 20	:invoke	:cas	[2 [1 1]]
2025-06-20 14:56:19,965{GMT}	INFO	[jepsen worker 20] jepsen.util: 20	:fail	:cas	[2 [1 1]]	[:precondition-failed "expected value does not match"]
2025-06-20 14:56:20,029{GMT}	INFO	[jepsen worker 5] jepsen.util: 5	:invoke	:cas	[0 [2 1]]
2025-06-20 14:56:20,052{GMT}	INFO	[jepsen worker 5] jepsen.util: 5	:fail	:cas	[0 [2 1]]	[:precondition-failed "expected value does not match"]
2025-06-20 14:56:20,057{GMT}	INFO	[jepsen worker 20] jepsen.util: 20	:invoke	:cas	[2 [2 3]]
2025-06-20 14:56:20,060{GMT}	INFO	[jepsen worker 20] jepsen.util: 20	:fail	:cas	[2 [2 3]]	[:precondition-failed "expected value does not match"]
2025-06-20 14:56:20,208{GMT}	INFO	[jepsen worker 20] jepsen.util: 20	:invoke	:cas	[2 [4 4]]
2025-06-20 14:56:20,223{GMT}	INFO	[jepsen worker 20] jepsen.util: 20	:fail	:cas	[2 [4 4]]	[:precondition-failed "expected value does not match"]
2025-06-20 14:56:20,316{GMT}	INFO	[jepsen worker 0] jepsen.util: 0	:invoke	:read	[0 nil]
2025-06-20 14:56:20,337{GMT}	INFO	[jepsen worker 0] jepsen.util: 0	:ok	:read	[0 3]
2025-06-20 14:56:20,455{GMT}	INFO	[jepsen worker 0] jepsen.util: 0	:invoke	:read	[0 nil]
2025-06-20 14:56:20,469{GMT}	INFO	[jepsen worker 0] jepsen.util: 0	:ok	:read	[0 3]
2025-06-20 14:56:20,588{GMT}	INFO	[jepsen worker 0] jepsen.util: 0	:invoke	:read	[0 nil]
2025-06-20 14:56:20,607{GMT}	INFO	[jepsen worker 0] jepsen.util: 0	:ok	:read	[0 3]
2025-06-20 14:56:20,656{GMT}	INFO	[jepsen worker 20] jepsen.util: 20	:invoke	:write	[2 3]
2025-06-20 14:56:20,674{GMT}	INFO	[jepsen worker 20] jepsen.util: 20	:ok	:write	[2 3]
2025-06-20 14:56:20,761{GMT}	INFO	[jepsen worker 18] jepsen.util: 18	:invoke	:cas	[1 [1 2]]
2025-06-20 14:56:20,841{GMT}	INFO	[jepsen worker 19] jepsen.util: 19	:invoke	:cas	[1 [2 0]]
2025-06-20 14:56:20,857{GMT}	INFO	[jepsen worker 19] jepsen.util: 19	:fail	:cas	[1 [2 0]]	[:precondition-failed "expected value does not match"]
2025-06-20 14:56:20,917{GMT}	INFO	[jepsen worker 18] jepsen.util: 18	:fail	:cas	[1 [1 2]]	[:precondition-failed "expected value does not match"]
2025-06-20 14:56:20,949{GMT}	INFO	[jepsen worker 5] jepsen.util: 5	:invoke	:cas	[0 [3 0]]
2025-06-20 14:56:20,954{GMT}	INFO	[jepsen worker 5] jepsen.util: 5	:ok	:cas	[0 [3 0]]
2025-06-20 14:56:21,123{GMT}	INFO	[jepsen worker 21] jepsen.util: 21	:invoke	:cas	[2 [0 3]]
2025-06-20 14:56:21,164{GMT}	INFO	[jepsen worker 0] jepsen.util: 0	:invoke	:read	[0 nil]
2025-06-20 14:56:21,168{GMT}	INFO	[jepsen worker 0] jepsen.util: 0	:ok	:read	[0 0]
2025-06-20 14:56:21,258{GMT}	INFO	[jepsen worker 21] jepsen.util: 21	:fail	:cas	[2 [0 3]]	[:precondition-failed "expected value does not match"]
2025-06-20 14:56:21,295{GMT}	INFO	[jepsen worker 23] jepsen.util: 23	:invoke	:cas	[2 [1 0]]
2025-06-20 14:56:21,298{GMT}	INFO	[jepsen worker 23] jepsen.util: 23	:fail	:cas	[2 [1 0]]	[:precondition-failed "expected value does not match"]
2025-06-20 14:56:21,333{GMT}	INFO	[jepsen worker 10] jepsen.util: 10	:invoke	:write	[1 0]
2025-06-20 14:56:21,336{GMT}	INFO	[jepsen worker 10] jepsen.util: 10	:ok	:write	[1 0]
2025-06-20 14:56:21,379{GMT}	INFO	[jepsen worker 25] jepsen.util: 25	:invoke	:cas	[2 [2 4]]
2025-06-20 14:56:21,388{GMT}	INFO	[jepsen worker 25] jepsen.util: 25	:fail	:cas	[2 [2 4]]	[:precondition-failed "expected value does not match"]
2025-06-20 14:56:21,556{GMT}	INFO	[jepsen worker 5] jepsen.util: 5	:invoke	:cas	[0 [4 2]]
2025-06-20 14:56:21,566{GMT}	INFO	[jepsen worker 5] jepsen.util: 5	:fail	:cas	[0 [4 2]]	[:precondition-failed "expected value does not match"]
2025-06-20 14:56:21,719{GMT}	INFO	[jepsen worker 0] jepsen.util: 0	:invoke	:read	[0 nil]
2025-06-20 14:56:21,727{GMT}	INFO	[jepsen worker 0] jepsen.util: 0	:ok	:read	[0 0]
2025-06-20 14:56:21,802{GMT}	INFO	[jepsen worker 5] jepsen.util: 5	:invoke	:write	[0 1]
2025-06-20 14:56:21,811{GMT}	INFO	[jepsen worker 5] jepsen.util: 5	:ok	:write	[0 1]
2025-06-20 14:56:21,879{GMT}	INFO	[jepsen worker 5] jepsen.util: 5	:invoke	:write	[0 2]
2025-06-20 14:56:21,883{GMT}	INFO	[jepsen worker 5] jepsen.util: 5	:ok	:write	[0 2]
2025-06-20 14:56:21,924{GMT}	INFO	[jepsen worker 10] jepsen.util: 10	:invoke	:cas	[1 [3 4]]
2025-06-20 14:56:21,932{GMT}	INFO	[jepsen worker 10] jepsen.util: 10	:fail	:cas	[1 [3 4]]	[:precondition-failed "expected value does not match"]
2025-06-20 14:56:22,095{GMT}	INFO	[jepsen worker 20] jepsen.util: 20	:invoke	:cas	[2 [1 2]]
2025-06-20 14:56:22,117{GMT}	INFO	[jepsen worker 20] jepsen.util: 20	:fail	:cas	[2 [1 2]]	[:precondition-failed "expected value does not match"]
2025-06-20 14:56:22,270{GMT}	INFO	[jepsen worker 5] jepsen.util: 5	:invoke	:write	[0 4]
2025-06-20 14:56:22,286{GMT}	INFO	[jepsen worker 5] jepsen.util: 5	:ok	:write	[0 4]
2025-06-20 14:56:22,434{GMT}	INFO	[jepsen worker 10] jepsen.util: 10	:invoke	:cas	[1 [2 2]]
2025-06-20 14:56:22,439{GMT}	INFO	[jepsen worker 10] jepsen.util: 10	:fail	:cas	[1 [2 2]]	[:precondition-failed "expected value does not match"]
2025-06-20 14:56:22,456{GMT}	INFO	[jepsen worker 20] jepsen.util: 20	:invoke	:write	[2 1]
2025-06-20 14:56:22,463{GMT}	INFO	[jepsen worker 20] jepsen.util: 20	:ok	:write	[2 1]
2025-06-20 14:56:22,525{GMT}	INFO	[jepsen worker 5] jepsen.util: 5	:invoke	:write	[0 0]
2025-06-20 14:56:22,535{GMT}	INFO	[jepsen worker 5] jepsen.util: 5	:ok	:write	[0 0]
2025-06-20 14:56:22,725{GMT}	INFO	[jepsen worker 10] jepsen.util: 10	:invoke	:cas	[1 [2 3]]
2025-06-20 14:56:22,740{GMT}	INFO	[jepsen worker 10] jepsen.util: 10	:fail	:cas	[1 [2 3]]	[:precondition-failed "expected value does not match"]
2025-06-20 14:56:22,782{GMT}	INFO	[jepsen worker 6] jepsen.util: 6	:invoke	:write	[0 1]
2025-06-20 14:56:22,785{GMT}	INFO	[jepsen worker 10] jepsen.util: 10	:invoke	:cas	[1 [1 0]]
2025-06-20 14:56:22,793{GMT}	INFO	[jepsen worker 10] jepsen.util: 10	:fail	:cas	[1 [1 0]]	[:precondition-failed "expected value does not match"]
2025-06-20 14:56:22,799{GMT}	INFO	[jepsen worker 6] jepsen.util: 6	:ok	:write	[0 1]
2025-06-20 14:56:22,907{GMT}	INFO	[jepsen worker 8] jepsen.util: 8	:invoke	:cas	[0 [4 2]]
2025-06-20 14:56:22,917{GMT}	INFO	[jepsen worker 8] jepsen.util: 8	:fail	:cas	[0 [4 2]]	[:precondition-failed "expected value does not match"]
2025-06-20 14:56:23,004{GMT}	INFO	[jepsen worker 20] jepsen.util: 20	:invoke	:write	[2 3]
2025-06-20 14:56:23,032{GMT}	INFO	[jepsen worker 20] jepsen.util: 20	:ok	:write	[2 3]
2025-06-20 14:56:23,033{GMT}	INFO	[jepsen worker 10] jepsen.util: 10	:invoke	:cas	[1 [2 2]]
2025-06-20 14:56:23,039{GMT}	INFO	[jepsen worker 10] jepsen.util: 10	:fail	:cas	[1 [2 2]]	[:precondition-failed "expected value does not match"]
2025-06-20 14:56:23,129{GMT}	INFO	[jepsen worker 11] jepsen.util: 11	:invoke	:write	[1 0]
2025-06-20 14:56:23,146{GMT}	INFO	[jepsen worker 11] jepsen.util: 11	:ok	:write	[1 0]
2025-06-20 14:56:23,193{GMT}	INFO	[jepsen worker 5] jepsen.util: 5	:invoke	:write	[0 3]
2025-06-20 14:56:23,204{GMT}	INFO	[jepsen worker 5] jepsen.util: 5	:ok	:write	[0 3]
2025-06-20 14:56:23,241{GMT}	INFO	[jepsen worker 20] jepsen.util: 20	:invoke	:cas	[2 [1 2]]
2025-06-20 14:56:23,250{GMT}	INFO	[jepsen worker 20] jepsen.util: 20	:fail	:cas	[2 [1 2]]	[:precondition-failed "expected value does not match"]
2025-06-20 14:56:23,325{GMT}	INFO	[jepsen worker 5] jepsen.util: 5	:invoke	:cas	[0 [0 0]]
2025-06-20 14:56:23,336{GMT}	INFO	[jepsen worker 5] jepsen.util: 5	:fail	:cas	[0 [0 0]]	[:precondition-failed "expected value does not match"]
2025-06-20 14:56:23,397{GMT}	INFO	[jepsen worker 20] jepsen.util: 20	:invoke	:write	[2 2]
2025-06-20 14:56:23,411{GMT}	INFO	[jepsen worker 20] jepsen.util: 20	:ok	:write	[2 2]
2025-06-20 14:56:23,532{GMT}	INFO	[jepsen worker 16] jepsen.util: 16	:invoke	:cas	[1 [3 0]]
2025-06-20 14:56:23,544{GMT}	INFO	[jepsen worker 16] jepsen.util: 16	:fail	:cas	[1 [3 0]]	[:precondition-failed "expected value does not match"]
2025-06-20 14:56:23,721{GMT}	INFO	[jepsen worker 20] jepsen.util: 20	:invoke	:write	[2 0]
2025-06-20 14:56:23,729{GMT}	INFO	[jepsen worker 20] jepsen.util: 20	:ok	:write	[2 0]
2025-06-20 14:56:23,755{GMT}	INFO	[jepsen worker 18] jepsen.util: 18	:invoke	:write	[1 2]
2025-06-20 14:56:23,769{GMT}	INFO	[jepsen worker 18] jepsen.util: 18	:ok	:write	[1 2]
2025-06-20 14:56:23,948{GMT}	INFO	[jepsen worker 20] jepsen.util: 20	:invoke	:cas	[2 [3 4]]
2025-06-20 14:56:23,965{GMT}	INFO	[jepsen worker 20] jepsen.util: 20	:fail	:cas	[2 [3 4]]	[:precondition-failed "expected value does not match"]
2025-06-20 14:56:24,147{GMT}	INFO	[jepsen worker 10] jepsen.util: 10	:invoke	:write	[1 3]
2025-06-20 14:56:24,159{GMT}	INFO	[jepsen worker 10] jepsen.util: 10	:ok	:write	[1 3]
2025-06-20 14:56:24,196{GMT}	INFO	[jepsen worker 0] jepsen.util: 0	:invoke	:read	[0 nil]
2025-06-20 14:56:24,208{GMT}	INFO	[jepsen worker 0] jepsen.util: 0	:ok	:read	[0 3]
2025-06-20 14:56:24,374{GMT}	INFO	[jepsen worker 10] jepsen.util: 10	:invoke	:cas	[1 [2 4]]
2025-06-20 14:56:24,378{GMT}	INFO	[jepsen worker 10] jepsen.util: 10	:fail	:cas	[1 [2 4]]	[:precondition-failed "expected value does not match"]
2025-06-20 14:56:24,565{GMT}	INFO	[jepsen worker 0] jepsen.util: 0	:invoke	:read	[0 nil]
2025-06-20 14:56:24,585{GMT}	INFO	[jepsen worker 0] jepsen.util: 0	:ok	:read	[0 3]
2025-06-20 14:56:24,697{GMT}	INFO	[jepsen worker 24] jepsen.util: 24	:invoke	:cas	[2 [0 0]]
2025-06-20 14:56:24,714{GMT}	INFO	[jepsen worker 24] jepsen.util: 24	:ok	:cas	[2 [0 0]]
2025-06-20 14:56:24,836{GMT}	INFO	[jepsen worker 0] jepsen.util: 0	:invoke	:read	[0 nil]
2025-06-20 14:56:24,861{GMT}	INFO	[jepsen worker 0] jepsen.util: 0	:ok	:read	[0 3]
2025-06-20 14:56:24,942{GMT}	INFO	[jepsen worker 10] jepsen.util: 10	:invoke	:cas	[1 [3 2]]
2025-06-20 14:56:24,944{GMT}	INFO	[jepsen worker 10] jepsen.util: 10	:ok	:cas	[1 [3 2]]
2025-06-20 14:56:25,096{GMT}	INFO	[jepsen worker 10] jepsen.util: 10	:invoke	:cas	[1 [0 0]]
2025-06-20 14:56:25,101{GMT}	INFO	[jepsen worker 10] jepsen.util: 10	:fail	:cas	[1 [0 0]]	[:precondition-failed "expected value does not match"]
2025-06-20 14:56:25,248{GMT}	INFO	[jepsen worker 10] jepsen.util: 10	:invoke	:cas	[1 [4 1]]
2025-06-20 14:56:25,248{GMT}	INFO	[jepsen worker 11] jepsen.util: 11	:invoke	:cas	[1 [3 3]]
2025-06-20 14:56:25,258{GMT}	INFO	[jepsen worker 10] jepsen.util: 10	:fail	:cas	[1 [4 1]]	[:precondition-failed "expected value does not match"]
2025-06-20 14:56:25,260{GMT}	INFO	[jepsen worker 11] jepsen.util: 11	:fail	:cas	[1 [3 3]]	[:precondition-failed "expected value does not match"]
2025-06-20 14:56:25,412{GMT}	INFO	[jepsen worker 10] jepsen.util: 10	:invoke	:cas	[1 [3 3]]
2025-06-20 14:56:25,425{GMT}	INFO	[jepsen worker 10] jepsen.util: 10	:fail	:cas	[1 [3 3]]	[:precondition-failed "expected value does not match"]
2025-06-20 14:56:25,548{GMT}	INFO	[jepsen worker 10] jepsen.util: 10	:invoke	:write	[1 0]
2025-06-20 14:56:25,563{GMT}	INFO	[jepsen worker 10] jepsen.util: 10	:ok	:write	[1 0]
2025-06-20 14:56:25,639{GMT}	INFO	[jepsen worker 1] jepsen.util: 1	:invoke	:read	[0 nil]
2025-06-20 14:56:25,667{GMT}	INFO	[jepsen worker 1] jepsen.util: 1	:ok	:read	[0 3]
2025-06-20 14:56:25,774{GMT}	INFO	[jepsen worker 10] jepsen.util: 10	:invoke	:cas	[1 [1 3]]
2025-06-20 14:56:25,787{GMT}	INFO	[jepsen worker 10] jepsen.util: 10	:fail	:cas	[1 [1 3]]	[:precondition-failed "expected value does not match"]
2025-06-20 14:56:25,831{GMT}	INFO	[jepsen worker 10] jepsen.util: 10	:invoke	:write	[1 1]
2025-06-20 14:56:25,843{GMT}	INFO	[jepsen worker 10] jepsen.util: 10	:ok	:write	[1 1]
2025-06-20 14:56:25,900{GMT}	INFO	[jepsen worker 5] jepsen.util: 5	:invoke	:write	[0 0]
2025-06-20 14:56:25,908{GMT}	INFO	[jepsen worker 5] jepsen.util: 5	:ok	:write	[0 0]
2025-06-20 14:56:26,078{GMT}	INFO	[jepsen worker 20] jepsen.util: 20	:invoke	:write	[2 3]
2025-06-20 14:56:26,082{GMT}	INFO	[jepsen worker 20] jepsen.util: 20	:ok	:write	[2 3]
2025-06-20 14:56:26,105{GMT}	INFO	[jepsen worker 6] jepsen.util: 6	:invoke	:cas	[0 [4 3]]
2025-06-20 14:56:26,114{GMT}	INFO	[jepsen worker 6] jepsen.util: 6	:fail	:cas	[0 [4 3]]	[:precondition-failed "expected value does not match"]
2025-06-20 14:56:26,279{GMT}	INFO	[jepsen worker 10] jepsen.util: 10	:invoke	:write	[1 3]
2025-06-20 14:56:26,300{GMT}	INFO	[jepsen worker 10] jepsen.util: 10	:ok	:write	[1 3]
2025-06-20 14:56:26,343{GMT}	INFO	[jepsen worker 0] jepsen.util: 0	:invoke	:read	[0 nil]
2025-06-20 14:56:26,353{GMT}	INFO	[jepsen worker 0] jepsen.util: 0	:ok	:read	[0 0]
2025-06-20 14:56:26,507{GMT}	INFO	[jepsen worker 0] jepsen.util: 0	:invoke	:read	[0 nil]
2025-06-20 14:56:26,528{GMT}	INFO	[jepsen worker 0] jepsen.util: 0	:ok	:read	[0 0]
2025-06-20 14:56:26,596{GMT}	INFO	[jepsen worker 10] jepsen.util: 10	:invoke	:write	[1 2]
2025-06-20 14:56:26,610{GMT}	INFO	[jepsen worker 10] jepsen.util: 10	:ok	:write	[1 2]
2025-06-20 14:56:26,652{GMT}	INFO	[jepsen worker 5] jepsen.util: 5	:invoke	:write	[0 2]
2025-06-20 14:56:26,658{GMT}	INFO	[jepsen worker 5] jepsen.util: 5	:ok	:write	[0 2]
2025-06-20 14:56:26,686{GMT}	INFO	[jepsen worker 20] jepsen.util: 20	:invoke	:cas	[2 [0 4]]
2025-06-20 14:56:26,699{GMT}	INFO	[jepsen worker 20] jepsen.util: 20	:fail	:cas	[2 [0 4]]	[:precondition-failed "expected value does not match"]
2025-06-20 14:56:26,856{GMT}	INFO	[jepsen worker 13] jepsen.util: 13	:invoke	:write	[1 0]
2025-06-20 14:56:26,859{GMT}	INFO	[jepsen worker 20] jepsen.util: 20	:invoke	:cas	[2 [2 1]]
2025-06-20 14:56:26,870{GMT}	INFO	[jepsen worker 20] jepsen.util: 20	:fail	:cas	[2 [2 1]]	[:precondition-failed "expected value does not match"]
2025-06-20 14:56:26,871{GMT}	INFO	[jepsen worker 13] jepsen.util: 13	:ok	:write	[1 0]
2025-06-20 14:56:26,951{GMT}	INFO	[jepsen worker 15] jepsen.util: 15	:invoke	:cas	[1 [3 1]]
2025-06-20 14:56:26,960{GMT}	INFO	[jepsen worker 15] jepsen.util: 15	:fail	:cas	[1 [3 1]]	[:precondition-failed "expected value does not match"]
2025-06-20 14:56:27,126{GMT}	INFO	[jepsen worker 20] jepsen.util: 20	:invoke	:cas	[2 [1 4]]
2025-06-20 14:56:27,137{GMT}	INFO	[jepsen worker 20] jepsen.util: 20	:fail	:cas	[2 [1 4]]	[:precondition-failed "expected value does not match"]
2025-06-20 14:56:27,206{GMT}	INFO	[jepsen worker 5] jepsen.util: 5	:invoke	:cas	[0 [2 4]]
2025-06-20 14:56:27,206{GMT}	INFO	[jepsen worker 18] jepsen.util: 18	:invoke	:write	[1 4]
2025-06-20 14:56:27,226{GMT}	INFO	[jepsen worker 5] jepsen.util: 5	:ok	:cas	[0 [2 4]]
2025-06-20 14:56:27,227{GMT}	INFO	[jepsen worker 18] jepsen.util: 18	:ok	:write	[1 4]
2025-06-20 14:56:27,283{GMT}	INFO	[jepsen worker 5] jepsen.util: 5	:invoke	:write	[0 2]
2025-06-20 14:56:27,304{GMT}	INFO	[jepsen worker 5] jepsen.util: 5	:ok	:write	[0 2]
2025-06-20 14:56:27,479{GMT}	INFO	[jepsen worker 0] jepsen.util: 0	:invoke	:read	[0 nil]
2025-06-20 14:56:27,492{GMT}	INFO	[jepsen worker 0] jepsen.util: 0	:ok	:read	[0 2]
2025-06-20 14:56:27,534{GMT}	INFO	[jepsen worker 5] jepsen.util: 5	:invoke	:cas	[0 [1 2]]
2025-06-20 14:56:27,542{GMT}	INFO	[jepsen worker 5] jepsen.util: 5	:fail	:cas	[0 [1 2]]	[:precondition-failed "expected value does not match"]
2025-06-20 14:56:27,607{GMT}	INFO	[jepsen worker 10] jepsen.util: 10	:invoke	:cas	[1 [4 1]]
2025-06-20 14:56:27,613{GMT}	INFO	[jepsen worker 10] jepsen.util: 10	:ok	:cas	[1 [4 1]]
2025-06-20 14:56:27,676{GMT}	INFO	[jepsen worker 10] jepsen.util: 10	:invoke	:write	[1 2]
2025-06-20 14:56:27,685{GMT}	INFO	[jepsen worker 10] jepsen.util: 10	:ok	:write	[1 2]
2025-06-20 14:56:27,729{GMT}	INFO	[jepsen worker 10] jepsen.util: 10	:invoke	:cas	[1 [3 3]]
2025-06-20 14:56:27,733{GMT}	INFO	[jepsen worker 10] jepsen.util: 10	:fail	:cas	[1 [3 3]]	[:precondition-failed "expected value does not match"]
2025-06-20 14:56:27,844{GMT}	INFO	[jepsen worker 10] jepsen.util: 10	:invoke	:cas	[1 [4 4]]
2025-06-20 14:56:27,872{GMT}	INFO	[jepsen worker 10] jepsen.util: 10	:fail	:cas	[1 [4 4]]	[:precondition-failed "expected value does not match"]
2025-06-20 14:56:27,877{GMT}	INFO	[jepsen worker 5] jepsen.util: 5	:invoke	:write	[0 1]
2025-06-20 14:56:27,884{GMT}	INFO	[jepsen worker 5] jepsen.util: 5	:ok	:write	[0 1]
2025-06-20 14:56:27,931{GMT}	INFO	[jepsen worker 5] jepsen.util: 5	:invoke	:write	[0 1]
2025-06-20 14:56:27,943{GMT}	INFO	[jepsen worker 5] jepsen.util: 5	:ok	:write	[0 1]
2025-06-20 14:56:28,005{GMT}	INFO	[jepsen worker 28] jepsen.util: 28	:invoke	:cas	[2 [4 2]]
2025-06-20 14:56:28,021{GMT}	INFO	[jepsen worker 28] jepsen.util: 28	:fail	:cas	[2 [4 2]]	[:precondition-failed "expected value does not match"]
2025-06-20 14:56:28,135{GMT}	INFO	[jepsen worker 10] jepsen.util: 10	:invoke	:write	[1 3]
2025-06-20 14:56:28,158{GMT}	INFO	[jepsen worker 10] jepsen.util: 10	:ok	:write	[1 3]
2025-06-20 14:56:28,315{GMT}	INFO	[jepsen worker 20] jepsen.util: 20	:invoke	:cas	[2 [2 0]]
2025-06-20 14:56:28,322{GMT}	INFO	[jepsen worker 20] jepsen.util: 20	:fail	:cas	[2 [2 0]]	[:precondition-failed "expected value does not match"]
2025-06-20 14:56:28,457{GMT}	INFO	[jepsen worker 20] jepsen.util: 20	:invoke	:write	[2 1]
2025-06-20 14:56:28,462{GMT}	INFO	[jepsen worker 20] jepsen.util: 20	:ok	:write	[2 1]
2025-06-20 14:56:28,634{GMT}	INFO	[jepsen worker 1] jepsen.util: 1	:invoke	:read	[0 nil]
2025-06-20 14:56:28,650{GMT}	INFO	[jepsen worker 1] jepsen.util: 1	:ok	:read	[0 1]
2025-06-20 14:56:28,826{GMT}	INFO	[jepsen worker 10] jepsen.util: 10	:invoke	:write	[1 4]
2025-06-20 14:56:28,834{GMT}	INFO	[jepsen worker 10] jepsen.util: 10	:ok	:write	[1 4]
2025-06-20 14:56:28,859{GMT}	INFO	[jepsen test runner] jepsen.core: Run complete, writing
2025-06-20 14:56:28,901{GMT}	INFO	[jepsen node n3] maelstrom.db: Tearing down n3
2025-06-20 14:56:28,901{GMT}	INFO	[jepsen node n1] maelstrom.db: Tearing down n1
2025-06-20 14:56:28,901{GMT}	INFO	[jepsen node n2] maelstrom.db: Tearing down n2
2025-06-20 14:56:28,902{GMT}	INFO	[jepsen node n4] maelstrom.db: Tearing down n4
2025-06-20 14:56:28,918{GMT}	INFO	[jepsen node n5] maelstrom.db: Tearing down n5
2025-06-20 14:56:30,802{GMT}	INFO	[jepsen node n1] maelstrom.net: Shutting down Maelstrom network
2025-06-20 14:56:30,829{GMT}	INFO	[jepsen test runner] jepsen.core: Analyzing...
2025-06-20 14:56:30,936{GMT}	INFO	[clojure-agent-send-pool-2] jepsen.independent: Wrote /Users/hiroyuki/Dropbox/Docs/git/scalardb-maelstrom-kv/store/lin-kv/20250620T145616.487+0900/independent/2/results.edn
2025-06-20 14:56:30,944{GMT}	INFO	[clojure-agent-send-pool-0] jepsen.independent: Wrote /Users/hiroyuki/Dropbox/Docs/git/scalardb-maelstrom-kv/store/lin-kv/20250620T145616.487+0900/independent/0/results.edn
2025-06-20 14:56:30,945{GMT}	INFO	[clojure-agent-send-pool-2] jepsen.independent: Wrote /Users/hiroyuki/Dropbox/Docs/git/scalardb-maelstrom-kv/store/lin-kv/20250620T145616.487+0900/independent/2/history.edn
2025-06-20 14:56:30,947{GMT}	INFO	[clojure-agent-send-pool-0] jepsen.independent: Wrote /Users/hiroyuki/Dropbox/Docs/git/scalardb-maelstrom-kv/store/lin-kv/20250620T145616.487+0900/independent/0/history.edn
2025-06-20 14:56:30,947{GMT}	INFO	[clojure-agent-send-pool-1] jepsen.independent: Wrote /Users/hiroyuki/Dropbox/Docs/git/scalardb-maelstrom-kv/store/lin-kv/20250620T145616.487+0900/independent/1/results.edn
2025-06-20 14:56:30,949{GMT}	INFO	[clojure-agent-send-pool-1] jepsen.independent: Wrote /Users/hiroyuki/Dropbox/Docs/git/scalardb-maelstrom-kv/store/lin-kv/20250620T145616.487+0900/independent/1/history.edn
2025-06-20 14:56:31,005{GMT}	INFO	[jepsen test runner] jepsen.core: Analysis complete
2025-06-20 14:56:31,020{GMT}	INFO	[jepsen results] jepsen.store: Wrote /Users/hiroyuki/Dropbox/Docs/git/scalardb-maelstrom-kv/store/lin-kv/20250620T145616.487+0900/results.edn
2025-06-20 14:56:31,049{GMT}	INFO	[jepsen test runner] jepsen.core: {:perf {:latency-graph {:valid? true},
        :rate-graph {:valid? true},
        :valid? true},
 :timeline {:valid? true},
 :exceptions {:valid? true},
 :stats {:valid? true,
         :count 96,
         :ok-count 52,
         :fail-count 44,
         :info-count 0,
         :by-f {:cas {:valid? true,
                      :count 48,
                      :ok-count 5,
                      :fail-count 43,
                      :info-count 0},
                :read {:valid? true,
                       :count 15,
                       :ok-count 14,
                       :fail-count 1,
                       :info-count 0},
                :write {:valid? true,
                        :count 33,
                        :ok-count 33,
                        :fail-count 0,
                        :info-count 0}}},
 :availability {:valid? true, :ok-fraction 0.5416667},
 :net {:all {:send-count 202,
             :recv-count 202,
             :msg-count 202,
             :msgs-per-op 2.1041667},
       :clients {:send-count 202, :recv-count 202, :msg-count 202},
       :servers {:send-count 0,
                 :recv-count 0,
                 :msg-count 0,
                 :msgs-per-op 0.0},
       :valid? true},
 :workload {:valid? true,
            :results {0 {:linearizable {:valid? true,
                                        :configs ({:model #knossos.model.CASRegister{:value 1},
                                                   :last-op {:process 1,
                                                             :type :ok,
                                                             :f :read,
                                                             :value 1,
                                                             :index 189,
                                                             :time 9831692750},
                                                   :pending []}),
                                        :final-paths ()},
                         :timeline {:valid? true},
                         :valid? true},
                      1 {:linearizable {:valid? true,
                                        :configs ({:model #knossos.model.CASRegister{:value 4},
                                                   :last-op {:process 10,
                                                             :type :ok,
                                                             :f :write,
                                                             :value 4,
                                                             :index 191,
                                                             :time 10016531917},
                                                   :pending []}),
                                        :final-paths ()},
                         :timeline {:valid? true},
                         :valid? true},
                      2 {:linearizable {:valid? true,
                                        :configs ({:model #knossos.model.CASRegister{:value 1},
                                                   :last-op {:process 20,
                                                             :type :ok,
                                                             :f :write,
                                                             :value 1,
                                                             :index 187,
                                                             :time 9645107250},
                                                   :pending []}),
                                        :final-paths ()},
                         :timeline {:valid? true},
                         :valid? true}},
            :failures []},
 :valid? true}


Everything looks good! ヽ(‘ー`)ノ
