2025-06-20 00:57:15,152{GMT}	INFO	[jepsen test runner] jepsen.core: Command line:
lein run test -w lin-kv --bin ./maelstrom-wrapper.sh --node-count 1 --concurrency 2 --time-limit 10 --rate 10
2025-06-20 00:57:15,183{GMT}	INFO	[jepsen test runner] jepsen.core: Running test:
{:args []
 :remote
 #jepsen.control.retry.Remote{:remote #jepsen.control.scp.Remote{:cmd-remote #jepsen.control.sshj.SSHJRemote{:concurrency-limit 6,
                                                                                                             :conn-spec nil,
                                                                                                             :client nil,
                                                                                                             :semaphore nil},
                                                                 :conn-spec nil},
                              :conn nil}
 :log-net-send false
 :node-count 1
 :availability nil
 :max-txn-length 4
 :concurrency 2
 :db
 #object[maelstrom.db$db$reify__16612
         "0x30d5668a"
         "maelstrom.db$db$reify__16612@30d5668a"]
 :max-writes-per-key 16
 :leave-db-running? false
 :name "lin-kv"
 :logging-json? false
 :start-time
 #object[org.joda.time.DateTime "0x72b8b04f" "2025-06-20T00:57:15.126+09:00"]
 :nemesis-interval 10
 :net
 #object[maelstrom.net$jepsen_net$reify__15721
         "0x1b131102"
         "maelstrom.net$jepsen_net$reify__15721@1b131102"]
 :client
 #object[maelstrom.workload.lin_kv$client$reify__20973
         "0x75be3cdf"
         "maelstrom.workload.lin_kv$client$reify__20973@75be3cdf"]
 :barrier
 #object[java.util.concurrent.CyclicBarrier
         "0xf500481"
         "java.util.concurrent.CyclicBarrier@f500481"]
 :log-stderr false
 :pure-generators true
 :ssh {:dummy? true}
 :rate 10.0
 :checker
 #object[jepsen.checker$compose$reify__11089
         "0x38dde7ec"
         "jepsen.checker$compose$reify__11089@38dde7ec"]
 :argv
 ("test"
  "-w"
  "lin-kv"
  "--bin"
  "./maelstrom-wrapper.sh"
  "--node-count"
  "1"
  "--concurrency"
  "2"
  "--time-limit"
  "10"
  "--rate"
  "10")
 :nemesis
 (jepsen.nemesis.ReflCompose
  {:fm {:start-partition 0,
        :stop-partition 0,
        :kill 1,
        :start 1,
        :pause 1,
        :resume 1},
   :nemeses [#unprintable "jepsen.nemesis.combined$partition_nemesis$reify__16905@3bc57af4"
             #unprintable "jepsen.nemesis.combined$db_nemesis$reify__16886@3f19f197"]})
 :nodes ["n0"]
 :test-count 1
 :latency {:mean 0, :dist :constant}
 :bin "./maelstrom-wrapper.sh"
 :generator
 #object[jepsen.util.Forgettable
         "0x25c887ca"
         (jepsen.generator.TimeLimit
          {:limit 10000000000,
           :cutoff nil,
           :gen (jepsen.generator.Any
                 {:gens [(jepsen.generator.OnThreads
                          {:f #{:nemesis},
                           :context-filter #object[jepsen.generator.context$make_thread_filter$lazy_filter__12077
                                                   "0x10982760"
                                                   "jepsen.generator.context$make_thread_filter$lazy_filter__12077@10982760"],
                           :gen nil})
                         (jepsen.generator.OnThreads
                          {:f #jepsen.generator.context.AllBut{:element :nemesis},
                           :context-filter #object[jepsen.generator.context$make_thread_filter$lazy_filter__12077
                                                   "0x50626d22"
                                                   "jepsen.generator.context$make_thread_filter$lazy_filter__12077@50626d22"],
                           :gen (jepsen.generator.Stagger
                                 {:dt 200000000,
                                  :next-time nil,
                                  :gen (jepsen.generator.OnThreads
                                        {:f #jepsen.generator.context.AllBut{:element :nemesis},
                                         :context-filter #object[jepsen.generator.context$make_thread_filter$lazy_filter__12077
                                                                 "0x7cc742d"
                                                                 "jepsen.generator.context$make_thread_filter$lazy_filter__12077@7cc742d"],
                                         :gen (jepsen.independent.ConcurrentGenerator
                                               {:n 2,
                                                :fgen #object[jepsen.tests.linearizable_register$test$fn__17385
                                                              "0x734db023"
                                                              "jepsen.tests.linearizable_register$test$fn__17385@734db023"],
                                                :group->threads nil,
                                                :thread->group nil,
                                                :group->context-filter nil,
                                                :keys (0 1 2 3 4 5 6 7 ...),
                                                :gens nil})})})})]})})]
 :log-net-recv false
 :os
 #object[maelstrom.net$jepsen_os$reify__15724
         "0x61774805"
         "maelstrom.net$jepsen_os$reify__15724@61774805"]
 :time-limit 10
 :workload :lin-kv
 :consistency-models [:strict-serializable]
 :topology :grid}

2025-06-20 00:57:16,301{GMT}	INFO	[jepsen node n0] maelstrom.net: Starting Maelstrom network
2025-06-20 00:57:16,301{GMT}	INFO	[jepsen test runner] jepsen.db: Tearing down DB
2025-06-20 00:57:16,302{GMT}	INFO	[jepsen test runner] jepsen.db: Setting up DB
2025-06-20 00:57:16,303{GMT}	INFO	[jepsen node n0] maelstrom.service: Starting services: (lin-kv lin-tso lww-kv seq-kv)
2025-06-20 00:57:16,304{GMT}	INFO	[jepsen node n0] maelstrom.db: Setting up n0
2025-06-20 00:57:16,305{GMT}	INFO	[jepsen node n0] maelstrom.process: launching ./maelstrom-wrapper.sh []
2025-06-20 00:57:16,805{GMT}	INFO	[jepsen test runner] jepsen.core: Relative time begins now
2025-06-20 00:57:16,820{GMT}	INFO	[jepsen worker 0] jepsen.util: 0	:invoke	:read	[0 nil]
2025-06-20 00:57:16,941{GMT}	INFO	[jepsen worker 1] jepsen.util: 1	:invoke	:write	[0 4]
2025-06-20 00:57:16,987{GMT}	INFO	[jepsen worker 0] jepsen.util: 0	:fail	:read	[0 nil]	[:key-does-not-exist "key not found"]
2025-06-20 00:57:16,988{GMT}	INFO	[jepsen worker 0] jepsen.util: 0	:invoke	:read	[0 nil]
2025-06-20 00:57:16,990{GMT}	INFO	[jepsen worker 1] jepsen.util: 1	:ok	:write	[0 4]
2025-06-20 00:57:16,993{GMT}	INFO	[jepsen worker 0] jepsen.util: 0	:ok	:read	[0 "4"]
2025-06-20 00:57:17,095{GMT}	INFO	[jepsen worker 1] jepsen.util: 1	:invoke	:cas	[0 [2 3]]
2025-06-20 00:57:17,099{GMT}	INFO	[jepsen worker 1] jepsen.util: 1	:fail	:cas	[0 [2 3]]	[:precondition-failed "expected value does not match"]
2025-06-20 00:57:17,145{GMT}	INFO	[jepsen worker 0] jepsen.util: 0	:invoke	:read	[0 nil]
2025-06-20 00:57:17,148{GMT}	INFO	[jepsen worker 0] jepsen.util: 0	:ok	:read	[0 "4"]
2025-06-20 00:57:17,310{GMT}	INFO	[jepsen worker 0] jepsen.util: 0	:invoke	:read	[0 nil]
2025-06-20 00:57:17,319{GMT}	INFO	[jepsen worker 0] jepsen.util: 0	:ok	:read	[0 "4"]
2025-06-20 00:57:17,399{GMT}	INFO	[jepsen worker 0] jepsen.util: 0	:invoke	:read	[0 nil]
2025-06-20 00:57:17,407{GMT}	INFO	[jepsen worker 1] jepsen.util: 1	:invoke	:cas	[0 [1 4]]
2025-06-20 00:57:17,414{GMT}	INFO	[jepsen worker 0] jepsen.util: 0	:ok	:read	[0 "4"]
2025-06-20 00:57:17,417{GMT}	INFO	[jepsen worker 1] jepsen.util: 1	:fail	:cas	[0 [1 4]]	[:precondition-failed "expected value does not match"]
2025-06-20 00:57:17,592{GMT}	INFO	[jepsen worker 1] jepsen.util: 1	:invoke	:cas	[0 [2 0]]
2025-06-20 00:57:17,600{GMT}	INFO	[jepsen worker 1] jepsen.util: 1	:fail	:cas	[0 [2 0]]	[:precondition-failed "expected value does not match"]
2025-06-20 00:57:17,681{GMT}	INFO	[jepsen worker 0] jepsen.util: 0	:invoke	:read	[0 nil]
2025-06-20 00:57:17,700{GMT}	INFO	[jepsen worker 0] jepsen.util: 0	:ok	:read	[0 "4"]
2025-06-20 00:57:17,716{GMT}	INFO	[jepsen worker 0] jepsen.util: 0	:invoke	:read	[0 nil]
2025-06-20 00:57:17,724{GMT}	INFO	[jepsen worker 0] jepsen.util: 0	:ok	:read	[0 "4"]
2025-06-20 00:57:17,795{GMT}	INFO	[jepsen worker 1] jepsen.util: 1	:invoke	:cas	[0 [2 2]]
2025-06-20 00:57:17,800{GMT}	INFO	[jepsen worker 1] jepsen.util: 1	:fail	:cas	[0 [2 2]]	[:precondition-failed "expected value does not match"]
2025-06-20 00:57:17,816{GMT}	INFO	[jepsen worker 0] jepsen.util: 0	:invoke	:read	[0 nil]
2025-06-20 00:57:17,819{GMT}	INFO	[jepsen worker 0] jepsen.util: 0	:ok	:read	[0 "4"]
2025-06-20 00:57:18,014{GMT}	INFO	[jepsen worker 0] jepsen.util: 0	:invoke	:read	[0 nil]
2025-06-20 00:57:18,021{GMT}	INFO	[jepsen worker 0] jepsen.util: 0	:ok	:read	[0 "4"]
2025-06-20 00:57:18,127{GMT}	INFO	[jepsen worker 0] jepsen.util: 0	:invoke	:read	[0 nil]
2025-06-20 00:57:18,135{GMT}	INFO	[jepsen worker 0] jepsen.util: 0	:ok	:read	[0 "4"]
2025-06-20 00:57:18,182{GMT}	INFO	[jepsen worker 0] jepsen.util: 0	:invoke	:read	[0 nil]
2025-06-20 00:57:18,193{GMT}	INFO	[jepsen worker 0] jepsen.util: 0	:ok	:read	[0 "4"]
2025-06-20 00:57:18,196{GMT}	INFO	[jepsen worker 0] jepsen.util: 0	:invoke	:read	[0 nil]
2025-06-20 00:57:18,202{GMT}	INFO	[jepsen worker 0] jepsen.util: 0	:ok	:read	[0 "4"]
2025-06-20 00:57:18,230{GMT}	INFO	[jepsen worker 1] jepsen.util: 1	:invoke	:cas	[0 [3 3]]
2025-06-20 00:57:18,241{GMT}	INFO	[jepsen worker 1] jepsen.util: 1	:fail	:cas	[0 [3 3]]	[:precondition-failed "expected value does not match"]
2025-06-20 00:57:18,331{GMT}	INFO	[jepsen worker 0] jepsen.util: 0	:invoke	:read	[0 nil]
2025-06-20 00:57:18,337{GMT}	INFO	[jepsen worker 0] jepsen.util: 0	:ok	:read	[0 "4"]
2025-06-20 00:57:18,400{GMT}	INFO	[jepsen worker 0] jepsen.util: 0	:invoke	:read	[0 nil]
2025-06-20 00:57:18,401{GMT}	INFO	[jepsen worker 1] jepsen.util: 1	:invoke	:write	[0 0]
2025-06-20 00:57:18,408{GMT}	INFO	[jepsen worker 0] jepsen.util: 0	:ok	:read	[0 "4"]
2025-06-20 00:57:18,411{GMT}	INFO	[jepsen worker 1] jepsen.util: 1	:ok	:write	[0 0]
2025-06-20 00:57:18,456{GMT}	INFO	[jepsen worker 0] jepsen.util: 0	:invoke	:read	[0 nil]
2025-06-20 00:57:18,463{GMT}	INFO	[jepsen worker 0] jepsen.util: 0	:ok	:read	[0 "0"]
2025-06-20 00:57:18,648{GMT}	INFO	[jepsen worker 1] jepsen.util: 1	:invoke	:cas	[0 [1 3]]
2025-06-20 00:57:18,656{GMT}	INFO	[jepsen worker 1] jepsen.util: 1	:fail	:cas	[0 [1 3]]	[:precondition-failed "expected value does not match"]
2025-06-20 00:57:18,835{GMT}	INFO	[jepsen worker 0] jepsen.util: 0	:invoke	:read	[0 nil]
2025-06-20 00:57:18,845{GMT}	INFO	[jepsen worker 0] jepsen.util: 0	:ok	:read	[0 "0"]
2025-06-20 00:57:18,866{GMT}	INFO	[jepsen worker 0] jepsen.util: 0	:invoke	:read	[0 nil]
2025-06-20 00:57:18,874{GMT}	INFO	[jepsen worker 0] jepsen.util: 0	:ok	:read	[0 "0"]
2025-06-20 00:57:19,030{GMT}	INFO	[jepsen worker 1] jepsen.util: 1	:invoke	:cas	[0 [1 3]]
2025-06-20 00:57:19,041{GMT}	INFO	[jepsen worker 1] jepsen.util: 1	:fail	:cas	[0 [1 3]]	[:precondition-failed "expected value does not match"]
2025-06-20 00:57:19,213{GMT}	INFO	[jepsen worker 1] jepsen.util: 1	:invoke	:cas	[0 [1 4]]
2025-06-20 00:57:19,223{GMT}	INFO	[jepsen worker 1] jepsen.util: 1	:fail	:cas	[0 [1 4]]	[:precondition-failed "expected value does not match"]
2025-06-20 00:57:19,323{GMT}	INFO	[jepsen worker 0] jepsen.util: 0	:invoke	:read	[0 nil]
2025-06-20 00:57:19,331{GMT}	INFO	[jepsen worker 0] jepsen.util: 0	:ok	:read	[0 "0"]
2025-06-20 00:57:19,473{GMT}	INFO	[jepsen worker 1] jepsen.util: 1	:invoke	:cas	[0 [3 1]]
2025-06-20 00:57:19,495{GMT}	INFO	[jepsen worker 1] jepsen.util: 1	:fail	:cas	[0 [3 1]]	[:precondition-failed "expected value does not match"]
2025-06-20 00:57:19,495{GMT}	INFO	[jepsen worker 0] jepsen.util: 0	:invoke	:read	[0 nil]
2025-06-20 00:57:19,509{GMT}	INFO	[jepsen worker 0] jepsen.util: 0	:ok	:read	[0 "0"]
2025-06-20 00:57:19,570{GMT}	INFO	[jepsen worker 1] jepsen.util: 1	:invoke	:cas	[0 [1 1]]
2025-06-20 00:57:19,574{GMT}	INFO	[jepsen worker 1] jepsen.util: 1	:fail	:cas	[0 [1 1]]	[:precondition-failed "expected value does not match"]
2025-06-20 00:57:19,627{GMT}	INFO	[jepsen worker 1] jepsen.util: 1	:invoke	:cas	[0 [2 4]]
2025-06-20 00:57:19,632{GMT}	INFO	[jepsen worker 1] jepsen.util: 1	:fail	:cas	[0 [2 4]]	[:precondition-failed "expected value does not match"]
2025-06-20 00:57:19,819{GMT}	INFO	[jepsen worker 0] jepsen.util: 0	:invoke	:read	[0 nil]
2025-06-20 00:57:19,829{GMT}	INFO	[jepsen worker 0] jepsen.util: 0	:ok	:read	[0 "0"]
2025-06-20 00:57:19,872{GMT}	INFO	[jepsen worker 0] jepsen.util: 0	:invoke	:read	[0 nil]
2025-06-20 00:57:19,878{GMT}	INFO	[jepsen worker 0] jepsen.util: 0	:ok	:read	[0 "0"]
2025-06-20 00:57:20,037{GMT}	INFO	[jepsen worker 0] jepsen.util: 0	:invoke	:read	[0 nil]
2025-06-20 00:57:20,050{GMT}	INFO	[jepsen worker 0] jepsen.util: 0	:ok	:read	[0 "0"]
2025-06-20 00:57:20,135{GMT}	INFO	[jepsen worker 1] jepsen.util: 1	:invoke	:write	[0 4]
2025-06-20 00:57:20,143{GMT}	INFO	[jepsen worker 1] jepsen.util: 1	:ok	:write	[0 4]
2025-06-20 00:57:20,264{GMT}	INFO	[jepsen worker 0] jepsen.util: 0	:invoke	:read	[0 nil]
2025-06-20 00:57:20,271{GMT}	INFO	[jepsen worker 0] jepsen.util: 0	:ok	:read	[0 "4"]
2025-06-20 00:57:20,304{GMT}	INFO	[jepsen worker 1] jepsen.util: 1	:invoke	:cas	[0 [3 3]]
2025-06-20 00:57:20,321{GMT}	INFO	[jepsen worker 1] jepsen.util: 1	:fail	:cas	[0 [3 3]]	[:precondition-failed "expected value does not match"]
2025-06-20 00:57:20,504{GMT}	INFO	[jepsen worker 0] jepsen.util: 0	:invoke	:read	[0 nil]
2025-06-20 00:57:20,508{GMT}	INFO	[jepsen worker 0] jepsen.util: 0	:ok	:read	[0 "4"]
2025-06-20 00:57:20,609{GMT}	INFO	[jepsen worker 1] jepsen.util: 1	:invoke	:cas	[0 [4 3]]
2025-06-20 00:57:20,617{GMT}	INFO	[jepsen worker 1] jepsen.util: 1	:ok	:cas	[0 [4 3]]
2025-06-20 00:57:20,664{GMT}	INFO	[jepsen worker 0] jepsen.util: 0	:invoke	:read	[0 nil]
2025-06-20 00:57:20,669{GMT}	INFO	[jepsen worker 0] jepsen.util: 0	:ok	:read	[0 "3"]
2025-06-20 00:57:20,684{GMT}	INFO	[jepsen worker 1] jepsen.util: 1	:invoke	:cas	[0 [4 3]]
2025-06-20 00:57:20,687{GMT}	INFO	[jepsen worker 0] jepsen.util: 0	:invoke	:read	[0 nil]
2025-06-20 00:57:20,695{GMT}	INFO	[jepsen worker 1] jepsen.util: 1	:fail	:cas	[0 [4 3]]	[:precondition-failed "expected value does not match"]
2025-06-20 00:57:20,699{GMT}	INFO	[jepsen worker 0] jepsen.util: 0	:ok	:read	[0 "3"]
2025-06-20 00:57:20,755{GMT}	INFO	[jepsen worker 1] jepsen.util: 1	:invoke	:write	[0 4]
2025-06-20 00:57:20,759{GMT}	INFO	[jepsen worker 1] jepsen.util: 1	:ok	:write	[0 4]
2025-06-20 00:57:20,826{GMT}	INFO	[jepsen worker 1] jepsen.util: 1	:invoke	:cas	[0 [3 1]]
2025-06-20 00:57:20,833{GMT}	INFO	[jepsen worker 1] jepsen.util: 1	:fail	:cas	[0 [3 1]]	[:precondition-failed "expected value does not match"]
2025-06-20 00:57:20,860{GMT}	INFO	[jepsen worker 1] jepsen.util: 1	:invoke	:write	[0 0]
2025-06-20 00:57:20,872{GMT}	INFO	[jepsen worker 1] jepsen.util: 1	:ok	:write	[0 0]
2025-06-20 00:57:21,029{GMT}	INFO	[jepsen worker 1] jepsen.util: 1	:invoke	:write	[0 1]
2025-06-20 00:57:21,037{GMT}	INFO	[jepsen worker 1] jepsen.util: 1	:ok	:write	[0 1]
2025-06-20 00:57:21,151{GMT}	INFO	[jepsen worker 0] jepsen.util: 0	:invoke	:read	[0 nil]
2025-06-20 00:57:21,155{GMT}	INFO	[jepsen worker 0] jepsen.util: 0	:ok	:read	[0 "1"]
2025-06-20 00:57:21,235{GMT}	INFO	[jepsen worker 0] jepsen.util: 0	:invoke	:read	[0 nil]
2025-06-20 00:57:21,242{GMT}	INFO	[jepsen worker 0] jepsen.util: 0	:ok	:read	[0 "1"]
2025-06-20 00:57:21,361{GMT}	INFO	[jepsen worker 1] jepsen.util: 1	:invoke	:cas	[0 [3 0]]
2025-06-20 00:57:21,370{GMT}	INFO	[jepsen worker 1] jepsen.util: 1	:fail	:cas	[0 [3 0]]	[:precondition-failed "expected value does not match"]
2025-06-20 00:57:21,424{GMT}	INFO	[jepsen worker 1] jepsen.util: 1	:invoke	:cas	[0 [3 4]]
2025-06-20 00:57:21,430{GMT}	INFO	[jepsen worker 1] jepsen.util: 1	:fail	:cas	[0 [3 4]]	[:precondition-failed "expected value does not match"]
2025-06-20 00:57:21,578{GMT}	INFO	[jepsen worker 0] jepsen.util: 0	:invoke	:read	[0 nil]
2025-06-20 00:57:21,583{GMT}	INFO	[jepsen worker 0] jepsen.util: 0	:ok	:read	[0 "1"]
2025-06-20 00:57:21,770{GMT}	INFO	[jepsen worker 0] jepsen.util: 0	:invoke	:read	[0 nil]
2025-06-20 00:57:21,774{GMT}	INFO	[jepsen worker 0] jepsen.util: 0	:ok	:read	[0 "1"]
2025-06-20 00:57:21,784{GMT}	INFO	[jepsen worker 1] jepsen.util: 1	:invoke	:write	[0 0]
2025-06-20 00:57:21,794{GMT}	INFO	[jepsen worker 1] jepsen.util: 1	:ok	:write	[0 0]
2025-06-20 00:57:21,822{GMT}	INFO	[jepsen worker 1] jepsen.util: 1	:invoke	:cas	[0 [1 1]]
2025-06-20 00:57:21,831{GMT}	INFO	[jepsen worker 1] jepsen.util: 1	:fail	:cas	[0 [1 1]]	[:precondition-failed "expected value does not match"]
2025-06-20 00:57:22,023{GMT}	INFO	[jepsen worker 1] jepsen.util: 1	:invoke	:cas	[0 [3 4]]
2025-06-20 00:57:22,027{GMT}	INFO	[jepsen worker 1] jepsen.util: 1	:fail	:cas	[0 [3 4]]	[:precondition-failed "expected value does not match"]
2025-06-20 00:57:22,190{GMT}	INFO	[jepsen worker 0] jepsen.util: 0	:invoke	:read	[0 nil]
2025-06-20 00:57:22,197{GMT}	INFO	[jepsen worker 0] jepsen.util: 0	:ok	:read	[0 "0"]
2025-06-20 00:57:22,235{GMT}	INFO	[jepsen worker 1] jepsen.util: 1	:invoke	:cas	[0 [0 4]]
2025-06-20 00:57:22,262{GMT}	INFO	[jepsen worker 1] jepsen.util: 1	:ok	:cas	[0 [0 4]]
2025-06-20 00:57:22,279{GMT}	INFO	[jepsen worker 0] jepsen.util: 0	:invoke	:read	[0 nil]
2025-06-20 00:57:22,281{GMT}	INFO	[jepsen worker 0] jepsen.util: 0	:ok	:read	[0 "4"]
2025-06-20 00:57:22,343{GMT}	INFO	[jepsen worker 0] jepsen.util: 0	:invoke	:read	[0 nil]
2025-06-20 00:57:22,348{GMT}	INFO	[jepsen worker 0] jepsen.util: 0	:ok	:read	[0 "4"]
2025-06-20 00:57:22,536{GMT}	INFO	[jepsen worker 0] jepsen.util: 0	:invoke	:read	[0 nil]
2025-06-20 00:57:22,542{GMT}	INFO	[jepsen worker 0] jepsen.util: 0	:ok	:read	[0 "4"]
2025-06-20 00:57:22,595{GMT}	INFO	[jepsen worker 1] jepsen.util: 1	:invoke	:cas	[0 [2 3]]
2025-06-20 00:57:22,599{GMT}	INFO	[jepsen worker 1] jepsen.util: 1	:fail	:cas	[0 [2 3]]	[:precondition-failed "expected value does not match"]
2025-06-20 00:57:22,719{GMT}	INFO	[jepsen worker 0] jepsen.util: 0	:invoke	:read	[0 nil]
2025-06-20 00:57:22,724{GMT}	INFO	[jepsen worker 0] jepsen.util: 0	:ok	:read	[0 "4"]
2025-06-20 00:57:22,803{GMT}	INFO	[jepsen worker 0] jepsen.util: 0	:invoke	:read	[0 nil]
2025-06-20 00:57:22,807{GMT}	INFO	[jepsen worker 0] jepsen.util: 0	:ok	:read	[0 "4"]
2025-06-20 00:57:22,906{GMT}	INFO	[jepsen worker 0] jepsen.util: 0	:invoke	:read	[0 nil]
2025-06-20 00:57:22,909{GMT}	INFO	[jepsen worker 0] jepsen.util: 0	:ok	:read	[0 "4"]
2025-06-20 00:57:23,058{GMT}	INFO	[jepsen worker 1] jepsen.util: 1	:invoke	:cas	[0 [1 0]]
2025-06-20 00:57:23,065{GMT}	INFO	[jepsen worker 1] jepsen.util: 1	:fail	:cas	[0 [1 0]]	[:precondition-failed "expected value does not match"]
2025-06-20 00:57:23,253{GMT}	INFO	[jepsen worker 1] jepsen.util: 1	:invoke	:cas	[0 [4 1]]
2025-06-20 00:57:23,261{GMT}	INFO	[jepsen worker 1] jepsen.util: 1	:ok	:cas	[0 [4 1]]
2025-06-20 00:57:23,459{GMT}	INFO	[jepsen worker 0] jepsen.util: 0	:invoke	:read	[0 nil]
2025-06-20 00:57:23,466{GMT}	INFO	[jepsen worker 0] jepsen.util: 0	:ok	:read	[0 "1"]
2025-06-20 00:57:23,598{GMT}	INFO	[jepsen worker 0] jepsen.util: 0	:invoke	:read	[0 nil]
2025-06-20 00:57:23,606{GMT}	INFO	[jepsen worker 0] jepsen.util: 0	:ok	:read	[0 "1"]
2025-06-20 00:57:23,791{GMT}	INFO	[jepsen worker 0] jepsen.util: 0	:invoke	:read	[0 nil]
2025-06-20 00:57:23,794{GMT}	INFO	[jepsen worker 0] jepsen.util: 0	:ok	:read	[0 "1"]
2025-06-20 00:57:23,817{GMT}	INFO	[jepsen worker 1] jepsen.util: 1	:invoke	:write	[0 3]
2025-06-20 00:57:23,826{GMT}	INFO	[jepsen worker 1] jepsen.util: 1	:ok	:write	[0 3]
2025-06-20 00:57:24,014{GMT}	INFO	[jepsen worker 0] jepsen.util: 0	:invoke	:read	[0 nil]
2025-06-20 00:57:24,017{GMT}	INFO	[jepsen worker 0] jepsen.util: 0	:ok	:read	[0 "3"]
2025-06-20 00:57:24,086{GMT}	INFO	[jepsen worker 0] jepsen.util: 0	:invoke	:read	[0 nil]
2025-06-20 00:57:24,090{GMT}	INFO	[jepsen worker 0] jepsen.util: 0	:ok	:read	[0 "3"]
2025-06-20 00:57:24,220{GMT}	INFO	[jepsen worker 1] jepsen.util: 1	:invoke	:write	[0 1]
2025-06-20 00:57:24,229{GMT}	INFO	[jepsen worker 1] jepsen.util: 1	:ok	:write	[0 1]
2025-06-20 00:57:24,361{GMT}	INFO	[jepsen worker 0] jepsen.util: 0	:invoke	:read	[0 nil]
2025-06-20 00:57:24,366{GMT}	INFO	[jepsen worker 0] jepsen.util: 0	:ok	:read	[0 "1"]
2025-06-20 00:57:24,453{GMT}	INFO	[jepsen worker 1] jepsen.util: 1	:invoke	:cas	[0 [2 3]]
2025-06-20 00:57:24,459{GMT}	INFO	[jepsen worker 1] jepsen.util: 1	:fail	:cas	[0 [2 3]]	[:precondition-failed "expected value does not match"]
2025-06-20 00:57:24,512{GMT}	INFO	[jepsen worker 1] jepsen.util: 1	:invoke	:write	[0 1]
2025-06-20 00:57:24,516{GMT}	INFO	[jepsen worker 1] jepsen.util: 1	:ok	:write	[0 1]
2025-06-20 00:57:24,664{GMT}	INFO	[jepsen worker 0] jepsen.util: 0	:invoke	:read	[0 nil]
2025-06-20 00:57:24,670{GMT}	INFO	[jepsen worker 0] jepsen.util: 0	:ok	:read	[0 "1"]
2025-06-20 00:57:24,785{GMT}	INFO	[jepsen worker 0] jepsen.util: 0	:invoke	:read	[0 nil]
2025-06-20 00:57:24,787{GMT}	INFO	[jepsen worker 0] jepsen.util: 0	:ok	:read	[0 "1"]
2025-06-20 00:57:24,864{GMT}	INFO	[jepsen worker 0] jepsen.util: 0	:invoke	:read	[0 nil]
2025-06-20 00:57:24,872{GMT}	INFO	[jepsen worker 0] jepsen.util: 0	:ok	:read	[0 "1"]
2025-06-20 00:57:24,899{GMT}	INFO	[jepsen worker 0] jepsen.util: 0	:invoke	:read	[0 nil]
2025-06-20 00:57:24,906{GMT}	INFO	[jepsen worker 0] jepsen.util: 0	:ok	:read	[0 "1"]
2025-06-20 00:57:24,933{GMT}	INFO	[jepsen worker 0] jepsen.util: 0	:invoke	:read	[0 nil]
2025-06-20 00:57:24,938{GMT}	INFO	[jepsen worker 0] jepsen.util: 0	:ok	:read	[0 "1"]
2025-06-20 00:57:24,999{GMT}	INFO	[jepsen worker 0] jepsen.util: 0	:invoke	:read	[0 nil]
2025-06-20 00:57:25,002{GMT}	INFO	[jepsen worker 0] jepsen.util: 0	:ok	:read	[0 "1"]
2025-06-20 00:57:25,112{GMT}	INFO	[jepsen worker 0] jepsen.util: 0	:invoke	:read	[0 nil]
2025-06-20 00:57:25,122{GMT}	INFO	[jepsen worker 0] jepsen.util: 0	:ok	:read	[0 "1"]
2025-06-20 00:57:25,222{GMT}	INFO	[jepsen worker 1] jepsen.util: 1	:invoke	:write	[0 4]
2025-06-20 00:57:25,229{GMT}	INFO	[jepsen worker 1] jepsen.util: 1	:ok	:write	[0 4]
2025-06-20 00:57:25,257{GMT}	INFO	[jepsen worker 1] jepsen.util: 1	:invoke	:cas	[0 [2 1]]
2025-06-20 00:57:25,263{GMT}	INFO	[jepsen worker 1] jepsen.util: 1	:fail	:cas	[0 [2 1]]	[:precondition-failed "expected value does not match"]
2025-06-20 00:57:25,366{GMT}	INFO	[jepsen worker 1] jepsen.util: 1	:invoke	:cas	[0 [3 4]]
2025-06-20 00:57:25,369{GMT}	INFO	[jepsen worker 1] jepsen.util: 1	:fail	:cas	[0 [3 4]]	[:precondition-failed "expected value does not match"]
2025-06-20 00:57:25,390{GMT}	INFO	[jepsen worker 0] jepsen.util: 0	:invoke	:read	[0 nil]
2025-06-20 00:57:25,392{GMT}	INFO	[jepsen worker 0] jepsen.util: 0	:ok	:read	[0 "4"]
2025-06-20 00:57:25,441{GMT}	INFO	[jepsen worker 0] jepsen.util: 0	:invoke	:read	[0 nil]
2025-06-20 00:57:25,446{GMT}	INFO	[jepsen worker 0] jepsen.util: 0	:ok	:read	[0 "4"]
2025-06-20 00:57:25,528{GMT}	INFO	[jepsen worker 0] jepsen.util: 0	:invoke	:read	[0 nil]
2025-06-20 00:57:25,533{GMT}	INFO	[jepsen worker 0] jepsen.util: 0	:ok	:read	[0 "4"]
2025-06-20 00:57:25,618{GMT}	INFO	[jepsen worker 1] jepsen.util: 1	:invoke	:write	[0 2]
2025-06-20 00:57:25,624{GMT}	INFO	[jepsen worker 1] jepsen.util: 1	:ok	:write	[0 2]
2025-06-20 00:57:25,728{GMT}	INFO	[jepsen worker 1] jepsen.util: 1	:invoke	:write	[0 0]
2025-06-20 00:57:25,734{GMT}	INFO	[jepsen worker 1] jepsen.util: 1	:ok	:write	[0 0]
2025-06-20 00:57:25,750{GMT}	INFO	[jepsen worker 1] jepsen.util: 1	:invoke	:cas	[0 [3 3]]
2025-06-20 00:57:25,776{GMT}	INFO	[jepsen worker 1] jepsen.util: 1	:fail	:cas	[0 [3 3]]	[:precondition-failed "expected value does not match"]
2025-06-20 00:57:25,870{GMT}	INFO	[jepsen worker 0] jepsen.util: 0	:invoke	:read	[0 nil]
2025-06-20 00:57:25,875{GMT}	INFO	[jepsen worker 0] jepsen.util: 0	:ok	:read	[0 "0"]
2025-06-20 00:57:25,910{GMT}	INFO	[jepsen worker 1] jepsen.util: 1	:invoke	:cas	[0 [1 3]]
2025-06-20 00:57:25,950{GMT}	INFO	[jepsen worker 1] jepsen.util: 1	:fail	:cas	[0 [1 3]]	[:precondition-failed "expected value does not match"]
2025-06-20 00:57:26,057{GMT}	INFO	[jepsen worker 0] jepsen.util: 0	:invoke	:read	[0 nil]
2025-06-20 00:57:26,060{GMT}	INFO	[jepsen worker 0] jepsen.util: 0	:ok	:read	[0 "0"]
2025-06-20 00:57:26,209{GMT}	INFO	[jepsen worker 0] jepsen.util: 0	:invoke	:read	[0 nil]
2025-06-20 00:57:26,213{GMT}	INFO	[jepsen worker 0] jepsen.util: 0	:ok	:read	[0 "0"]
2025-06-20 00:57:26,399{GMT}	INFO	[jepsen worker 1] jepsen.util: 1	:invoke	:write	[0 3]
2025-06-20 00:57:26,403{GMT}	INFO	[jepsen worker 1] jepsen.util: 1	:ok	:write	[0 3]
2025-06-20 00:57:26,507{GMT}	INFO	[jepsen worker 0] jepsen.util: 0	:invoke	:read	[0 nil]
2025-06-20 00:57:26,512{GMT}	INFO	[jepsen worker 0] jepsen.util: 0	:ok	:read	[0 "3"]
2025-06-20 00:57:26,547{GMT}	INFO	[jepsen worker 0] jepsen.util: 0	:invoke	:read	[0 nil]
2025-06-20 00:57:26,563{GMT}	INFO	[jepsen worker 0] jepsen.util: 0	:ok	:read	[0 "3"]
2025-06-20 00:57:26,731{GMT}	INFO	[jepsen worker 0] jepsen.util: 0	:invoke	:read	[0 nil]
2025-06-20 00:57:26,734{GMT}	INFO	[jepsen worker 0] jepsen.util: 0	:ok	:read	[0 "3"]
2025-06-20 00:57:26,782{GMT}	INFO	[jepsen worker 1] jepsen.util: 1	:invoke	:cas	[0 [2 3]]
2025-06-20 00:57:26,785{GMT}	INFO	[jepsen worker 1] jepsen.util: 1	:fail	:cas	[0 [2 3]]	[:precondition-failed "expected value does not match"]
2025-06-20 00:57:26,796{GMT}	INFO	[jepsen test runner] jepsen.core: Run complete, writing
2025-06-20 00:57:26,831{GMT}	INFO	[jepsen node n0] maelstrom.db: Tearing down n0
2025-06-20 00:57:28,357{GMT}	INFO	[jepsen node n0] maelstrom.net: Shutting down Maelstrom network
2025-06-20 00:57:28,358{GMT}	INFO	[jepsen test runner] jepsen.core: Analyzing...
2025-06-20 00:57:28,477{GMT}	INFO	[clojure-agent-send-pool-0] jepsen.independent: Wrote /Users/hiroyuki/Dropbox/Docs/git/scalardb-maelstrom-kv/store/lin-kv/20250620T005715.126+0900/independent/0/results.edn
2025-06-20 00:57:28,483{GMT}	INFO	[clojure-agent-send-pool-0] jepsen.independent: Wrote /Users/hiroyuki/Dropbox/Docs/git/scalardb-maelstrom-kv/store/lin-kv/20250620T005715.126+0900/independent/0/history.edn
2025-06-20 00:57:28,485{GMT}	INFO	[jepsen test runner] jepsen.core: Analysis complete
2025-06-20 00:57:28,499{GMT}	INFO	[jepsen results] jepsen.store: Wrote /Users/hiroyuki/Dropbox/Docs/git/scalardb-maelstrom-kv/store/lin-kv/20250620T005715.126+0900/results.edn
2025-06-20 00:57:28,522{GMT}	INFO	[jepsen test runner] jepsen.core: {:perf {:latency-graph {:valid? true},
        :rate-graph {:valid? true},
        :valid? true},
 :timeline {:valid? true},
 :exceptions {:valid? true},
 :stats {:valid? true,
         :count 102,
         :ok-count 75,
         :fail-count 27,
         :info-count 0,
         :by-f {:cas {:valid? true,
                      :count 29,
                      :ok-count 3,
                      :fail-count 26,
                      :info-count 0},
                :read {:valid? true,
                       :count 59,
                       :ok-count 58,
                       :fail-count 1,
                       :info-count 0},
                :write {:valid? true,
                        :count 14,
                        :ok-count 14,
                        :fail-count 0,
                        :info-count 0}}},
 :availability {:valid? true, :ok-fraction 0.7352941},
 :net {:all {:send-count 206,
             :recv-count 206,
             :msg-count 206,
             :msgs-per-op 2.0196078},
       :clients {:send-count 206, :recv-count 206, :msg-count 206},
       :servers {:send-count 0,
                 :recv-count 0,
                 :msg-count 0,
                 :msgs-per-op 0.0},
       :valid? true},
 :workload {:valid? false,
            :results {0 {:linearizable {:valid? false,
                                        :configs ({:model #knossos.model.CASRegister{:value 4},
                                                   :last-op {:process 1,
                                                             :type :ok,
                                                             :f :write,
                                                             :value 4,
                                                             :index 4,
                                                             :time 186170750},
                                                   :pending [{:process 0,
                                                              :type :invoke,
                                                              :f :read,
                                                              :value "4",
                                                              :index 3,
                                                              :time 182919167}]}),
                                        :final-paths ([{:op {:process 1,
                                                             :type :ok,
                                                             :f :write,
                                                             :value 4,
                                                             :index 4,
                                                             :time 186170750},
                                                        :model #knossos.model.CASRegister{:value 4}}
                                                       {:op {:process 0,
                                                             :type :ok,
                                                             :f :read,
                                                             :value "4",
                                                             :index 5,
                                                             :time 189138500},
                                                        :model #knossos.model.Inconsistent{:msg "can't read 4 from register 4"}}]),
                                        :previous-ok {:process 1,
                                                      :type :ok,
                                                      :f :write,
                                                      :value 4,
                                                      :index 4,
                                                      :time 186170750},
                                        :last-op {:process 1,
                                                  :type :ok,
                                                  :f :write,
                                                  :value 4,
                                                  :index 4,
                                                  :time 186170750},
                                        :op {:process 0,
                                             :type :ok,
                                             :f :read,
                                             :value "4",
                                             :index 5,
                                             :time 189138500}},
                         :timeline {:valid? true},
                         :valid? false}},
            :failures [0]},
 :valid? false}


Analysis invalid! (ﾉಥ益ಥ）ﾉ ┻━┻
